[2.758s] Invoking command in '/home/jrlintern/Desktop/CNRS_AIST_Work/CNRS_AIST_Mobile_Shopping_Robot/robot_ws_ros2/src/laser_scan_merger': PYTHONPATH=/home/jrlintern/Desktop/CNRS_AIST_Work/CNRS_AIST_Mobile_Shopping_Robot/robot_ws_ros2/build/laser_scan_merger/prefix_override:/home/jrlintern/Desktop/CNRS_AIST_Work/CNRS_AIST_Mobile_Shopping_Robot/robot_ws_ros2/install/laser_scan_merger/lib/python3.8/site-packages:${PYTHONPATH} /usr/bin/python3 setup.py egg_info --egg-base ../../build/laser_scan_merger build --build-base /home/jrlintern/Desktop/CNRS_AIST_Work/CNRS_AIST_Mobile_Shopping_Robot/robot_ws_ros2/build/laser_scan_merger/build install --record /home/jrlintern/Desktop/CNRS_AIST_Work/CNRS_AIST_Mobile_Shopping_Robot/robot_ws_ros2/build/laser_scan_merger/install.log --install-scripts $base/lib/laser_scan_merger --single-version-externally-managed
[3.007s] running egg_info
[3.008s] creating ../../build/laser_scan_merger/laser_scan_merger.egg-info
[3.010s] writing ../../build/laser_scan_merger/laser_scan_merger.egg-info/PKG-INFO
[3.010s] writing dependency_links to ../../build/laser_scan_merger/laser_scan_merger.egg-info/dependency_links.txt
[3.011s] writing entry points to ../../build/laser_scan_merger/laser_scan_merger.egg-info/entry_points.txt
[3.012s] writing requirements to ../../build/laser_scan_merger/laser_scan_merger.egg-info/requires.txt
[3.013s] writing top-level names to ../../build/laser_scan_merger/laser_scan_merger.egg-info/top_level.txt
[3.013s] writing manifest file '../../build/laser_scan_merger/laser_scan_merger.egg-info/SOURCES.txt'
[3.050s] reading manifest file '../../build/laser_scan_merger/laser_scan_merger.egg-info/SOURCES.txt'
[3.051s] writing manifest file '../../build/laser_scan_merger/laser_scan_merger.egg-info/SOURCES.txt'
[3.052s] running build
[3.053s] running build_py
[3.054s] creating /home/jrlintern/Desktop/CNRS_AIST_Work/CNRS_AIST_Mobile_Shopping_Robot/robot_ws_ros2/build/laser_scan_merger/build
[3.055s] creating /home/jrlintern/Desktop/CNRS_AIST_Work/CNRS_AIST_Mobile_Shopping_Robot/robot_ws_ros2/build/laser_scan_merger/build/lib
[3.057s] creating /home/jrlintern/Desktop/CNRS_AIST_Work/CNRS_AIST_Mobile_Shopping_Robot/robot_ws_ros2/build/laser_scan_merger/build/lib/laser_scan_merger
[3.058s] copying laser_scan_merger/__init__.py -> /home/jrlintern/Desktop/CNRS_AIST_Work/CNRS_AIST_Mobile_Shopping_Robot/robot_ws_ros2/build/laser_scan_merger/build/lib/laser_scan_merger
[3.058s] running install
[3.059s] running install_lib
[3.060s] creating /home/jrlintern/Desktop/CNRS_AIST_Work/CNRS_AIST_Mobile_Shopping_Robot/robot_ws_ros2/install/laser_scan_merger/lib/python3.8/site-packages/laser_scan_merger
[3.061s] copying /home/jrlintern/Desktop/CNRS_AIST_Work/CNRS_AIST_Mobile_Shopping_Robot/robot_ws_ros2/build/laser_scan_merger/build/lib/laser_scan_merger/__init__.py -> /home/jrlintern/Desktop/CNRS_AIST_Work/CNRS_AIST_Mobile_Shopping_Robot/robot_ws_ros2/install/laser_scan_merger/lib/python3.8/site-packages/laser_scan_merger
[3.063s] byte-compiling /home/jrlintern/Desktop/CNRS_AIST_Work/CNRS_AIST_Mobile_Shopping_Robot/robot_ws_ros2/install/laser_scan_merger/lib/python3.8/site-packages/laser_scan_merger/__init__.py to __init__.cpython-38.pyc
[3.063s] running install_data
[3.064s] creating /home/jrlintern/Desktop/CNRS_AIST_Work/CNRS_AIST_Mobile_Shopping_Robot/robot_ws_ros2/install/laser_scan_merger/share/ament_index
[3.064s] creating /home/jrlintern/Desktop/CNRS_AIST_Work/CNRS_AIST_Mobile_Shopping_Robot/robot_ws_ros2/install/laser_scan_merger/share/ament_index/resource_index
[3.065s] creating /home/jrlintern/Desktop/CNRS_AIST_Work/CNRS_AIST_Mobile_Shopping_Robot/robot_ws_ros2/install/laser_scan_merger/share/ament_index/resource_index/packages
[3.066s] copying resource/laser_scan_merger -> /home/jrlintern/Desktop/CNRS_AIST_Work/CNRS_AIST_Mobile_Shopping_Robot/robot_ws_ros2/install/laser_scan_merger/share/ament_index/resource_index/packages
[3.066s] copying package.xml -> /home/jrlintern/Desktop/CNRS_AIST_Work/CNRS_AIST_Mobile_Shopping_Robot/robot_ws_ros2/install/laser_scan_merger/share/laser_scan_merger
[3.066s] running install_egg_info
[3.067s] Copying ../../build/laser_scan_merger/laser_scan_merger.egg-info to /home/jrlintern/Desktop/CNRS_AIST_Work/CNRS_AIST_Mobile_Shopping_Robot/robot_ws_ros2/install/laser_scan_merger/lib/python3.8/site-packages/laser_scan_merger-0.0.0-py3.8.egg-info
[3.067s] running install_scripts
[3.085s] writing list of installed files to '/home/jrlintern/Desktop/CNRS_AIST_Work/CNRS_AIST_Mobile_Shopping_Robot/robot_ws_ros2/build/laser_scan_merger/install.log'
[3.112s] Invoked command in '/home/jrlintern/Desktop/CNRS_AIST_Work/CNRS_AIST_Mobile_Shopping_Robot/robot_ws_ros2/src/laser_scan_merger' returned '0': PYTHONPATH=/home/jrlintern/Desktop/CNRS_AIST_Work/CNRS_AIST_Mobile_Shopping_Robot/robot_ws_ros2/build/laser_scan_merger/prefix_override:/home/jrlintern/Desktop/CNRS_AIST_Work/CNRS_AIST_Mobile_Shopping_Robot/robot_ws_ros2/install/laser_scan_merger/lib/python3.8/site-packages:${PYTHONPATH} /usr/bin/python3 setup.py egg_info --egg-base ../../build/laser_scan_merger build --build-base /home/jrlintern/Desktop/CNRS_AIST_Work/CNRS_AIST_Mobile_Shopping_Robot/robot_ws_ros2/build/laser_scan_merger/build install --record /home/jrlintern/Desktop/CNRS_AIST_Work/CNRS_AIST_Mobile_Shopping_Robot/robot_ws_ros2/build/laser_scan_merger/install.log --install-scripts $base/lib/laser_scan_merger --single-version-externally-managed
