[0.749s] Invoking command in '/home/jrlintern/Desktop/CNRS_AIST_Work/CNRS_AIST_Mobile_Shopping_Robot/robot_ws_ros2/build/c_pkg': CMAKE_PREFIX_PATH=${CMAKE_PREFIX_PATH}:/opt/ros/foxy /usr/bin/cmake --build /home/jrlintern/Desktop/CNRS_AIST_Work/CNRS_AIST_Mobile_Shopping_Robot/robot_ws_ros2/build/c_pkg -- -j8 -l8
[0.781s] [  8%] Built target c_pkg__cpp
[0.781s] [  8%] Built target c_pkg__rosidl_generator_c
[0.795s] [ 20%] Built target c_pkg__rosidl_typesupport_introspection_c
[0.795s] [ 22%] Built target c_pkg__rosidl_typesupport_c
[0.796s] [ 28%] Built target c_pkg__rosidl_typesupport_cpp
[0.796s] [ 35%] Built target c_pkg__rosidl_typesupport_introspection_cpp
[0.797s] [ 42%] Built target c_pkg__rosidl_typesupport_fastrtps_cpp
[0.810s] [ 48%] Built target c_pkg__rosidl_typesupport_fastrtps_c
[0.822s] [ 48%] Built target c_pkg
[0.833s] [ 51%] Built target c_pkg__py
[0.842s] [ 62%] Built target joystick_control_node
[0.844s] [ 71%] Built target keyboard_control_node
[0.847s] [ 82%] Built target bot_control_driver_node
[0.847s] [ 86%] Built target c_pkg__python
[0.861s] [ 91%] Built target c_pkg__rosidl_typesupport_introspection_c__pyext
[0.862s] [100%] Built target c_pkg__rosidl_typesupport_c__pyext
[0.863s] [100%] Built target c_pkg__rosidl_typesupport_fastrtps_c__pyext
[0.993s] Invoked command in '/home/jrlintern/Desktop/CNRS_AIST_Work/CNRS_AIST_Mobile_Shopping_Robot/robot_ws_ros2/build/c_pkg' returned '0': CMAKE_PREFIX_PATH=${CMAKE_PREFIX_PATH}:/opt/ros/foxy /usr/bin/cmake --build /home/jrlintern/Desktop/CNRS_AIST_Work/CNRS_AIST_Mobile_Shopping_Robot/robot_ws_ros2/build/c_pkg -- -j8 -l8
[1.227s] Invoking command in '/home/jrlintern/Desktop/CNRS_AIST_Work/CNRS_AIST_Mobile_Shopping_Robot/robot_ws_ros2/build/c_pkg': CMAKE_PREFIX_PATH=${CMAKE_PREFIX_PATH}:/opt/ros/foxy /usr/bin/cmake --install /home/jrlintern/Desktop/CNRS_AIST_Work/CNRS_AIST_Mobile_Shopping_Robot/robot_ws_ros2/build/c_pkg
[1.233s] -- Install configuration: ""
[1.233s] -- Up-to-date: /home/jrlintern/Desktop/CNRS_AIST_Work/CNRS_AIST_Mobile_Shopping_Robot/robot_ws_ros2/install/c_pkg/share/ament_index/resource_index/rosidl_interfaces/c_pkg
[1.233s] -- Up-to-date: /home/jrlintern/Desktop/CNRS_AIST_Work/CNRS_AIST_Mobile_Shopping_Robot/robot_ws_ros2/install/c_pkg/include/c_pkg
[1.233s] -- Up-to-date: /home/jrlintern/Desktop/CNRS_AIST_Work/CNRS_AIST_Mobile_Shopping_Robot/robot_ws_ros2/install/c_pkg/include/c_pkg/msg
[1.233s] -- Up-to-date: /home/jrlintern/Desktop/CNRS_AIST_Work/CNRS_AIST_Mobile_Shopping_Robot/robot_ws_ros2/install/c_pkg/include/c_pkg/msg/rosidl_generator_c__visibility_control.h
[1.234s] -- Up-to-date: /home/jrlintern/Desktop/CNRS_AIST_Work/CNRS_AIST_Mobile_Shopping_Robot/robot_ws_ros2/install/c_pkg/include/c_pkg/msg/detail
[1.234s] -- Up-to-date: /home/jrlintern/Desktop/CNRS_AIST_Work/CNRS_AIST_Mobile_Shopping_Robot/robot_ws_ros2/install/c_pkg/include/c_pkg/msg/detail/state_vector__struct.h
[1.234s] -- Up-to-date: /home/jrlintern/Desktop/CNRS_AIST_Work/CNRS_AIST_Mobile_Shopping_Robot/robot_ws_ros2/install/c_pkg/include/c_pkg/msg/detail/state_vector__functions.c
[1.234s] -- Up-to-date: /home/jrlintern/Desktop/CNRS_AIST_Work/CNRS_AIST_Mobile_Shopping_Robot/robot_ws_ros2/install/c_pkg/include/c_pkg/msg/detail/state_vector__type_support.h
[1.234s] -- Up-to-date: /home/jrlintern/Desktop/CNRS_AIST_Work/CNRS_AIST_Mobile_Shopping_Robot/robot_ws_ros2/install/c_pkg/include/c_pkg/msg/detail/state_vector__functions.h
[1.234s] -- Up-to-date: /home/jrlintern/Desktop/CNRS_AIST_Work/CNRS_AIST_Mobile_Shopping_Robot/robot_ws_ros2/install/c_pkg/include/c_pkg/msg/state_vector.h
[1.234s] -- Up-to-date: /home/jrlintern/Desktop/CNRS_AIST_Work/CNRS_AIST_Mobile_Shopping_Robot/robot_ws_ros2/install/c_pkg/share/c_pkg/environment/library_path.sh
[1.234s] -- Up-to-date: /home/jrlintern/Desktop/CNRS_AIST_Work/CNRS_AIST_Mobile_Shopping_Robot/robot_ws_ros2/install/c_pkg/share/c_pkg/environment/library_path.dsv
[1.234s] -- Up-to-date: /home/jrlintern/Desktop/CNRS_AIST_Work/CNRS_AIST_Mobile_Shopping_Robot/robot_ws_ros2/install/c_pkg/lib/libc_pkg__rosidl_generator_c.so
[1.234s] -- Up-to-date: /home/jrlintern/Desktop/CNRS_AIST_Work/CNRS_AIST_Mobile_Shopping_Robot/robot_ws_ros2/install/c_pkg/include/c_pkg
[1.235s] -- Up-to-date: /home/jrlintern/Desktop/CNRS_AIST_Work/CNRS_AIST_Mobile_Shopping_Robot/robot_ws_ros2/install/c_pkg/include/c_pkg/msg
[1.235s] -- Up-to-date: /home/jrlintern/Desktop/CNRS_AIST_Work/CNRS_AIST_Mobile_Shopping_Robot/robot_ws_ros2/install/c_pkg/include/c_pkg/msg/detail
[1.235s] -- Up-to-date: /home/jrlintern/Desktop/CNRS_AIST_Work/CNRS_AIST_Mobile_Shopping_Robot/robot_ws_ros2/install/c_pkg/include/c_pkg/msg/detail/state_vector__rosidl_typesupport_fastrtps_c.h
[1.235s] -- Up-to-date: /home/jrlintern/Desktop/CNRS_AIST_Work/CNRS_AIST_Mobile_Shopping_Robot/robot_ws_ros2/install/c_pkg/include/c_pkg/msg/rosidl_typesupport_fastrtps_c__visibility_control.h
[1.235s] -- Up-to-date: /home/jrlintern/Desktop/CNRS_AIST_Work/CNRS_AIST_Mobile_Shopping_Robot/robot_ws_ros2/install/c_pkg/lib/libc_pkg__rosidl_typesupport_fastrtps_c.so
[1.235s] -- Up-to-date: /home/jrlintern/Desktop/CNRS_AIST_Work/CNRS_AIST_Mobile_Shopping_Robot/robot_ws_ros2/install/c_pkg/include/c_pkg
[1.235s] -- Up-to-date: /home/jrlintern/Desktop/CNRS_AIST_Work/CNRS_AIST_Mobile_Shopping_Robot/robot_ws_ros2/install/c_pkg/include/c_pkg/msg
[1.235s] -- Up-to-date: /home/jrlintern/Desktop/CNRS_AIST_Work/CNRS_AIST_Mobile_Shopping_Robot/robot_ws_ros2/install/c_pkg/include/c_pkg/msg/rosidl_typesupport_fastrtps_cpp__visibility_control.h
[1.236s] -- Up-to-date: /home/jrlintern/Desktop/CNRS_AIST_Work/CNRS_AIST_Mobile_Shopping_Robot/robot_ws_ros2/install/c_pkg/include/c_pkg/msg/detail
[1.236s] -- Up-to-date: /home/jrlintern/Desktop/CNRS_AIST_Work/CNRS_AIST_Mobile_Shopping_Robot/robot_ws_ros2/install/c_pkg/include/c_pkg/msg/detail/dds_fastrtps
[1.236s] -- Up-to-date: /home/jrlintern/Desktop/CNRS_AIST_Work/CNRS_AIST_Mobile_Shopping_Robot/robot_ws_ros2/install/c_pkg/include/c_pkg/msg/detail/state_vector__rosidl_typesupport_fastrtps_cpp.hpp
[1.236s] -- Up-to-date: /home/jrlintern/Desktop/CNRS_AIST_Work/CNRS_AIST_Mobile_Shopping_Robot/robot_ws_ros2/install/c_pkg/lib/libc_pkg__rosidl_typesupport_fastrtps_cpp.so
[1.236s] -- Up-to-date: /home/jrlintern/Desktop/CNRS_AIST_Work/CNRS_AIST_Mobile_Shopping_Robot/robot_ws_ros2/install/c_pkg/include/c_pkg
[1.236s] -- Up-to-date: /home/jrlintern/Desktop/CNRS_AIST_Work/CNRS_AIST_Mobile_Shopping_Robot/robot_ws_ros2/install/c_pkg/include/c_pkg/msg
[1.237s] -- Up-to-date: /home/jrlintern/Desktop/CNRS_AIST_Work/CNRS_AIST_Mobile_Shopping_Robot/robot_ws_ros2/install/c_pkg/include/c_pkg/msg/detail
[1.237s] -- Up-to-date: /home/jrlintern/Desktop/CNRS_AIST_Work/CNRS_AIST_Mobile_Shopping_Robot/robot_ws_ros2/install/c_pkg/include/c_pkg/msg/detail/state_vector__rosidl_typesupport_introspection_c.h
[1.237s] -- Up-to-date: /home/jrlintern/Desktop/CNRS_AIST_Work/CNRS_AIST_Mobile_Shopping_Robot/robot_ws_ros2/install/c_pkg/include/c_pkg/msg/detail/state_vector__type_support.c
[1.237s] -- Up-to-date: /home/jrlintern/Desktop/CNRS_AIST_Work/CNRS_AIST_Mobile_Shopping_Robot/robot_ws_ros2/install/c_pkg/include/c_pkg/msg/rosidl_typesupport_introspection_c__visibility_control.h
[1.237s] -- Up-to-date: /home/jrlintern/Desktop/CNRS_AIST_Work/CNRS_AIST_Mobile_Shopping_Robot/robot_ws_ros2/install/c_pkg/lib/libc_pkg__rosidl_typesupport_introspection_c.so
[1.237s] -- Up-to-date: /home/jrlintern/Desktop/CNRS_AIST_Work/CNRS_AIST_Mobile_Shopping_Robot/robot_ws_ros2/install/c_pkg/lib/libc_pkg__rosidl_typesupport_c.so
[1.237s] -- Up-to-date: /home/jrlintern/Desktop/CNRS_AIST_Work/CNRS_AIST_Mobile_Shopping_Robot/robot_ws_ros2/install/c_pkg/include/c_pkg
[1.238s] -- Up-to-date: /home/jrlintern/Desktop/CNRS_AIST_Work/CNRS_AIST_Mobile_Shopping_Robot/robot_ws_ros2/install/c_pkg/include/c_pkg/msg
[1.238s] -- Up-to-date: /home/jrlintern/Desktop/CNRS_AIST_Work/CNRS_AIST_Mobile_Shopping_Robot/robot_ws_ros2/install/c_pkg/include/c_pkg/msg/rosidl_generator_cpp__visibility_control.hpp
[1.238s] -- Up-to-date: /home/jrlintern/Desktop/CNRS_AIST_Work/CNRS_AIST_Mobile_Shopping_Robot/robot_ws_ros2/install/c_pkg/include/c_pkg/msg/state_vector.hpp
[1.238s] -- Up-to-date: /home/jrlintern/Desktop/CNRS_AIST_Work/CNRS_AIST_Mobile_Shopping_Robot/robot_ws_ros2/install/c_pkg/include/c_pkg/msg/detail
[1.238s] -- Up-to-date: /home/jrlintern/Desktop/CNRS_AIST_Work/CNRS_AIST_Mobile_Shopping_Robot/robot_ws_ros2/install/c_pkg/include/c_pkg/msg/detail/state_vector__traits.hpp
[1.238s] -- Up-to-date: /home/jrlintern/Desktop/CNRS_AIST_Work/CNRS_AIST_Mobile_Shopping_Robot/robot_ws_ros2/install/c_pkg/include/c_pkg/msg/detail/state_vector__builder.hpp
[1.239s] -- Up-to-date: /home/jrlintern/Desktop/CNRS_AIST_Work/CNRS_AIST_Mobile_Shopping_Robot/robot_ws_ros2/install/c_pkg/include/c_pkg/msg/detail/state_vector__type_support.hpp
[1.239s] -- Up-to-date: /home/jrlintern/Desktop/CNRS_AIST_Work/CNRS_AIST_Mobile_Shopping_Robot/robot_ws_ros2/install/c_pkg/include/c_pkg/msg/detail/state_vector__struct.hpp
[1.239s] -- Up-to-date: /home/jrlintern/Desktop/CNRS_AIST_Work/CNRS_AIST_Mobile_Shopping_Robot/robot_ws_ros2/install/c_pkg/include/c_pkg
[1.239s] -- Up-to-date: /home/jrlintern/Desktop/CNRS_AIST_Work/CNRS_AIST_Mobile_Shopping_Robot/robot_ws_ros2/install/c_pkg/include/c_pkg/msg
[1.239s] -- Up-to-date: /home/jrlintern/Desktop/CNRS_AIST_Work/CNRS_AIST_Mobile_Shopping_Robot/robot_ws_ros2/install/c_pkg/include/c_pkg/msg/detail
[1.239s] -- Up-to-date: /home/jrlintern/Desktop/CNRS_AIST_Work/CNRS_AIST_Mobile_Shopping_Robot/robot_ws_ros2/install/c_pkg/include/c_pkg/msg/detail/state_vector__type_support.cpp
[1.240s] -- Up-to-date: /home/jrlintern/Desktop/CNRS_AIST_Work/CNRS_AIST_Mobile_Shopping_Robot/robot_ws_ros2/install/c_pkg/include/c_pkg/msg/detail/state_vector__rosidl_typesupport_introspection_cpp.hpp
[1.240s] -- Up-to-date: /home/jrlintern/Desktop/CNRS_AIST_Work/CNRS_AIST_Mobile_Shopping_Robot/robot_ws_ros2/install/c_pkg/lib/libc_pkg__rosidl_typesupport_introspection_cpp.so
[1.240s] -- Up-to-date: /home/jrlintern/Desktop/CNRS_AIST_Work/CNRS_AIST_Mobile_Shopping_Robot/robot_ws_ros2/install/c_pkg/lib/libc_pkg__rosidl_typesupport_cpp.so
[1.241s] -- Up-to-date: /home/jrlintern/Desktop/CNRS_AIST_Work/CNRS_AIST_Mobile_Shopping_Robot/robot_ws_ros2/install/c_pkg/share/c_pkg/environment/pythonpath.sh
[1.241s] -- Up-to-date: /home/jrlintern/Desktop/CNRS_AIST_Work/CNRS_AIST_Mobile_Shopping_Robot/robot_ws_ros2/install/c_pkg/share/c_pkg/environment/pythonpath.dsv
[1.241s] -- Up-to-date: /home/jrlintern/Desktop/CNRS_AIST_Work/CNRS_AIST_Mobile_Shopping_Robot/robot_ws_ros2/install/c_pkg/lib/python3.8/site-packages/c_pkg/__init__.py
[1.279s] -- Up-to-date: /home/jrlintern/Desktop/CNRS_AIST_Work/CNRS_AIST_Mobile_Shopping_Robot/robot_ws_ros2/install/c_pkg/lib/python3.8/site-packages/c_pkg/msg
[1.281s] -- Up-to-date: /home/jrlintern/Desktop/CNRS_AIST_Work/CNRS_AIST_Mobile_Shopping_Robot/robot_ws_ros2/install/c_pkg/lib/python3.8/site-packages/c_pkg/msg/__init__.py
[1.282s] -- Up-to-date: /home/jrlintern/Desktop/CNRS_AIST_Work/CNRS_AIST_Mobile_Shopping_Robot/robot_ws_ros2/install/c_pkg/lib/python3.8/site-packages/c_pkg/msg/_state_vector.py
[1.283s] -- Up-to-date: /home/jrlintern/Desktop/CNRS_AIST_Work/CNRS_AIST_Mobile_Shopping_Robot/robot_ws_ros2/install/c_pkg/lib/python3.8/site-packages/c_pkg/msg/_state_vector_s.c
[1.283s] -- Up-to-date: /home/jrlintern/Desktop/CNRS_AIST_Work/CNRS_AIST_Mobile_Shopping_Robot/robot_ws_ros2/install/c_pkg/lib/python3.8/site-packages/c_pkg/c_pkg_s__rosidl_typesupport_fastrtps_c.cpython-38-x86_64-linux-gnu.so
[1.284s] -- Up-to-date: /home/jrlintern/Desktop/CNRS_AIST_Work/CNRS_AIST_Mobile_Shopping_Robot/robot_ws_ros2/install/c_pkg/lib/python3.8/site-packages/c_pkg/c_pkg_s__rosidl_typesupport_introspection_c.cpython-38-x86_64-linux-gnu.so
[1.284s] -- Up-to-date: /home/jrlintern/Desktop/CNRS_AIST_Work/CNRS_AIST_Mobile_Shopping_Robot/robot_ws_ros2/install/c_pkg/lib/python3.8/site-packages/c_pkg/c_pkg_s__rosidl_typesupport_c.cpython-38-x86_64-linux-gnu.so
[1.284s] -- Up-to-date: /home/jrlintern/Desktop/CNRS_AIST_Work/CNRS_AIST_Mobile_Shopping_Robot/robot_ws_ros2/install/c_pkg/lib/libc_pkg__python.so
[1.286s] -- Up-to-date: /home/jrlintern/Desktop/CNRS_AIST_Work/CNRS_AIST_Mobile_Shopping_Robot/robot_ws_ros2/install/c_pkg/share/c_pkg/msg/StateVector.idl
[1.287s] -- Up-to-date: /home/jrlintern/Desktop/CNRS_AIST_Work/CNRS_AIST_Mobile_Shopping_Robot/robot_ws_ros2/install/c_pkg/share/c_pkg/msg/StateVector.msg
[1.287s] -- Up-to-date: /home/jrlintern/Desktop/CNRS_AIST_Work/CNRS_AIST_Mobile_Shopping_Robot/robot_ws_ros2/install/c_pkg/lib/c_pkg/keyboard_control_node
[1.288s] -- Up-to-date: /home/jrlintern/Desktop/CNRS_AIST_Work/CNRS_AIST_Mobile_Shopping_Robot/robot_ws_ros2/install/c_pkg/lib/c_pkg/bot_control_driver_node
[1.288s] -- Up-to-date: /home/jrlintern/Desktop/CNRS_AIST_Work/CNRS_AIST_Mobile_Shopping_Robot/robot_ws_ros2/install/c_pkg/lib/c_pkg/joystick_control_node
[1.291s] -- Up-to-date: /home/jrlintern/Desktop/CNRS_AIST_Work/CNRS_AIST_Mobile_Shopping_Robot/robot_ws_ros2/install/c_pkg/share/c_pkg/launch
[1.292s] -- Up-to-date: /home/jrlintern/Desktop/CNRS_AIST_Work/CNRS_AIST_Mobile_Shopping_Robot/robot_ws_ros2/install/c_pkg/share/c_pkg/launch/bot_teleoperate_launch.py
[1.293s] -- Up-to-date: /home/jrlintern/Desktop/CNRS_AIST_Work/CNRS_AIST_Mobile_Shopping_Robot/robot_ws_ros2/install/c_pkg/share/ament_index/resource_index/package_run_dependencies/c_pkg
[1.293s] -- Up-to-date: /home/jrlintern/Desktop/CNRS_AIST_Work/CNRS_AIST_Mobile_Shopping_Robot/robot_ws_ros2/install/c_pkg/share/ament_index/resource_index/parent_prefix_path/c_pkg
[1.294s] -- Up-to-date: /home/jrlintern/Desktop/CNRS_AIST_Work/CNRS_AIST_Mobile_Shopping_Robot/robot_ws_ros2/install/c_pkg/share/c_pkg/environment/ament_prefix_path.sh
[1.294s] -- Up-to-date: /home/jrlintern/Desktop/CNRS_AIST_Work/CNRS_AIST_Mobile_Shopping_Robot/robot_ws_ros2/install/c_pkg/share/c_pkg/environment/ament_prefix_path.dsv
[1.294s] -- Up-to-date: /home/jrlintern/Desktop/CNRS_AIST_Work/CNRS_AIST_Mobile_Shopping_Robot/robot_ws_ros2/install/c_pkg/share/c_pkg/environment/path.sh
[1.295s] -- Up-to-date: /home/jrlintern/Desktop/CNRS_AIST_Work/CNRS_AIST_Mobile_Shopping_Robot/robot_ws_ros2/install/c_pkg/share/c_pkg/environment/path.dsv
[1.295s] -- Up-to-date: /home/jrlintern/Desktop/CNRS_AIST_Work/CNRS_AIST_Mobile_Shopping_Robot/robot_ws_ros2/install/c_pkg/share/c_pkg/local_setup.bash
[1.295s] -- Up-to-date: /home/jrlintern/Desktop/CNRS_AIST_Work/CNRS_AIST_Mobile_Shopping_Robot/robot_ws_ros2/install/c_pkg/share/c_pkg/local_setup.sh
[1.295s] -- Up-to-date: /home/jrlintern/Desktop/CNRS_AIST_Work/CNRS_AIST_Mobile_Shopping_Robot/robot_ws_ros2/install/c_pkg/share/c_pkg/local_setup.zsh
[1.296s] -- Up-to-date: /home/jrlintern/Desktop/CNRS_AIST_Work/CNRS_AIST_Mobile_Shopping_Robot/robot_ws_ros2/install/c_pkg/share/c_pkg/local_setup.dsv
[1.296s] -- Installing: /home/jrlintern/Desktop/CNRS_AIST_Work/CNRS_AIST_Mobile_Shopping_Robot/robot_ws_ros2/install/c_pkg/share/c_pkg/package.dsv
[1.297s] -- Up-to-date: /home/jrlintern/Desktop/CNRS_AIST_Work/CNRS_AIST_Mobile_Shopping_Robot/robot_ws_ros2/install/c_pkg/share/ament_index/resource_index/packages/c_pkg
[1.297s] -- Up-to-date: /home/jrlintern/Desktop/CNRS_AIST_Work/CNRS_AIST_Mobile_Shopping_Robot/robot_ws_ros2/install/c_pkg/share/c_pkg/cmake/c_pkg__rosidl_generator_cExport.cmake
[1.298s] -- Up-to-date: /home/jrlintern/Desktop/CNRS_AIST_Work/CNRS_AIST_Mobile_Shopping_Robot/robot_ws_ros2/install/c_pkg/share/c_pkg/cmake/c_pkg__rosidl_generator_cExport-noconfig.cmake
[1.298s] -- Up-to-date: /home/jrlintern/Desktop/CNRS_AIST_Work/CNRS_AIST_Mobile_Shopping_Robot/robot_ws_ros2/install/c_pkg/share/c_pkg/cmake/c_pkg__rosidl_typesupport_introspection_cExport.cmake
[1.298s] -- Up-to-date: /home/jrlintern/Desktop/CNRS_AIST_Work/CNRS_AIST_Mobile_Shopping_Robot/robot_ws_ros2/install/c_pkg/share/c_pkg/cmake/c_pkg__rosidl_typesupport_introspection_cExport-noconfig.cmake
[1.298s] -- Up-to-date: /home/jrlintern/Desktop/CNRS_AIST_Work/CNRS_AIST_Mobile_Shopping_Robot/robot_ws_ros2/install/c_pkg/share/c_pkg/cmake/c_pkg__rosidl_typesupport_cExport.cmake
[1.299s] -- Up-to-date: /home/jrlintern/Desktop/CNRS_AIST_Work/CNRS_AIST_Mobile_Shopping_Robot/robot_ws_ros2/install/c_pkg/share/c_pkg/cmake/c_pkg__rosidl_typesupport_cExport-noconfig.cmake
[1.299s] -- Up-to-date: /home/jrlintern/Desktop/CNRS_AIST_Work/CNRS_AIST_Mobile_Shopping_Robot/robot_ws_ros2/install/c_pkg/share/c_pkg/cmake/c_pkg__rosidl_generator_cppExport.cmake
[1.300s] -- Up-to-date: /home/jrlintern/Desktop/CNRS_AIST_Work/CNRS_AIST_Mobile_Shopping_Robot/robot_ws_ros2/install/c_pkg/share/c_pkg/cmake/c_pkg__rosidl_typesupport_introspection_cppExport.cmake
[1.300s] -- Up-to-date: /home/jrlintern/Desktop/CNRS_AIST_Work/CNRS_AIST_Mobile_Shopping_Robot/robot_ws_ros2/install/c_pkg/share/c_pkg/cmake/c_pkg__rosidl_typesupport_introspection_cppExport-noconfig.cmake
[1.300s] -- Up-to-date: /home/jrlintern/Desktop/CNRS_AIST_Work/CNRS_AIST_Mobile_Shopping_Robot/robot_ws_ros2/install/c_pkg/share/c_pkg/cmake/c_pkg__rosidl_typesupport_cppExport.cmake
[1.300s] -- Up-to-date: /home/jrlintern/Desktop/CNRS_AIST_Work/CNRS_AIST_Mobile_Shopping_Robot/robot_ws_ros2/install/c_pkg/share/c_pkg/cmake/c_pkg__rosidl_typesupport_cppExport-noconfig.cmake
[1.301s] -- Up-to-date: /home/jrlintern/Desktop/CNRS_AIST_Work/CNRS_AIST_Mobile_Shopping_Robot/robot_ws_ros2/install/c_pkg/share/c_pkg/cmake/rosidl_cmake-extras.cmake
[1.301s] -- Up-to-date: /home/jrlintern/Desktop/CNRS_AIST_Work/CNRS_AIST_Mobile_Shopping_Robot/robot_ws_ros2/install/c_pkg/share/c_pkg/cmake/ament_cmake_export_dependencies-extras.cmake
[1.301s] -- Up-to-date: /home/jrlintern/Desktop/CNRS_AIST_Work/CNRS_AIST_Mobile_Shopping_Robot/robot_ws_ros2/install/c_pkg/share/c_pkg/cmake/ament_cmake_export_libraries-extras.cmake
[1.302s] -- Up-to-date: /home/jrlintern/Desktop/CNRS_AIST_Work/CNRS_AIST_Mobile_Shopping_Robot/robot_ws_ros2/install/c_pkg/share/c_pkg/cmake/ament_cmake_export_targets-extras.cmake
[1.302s] -- Up-to-date: /home/jrlintern/Desktop/CNRS_AIST_Work/CNRS_AIST_Mobile_Shopping_Robot/robot_ws_ros2/install/c_pkg/share/c_pkg/cmake/ament_cmake_export_include_directories-extras.cmake
[1.302s] -- Up-to-date: /home/jrlintern/Desktop/CNRS_AIST_Work/CNRS_AIST_Mobile_Shopping_Robot/robot_ws_ros2/install/c_pkg/share/c_pkg/cmake/rosidl_cmake_export_typesupport_libraries-extras.cmake
[1.303s] -- Up-to-date: /home/jrlintern/Desktop/CNRS_AIST_Work/CNRS_AIST_Mobile_Shopping_Robot/robot_ws_ros2/install/c_pkg/share/c_pkg/cmake/rosidl_cmake_export_typesupport_targets-extras.cmake
[1.303s] -- Up-to-date: /home/jrlintern/Desktop/CNRS_AIST_Work/CNRS_AIST_Mobile_Shopping_Robot/robot_ws_ros2/install/c_pkg/share/c_pkg/cmake/c_pkgConfig.cmake
[1.303s] -- Up-to-date: /home/jrlintern/Desktop/CNRS_AIST_Work/CNRS_AIST_Mobile_Shopping_Robot/robot_ws_ros2/install/c_pkg/share/c_pkg/cmake/c_pkgConfig-version.cmake
[1.304s] -- Up-to-date: /home/jrlintern/Desktop/CNRS_AIST_Work/CNRS_AIST_Mobile_Shopping_Robot/robot_ws_ros2/install/c_pkg/share/c_pkg/package.xml
[1.415s] Invoked command in '/home/jrlintern/Desktop/CNRS_AIST_Work/CNRS_AIST_Mobile_Shopping_Robot/robot_ws_ros2/build/c_pkg' returned '0': CMAKE_PREFIX_PATH=${CMAKE_PREFIX_PATH}:/opt/ros/foxy /usr/bin/cmake --install /home/jrlintern/Desktop/CNRS_AIST_Work/CNRS_AIST_Mobile_Shopping_Robot/robot_ws_ros2/build/c_pkg
