[0.280s] Invoking command in '/home/jrlintern/Desktop/CNRS_AIST_Work/CNRS_AIST_Mobile_Shopping_Robot/robot_ws_ros2/build/rplidar_ros': CMAKE_PREFIX_PATH=${CMAKE_PREFIX_PATH}:/opt/ros/foxy /usr/bin/cmake --build /home/jrlintern/Desktop/CNRS_AIST_Work/CNRS_AIST_Mobile_Shopping_Robot/robot_ws_ros2/build/rplidar_ros -- -j8 -l8
[0.381s] [ 77%] Built target rplidar_composition_node
[0.418s] [100%] Built target rplidar_composition
[0.798s] Invoked command in '/home/jrlintern/Desktop/CNRS_AIST_Work/CNRS_AIST_Mobile_Shopping_Robot/robot_ws_ros2/build/rplidar_ros' returned '0': CMAKE_PREFIX_PATH=${CMAKE_PREFIX_PATH}:/opt/ros/foxy /usr/bin/cmake --build /home/jrlintern/Desktop/CNRS_AIST_Work/CNRS_AIST_Mobile_Shopping_Robot/robot_ws_ros2/build/rplidar_ros -- -j8 -l8
[1.072s] Invoking command in '/home/jrlintern/Desktop/CNRS_AIST_Work/CNRS_AIST_Mobile_Shopping_Robot/robot_ws_ros2/build/rplidar_ros': CMAKE_PREFIX_PATH=${CMAKE_PREFIX_PATH}:/opt/ros/foxy /usr/bin/cmake --install /home/jrlintern/Desktop/CNRS_AIST_Work/CNRS_AIST_Mobile_Shopping_Robot/robot_ws_ros2/build/rplidar_ros
[1.305s] -- Install configuration: "Release"
[1.306s] -- Execute custom install script
[1.308s] -- Up-to-date symlink: /home/jrlintern/Desktop/CNRS_AIST_Work/CNRS_AIST_Mobile_Shopping_Robot/robot_ws_ros2/install/rplidar_ros/lib/rplidar_ros/rplidar_composition
[1.308s] -- Up-to-date symlink: /home/jrlintern/Desktop/CNRS_AIST_Work/CNRS_AIST_Mobile_Shopping_Robot/robot_ws_ros2/install/rplidar_ros/share/rplidar_ros/launch/rplidar.launch.py
[1.308s] -- Up-to-date symlink: /home/jrlintern/Desktop/CNRS_AIST_Work/CNRS_AIST_Mobile_Shopping_Robot/robot_ws_ros2/install/rplidar_ros/share/rplidar_ros/launch/rplidar_a3.launch.py
[1.308s] -- Up-to-date symlink: /home/jrlintern/Desktop/CNRS_AIST_Work/CNRS_AIST_Mobile_Shopping_Robot/robot_ws_ros2/install/rplidar_ros/share/rplidar_ros/launch/rplidar_s1.launch.py
[1.308s] -- Up-to-date symlink: /home/jrlintern/Desktop/CNRS_AIST_Work/CNRS_AIST_Mobile_Shopping_Robot/robot_ws_ros2/install/rplidar_ros/share/rplidar_ros/launch/rplidar_s1_tcp.launch.py
[1.308s] -- Up-to-date symlink: /home/jrlintern/Desktop/CNRS_AIST_Work/CNRS_AIST_Mobile_Shopping_Robot/robot_ws_ros2/install/rplidar_ros/share/rplidar_ros/launch/test_rplidar_a3.launch.py
[1.308s] -- Up-to-date symlink: /home/jrlintern/Desktop/CNRS_AIST_Work/CNRS_AIST_Mobile_Shopping_Robot/robot_ws_ros2/install/rplidar_ros/share/rplidar_ros/launch/view_rplidar.launch.py
[1.308s] -- Up-to-date symlink: /home/jrlintern/Desktop/CNRS_AIST_Work/CNRS_AIST_Mobile_Shopping_Robot/robot_ws_ros2/install/rplidar_ros/share/rplidar_ros/launch/view_rplidar_a3.launch.py
[1.308s] -- Up-to-date symlink: /home/jrlintern/Desktop/CNRS_AIST_Work/CNRS_AIST_Mobile_Shopping_Robot/robot_ws_ros2/install/rplidar_ros/share/rplidar_ros/launch/view_rplidar_s1.launch.py
[1.308s] -- Up-to-date symlink: /home/jrlintern/Desktop/CNRS_AIST_Work/CNRS_AIST_Mobile_Shopping_Robot/robot_ws_ros2/install/rplidar_ros/share/rplidar_ros/launch/view_rplidar_s1_tcp.launch.py
[1.309s] -- Up-to-date symlink: /home/jrlintern/Desktop/CNRS_AIST_Work/CNRS_AIST_Mobile_Shopping_Robot/robot_ws_ros2/install/rplidar_ros/share/rplidar_ros/rviz/rplidar.rviz
[1.309s] -- Up-to-date symlink: /home/jrlintern/Desktop/CNRS_AIST_Work/CNRS_AIST_Mobile_Shopping_Robot/robot_ws_ros2/install/rplidar_ros/lib/librplidar_composition_node.so
[1.309s] -- Up-to-date symlink: /home/jrlintern/Desktop/CNRS_AIST_Work/CNRS_AIST_Mobile_Shopping_Robot/robot_ws_ros2/install/rplidar_ros/include/rplidar_node.hpp
[1.309s] -- Up-to-date symlink: /home/jrlintern/Desktop/CNRS_AIST_Work/CNRS_AIST_Mobile_Shopping_Robot/robot_ws_ros2/install/rplidar_ros/include/visibility.h
[1.309s] -- Up-to-date symlink: /home/jrlintern/Desktop/CNRS_AIST_Work/CNRS_AIST_Mobile_Shopping_Robot/robot_ws_ros2/install/rplidar_ros/lib/rplidar_ros/rplidar_composition
[1.309s] -- Up-to-date symlink: /home/jrlintern/Desktop/CNRS_AIST_Work/CNRS_AIST_Mobile_Shopping_Robot/robot_ws_ros2/install/rplidar_ros/share/ament_index/resource_index/package_run_dependencies/rplidar_ros
[1.309s] -- Up-to-date symlink: /home/jrlintern/Desktop/CNRS_AIST_Work/CNRS_AIST_Mobile_Shopping_Robot/robot_ws_ros2/install/rplidar_ros/share/ament_index/resource_index/parent_prefix_path/rplidar_ros
[1.309s] -- Up-to-date symlink: /home/jrlintern/Desktop/CNRS_AIST_Work/CNRS_AIST_Mobile_Shopping_Robot/robot_ws_ros2/install/rplidar_ros/share/rplidar_ros/environment/ament_prefix_path.sh
[1.309s] -- Up-to-date symlink: /home/jrlintern/Desktop/CNRS_AIST_Work/CNRS_AIST_Mobile_Shopping_Robot/robot_ws_ros2/install/rplidar_ros/share/rplidar_ros/environment/ament_prefix_path.dsv
[1.309s] -- Up-to-date symlink: /home/jrlintern/Desktop/CNRS_AIST_Work/CNRS_AIST_Mobile_Shopping_Robot/robot_ws_ros2/install/rplidar_ros/share/rplidar_ros/environment/path.sh
[1.310s] -- Up-to-date symlink: /home/jrlintern/Desktop/CNRS_AIST_Work/CNRS_AIST_Mobile_Shopping_Robot/robot_ws_ros2/install/rplidar_ros/share/rplidar_ros/environment/path.dsv
[1.310s] -- Up-to-date symlink: /home/jrlintern/Desktop/CNRS_AIST_Work/CNRS_AIST_Mobile_Shopping_Robot/robot_ws_ros2/install/rplidar_ros/share/rplidar_ros/local_setup.bash
[1.310s] -- Up-to-date symlink: /home/jrlintern/Desktop/CNRS_AIST_Work/CNRS_AIST_Mobile_Shopping_Robot/robot_ws_ros2/install/rplidar_ros/share/rplidar_ros/local_setup.sh
[1.310s] -- Up-to-date symlink: /home/jrlintern/Desktop/CNRS_AIST_Work/CNRS_AIST_Mobile_Shopping_Robot/robot_ws_ros2/install/rplidar_ros/share/rplidar_ros/local_setup.zsh
[1.310s] -- Up-to-date symlink: /home/jrlintern/Desktop/CNRS_AIST_Work/CNRS_AIST_Mobile_Shopping_Robot/robot_ws_ros2/install/rplidar_ros/share/rplidar_ros/local_setup.dsv
[1.310s] -- Symlinking: /home/jrlintern/Desktop/CNRS_AIST_Work/CNRS_AIST_Mobile_Shopping_Robot/robot_ws_ros2/install/rplidar_ros/share/rplidar_ros/package.dsv
[1.310s] -- Up-to-date symlink: /home/jrlintern/Desktop/CNRS_AIST_Work/CNRS_AIST_Mobile_Shopping_Robot/robot_ws_ros2/install/rplidar_ros/share/ament_index/resource_index/packages/rplidar_ros
[1.310s] -- Up-to-date symlink: /home/jrlintern/Desktop/CNRS_AIST_Work/CNRS_AIST_Mobile_Shopping_Robot/robot_ws_ros2/install/rplidar_ros/share/ament_index/resource_index/rclcpp_components/rplidar_ros
[1.310s] -- Up-to-date symlink: /home/jrlintern/Desktop/CNRS_AIST_Work/CNRS_AIST_Mobile_Shopping_Robot/robot_ws_ros2/install/rplidar_ros/share/rplidar_ros/cmake/ament_cmake_export_dependencies-extras.cmake
[1.310s] -- Up-to-date symlink: /home/jrlintern/Desktop/CNRS_AIST_Work/CNRS_AIST_Mobile_Shopping_Robot/robot_ws_ros2/install/rplidar_ros/share/rplidar_ros/cmake/ament_cmake_export_include_directories-extras.cmake
[1.311s] -- Up-to-date symlink: /home/jrlintern/Desktop/CNRS_AIST_Work/CNRS_AIST_Mobile_Shopping_Robot/robot_ws_ros2/install/rplidar_ros/share/rplidar_ros/cmake/rplidar_rosConfig.cmake
[1.311s] -- Up-to-date symlink: /home/jrlintern/Desktop/CNRS_AIST_Work/CNRS_AIST_Mobile_Shopping_Robot/robot_ws_ros2/install/rplidar_ros/share/rplidar_ros/cmake/rplidar_rosConfig-version.cmake
[1.311s] -- Up-to-date symlink: /home/jrlintern/Desktop/CNRS_AIST_Work/CNRS_AIST_Mobile_Shopping_Robot/robot_ws_ros2/install/rplidar_ros/share/rplidar_ros/package.xml
[1.636s] Invoked command in '/home/jrlintern/Desktop/CNRS_AIST_Work/CNRS_AIST_Mobile_Shopping_Robot/robot_ws_ros2/build/rplidar_ros' returned '0': CMAKE_PREFIX_PATH=${CMAKE_PREFIX_PATH}:/opt/ros/foxy /usr/bin/cmake --install /home/jrlintern/Desktop/CNRS_AIST_Work/CNRS_AIST_Mobile_Shopping_Robot/robot_ws_ros2/build/rplidar_ros
