[0.202s] Invoking command in '/home/jrlintern/Desktop/CNRS_AIST_Work/CNRS_AIST_Mobile_Shopping_Robot/robot_ws_ros2/build/c_pkg': CMAKE_PREFIX_PATH=${CMAKE_PREFIX_PATH}:/opt/ros/foxy /usr/bin/cmake --build /home/jrlintern/Desktop/CNRS_AIST_Work/CNRS_AIST_Mobile_Shopping_Robot/robot_ws_ros2/build/c_pkg -- -j8 -l8
[0.229s] [  2%] Built target c_pkg__cpp
[0.229s] [  8%] Built target c_pkg__rosidl_generator_c
[0.242s] [ 24%] Built target c_pkg__rosidl_typesupport_introspection_cpp
[0.242s] [ 24%] Built target c_pkg__rosidl_typesupport_cpp
[0.242s] [ 28%] Built target c_pkg__rosidl_typesupport_fastrtps_cpp
[0.254s] [ 42%] Built target c_pkg__rosidl_typesupport_introspection_c
[0.254s] [ 42%] Built target c_pkg__rosidl_typesupport_c
[0.254s] [ 48%] Built target c_pkg__rosidl_typesupport_fastrtps_c
[0.264s] [ 48%] Built target c_pkg
[0.275s] [ 51%] Built target c_pkg__py
[0.280s] [ 60%] Built target keyboard_control_node
[0.281s] [ 62%] [32mBuilding CXX object CMakeFiles/joystick_control_node.dir/src/joystick_control.cpp.o[0m
[0.287s] [ 73%] Built target bot_control_driver_node
[0.288s] [ 77%] Built target c_pkg__python
[0.300s] [ 86%] Built target c_pkg__rosidl_typesupport_introspection_c__pyext
[0.301s] [ 86%] Built target c_pkg__rosidl_typesupport_c__pyext
[0.301s] [ 91%] Built target c_pkg__rosidl_typesupport_fastrtps_c__pyext
[1.402s] In file included from [01m[K/home/jrlintern/Desktop/CNRS_AIST_Work/CNRS_AIST_Mobile_Shopping_Robot/robot_ws_ros2/src/c_pkg/src/joystick_control.cpp:14[m[K:
[1.402s] [01m[K/home/jrlintern/Desktop/CNRS_AIST_Work/CNRS_AIST_Mobile_Shopping_Robot/robot_ws_ros2/src/c_pkg/src/conio.h:[m[K In member function ‘[01m[Kint __CONIO_H::getch()[m[K’:
[1.402s] [01m[K/home/jrlintern/Desktop/CNRS_AIST_Work/CNRS_AIST_Mobile_Shopping_Robot/robot_ws_ros2/src/c_pkg/src/conio.h:240:7:[m[K [01;35m[Kwarning: [m[Kno return statement in function returning non-void [[01;35m[K-Wreturn-type[m[K]
[1.402s]   240 |       [01;35m[K}[m[K
[1.402s]       |       [01;35m[K^[m[K
[1.403s] [01m[K/home/jrlintern/Desktop/CNRS_AIST_Work/CNRS_AIST_Mobile_Shopping_Robot/robot_ws_ros2/src/c_pkg/src/conio.h:[m[K In member function ‘[01m[Kint __CONIO_H::getche()[m[K’:
[1.403s] [01m[K/home/jrlintern/Desktop/CNRS_AIST_Work/CNRS_AIST_Mobile_Shopping_Robot/robot_ws_ros2/src/c_pkg/src/conio.h:244:7:[m[K [01;35m[Kwarning: [m[Kno return statement in function returning non-void [[01;35m[K-Wreturn-type[m[K]
[1.403s]   244 |       [01;35m[K}[m[K
[1.403s]       |       [01;35m[K^[m[K
[1.403s] [01m[K/home/jrlintern/Desktop/CNRS_AIST_Work/CNRS_AIST_Mobile_Shopping_Robot/robot_ws_ros2/src/c_pkg/src/conio.h:[m[K In member function ‘[01m[Kint __CONIO_H::cputs(const char*)[m[K’:
[1.403s] [01m[K/home/jrlintern/Desktop/CNRS_AIST_Work/CNRS_AIST_Mobile_Shopping_Robot/robot_ws_ros2/src/c_pkg/src/conio.h:299:17:[m[K [01;35m[Kwarning: [m[Kformat not a string literal and no format arguments [[01;35m[K-Wformat-security[m[K]
[1.404s]   299 |       printf(str[01;35m[K)[m[K;
[1.404s]       |                 [01;35m[K^[m[K
[1.404s] [01m[K/home/jrlintern/Desktop/CNRS_AIST_Work/CNRS_AIST_Mobile_Shopping_Robot/robot_ws_ros2/src/c_pkg/src/conio.h:[m[K In member function ‘[01m[Kchar* __CONIO_H::getpass(const char*)[m[K’:
[1.404s] [01m[K/home/jrlintern/Desktop/CNRS_AIST_Work/CNRS_AIST_Mobile_Shopping_Robot/robot_ws_ros2/src/c_pkg/src/conio.h:305:7:[m[K [01;35m[Kwarning: [m[Kno return statement in function returning non-void [[01;35m[K-Wreturn-type[m[K]
[1.404s]   305 |       [01;35m[K}[m[K
[1.404s]       |       [01;35m[K^[m[K
[1.404s] [01m[K/home/jrlintern/Desktop/CNRS_AIST_Work/CNRS_AIST_Mobile_Shopping_Robot/robot_ws_ros2/src/c_pkg/src/conio.h:303:29:[m[K [01;35m[Kwarning: [m[Kunused parameter ‘[01m[Kprompt[m[K’ [[01;35m[K-Wunused-parameter[m[K]
[1.404s]   303 |     char*getpass([01;35m[Kconst char*prompt[m[K){
[1.404s]       |                  [01;35m[K~~~~~~~~~~~^~~~~~[m[K
[1.405s] [01m[K/home/jrlintern/Desktop/CNRS_AIST_Work/CNRS_AIST_Mobile_Shopping_Robot/robot_ws_ros2/src/c_pkg/src/conio.h:[m[K In member function ‘[01m[Kint __CONIO_H::gettext(int, int, int, int, void*)[m[K’:
[1.405s] [01m[K/home/jrlintern/Desktop/CNRS_AIST_Work/CNRS_AIST_Mobile_Shopping_Robot/robot_ws_ros2/src/c_pkg/src/conio.h:309:7:[m[K [01;35m[Kwarning: [m[Kno return statement in function returning non-void [[01;35m[K-Wreturn-type[m[K]
[1.405s]   309 |       [01;35m[K}[m[K
[1.405s]       |       [01;35m[K^[m[K
[1.405s] [01m[K/home/jrlintern/Desktop/CNRS_AIST_Work/CNRS_AIST_Mobile_Shopping_Robot/robot_ws_ros2/src/c_pkg/src/conio.h:307:21:[m[K [01;35m[Kwarning: [m[Kunused parameter ‘[01m[Kl[m[K’ [[01;35m[K-Wunused-parameter[m[K]
[1.405s]   307 |     int gettext([01;35m[Kint l[m[K,int t,int r,int b,void*destination){
[1.405s]       |                 [01;35m[K~~~~^[m[K
[1.405s] [01m[K/home/jrlintern/Desktop/CNRS_AIST_Work/CNRS_AIST_Mobile_Shopping_Robot/robot_ws_ros2/src/c_pkg/src/conio.h:307:27:[m[K [01;35m[Kwarning: [m[Kunused parameter ‘[01m[Kt[m[K’ [[01;35m[K-Wunused-parameter[m[K]
[1.405s]   307 |     int gettext(int l,[01;35m[Kint t[m[K,int r,int b,void*destination){
[1.406s]       |                       [01;35m[K~~~~^[m[K
[1.406s] [01m[K/home/jrlintern/Desktop/CNRS_AIST_Work/CNRS_AIST_Mobile_Shopping_Robot/robot_ws_ros2/src/c_pkg/src/conio.h:307:33:[m[K [01;35m[Kwarning: [m[Kunused parameter ‘[01m[Kr[m[K’ [[01;35m[K-Wunused-parameter[m[K]
[1.406s]   307 |     int gettext(int l,int t,[01;35m[Kint r[m[K,int b,void*destination){
[1.406s]       |                             [01;35m[K~~~~^[m[K
[1.406s] [01m[K/home/jrlintern/Desktop/CNRS_AIST_Work/CNRS_AIST_Mobile_Shopping_Robot/robot_ws_ros2/src/c_pkg/src/conio.h:307:39:[m[K [01;35m[Kwarning: [m[Kunused parameter ‘[01m[Kb[m[K’ [[01;35m[K-Wunused-parameter[m[K]
[1.406s]   307 |     int gettext(int l,int t,int r,[01;35m[Kint b[m[K,void*destination){
[1.406s]       |                                   [01;35m[K~~~~^[m[K
[1.406s] [01m[K/home/jrlintern/Desktop/CNRS_AIST_Work/CNRS_AIST_Mobile_Shopping_Robot/robot_ws_ros2/src/c_pkg/src/conio.h:307:46:[m[K [01;35m[Kwarning: [m[Kunused parameter ‘[01m[Kdestination[m[K’ [[01;35m[K-Wunused-parameter[m[K]
[1.406s]   307 |     int gettext(int l,int t,int r,int b,[01;35m[Kvoid*destination[m[K){
[1.407s]       |                                         [01;35m[K~~~~~^~~~~~~~~~~[m[K
[1.410s] [01m[K/home/jrlintern/Desktop/CNRS_AIST_Work/CNRS_AIST_Mobile_Shopping_Robot/robot_ws_ros2/src/c_pkg/src/joystick_control.cpp:[m[K At global scope:
[1.410s] [01m[K/home/jrlintern/Desktop/CNRS_AIST_Work/CNRS_AIST_Mobile_Shopping_Robot/robot_ws_ros2/src/c_pkg/src/joystick_control.cpp:139:10:[m[K [01;31m[Kerror: [m[Kexpected ‘[01m[K;[m[K’ after class definition
[1.411s]   139 |         }
[1.411s]       |          [01;31m[K^[m[K
[1.411s]       |          [32m[K;[m[K
[1.411s] [01m[K/home/jrlintern/Desktop/CNRS_AIST_Work/CNRS_AIST_Mobile_Shopping_Robot/robot_ws_ros2/src/c_pkg/src/joystick_control.cpp:105:39:[m[K [01;35m[Kwarning: [m[Kmissing initializer for member ‘[01m[Kaxis_state::y[m[K’ [[01;35m[K-Wmissing-field-initializers[m[K]
[1.411s]   105 |         struct axis_state axes[3] = {0[01;35m[K}[m[K;
[1.411s]       |                                       [01;35m[K^[m[K
[1.412s] [01m[K/home/jrlintern/Desktop/CNRS_AIST_Work/CNRS_AIST_Mobile_Shopping_Robot/robot_ws_ros2/src/c_pkg/src/joystick_control.cpp:[m[K In constructor ‘[01m[KJoystick_control::Joystick_control()[m[K’:
[1.412s] [01m[K/home/jrlintern/Desktop/CNRS_AIST_Work/CNRS_AIST_Mobile_Shopping_Robot/robot_ws_ros2/src/c_pkg/src/joystick_control.cpp:91:79:[m[K [01;31m[Kerror: [m[K‘[01m[Ktimer_callback[m[K’ is not a member of ‘[01m[KJoystick_control[m[K’
[1.413s]    91 |             timer_ = this->create_wall_timer(dt, std::bind(&Joystick_control::[01;31m[Ktimer_callback[m[K, this));
[1.413s]       |                                                                               [01;31m[K^~~~~~~~~~~~~~[m[K
[1.415s] [01m[K/home/jrlintern/Desktop/CNRS_AIST_Work/CNRS_AIST_Mobile_Shopping_Robot/robot_ws_ros2/src/c_pkg/src/joystick_control.cpp:93:13:[m[K [01;31m[Kerror: [m[K‘[01m[Ksetup_js[m[K’ was not declared in this scope
[1.416s]    93 |             [01;31m[Ksetup_js[m[K();
[1.416s]       |             [01;31m[K^~~~~~~~[m[K
[1.417s] [01m[K/home/jrlintern/Desktop/CNRS_AIST_Work/CNRS_AIST_Mobile_Shopping_Robot/robot_ws_ros2/src/c_pkg/src/joystick_control.cpp:[m[K In function ‘[01m[Kvoid timer_callback()[m[K’:
[1.417s] [01m[K/home/jrlintern/Desktop/CNRS_AIST_Work/CNRS_AIST_Mobile_Shopping_Robot/robot_ws_ros2/src/c_pkg/src/joystick_control.cpp:150:13:[m[K [01;31m[Kerror: [m[Kinvalid use of ‘[01m[Kthis[m[K’ in non-member function
[1.417s]   150 |             [01;31m[Kthis[m[K->linear_vel = constrain (this->linear_vel, 0, MAX_VX);
[1.417s]       |             [01;31m[K^~~~[m[K
[1.417s] [01m[K/home/jrlintern/Desktop/CNRS_AIST_Work/CNRS_AIST_Mobile_Shopping_Robot/robot_ws_ros2/src/c_pkg/src/joystick_control.cpp:150:43:[m[K [01;31m[Kerror: [m[Kinvalid use of ‘[01m[Kthis[m[K’ in non-member function
[1.417s]   150 |             this->linear_vel = constrain ([01;31m[Kthis[m[K->linear_vel, 0, MAX_VX);
[1.417s]       |                                           [01;31m[K^~~~[m[K
[1.417s] [01m[K/home/jrlintern/Desktop/CNRS_AIST_Work/CNRS_AIST_Mobile_Shopping_Robot/robot_ws_ros2/src/c_pkg/src/joystick_control.cpp:151:13:[m[K [01;31m[Kerror: [m[Kinvalid use of ‘[01m[Kthis[m[K’ in non-member function
[1.417s]   151 |             [01;31m[Kthis[m[K->rotatio_vel = constrain (this->rotatio_vel, 0, MAX_W);
[1.418s]       |             [01;31m[K^~~~[m[K
[1.418s] [01m[K/home/jrlintern/Desktop/CNRS_AIST_Work/CNRS_AIST_Mobile_Shopping_Robot/robot_ws_ros2/src/c_pkg/src/joystick_control.cpp:151:44:[m[K [01;31m[Kerror: [m[Kinvalid use of ‘[01m[Kthis[m[K’ in non-member function
[1.418s]   151 |             this->rotatio_vel = constrain ([01;31m[Kthis[m[K->rotatio_vel, 0, MAX_W);
[1.418s]       |                                            [01;31m[K^~~~[m[K
[1.418s] [01m[K/home/jrlintern/Desktop/CNRS_AIST_Work/CNRS_AIST_Mobile_Shopping_Robot/robot_ws_ros2/src/c_pkg/src/joystick_control.cpp:153:16:[m[K [01;31m[Kerror: [m[Kinvalid use of ‘[01m[Kthis[m[K’ in non-member function
[1.418s]   153 |             if([01;31m[Kthis[m[K->js == -1) //if no joystick is connected, we try to connect one
[1.418s]       |                [01;31m[K^~~~[m[K
[1.419s] [01m[K/home/jrlintern/Desktop/CNRS_AIST_Work/CNRS_AIST_Mobile_Shopping_Robot/robot_ws_ros2/src/c_pkg/src/joystick_control.cpp:155:17:[m[K [01;31m[Kerror: [m[K‘[01m[Ksetup_js[m[K’ was not declared in this scope
[1.420s]   155 |                 [01;31m[Ksetup_js[m[K();
[1.420s]       |                 [01;31m[K^~~~~~~~[m[K
[1.421s] [01m[K/home/jrlintern/Desktop/CNRS_AIST_Work/CNRS_AIST_Mobile_Shopping_Robot/robot_ws_ros2/src/c_pkg/src/joystick_control.cpp:159:32:[m[K [01;31m[Kerror: [m[Kinvalid use of ‘[01m[Kthis[m[K’ in non-member function
[1.421s]   159 |                 if (read_event([01;31m[Kthis[m[K->js, &(this->event)) == 0)
[1.421s]       |                                [01;31m[K^~~~[m[K
[1.421s] [01m[K/home/jrlintern/Desktop/CNRS_AIST_Work/CNRS_AIST_Mobile_Shopping_Robot/robot_ws_ros2/src/c_pkg/src/joystick_control.cpp:159:44:[m[K [01;31m[Kerror: [m[Kinvalid use of ‘[01m[Kthis[m[K’ in non-member function
[1.421s]   159 |                 if (read_event(this->js, &([01;31m[Kthis[m[K->event)) == 0)
[1.421s]       |                                            [01;31m[K^~~~[m[K
[1.421s] [01m[K/home/jrlintern/Desktop/CNRS_AIST_Work/CNRS_AIST_Mobile_Shopping_Robot/robot_ws_ros2/src/c_pkg/src/joystick_control.cpp:161:29:[m[K [01;31m[Kerror: [m[Kinvalid use of ‘[01m[Kthis[m[K’ in non-member function
[1.421s]   161 |                     switch ([01;31m[Kthis[m[K->event.type)
[1.421s]       |                             [01;31m[K^~~~[m[K
[1.422s] [01m[K/home/jrlintern/Desktop/CNRS_AIST_Work/CNRS_AIST_Mobile_Shopping_Robot/robot_ws_ros2/src/c_pkg/src/joystick_control.cpp:164:37:[m[K [01;31m[Kerror: [m[Kinvalid use of ‘[01m[Kthis[m[K’ in non-member function
[1.422s]   164 |                             switch ([01;31m[Kthis[m[K->event.number)
[1.422s]       |                                     [01;31m[K^~~~[m[K
[1.422s] [01m[K/home/jrlintern/Desktop/CNRS_AIST_Work/CNRS_AIST_Mobile_Shopping_Robot/robot_ws_ros2/src/c_pkg/src/joystick_control.cpp:167:36:[m[K [01;31m[Kerror: [m[Kinvalid use of ‘[01m[Kthis[m[K’ in non-member function
[1.422s]   167 |                                 if([01;31m[Kthis[m[K->event.value){this->linear_vel-=this->lin_incr;} //if button 6 pressed we add linear speed
[1.422s]       |                                    [01;31m[K^~~~[m[K
[1.422s] [01m[K/home/jrlintern/Desktop/CNRS_AIST_Work/CNRS_AIST_Mobile_Shopping_Robot/robot_ws_ros2/src/c_pkg/src/joystick_control.cpp:167:55:[m[K [01;31m[Kerror: [m[Kinvalid use of ‘[01m[Kthis[m[K’ in non-member function
[1.422s]   167 |                                 if(this->event.value){[01;31m[Kthis[m[K->linear_vel-=this->lin_incr;} //if button 6 pressed we add linear speed
[1.422s]       |                                                       [01;31m[K^~~~[m[K
[1.423s] [01m[K/home/jrlintern/Desktop/CNRS_AIST_Work/CNRS_AIST_Mobile_Shopping_Robot/robot_ws_ros2/src/c_pkg/src/joystick_control.cpp:167:73:[m[K [01;31m[Kerror: [m[Kinvalid use of ‘[01m[Kthis[m[K’ in non-member function
[1.423s]   167 |                                 if(this->event.value){this->linear_vel-=[01;31m[Kthis[m[K->lin_incr;} //if button 6 pressed we add linear speed
[1.423s]       |                                                                         [01;31m[K^~~~[m[K
[1.423s] [01m[K/home/jrlintern/Desktop/CNRS_AIST_Work/CNRS_AIST_Mobile_Shopping_Robot/robot_ws_ros2/src/c_pkg/src/joystick_control.cpp:170:36:[m[K [01;31m[Kerror: [m[Kinvalid use of ‘[01m[Kthis[m[K’ in non-member function
[1.423s]   170 |                                 if([01;31m[Kthis[m[K->event.value){this->rotatio_vel-=this->rot_incr;}
[1.423s]       |                                    [01;31m[K^~~~[m[K
[1.423s] [01m[K/home/jrlintern/Desktop/CNRS_AIST_Work/CNRS_AIST_Mobile_Shopping_Robot/robot_ws_ros2/src/c_pkg/src/joystick_control.cpp:170:55:[m[K [01;31m[Kerror: [m[Kinvalid use of ‘[01m[Kthis[m[K’ in non-member function
[1.423s]   170 |                                 if(this->event.value){[01;31m[Kthis[m[K->rotatio_vel-=this->rot_incr;}
[1.423s]       |                                                       [01;31m[K^~~~[m[K
[1.423s] [01m[K/home/jrlintern/Desktop/CNRS_AIST_Work/CNRS_AIST_Mobile_Shopping_Robot/robot_ws_ros2/src/c_pkg/src/joystick_control.cpp:170:74:[m[K [01;31m[Kerror: [m[Kinvalid use of ‘[01m[Kthis[m[K’ in non-member function
[1.423s]   170 |                                 if(this->event.value){this->rotatio_vel-=[01;31m[Kthis[m[K->rot_incr;}
[1.423s]       |                                                                          [01;31m[K^~~~[m[K
[1.424s] [01m[K/home/jrlintern/Desktop/CNRS_AIST_Work/CNRS_AIST_Mobile_Shopping_Robot/robot_ws_ros2/src/c_pkg/src/joystick_control.cpp:173:36:[m[K [01;31m[Kerror: [m[Kinvalid use of ‘[01m[Kthis[m[K’ in non-member function
[1.424s]   173 |                                 if([01;31m[Kthis[m[K->event.value){this->linear_vel+=this->lin_incr;}
[1.424s]       |                                    [01;31m[K^~~~[m[K
[1.424s] [01m[K/home/jrlintern/Desktop/CNRS_AIST_Work/CNRS_AIST_Mobile_Shopping_Robot/robot_ws_ros2/src/c_pkg/src/joystick_control.cpp:173:55:[m[K [01;31m[Kerror: [m[Kinvalid use of ‘[01m[Kthis[m[K’ in non-member function
[1.424s]   173 |                                 if(this->event.value){[01;31m[Kthis[m[K->linear_vel+=this->lin_incr;}
[1.424s]       |                                                       [01;31m[K^~~~[m[K
[1.424s] [01m[K/home/jrlintern/Desktop/CNRS_AIST_Work/CNRS_AIST_Mobile_Shopping_Robot/robot_ws_ros2/src/c_pkg/src/joystick_control.cpp:173:73:[m[K [01;31m[Kerror: [m[Kinvalid use of ‘[01m[Kthis[m[K’ in non-member function
[1.424s]   173 |                                 if(this->event.value){this->linear_vel+=[01;31m[Kthis[m[K->lin_incr;}
[1.424s]       |                                                                         [01;31m[K^~~~[m[K
[1.424s] [01m[K/home/jrlintern/Desktop/CNRS_AIST_Work/CNRS_AIST_Mobile_Shopping_Robot/robot_ws_ros2/src/c_pkg/src/joystick_control.cpp:176:36:[m[K [01;31m[Kerror: [m[Kinvalid use of ‘[01m[Kthis[m[K’ in non-member function
[1.424s]   176 |                                 if([01;31m[Kthis[m[K->event.value){this->rotatio_vel+=this->rot_incr;}
[1.424s]       |                                    [01;31m[K^~~~[m[K
[1.425s] [01m[K/home/jrlintern/Desktop/CNRS_AIST_Work/CNRS_AIST_Mobile_Shopping_Robot/robot_ws_ros2/src/c_pkg/src/joystick_control.cpp:176:55:[m[K [01;31m[Kerror: [m[Kinvalid use of ‘[01m[Kthis[m[K’ in non-member function
[1.425s]   176 |                                 if(this->event.value){[01;31m[Kthis[m[K->rotatio_vel+=this->rot_incr;}
[1.425s]       |                                                       [01;31m[K^~~~[m[K
[1.425s] [01m[K/home/jrlintern/Desktop/CNRS_AIST_Work/CNRS_AIST_Mobile_Shopping_Robot/robot_ws_ros2/src/c_pkg/src/joystick_control.cpp:176:74:[m[K [01;31m[Kerror: [m[Kinvalid use of ‘[01m[Kthis[m[K’ in non-member function
[1.425s]   176 |                                 if(this->event.value){this->rotatio_vel+=[01;31m[Kthis[m[K->rot_incr;}
[1.425s]       |                                                                          [01;31m[K^~~~[m[K
[1.425s] [01m[K/home/jrlintern/Desktop/CNRS_AIST_Work/CNRS_AIST_Mobile_Shopping_Robot/robot_ws_ros2/src/c_pkg/src/joystick_control.cpp:183:29:[m[K [01;31m[Kerror: [m[Kinvalid use of ‘[01m[Kthis[m[K’ in non-member function
[1.425s]   183 |                             [01;31m[Kthis[m[K->axis = get_axis_state(&this->event, this->axes);
[1.426s]       |                             [01;31m[K^~~~[m[K
[1.426s] [01m[K/home/jrlintern/Desktop/CNRS_AIST_Work/CNRS_AIST_Mobile_Shopping_Robot/robot_ws_ros2/src/c_pkg/src/joystick_control.cpp:183:58:[m[K [01;31m[Kerror: [m[Kinvalid use of ‘[01m[Kthis[m[K’ in non-member function
[1.426s]   183 |                             this->axis = get_axis_state(&[01;31m[Kthis[m[K->event, this->axes);
[1.426s]       |                                                          [01;31m[K^~~~[m[K
[1.426s] [01m[K/home/jrlintern/Desktop/CNRS_AIST_Work/CNRS_AIST_Mobile_Shopping_Robot/robot_ws_ros2/src/c_pkg/src/joystick_control.cpp:183:71:[m[K [01;31m[Kerror: [m[Kinvalid use of ‘[01m[Kthis[m[K’ in non-member function
[1.426s]   183 |                             this->axis = get_axis_state(&this->event, [01;31m[Kthis[m[K->axes);
[1.426s]       |                                                                       [01;31m[K^~~~[m[K
[1.426s] [01m[K/home/jrlintern/Desktop/CNRS_AIST_Work/CNRS_AIST_Mobile_Shopping_Robot/robot_ws_ros2/src/c_pkg/src/joystick_control.cpp:184:33:[m[K [01;31m[Kerror: [m[Kinvalid use of ‘[01m[Kthis[m[K’ in non-member function
[1.426s]   184 |                             if ([01;31m[Kthis[m[K->axis < 3)
[1.426s]       |                                 [01;31m[K^~~~[m[K
[1.426s] [01m[K/home/jrlintern/Desktop/CNRS_AIST_Work/CNRS_AIST_Mobile_Shopping_Robot/robot_ws_ros2/src/c_pkg/src/joystick_control.cpp:185:41:[m[K [01;31m[Kerror: [m[K‘[01m[Kaxis[m[K’ was not declared in this scope
[1.426s]   185 |                                 switch ([01;31m[Kaxis[m[K)
[1.427s]       |                                         [01;31m[K^~~~[m[K
[1.427s] [01m[K/home/jrlintern/Desktop/CNRS_AIST_Work/CNRS_AIST_Mobile_Shopping_Robot/robot_ws_ros2/src/c_pkg/src/joystick_control.cpp:188:50:[m[K [01;31m[Kerror: [m[K‘[01m[Kaxes[m[K’ was not declared in this scope
[1.427s]   188 |                                     des_velx = (([01;31m[Kaxes[m[K[axis].x)/32767.0)*linear_vel;
[1.427s]       |                                                  [01;31m[K^~~~[m[K
[1.427s] [01m[K/home/jrlintern/Desktop/CNRS_AIST_Work/CNRS_AIST_Mobile_Shopping_Robot/robot_ws_ros2/src/c_pkg/src/joystick_control.cpp:188:73:[m[K [01;31m[Kerror: [m[K‘[01m[Klinear_vel[m[K’ was not declared in this scope
[1.427s]   188 |                                     des_velx = ((axes[axis].x)/32767.0)*[01;31m[Klinear_vel[m[K;
[1.427s]       |                                                                         [01;31m[K^~~~~~~~~~[m[K
[1.428s] [01m[K/home/jrlintern/Desktop/CNRS_AIST_Work/CNRS_AIST_Mobile_Shopping_Robot/robot_ws_ros2/src/c_pkg/src/joystick_control.cpp:192:74:[m[K [01;31m[Kerror: [m[K‘[01m[Krotatio_vel[m[K’ was not declared in this scope
[1.428s]   192 |                                     des_velw = -((axes[axis].y)/32767.0)*[01;31m[Krotatio_vel[m[K;
[1.428s]       |                                                                          [01;31m[K^~~~~~~~~~~[m[K
[1.430s] [01m[K/home/jrlintern/Desktop/CNRS_AIST_Work/CNRS_AIST_Mobile_Shopping_Robot/robot_ws_ros2/src/c_pkg/src/joystick_control.cpp:204:21:[m[K [01;31m[Kerror: [m[K‘[01m[Kshow_msg[m[K’ was not declared in this scope
[1.430s]   204 |                     [01;31m[Kshow_msg[m[K(des_velx,des_vely,des_velw);
[1.430s]       |                     [01;31m[K^~~~~~~~[m[K
[1.430s] [01m[K/home/jrlintern/Desktop/CNRS_AIST_Work/CNRS_AIST_Mobile_Shopping_Robot/robot_ws_ros2/src/c_pkg/src/joystick_control.cpp:207:27:[m[K [01;31m[Kerror: [m[Kinvalid use of ‘[01m[Kthis[m[K’ in non-member function
[1.431s]   207 |                     close([01;31m[Kthis[m[K->js);
[1.431s]       |                           [01;31m[K^~~~[m[K
[1.431s] [01m[K/home/jrlintern/Desktop/CNRS_AIST_Work/CNRS_AIST_Mobile_Shopping_Robot/robot_ws_ros2/src/c_pkg/src/joystick_control.cpp:208:21:[m[K [01;31m[Kerror: [m[Kinvalid use of ‘[01m[Kthis[m[K’ in non-member function
[1.431s]   208 |                     [01;31m[Kthis[m[K->js = -1;
[1.431s]       |                     [01;31m[K^~~~[m[K
[1.431s] In file included from [01m[K/opt/ros/foxy/include/rclcpp/service.hpp:34[m[K,
[1.431s]                  from [01m[K/opt/ros/foxy/include/rclcpp/callback_group.hpp:25[m[K,
[1.431s]                  from [01m[K/opt/ros/foxy/include/rclcpp/any_executable.hpp:20[m[K,
[1.432s]                  from [01m[K/opt/ros/foxy/include/rclcpp/memory_strategy.hpp:24[m[K,
[1.432s]                  from [01m[K/opt/ros/foxy/include/rclcpp/memory_strategies.hpp:18[m[K,
[1.432s]                  from [01m[K/opt/ros/foxy/include/rclcpp/executor_options.hpp:20[m[K,
[1.432s]                  from [01m[K/opt/ros/foxy/include/rclcpp/executor.hpp:33[m[K,
[1.432s]                  from [01m[K/opt/ros/foxy/include/rclcpp/executors/multi_threaded_executor.hpp:26[m[K,
[1.432s]                  from [01m[K/opt/ros/foxy/include/rclcpp/executors.hpp:21[m[K,
[1.432s]                  from [01m[K/opt/ros/foxy/include/rclcpp/rclcpp.hpp:146[m[K,
[1.432s]                  from [01m[K/home/jrlintern/Desktop/CNRS_AIST_Work/CNRS_AIST_Mobile_Shopping_Robot/robot_ws_ros2/src/c_pkg/src/joystick_control.cpp:4[m[K:
[1.432s] [01m[K/home/jrlintern/Desktop/CNRS_AIST_Work/CNRS_AIST_Mobile_Shopping_Robot/robot_ws_ros2/src/c_pkg/src/joystick_control.cpp:209:33:[m[K [01;31m[Kerror: [m[Kinvalid use of ‘[01m[Kthis[m[K’ in non-member function
[1.432s]   209 |                     RCLCPP_INFO([01;31m[Kthis[m[K->get_logger(),"\033[%dm\033[2J\033[1;1f",0);
[1.432s]       |                                 [01;31m[K^~~~[m[K
[1.433s] [01m[K/home/jrlintern/Desktop/CNRS_AIST_Work/CNRS_AIST_Mobile_Shopping_Robot/robot_ws_ros2/src/c_pkg/src/joystick_control.cpp:209:33:[m[K [01;31m[Kerror: [m[Kinvalid use of ‘[01m[Kthis[m[K’ in non-member function
[1.433s] [01m[K/home/jrlintern/Desktop/CNRS_AIST_Work/CNRS_AIST_Mobile_Shopping_Robot/robot_ws_ros2/src/c_pkg/src/joystick_control.cpp:209:21:[m[K [01;31m[Kerror: [m[Ktemplate argument 1 is invalid
[1.433s]   209 |                     [01;31m[KRCLCPP_INFO[m[K(this->get_logger(),"\033[%dm\033[2J\033[1;1f",0);
[1.433s]       |                     [01;31m[K^~~~~~~~~~~[m[K
[1.433s] [01m[K/home/jrlintern/Desktop/CNRS_AIST_Work/CNRS_AIST_Mobile_Shopping_Robot/robot_ws_ros2/src/c_pkg/src/joystick_control.cpp:209:21:[m[K [01;31m[Kerror: [m[Ktemplate argument 1 is invalid
[1.433s]   209 |                     [01;31m[KRCLCPP_INFO[m[K(this->get_logger(),"\033[%dm\033[2J\033[1;1f",0);
[1.433s]       |                     [01;31m[K^~~~~~~~~~~[m[K
[1.433s] [01m[K/home/jrlintern/Desktop/CNRS_AIST_Work/CNRS_AIST_Mobile_Shopping_Robot/robot_ws_ros2/src/c_pkg/src/joystick_control.cpp:209:21:[m[K [01;31m[Kerror: [m[Ktemplate argument 1 is invalid
[1.433s]   209 |                     [01;31m[KRCLCPP_INFO[m[K(this->get_logger(),"\033[%dm\033[2J\033[1;1f",0);
[1.434s]       |                     [01;31m[K^~~~~~~~~~~[m[K
[1.434s] In file included from [01m[K/opt/ros/foxy/include/rclcpp/client.hpp:40[m[K,
[1.434s]                  from [01m[K/opt/ros/foxy/include/rclcpp/callback_group.hpp:23[m[K,
[1.434s]                  from [01m[K/opt/ros/foxy/include/rclcpp/any_executable.hpp:20[m[K,
[1.434s]                  from [01m[K/opt/ros/foxy/include/rclcpp/memory_strategy.hpp:24[m[K,
[1.434s]                  from [01m[K/opt/ros/foxy/include/rclcpp/memory_strategies.hpp:18[m[K,
[1.434s]                  from [01m[K/opt/ros/foxy/include/rclcpp/executor_options.hpp:20[m[K,
[1.434s]                  from [01m[K/opt/ros/foxy/include/rclcpp/executor.hpp:33[m[K,
[1.434s]                  from [01m[K/opt/ros/foxy/include/rclcpp/executors/multi_threaded_executor.hpp:26[m[K,
[1.434s]                  from [01m[K/opt/ros/foxy/include/rclcpp/executors.hpp:21[m[K,
[1.434s]                  from [01m[K/opt/ros/foxy/include/rclcpp/rclcpp.hpp:146[m[K,
[1.435s]                  from [01m[K/home/jrlintern/Desktop/CNRS_AIST_Work/CNRS_AIST_Mobile_Shopping_Robot/robot_ws_ros2/src/c_pkg/src/joystick_control.cpp:4[m[K:
[1.435s] [01m[K/home/jrlintern/Desktop/CNRS_AIST_Work/CNRS_AIST_Mobile_Shopping_Robot/robot_ws_ros2/src/c_pkg/src/joystick_control.cpp:209:33:[m[K [01;31m[Kerror: [m[Kinvalid use of ‘[01m[Kthis[m[K’ in non-member function
[1.435s]   209 |                     RCLCPP_INFO([01;31m[Kthis[m[K->get_logger(),"\033[%dm\033[2J\033[1;1f",0);
[1.435s]       |                                 [01;31m[K^~~~[m[K
[1.436s] [01m[K/home/jrlintern/Desktop/CNRS_AIST_Work/CNRS_AIST_Mobile_Shopping_Robot/robot_ws_ros2/src/c_pkg/src/joystick_control.cpp:209:33:[m[K [01;31m[Kerror: [m[Kinvalid use of ‘[01m[Kthis[m[K’ in non-member function
[1.436s]   209 |                     RCLCPP_INFO([01;31m[Kthis[m[K->get_logger(),"\033[%dm\033[2J\033[1;1f",0);
[1.436s]       |                                 [01;31m[K^~~~[m[K
[1.436s] In file included from [01m[K/opt/ros/foxy/include/rclcpp/service.hpp:34[m[K,
[1.436s]                  from [01m[K/opt/ros/foxy/include/rclcpp/callback_group.hpp:25[m[K,
[1.436s]                  from [01m[K/opt/ros/foxy/include/rclcpp/any_executable.hpp:20[m[K,
[1.436s]                  from [01m[K/opt/ros/foxy/include/rclcpp/memory_strategy.hpp:24[m[K,
[1.437s]                  from [01m[K/opt/ros/foxy/include/rclcpp/memory_strategies.hpp:18[m[K,
[1.437s]                  from [01m[K/opt/ros/foxy/include/rclcpp/executor_options.hpp:20[m[K,
[1.437s]                  from [01m[K/opt/ros/foxy/include/rclcpp/executor.hpp:33[m[K,
[1.437s]                  from [01m[K/opt/ros/foxy/include/rclcpp/executors/multi_threaded_executor.hpp:26[m[K,
[1.437s]                  from [01m[K/opt/ros/foxy/include/rclcpp/executors.hpp:21[m[K,
[1.437s]                  from [01m[K/opt/ros/foxy/include/rclcpp/rclcpp.hpp:146[m[K,
[1.437s]                  from [01m[K/home/jrlintern/Desktop/CNRS_AIST_Work/CNRS_AIST_Mobile_Shopping_Robot/robot_ws_ros2/src/c_pkg/src/joystick_control.cpp:4[m[K:
[1.437s] [01m[K/home/jrlintern/Desktop/CNRS_AIST_Work/CNRS_AIST_Mobile_Shopping_Robot/robot_ws_ros2/src/c_pkg/src/joystick_control.cpp:210:33:[m[K [01;31m[Kerror: [m[Kinvalid use of ‘[01m[Kthis[m[K’ in non-member function
[1.437s]   210 |                     RCLCPP_INFO([01;31m[Kthis[m[K->get_logger(),"Waiting for joystick...");
[1.438s]       |                                 [01;31m[K^~~~[m[K
[1.438s] [01m[K/home/jrlintern/Desktop/CNRS_AIST_Work/CNRS_AIST_Mobile_Shopping_Robot/robot_ws_ros2/src/c_pkg/src/joystick_control.cpp:210:33:[m[K [01;31m[Kerror: [m[Kinvalid use of ‘[01m[Kthis[m[K’ in non-member function
[1.438s] [01m[K/home/jrlintern/Desktop/CNRS_AIST_Work/CNRS_AIST_Mobile_Shopping_Robot/robot_ws_ros2/src/c_pkg/src/joystick_control.cpp:210:21:[m[K [01;31m[Kerror: [m[Ktemplate argument 1 is invalid
[1.438s]   210 |                     [01;31m[KRCLCPP_INFO[m[K(this->get_logger(),"Waiting for joystick...");
[1.438s]       |                     [01;31m[K^~~~~~~~~~~[m[K
[1.438s] [01m[K/home/jrlintern/Desktop/CNRS_AIST_Work/CNRS_AIST_Mobile_Shopping_Robot/robot_ws_ros2/src/c_pkg/src/joystick_control.cpp:210:21:[m[K [01;31m[Kerror: [m[Ktemplate argument 1 is invalid
[1.438s]   210 |                     [01;31m[KRCLCPP_INFO[m[K(this->get_logger(),"Waiting for joystick...");
[1.438s]       |                     [01;31m[K^~~~~~~~~~~[m[K
[1.438s] [01m[K/home/jrlintern/Desktop/CNRS_AIST_Work/CNRS_AIST_Mobile_Shopping_Robot/robot_ws_ros2/src/c_pkg/src/joystick_control.cpp:210:21:[m[K [01;31m[Kerror: [m[Ktemplate argument 1 is invalid
[1.439s]   210 |                     [01;31m[KRCLCPP_INFO[m[K(this->get_logger(),"Waiting for joystick...");
[1.439s]       |                     [01;31m[K^~~~~~~~~~~[m[K
[1.439s] In file included from [01m[K/opt/ros/foxy/include/rclcpp/client.hpp:40[m[K,
[1.439s]                  from [01m[K/opt/ros/foxy/include/rclcpp/callback_group.hpp:23[m[K,
[1.439s]                  from [01m[K/opt/ros/foxy/include/rclcpp/any_executable.hpp:20[m[K,
[1.439s]                  from [01m[K/opt/ros/foxy/include/rclcpp/memory_strategy.hpp:24[m[K,
[1.439s]                  from [01m[K/opt/ros/foxy/include/rclcpp/memory_strategies.hpp:18[m[K,
[1.439s]                  from [01m[K/opt/ros/foxy/include/rclcpp/executor_options.hpp:20[m[K,
[1.439s]                  from [01m[K/opt/ros/foxy/include/rclcpp/executor.hpp:33[m[K,
[1.440s]                  from [01m[K/opt/ros/foxy/include/rclcpp/executors/multi_threaded_executor.hpp:26[m[K,
[1.440s]                  from [01m[K/opt/ros/foxy/include/rclcpp/executors.hpp:21[m[K,
[1.440s]                  from [01m[K/opt/ros/foxy/include/rclcpp/rclcpp.hpp:146[m[K,
[1.440s]                  from [01m[K/home/jrlintern/Desktop/CNRS_AIST_Work/CNRS_AIST_Mobile_Shopping_Robot/robot_ws_ros2/src/c_pkg/src/joystick_control.cpp:4[m[K:
[1.440s] [01m[K/home/jrlintern/Desktop/CNRS_AIST_Work/CNRS_AIST_Mobile_Shopping_Robot/robot_ws_ros2/src/c_pkg/src/joystick_control.cpp:210:33:[m[K [01;31m[Kerror: [m[Kinvalid use of ‘[01m[Kthis[m[K’ in non-member function
[1.440s]   210 |                     RCLCPP_INFO([01;31m[Kthis[m[K->get_logger(),"Waiting for joystick...");
[1.440s]       |                                 [01;31m[K^~~~[m[K
[1.440s] [01m[K/home/jrlintern/Desktop/CNRS_AIST_Work/CNRS_AIST_Mobile_Shopping_Robot/robot_ws_ros2/src/c_pkg/src/joystick_control.cpp:210:33:[m[K [01;31m[Kerror: [m[Kinvalid use of ‘[01m[Kthis[m[K’ in non-member function
[1.440s]   210 |                     RCLCPP_INFO([01;31m[Kthis[m[K->get_logger(),"Waiting for joystick...");
[1.441s]       |                                 [01;31m[K^~~~[m[K
[1.441s] [01m[K/home/jrlintern/Desktop/CNRS_AIST_Work/CNRS_AIST_Mobile_Shopping_Robot/robot_ws_ros2/src/c_pkg/src/joystick_control.cpp:227:13:[m[K [01;31m[Kerror: [m[K‘[01m[Kpublisher_[m[K’ was not declared in this scope; did you mean ‘[01m[Krcl_publisher_t[m[K’?
[1.441s]   227 |             [01;31m[Kpublisher_[m[K->publish(commands);
[1.441s]       |             [01;31m[K^~~~~~~~~~[m[K
[1.441s]       |             [32m[Krcl_publisher_t[m[K
[1.441s] [01m[K/home/jrlintern/Desktop/CNRS_AIST_Work/CNRS_AIST_Mobile_Shopping_Robot/robot_ws_ros2/src/c_pkg/src/joystick_control.cpp:[m[K In function ‘[01m[Kvoid setup_js()[m[K’:
[1.441s] [01m[K/home/jrlintern/Desktop/CNRS_AIST_Work/CNRS_AIST_Mobile_Shopping_Robot/robot_ws_ros2/src/c_pkg/src/joystick_control.cpp:234:13:[m[K [01;31m[Kerror: [m[Kinvalid use of ‘[01m[Kthis[m[K’ in non-member function
[1.441s]   234 |             [01;31m[Kthis[m[K->js = open(device, O_RDONLY); // js=-1 means that could not open joystick
[1.442s]       |             [01;31m[K^~~~[m[K
[1.442s] [01m[K/home/jrlintern/Desktop/CNRS_AIST_Work/CNRS_AIST_Mobile_Shopping_Robot/robot_ws_ros2/src/c_pkg/src/joystick_control.cpp:235:17:[m[K [01;31m[Kerror: [m[Kinvalid use of ‘[01m[Kthis[m[K’ in non-member function
[1.442s]   235 |             if ([01;31m[Kthis[m[K->js != -1)
[1.442s]       |                 [01;31m[K^~~~[m[K
[1.442s] In file included from [01m[K/opt/ros/foxy/include/rclcpp/service.hpp:34[m[K,
[1.442s]                  from [01m[K/opt/ros/foxy/include/rclcpp/callback_group.hpp:25[m[K,
[1.442s]                  from [01m[K/opt/ros/foxy/include/rclcpp/any_executable.hpp:20[m[K,
[1.442s]                  from [01m[K/opt/ros/foxy/include/rclcpp/memory_strategy.hpp:24[m[K,
[1.442s]                  from [01m[K/opt/ros/foxy/include/rclcpp/memory_strategies.hpp:18[m[K,
[1.443s]                  from [01m[K/opt/ros/foxy/include/rclcpp/executor_options.hpp:20[m[K,
[1.443s]                  from [01m[K/opt/ros/foxy/include/rclcpp/executor.hpp:33[m[K,
[1.443s]                  from [01m[K/opt/ros/foxy/include/rclcpp/executors/multi_threaded_executor.hpp:26[m[K,
[1.443s]                  from [01m[K/opt/ros/foxy/include/rclcpp/executors.hpp:21[m[K,
[1.443s]                  from [01m[K/opt/ros/foxy/include/rclcpp/rclcpp.hpp:146[m[K,
[1.443s]                  from [01m[K/home/jrlintern/Desktop/CNRS_AIST_Work/CNRS_AIST_Mobile_Shopping_Robot/robot_ws_ros2/src/c_pkg/src/joystick_control.cpp:4[m[K:
[1.443s] [01m[K/home/jrlintern/Desktop/CNRS_AIST_Work/CNRS_AIST_Mobile_Shopping_Robot/robot_ws_ros2/src/c_pkg/src/joystick_control.cpp:237:29:[m[K [01;31m[Kerror: [m[Kinvalid use of ‘[01m[Kthis[m[K’ in non-member function
[1.443s]   237 |                 RCLCPP_INFO([01;31m[Kthis[m[K->get_logger(),"Joystick connected");
[1.443s]       |                             [01;31m[K^~~~[m[K
[1.443s] [01m[K/home/jrlintern/Desktop/CNRS_AIST_Work/CNRS_AIST_Mobile_Shopping_Robot/robot_ws_ros2/src/c_pkg/src/joystick_control.cpp:237:29:[m[K [01;31m[Kerror: [m[Kinvalid use of ‘[01m[Kthis[m[K’ in non-member function
[1.444s] [01m[K/home/jrlintern/Desktop/CNRS_AIST_Work/CNRS_AIST_Mobile_Shopping_Robot/robot_ws_ros2/src/c_pkg/src/joystick_control.cpp:237:17:[m[K [01;31m[Kerror: [m[Ktemplate argument 1 is invalid
[1.444s]   237 |                 [01;31m[KRCLCPP_INFO[m[K(this->get_logger(),"Joystick connected");
[1.444s]       |                 [01;31m[K^~~~~~~~~~~[m[K
[1.444s] [01m[K/home/jrlintern/Desktop/CNRS_AIST_Work/CNRS_AIST_Mobile_Shopping_Robot/robot_ws_ros2/src/c_pkg/src/joystick_control.cpp:237:17:[m[K [01;31m[Kerror: [m[Ktemplate argument 1 is invalid
[1.444s]   237 |                 [01;31m[KRCLCPP_INFO[m[K(this->get_logger(),"Joystick connected");
[1.444s]       |                 [01;31m[K^~~~~~~~~~~[m[K
[1.444s] [01m[K/home/jrlintern/Desktop/CNRS_AIST_Work/CNRS_AIST_Mobile_Shopping_Robot/robot_ws_ros2/src/c_pkg/src/joystick_control.cpp:237:17:[m[K [01;31m[Kerror: [m[Ktemplate argument 1 is invalid
[1.444s]   237 |                 [01;31m[KRCLCPP_INFO[m[K(this->get_logger(),"Joystick connected");
[1.444s]       |                 [01;31m[K^~~~~~~~~~~[m[K
[1.445s] In file included from [01m[K/opt/ros/foxy/include/rclcpp/client.hpp:40[m[K,
[1.445s]                  from [01m[K/opt/ros/foxy/include/rclcpp/callback_group.hpp:23[m[K,
[1.445s]                  from [01m[K/opt/ros/foxy/include/rclcpp/any_executable.hpp:20[m[K,
[1.445s]                  from [01m[K/opt/ros/foxy/include/rclcpp/memory_strategy.hpp:24[m[K,
[1.445s]                  from [01m[K/opt/ros/foxy/include/rclcpp/memory_strategies.hpp:18[m[K,
[1.445s]                  from [01m[K/opt/ros/foxy/include/rclcpp/executor_options.hpp:20[m[K,
[1.445s]                  from [01m[K/opt/ros/foxy/include/rclcpp/executor.hpp:33[m[K,
[1.445s]                  from [01m[K/opt/ros/foxy/include/rclcpp/executors/multi_threaded_executor.hpp:26[m[K,
[1.445s]                  from [01m[K/opt/ros/foxy/include/rclcpp/executors.hpp:21[m[K,
[1.446s]                  from [01m[K/opt/ros/foxy/include/rclcpp/rclcpp.hpp:146[m[K,
[1.446s]                  from [01m[K/home/jrlintern/Desktop/CNRS_AIST_Work/CNRS_AIST_Mobile_Shopping_Robot/robot_ws_ros2/src/c_pkg/src/joystick_control.cpp:4[m[K:
[1.446s] [01m[K/home/jrlintern/Desktop/CNRS_AIST_Work/CNRS_AIST_Mobile_Shopping_Robot/robot_ws_ros2/src/c_pkg/src/joystick_control.cpp:237:29:[m[K [01;31m[Kerror: [m[Kinvalid use of ‘[01m[Kthis[m[K’ in non-member function
[1.446s]   237 |                 RCLCPP_INFO([01;31m[Kthis[m[K->get_logger(),"Joystick connected");
[1.446s]       |                             [01;31m[K^~~~[m[K
[1.446s] [01m[K/home/jrlintern/Desktop/CNRS_AIST_Work/CNRS_AIST_Mobile_Shopping_Robot/robot_ws_ros2/src/c_pkg/src/joystick_control.cpp:237:29:[m[K [01;31m[Kerror: [m[Kinvalid use of ‘[01m[Kthis[m[K’ in non-member function
[1.446s]   237 |                 RCLCPP_INFO([01;31m[Kthis[m[K->get_logger(),"Joystick connected");
[1.447s]       |                             [01;31m[K^~~~[m[K
[1.447s] [01m[K/home/jrlintern/Desktop/CNRS_AIST_Work/CNRS_AIST_Mobile_Shopping_Robot/robot_ws_ros2/src/c_pkg/src/joystick_control.cpp:[m[K At global scope:
[1.447s] [01m[K/home/jrlintern/Desktop/CNRS_AIST_Work/CNRS_AIST_Mobile_Shopping_Robot/robot_ws_ros2/src/c_pkg/src/joystick_control.cpp:242:1:[m[K [01;31m[Kerror: [m[Kexpected declaration before ‘[01m[K}[m[K’ token
[1.447s]   242 | [01;31m[K}[m[K;
[1.447s]       | [01;31m[K^[m[K
[2.177s] make[2]: *** [CMakeFiles/joystick_control_node.dir/build.make:76: CMakeFiles/joystick_control_node.dir/src/joystick_control.cpp.o] Error 1
[2.178s] make[1]: *** [CMakeFiles/Makefile2:576: CMakeFiles/joystick_control_node.dir/all] Error 2
[2.178s] make: *** [Makefile:146: all] Error 2
[2.180s] Invoked command in '/home/jrlintern/Desktop/CNRS_AIST_Work/CNRS_AIST_Mobile_Shopping_Robot/robot_ws_ros2/build/c_pkg' returned '2': CMAKE_PREFIX_PATH=${CMAKE_PREFIX_PATH}:/opt/ros/foxy /usr/bin/cmake --build /home/jrlintern/Desktop/CNRS_AIST_Work/CNRS_AIST_Mobile_Shopping_Robot/robot_ws_ros2/build/c_pkg -- -j8 -l8
