[2.829s] DEBUG:colcon:Command line arguments: ['/usr/bin/colcon', 'build']
[2.829s] DEBUG:colcon:Parsed command line arguments: Namespace(allow_overriding=[], ament_cmake_args=None, base_paths=['.'], build_base='build', catkin_cmake_args=None, catkin_skip_building_tests=False, cmake_args=None, cmake_clean_cache=False, cmake_clean_first=False, cmake_force_configure=False, cmake_target=None, cmake_target_skip_unavailable=False, continue_on_error=False, event_handlers=None, executor='parallel', ignore_user_meta=False, install_base='install', log_base=None, log_level=None, main=<bound method BuildVerb.main of <colcon_core.verb.build.BuildVerb object at 0x7fd19f7d3cd0>>, merge_install=False, metas=['./colcon.meta'], packages_above=None, packages_above_and_dependencies=None, packages_above_depth=None, packages_end=None, packages_ignore=None, packages_ignore_regex=None, packages_select=None, packages_select_build_failed=False, packages_select_by_dep=None, packages_select_regex=None, packages_select_test_failures=False, packages_skip=None, packages_skip_build_finished=False, packages_skip_by_dep=None, packages_skip_regex=None, packages_skip_test_passed=False, packages_skip_up_to=None, packages_start=None, packages_up_to=None, packages_up_to_regex=None, parallel_workers=8, paths=None, symlink_install=False, test_result_base=None, verb_extension=<colcon_core.verb.build.BuildVerb object at 0x7fd19f7d3cd0>, verb_name='build', verb_parser=<colcon_defaults.argument_parser.defaults.DefaultArgumentsDecorator object at 0x7fd19f43eb20>)
[2.957s] Level 1:colcon.colcon_core.package_discovery:discover_packages(colcon_meta) check parameters
[2.957s] Level 1:colcon.colcon_core.package_discovery:discover_packages(recursive) check parameters
[2.958s] Level 1:colcon.colcon_core.package_discovery:discover_packages(ignore) check parameters
[2.958s] Level 1:colcon.colcon_core.package_discovery:discover_packages(path) check parameters
[2.958s] Level 1:colcon.colcon_core.package_discovery:discover_packages(colcon_meta) discover
[2.958s] Level 1:colcon.colcon_core.package_discovery:discover_packages(recursive) discover
[2.958s] INFO:colcon.colcon_core.package_discovery:Crawling recursively for packages in '/home/jrlintern/Desktop/CNRS_AIST_Work/CNRS_AIST_Mobile_Shopping_Robot/robot_ws_ros2'
[2.958s] Level 1:colcon.colcon_core.package_identification:_identify(.) by extensions ['ignore', 'ignore_ament_install']
[2.958s] Level 1:colcon.colcon_core.package_identification:_identify(.) by extension 'ignore'
[2.958s] Level 1:colcon.colcon_core.package_identification:_identify(.) by extension 'ignore_ament_install'
[2.958s] Level 1:colcon.colcon_core.package_identification:_identify(.) by extensions ['colcon_pkg']
[2.958s] Level 1:colcon.colcon_core.package_identification:_identify(.) by extension 'colcon_pkg'
[2.958s] Level 1:colcon.colcon_core.package_identification:_identify(.) by extensions ['colcon_meta']
[2.958s] Level 1:colcon.colcon_core.package_identification:_identify(.) by extension 'colcon_meta'
[2.958s] Level 1:colcon.colcon_core.package_identification:_identify(.) by extensions ['ros']
[2.959s] Level 1:colcon.colcon_core.package_identification:_identify(.) by extension 'ros'
[2.973s] Level 1:colcon.colcon_core.package_identification:_identify(.) by extensions ['cmake', 'python']
[2.973s] Level 1:colcon.colcon_core.package_identification:_identify(.) by extension 'cmake'
[2.973s] Level 1:colcon.colcon_core.package_identification:_identify(.) by extension 'python'
[2.973s] Level 1:colcon.colcon_core.package_identification:_identify(.) by extensions ['python_setup_py']
[2.973s] Level 1:colcon.colcon_core.package_identification:_identify(.) by extension 'python_setup_py'
[2.974s] Level 1:colcon.colcon_core.package_identification:_identify(build) by extensions ['ignore', 'ignore_ament_install']
[2.974s] Level 1:colcon.colcon_core.package_identification:_identify(build) by extension 'ignore'
[2.974s] Level 1:colcon.colcon_core.package_identification:_identify(build) ignored
[2.974s] Level 1:colcon.colcon_core.package_identification:_identify(install) by extensions ['ignore', 'ignore_ament_install']
[2.974s] Level 1:colcon.colcon_core.package_identification:_identify(install) by extension 'ignore'
[2.974s] Level 1:colcon.colcon_core.package_identification:_identify(install) ignored
[2.975s] Level 1:colcon.colcon_core.package_identification:_identify(log) by extensions ['ignore', 'ignore_ament_install']
[2.975s] Level 1:colcon.colcon_core.package_identification:_identify(log) by extension 'ignore'
[2.975s] Level 1:colcon.colcon_core.package_identification:_identify(log) ignored
[2.975s] Level 1:colcon.colcon_core.package_identification:_identify(src) by extensions ['ignore', 'ignore_ament_install']
[2.975s] Level 1:colcon.colcon_core.package_identification:_identify(src) by extension 'ignore'
[2.975s] Level 1:colcon.colcon_core.package_identification:_identify(src) by extension 'ignore_ament_install'
[2.976s] Level 1:colcon.colcon_core.package_identification:_identify(src) by extensions ['colcon_pkg']
[2.976s] Level 1:colcon.colcon_core.package_identification:_identify(src) by extension 'colcon_pkg'
[2.976s] Level 1:colcon.colcon_core.package_identification:_identify(src) by extensions ['colcon_meta']
[2.976s] Level 1:colcon.colcon_core.package_identification:_identify(src) by extension 'colcon_meta'
[2.976s] Level 1:colcon.colcon_core.package_identification:_identify(src) by extensions ['ros']
[2.976s] Level 1:colcon.colcon_core.package_identification:_identify(src) by extension 'ros'
[2.976s] Level 1:colcon.colcon_core.package_identification:_identify(src) by extensions ['cmake', 'python']
[2.976s] Level 1:colcon.colcon_core.package_identification:_identify(src) by extension 'cmake'
[2.976s] Level 1:colcon.colcon_core.package_identification:_identify(src) by extension 'python'
[2.976s] Level 1:colcon.colcon_core.package_identification:_identify(src) by extensions ['python_setup_py']
[2.976s] Level 1:colcon.colcon_core.package_identification:_identify(src) by extension 'python_setup_py'
[2.976s] Level 1:colcon.colcon_core.package_identification:_identify(src/c_pkg) by extensions ['ignore', 'ignore_ament_install']
[2.976s] Level 1:colcon.colcon_core.package_identification:_identify(src/c_pkg) by extension 'ignore'
[2.976s] Level 1:colcon.colcon_core.package_identification:_identify(src/c_pkg) by extension 'ignore_ament_install'
[2.976s] Level 1:colcon.colcon_core.package_identification:_identify(src/c_pkg) by extensions ['colcon_pkg']
[2.976s] Level 1:colcon.colcon_core.package_identification:_identify(src/c_pkg) by extension 'colcon_pkg'
[2.976s] Level 1:colcon.colcon_core.package_identification:_identify(src/c_pkg) by extensions ['colcon_meta']
[2.977s] Level 1:colcon.colcon_core.package_identification:_identify(src/c_pkg) by extension 'colcon_meta'
[2.977s] Level 1:colcon.colcon_core.package_identification:_identify(src/c_pkg) by extensions ['ros']
[2.977s] Level 1:colcon.colcon_core.package_identification:_identify(src/c_pkg) by extension 'ros'
[2.980s] DEBUG:colcon.colcon_core.package_identification:Package 'src/c_pkg' with type 'ros.ament_cmake' and name 'c_pkg'
[2.980s] Level 1:colcon.colcon_core.package_discovery:discover_packages(recursive) using defaults
[2.980s] Level 1:colcon.colcon_core.package_discovery:discover_packages(ignore) discover
[2.980s] Level 1:colcon.colcon_core.package_discovery:discover_packages(ignore) using defaults
[2.980s] Level 1:colcon.colcon_core.package_discovery:discover_packages(path) discover
[2.980s] Level 1:colcon.colcon_core.package_discovery:discover_packages(path) using defaults
[3.464s] Level 1:colcon.colcon_core.package_discovery:discover_packages(prefix_path) check parameters
[3.464s] Level 1:colcon.colcon_core.package_discovery:discover_packages(prefix_path) discover
[3.759s] DEBUG:colcon.colcon_installed_package_information.package_discovery:Found 1 installed packages in /home/jrlintern/Desktop/CNRS_AIST_Work/CNRS_AIST_Mobile_Shopping_Robot/robot_ws_ros2/install
[3.896s] DEBUG:colcon.colcon_installed_package_information.package_discovery:Found 256 installed packages in /opt/ros/foxy
[3.900s] Level 1:colcon.colcon_core.package_discovery:discover_packages(prefix_path) using defaults
[4.259s] Level 5:colcon.colcon_core.verb:set package 'c_pkg' build argument 'cmake_args' from command line to 'None'
[4.259s] Level 5:colcon.colcon_core.verb:set package 'c_pkg' build argument 'cmake_target' from command line to 'None'
[4.259s] Level 5:colcon.colcon_core.verb:set package 'c_pkg' build argument 'cmake_target_skip_unavailable' from command line to 'False'
[4.259s] Level 5:colcon.colcon_core.verb:set package 'c_pkg' build argument 'cmake_clean_cache' from command line to 'False'
[4.259s] Level 5:colcon.colcon_core.verb:set package 'c_pkg' build argument 'cmake_clean_first' from command line to 'False'
[4.259s] Level 5:colcon.colcon_core.verb:set package 'c_pkg' build argument 'cmake_force_configure' from command line to 'False'
[4.259s] Level 5:colcon.colcon_core.verb:set package 'c_pkg' build argument 'ament_cmake_args' from command line to 'None'
[4.259s] Level 5:colcon.colcon_core.verb:set package 'c_pkg' build argument 'catkin_cmake_args' from command line to 'None'
[4.259s] Level 5:colcon.colcon_core.verb:set package 'c_pkg' build argument 'catkin_skip_building_tests' from command line to 'False'
[4.259s] DEBUG:colcon.colcon_core.verb:Building package 'c_pkg' with the following arguments: {'ament_cmake_args': None, 'build_base': '/home/jrlintern/Desktop/CNRS_AIST_Work/CNRS_AIST_Mobile_Shopping_Robot/robot_ws_ros2/build/c_pkg', 'catkin_cmake_args': None, 'catkin_skip_building_tests': False, 'cmake_args': None, 'cmake_clean_cache': False, 'cmake_clean_first': False, 'cmake_force_configure': False, 'cmake_target': None, 'cmake_target_skip_unavailable': False, 'install_base': '/home/jrlintern/Desktop/CNRS_AIST_Work/CNRS_AIST_Mobile_Shopping_Robot/robot_ws_ros2/install/c_pkg', 'merge_install': False, 'path': '/home/jrlintern/Desktop/CNRS_AIST_Work/CNRS_AIST_Mobile_Shopping_Robot/robot_ws_ros2/src/c_pkg', 'symlink_install': False, 'test_result_base': None}
[4.320s] INFO:colcon.colcon_core.executor:Executing jobs using 'parallel' executor
[4.401s] DEBUG:colcon.colcon_parallel_executor.executor.parallel:run_until_complete
[4.402s] INFO:colcon.colcon_ros.task.ament_cmake.build:Building ROS package in '/home/jrlintern/Desktop/CNRS_AIST_Work/CNRS_AIST_Mobile_Shopping_Robot/robot_ws_ros2/src/c_pkg' with build type 'ament_cmake'
[4.403s] INFO:colcon.colcon_cmake.task.cmake.build:Building CMake package in '/home/jrlintern/Desktop/CNRS_AIST_Work/CNRS_AIST_Mobile_Shopping_Robot/robot_ws_ros2/src/c_pkg'
[4.507s] INFO:colcon.colcon_core.plugin_system:Skipping extension 'colcon_core.shell.bat': Not used on non-Windows systems
[4.507s] INFO:colcon.colcon_core.shell:Skip shell extension 'powershell' for command environment: Not usable outside of PowerShell
[4.508s] DEBUG:colcon.colcon_core.shell:Skip shell extension 'dsv' for command environment
[4.838s] DEBUG:colcon.colcon_core.event_handler.log_command:Invoking command in '/home/jrlintern/Desktop/CNRS_AIST_Work/CNRS_AIST_Mobile_Shopping_Robot/robot_ws_ros2/build/c_pkg': CMAKE_PREFIX_PATH=${CMAKE_PREFIX_PATH}:/opt/ros/foxy /usr/bin/cmake --build /home/jrlintern/Desktop/CNRS_AIST_Work/CNRS_AIST_Mobile_Shopping_Robot/robot_ws_ros2/build/c_pkg -- -j8 -l8
[10.098s] DEBUG:colcon.colcon_core.event_handler.log_command:Invoked command in '/home/jrlintern/Desktop/CNRS_AIST_Work/CNRS_AIST_Mobile_Shopping_Robot/robot_ws_ros2/build/c_pkg' returned '0': CMAKE_PREFIX_PATH=${CMAKE_PREFIX_PATH}:/opt/ros/foxy /usr/bin/cmake --build /home/jrlintern/Desktop/CNRS_AIST_Work/CNRS_AIST_Mobile_Shopping_Robot/robot_ws_ros2/build/c_pkg -- -j8 -l8
[10.165s] DEBUG:colcon.colcon_core.event_handler.log_command:Invoking command in '/home/jrlintern/Desktop/CNRS_AIST_Work/CNRS_AIST_Mobile_Shopping_Robot/robot_ws_ros2/build/c_pkg': CMAKE_PREFIX_PATH=${CMAKE_PREFIX_PATH}:/opt/ros/foxy /usr/bin/cmake --install /home/jrlintern/Desktop/CNRS_AIST_Work/CNRS_AIST_Mobile_Shopping_Robot/robot_ws_ros2/build/c_pkg
[10.215s] Level 1:colcon.colcon_core.environment:create_environment_scripts_only(c_pkg)
[10.216s] DEBUG:colcon.colcon_core.event_handler.log_command:Invoked command in '/home/jrlintern/Desktop/CNRS_AIST_Work/CNRS_AIST_Mobile_Shopping_Robot/robot_ws_ros2/build/c_pkg' returned '0': CMAKE_PREFIX_PATH=${CMAKE_PREFIX_PATH}:/opt/ros/foxy /usr/bin/cmake --install /home/jrlintern/Desktop/CNRS_AIST_Work/CNRS_AIST_Mobile_Shopping_Robot/robot_ws_ros2/build/c_pkg
[10.266s] Level 1:colcon.colcon_core.environment:checking '/home/jrlintern/Desktop/CNRS_AIST_Work/CNRS_AIST_Mobile_Shopping_Robot/robot_ws_ros2/install/c_pkg' for CMake module files
[10.267s] Level 1:colcon.colcon_core.environment:checking '/home/jrlintern/Desktop/CNRS_AIST_Work/CNRS_AIST_Mobile_Shopping_Robot/robot_ws_ros2/install/c_pkg' for CMake config files
[10.267s] Level 1:colcon.colcon_core.shell:create_environment_hook('c_pkg', 'cmake_prefix_path')
[10.311s] INFO:colcon.colcon_core.shell:Creating environment hook '/home/jrlintern/Desktop/CNRS_AIST_Work/CNRS_AIST_Mobile_Shopping_Robot/robot_ws_ros2/install/c_pkg/share/c_pkg/hook/cmake_prefix_path.ps1'
[10.311s] INFO:colcon.colcon_core.shell:Creating environment descriptor '/home/jrlintern/Desktop/CNRS_AIST_Work/CNRS_AIST_Mobile_Shopping_Robot/robot_ws_ros2/install/c_pkg/share/c_pkg/hook/cmake_prefix_path.dsv'
[10.312s] INFO:colcon.colcon_core.shell:Creating environment hook '/home/jrlintern/Desktop/CNRS_AIST_Work/CNRS_AIST_Mobile_Shopping_Robot/robot_ws_ros2/install/c_pkg/share/c_pkg/hook/cmake_prefix_path.sh'
[10.312s] Level 1:colcon.colcon_core.environment:checking '/home/jrlintern/Desktop/CNRS_AIST_Work/CNRS_AIST_Mobile_Shopping_Robot/robot_ws_ros2/install/c_pkg/lib'
[10.313s] Level 1:colcon.colcon_core.shell:create_environment_hook('c_pkg', 'ld_library_path_lib')
[10.357s] INFO:colcon.colcon_core.shell:Creating environment hook '/home/jrlintern/Desktop/CNRS_AIST_Work/CNRS_AIST_Mobile_Shopping_Robot/robot_ws_ros2/install/c_pkg/share/c_pkg/hook/ld_library_path_lib.ps1'
[10.357s] INFO:colcon.colcon_core.shell:Creating environment descriptor '/home/jrlintern/Desktop/CNRS_AIST_Work/CNRS_AIST_Mobile_Shopping_Robot/robot_ws_ros2/install/c_pkg/share/c_pkg/hook/ld_library_path_lib.dsv'
[10.357s] INFO:colcon.colcon_core.shell:Creating environment hook '/home/jrlintern/Desktop/CNRS_AIST_Work/CNRS_AIST_Mobile_Shopping_Robot/robot_ws_ros2/install/c_pkg/share/c_pkg/hook/ld_library_path_lib.sh'
[10.358s] Level 1:colcon.colcon_core.environment:checking '/home/jrlintern/Desktop/CNRS_AIST_Work/CNRS_AIST_Mobile_Shopping_Robot/robot_ws_ros2/install/c_pkg/bin'
[10.358s] Level 1:colcon.colcon_core.environment:checking '/home/jrlintern/Desktop/CNRS_AIST_Work/CNRS_AIST_Mobile_Shopping_Robot/robot_ws_ros2/install/c_pkg/lib/pkgconfig/c_pkg.pc'
[10.358s] Level 1:colcon.colcon_core.environment:checking '/home/jrlintern/Desktop/CNRS_AIST_Work/CNRS_AIST_Mobile_Shopping_Robot/robot_ws_ros2/install/c_pkg/lib/python3.8/site-packages'
[10.358s] Level 1:colcon.colcon_core.shell:create_environment_hook('c_pkg', 'pythonpath')
[10.402s] INFO:colcon.colcon_core.shell:Creating environment hook '/home/jrlintern/Desktop/CNRS_AIST_Work/CNRS_AIST_Mobile_Shopping_Robot/robot_ws_ros2/install/c_pkg/share/c_pkg/hook/pythonpath.ps1'
[10.402s] INFO:colcon.colcon_core.shell:Creating environment descriptor '/home/jrlintern/Desktop/CNRS_AIST_Work/CNRS_AIST_Mobile_Shopping_Robot/robot_ws_ros2/install/c_pkg/share/c_pkg/hook/pythonpath.dsv'
[10.403s] INFO:colcon.colcon_core.shell:Creating environment hook '/home/jrlintern/Desktop/CNRS_AIST_Work/CNRS_AIST_Mobile_Shopping_Robot/robot_ws_ros2/install/c_pkg/share/c_pkg/hook/pythonpath.sh'
[10.403s] Level 1:colcon.colcon_core.environment:checking '/home/jrlintern/Desktop/CNRS_AIST_Work/CNRS_AIST_Mobile_Shopping_Robot/robot_ws_ros2/install/c_pkg/bin'
[10.445s] INFO:colcon.colcon_core.shell:Creating package script '/home/jrlintern/Desktop/CNRS_AIST_Work/CNRS_AIST_Mobile_Shopping_Robot/robot_ws_ros2/install/c_pkg/share/c_pkg/package.ps1'
[10.446s] INFO:colcon.colcon_core.shell:Creating package descriptor '/home/jrlintern/Desktop/CNRS_AIST_Work/CNRS_AIST_Mobile_Shopping_Robot/robot_ws_ros2/install/c_pkg/share/c_pkg/package.dsv'
[10.447s] INFO:colcon.colcon_core.shell:Creating package script '/home/jrlintern/Desktop/CNRS_AIST_Work/CNRS_AIST_Mobile_Shopping_Robot/robot_ws_ros2/install/c_pkg/share/c_pkg/package.sh'
[10.447s] INFO:colcon.colcon_core.shell:Creating package script '/home/jrlintern/Desktop/CNRS_AIST_Work/CNRS_AIST_Mobile_Shopping_Robot/robot_ws_ros2/install/c_pkg/share/c_pkg/package.bash'
[10.448s] INFO:colcon.colcon_core.shell:Creating package script '/home/jrlintern/Desktop/CNRS_AIST_Work/CNRS_AIST_Mobile_Shopping_Robot/robot_ws_ros2/install/c_pkg/share/c_pkg/package.zsh'
[10.448s] Level 1:colcon.colcon_core.environment:create_file_with_runtime_dependencies(/home/jrlintern/Desktop/CNRS_AIST_Work/CNRS_AIST_Mobile_Shopping_Robot/robot_ws_ros2/install/c_pkg/share/colcon-core/packages/c_pkg)
[10.556s] Level 1:colcon.colcon_core.environment:create_environment_scripts_only(c_pkg)
[10.602s] Level 1:colcon.colcon_core.environment:checking '/home/jrlintern/Desktop/CNRS_AIST_Work/CNRS_AIST_Mobile_Shopping_Robot/robot_ws_ros2/install/c_pkg' for CMake module files
[10.602s] Level 1:colcon.colcon_core.environment:checking '/home/jrlintern/Desktop/CNRS_AIST_Work/CNRS_AIST_Mobile_Shopping_Robot/robot_ws_ros2/install/c_pkg' for CMake config files
[10.603s] Level 1:colcon.colcon_core.shell:create_environment_hook('c_pkg', 'cmake_prefix_path')
[10.649s] INFO:colcon.colcon_core.shell:Creating environment hook '/home/jrlintern/Desktop/CNRS_AIST_Work/CNRS_AIST_Mobile_Shopping_Robot/robot_ws_ros2/install/c_pkg/share/c_pkg/hook/cmake_prefix_path.ps1'
[10.650s] INFO:colcon.colcon_core.shell:Creating environment descriptor '/home/jrlintern/Desktop/CNRS_AIST_Work/CNRS_AIST_Mobile_Shopping_Robot/robot_ws_ros2/install/c_pkg/share/c_pkg/hook/cmake_prefix_path.dsv'
[10.650s] INFO:colcon.colcon_core.shell:Creating environment hook '/home/jrlintern/Desktop/CNRS_AIST_Work/CNRS_AIST_Mobile_Shopping_Robot/robot_ws_ros2/install/c_pkg/share/c_pkg/hook/cmake_prefix_path.sh'
[10.650s] Level 1:colcon.colcon_core.environment:checking '/home/jrlintern/Desktop/CNRS_AIST_Work/CNRS_AIST_Mobile_Shopping_Robot/robot_ws_ros2/install/c_pkg/lib'
[10.650s] Level 1:colcon.colcon_core.shell:create_environment_hook('c_pkg', 'ld_library_path_lib')
[10.695s] INFO:colcon.colcon_core.shell:Creating environment hook '/home/jrlintern/Desktop/CNRS_AIST_Work/CNRS_AIST_Mobile_Shopping_Robot/robot_ws_ros2/install/c_pkg/share/c_pkg/hook/ld_library_path_lib.ps1'
[10.695s] INFO:colcon.colcon_core.shell:Creating environment descriptor '/home/jrlintern/Desktop/CNRS_AIST_Work/CNRS_AIST_Mobile_Shopping_Robot/robot_ws_ros2/install/c_pkg/share/c_pkg/hook/ld_library_path_lib.dsv'
[10.695s] INFO:colcon.colcon_core.shell:Creating environment hook '/home/jrlintern/Desktop/CNRS_AIST_Work/CNRS_AIST_Mobile_Shopping_Robot/robot_ws_ros2/install/c_pkg/share/c_pkg/hook/ld_library_path_lib.sh'
[10.696s] Level 1:colcon.colcon_core.environment:checking '/home/jrlintern/Desktop/CNRS_AIST_Work/CNRS_AIST_Mobile_Shopping_Robot/robot_ws_ros2/install/c_pkg/bin'
[10.696s] Level 1:colcon.colcon_core.environment:checking '/home/jrlintern/Desktop/CNRS_AIST_Work/CNRS_AIST_Mobile_Shopping_Robot/robot_ws_ros2/install/c_pkg/lib/pkgconfig/c_pkg.pc'
[10.696s] Level 1:colcon.colcon_core.environment:checking '/home/jrlintern/Desktop/CNRS_AIST_Work/CNRS_AIST_Mobile_Shopping_Robot/robot_ws_ros2/install/c_pkg/lib/python3.8/site-packages'
[10.696s] Level 1:colcon.colcon_core.shell:create_environment_hook('c_pkg', 'pythonpath')
[10.740s] INFO:colcon.colcon_core.shell:Creating environment hook '/home/jrlintern/Desktop/CNRS_AIST_Work/CNRS_AIST_Mobile_Shopping_Robot/robot_ws_ros2/install/c_pkg/share/c_pkg/hook/pythonpath.ps1'
[10.740s] INFO:colcon.colcon_core.shell:Creating environment descriptor '/home/jrlintern/Desktop/CNRS_AIST_Work/CNRS_AIST_Mobile_Shopping_Robot/robot_ws_ros2/install/c_pkg/share/c_pkg/hook/pythonpath.dsv'
[10.741s] INFO:colcon.colcon_core.shell:Creating environment hook '/home/jrlintern/Desktop/CNRS_AIST_Work/CNRS_AIST_Mobile_Shopping_Robot/robot_ws_ros2/install/c_pkg/share/c_pkg/hook/pythonpath.sh'
[10.741s] Level 1:colcon.colcon_core.environment:checking '/home/jrlintern/Desktop/CNRS_AIST_Work/CNRS_AIST_Mobile_Shopping_Robot/robot_ws_ros2/install/c_pkg/bin'
[10.786s] INFO:colcon.colcon_core.shell:Creating package script '/home/jrlintern/Desktop/CNRS_AIST_Work/CNRS_AIST_Mobile_Shopping_Robot/robot_ws_ros2/install/c_pkg/share/c_pkg/package.ps1'
[10.786s] INFO:colcon.colcon_core.shell:Creating package descriptor '/home/jrlintern/Desktop/CNRS_AIST_Work/CNRS_AIST_Mobile_Shopping_Robot/robot_ws_ros2/install/c_pkg/share/c_pkg/package.dsv'
[10.787s] INFO:colcon.colcon_core.shell:Creating package script '/home/jrlintern/Desktop/CNRS_AIST_Work/CNRS_AIST_Mobile_Shopping_Robot/robot_ws_ros2/install/c_pkg/share/c_pkg/package.sh'
[10.787s] INFO:colcon.colcon_core.shell:Creating package script '/home/jrlintern/Desktop/CNRS_AIST_Work/CNRS_AIST_Mobile_Shopping_Robot/robot_ws_ros2/install/c_pkg/share/c_pkg/package.bash'
[10.788s] INFO:colcon.colcon_core.shell:Creating package script '/home/jrlintern/Desktop/CNRS_AIST_Work/CNRS_AIST_Mobile_Shopping_Robot/robot_ws_ros2/install/c_pkg/share/c_pkg/package.zsh'
[10.788s] Level 1:colcon.colcon_core.environment:create_file_with_runtime_dependencies(/home/jrlintern/Desktop/CNRS_AIST_Work/CNRS_AIST_Mobile_Shopping_Robot/robot_ws_ros2/install/c_pkg/share/colcon-core/packages/c_pkg)
[10.788s] DEBUG:colcon.colcon_parallel_executor.executor.parallel:closing loop
[10.789s] DEBUG:colcon.colcon_parallel_executor.executor.parallel:loop closed
[10.789s] DEBUG:colcon.colcon_parallel_executor.executor.parallel:run_until_complete finished with '0'
[10.789s] DEBUG:colcon.colcon_core.event_reactor:joining thread
[10.843s] INFO:colcon.colcon_core.plugin_system:Skipping extension 'colcon_notification.desktop_notification.terminal_notifier': Not used on non-Darwin systems
[10.843s] INFO:colcon.colcon_core.plugin_system:Skipping extension 'colcon_notification.desktop_notification.win32': Not used on non-Windows systems
[10.843s] INFO:colcon.colcon_notification.desktop_notification:Sending desktop notification using 'notify2'
[10.857s] DEBUG:colcon.colcon_core.event_reactor:joined thread
[10.914s] INFO:colcon.colcon_core.shell:Creating prefix script '/home/jrlintern/Desktop/CNRS_AIST_Work/CNRS_AIST_Mobile_Shopping_Robot/robot_ws_ros2/install/local_setup.ps1'
[10.915s] INFO:colcon.colcon_core.shell:Creating prefix util module '/home/jrlintern/Desktop/CNRS_AIST_Work/CNRS_AIST_Mobile_Shopping_Robot/robot_ws_ros2/install/_local_setup_util_ps1.py'
[10.916s] INFO:colcon.colcon_core.shell:Creating prefix chain script '/home/jrlintern/Desktop/CNRS_AIST_Work/CNRS_AIST_Mobile_Shopping_Robot/robot_ws_ros2/install/setup.ps1'
[10.971s] INFO:colcon.colcon_core.shell:Creating prefix script '/home/jrlintern/Desktop/CNRS_AIST_Work/CNRS_AIST_Mobile_Shopping_Robot/robot_ws_ros2/install/local_setup.sh'
[10.971s] INFO:colcon.colcon_core.shell:Creating prefix util module '/home/jrlintern/Desktop/CNRS_AIST_Work/CNRS_AIST_Mobile_Shopping_Robot/robot_ws_ros2/install/_local_setup_util_sh.py'
[10.972s] INFO:colcon.colcon_core.shell:Creating prefix chain script '/home/jrlintern/Desktop/CNRS_AIST_Work/CNRS_AIST_Mobile_Shopping_Robot/robot_ws_ros2/install/setup.sh'
[11.021s] INFO:colcon.colcon_core.shell:Creating prefix script '/home/jrlintern/Desktop/CNRS_AIST_Work/CNRS_AIST_Mobile_Shopping_Robot/robot_ws_ros2/install/local_setup.bash'
[11.022s] INFO:colcon.colcon_core.shell:Creating prefix chain script '/home/jrlintern/Desktop/CNRS_AIST_Work/CNRS_AIST_Mobile_Shopping_Robot/robot_ws_ros2/install/setup.bash'
[11.068s] INFO:colcon.colcon_core.shell:Creating prefix script '/home/jrlintern/Desktop/CNRS_AIST_Work/CNRS_AIST_Mobile_Shopping_Robot/robot_ws_ros2/install/local_setup.zsh'
[11.068s] INFO:colcon.colcon_core.shell:Creating prefix chain script '/home/jrlintern/Desktop/CNRS_AIST_Work/CNRS_AIST_Mobile_Shopping_Robot/robot_ws_ros2/install/setup.zsh'
