[  6%] Built target c_pkg__cpp
[  8%] Built target c_pkg__rosidl_generator_c
[ 15%] Built target c_pkg__rosidl_typesupport_introspection_c
[ 28%] Built target c_pkg__rosidl_typesupport_c
[ 28%] Built target c_pkg__rosidl_typesupport_cpp
[ 35%] Built target c_pkg__rosidl_typesupport_fastrtps_cpp
[ 42%] Built target c_pkg__rosidl_typesupport_introspection_cpp
[ 48%] Built target c_pkg__rosidl_typesupport_fastrtps_c
[ 48%] Built target c_pkg
[ 51%] Built target c_pkg__py
[ 60%] Built target keyboard_control_node
[ 71%] Built target bot_control_driver_node
[ 77%] [32mBuilding CXX object CMakeFiles/joystick_control_node.dir/src/joystick_control.cpp.o[0m
[ 77%] Built target c_pkg__python
[ 88%] Built target c_pkg__rosidl_typesupport_fastrtps_c__pyext
[ 91%] Built target c_pkg__rosidl_typesupport_c__pyext
[ 91%] Built target c_pkg__rosidl_typesupport_introspection_c__pyext
In file included from [01m[K/home/jrlintern/Desktop/CNRS_AIST_Work/CNRS_AIST_Mobile_Shopping_Robot/robot_ws_ros2/src/c_pkg/src/joystick_control.cpp:14[m[K:
[01m[K/home/jrlintern/Desktop/CNRS_AIST_Work/CNRS_AIST_Mobile_Shopping_Robot/robot_ws_ros2/src/c_pkg/src/conio.h:[m[K In member function ‘[01m[Kint __CONIO_H::getch()[m[K’:
[01m[K/home/jrlintern/Desktop/CNRS_AIST_Work/CNRS_AIST_Mobile_Shopping_Robot/robot_ws_ros2/src/c_pkg/src/conio.h:240:7:[m[K [01;35m[Kwarning: [m[Kno return statement in function returning non-void [[01;35m[K-Wreturn-type[m[K]
  240 |       [01;35m[K}[m[K
      |       [01;35m[K^[m[K
[01m[K/home/jrlintern/Desktop/CNRS_AIST_Work/CNRS_AIST_Mobile_Shopping_Robot/robot_ws_ros2/src/c_pkg/src/conio.h:[m[K In member function ‘[01m[Kint __CONIO_H::getche()[m[K’:
[01m[K/home/jrlintern/Desktop/CNRS_AIST_Work/CNRS_AIST_Mobile_Shopping_Robot/robot_ws_ros2/src/c_pkg/src/conio.h:244:7:[m[K [01;35m[Kwarning: [m[Kno return statement in function returning non-void [[01;35m[K-Wreturn-type[m[K]
  244 |       [01;35m[K}[m[K
      |       [01;35m[K^[m[K
[01m[K/home/jrlintern/Desktop/CNRS_AIST_Work/CNRS_AIST_Mobile_Shopping_Robot/robot_ws_ros2/src/c_pkg/src/conio.h:[m[K In member function ‘[01m[Kint __CONIO_H::cputs(const char*)[m[K’:
[01m[K/home/jrlintern/Desktop/CNRS_AIST_Work/CNRS_AIST_Mobile_Shopping_Robot/robot_ws_ros2/src/c_pkg/src/conio.h:299:17:[m[K [01;35m[Kwarning: [m[Kformat not a string literal and no format arguments [[01;35m[K-Wformat-security[m[K]
  299 |       printf(str[01;35m[K)[m[K;
      |                 [01;35m[K^[m[K
[01m[K/home/jrlintern/Desktop/CNRS_AIST_Work/CNRS_AIST_Mobile_Shopping_Robot/robot_ws_ros2/src/c_pkg/src/conio.h:[m[K In member function ‘[01m[Kchar* __CONIO_H::getpass(const char*)[m[K’:
[01m[K/home/jrlintern/Desktop/CNRS_AIST_Work/CNRS_AIST_Mobile_Shopping_Robot/robot_ws_ros2/src/c_pkg/src/conio.h:305:7:[m[K [01;35m[Kwarning: [m[Kno return statement in function returning non-void [[01;35m[K-Wreturn-type[m[K]
  305 |       [01;35m[K}[m[K
      |       [01;35m[K^[m[K
[01m[K/home/jrlintern/Desktop/CNRS_AIST_Work/CNRS_AIST_Mobile_Shopping_Robot/robot_ws_ros2/src/c_pkg/src/conio.h:303:29:[m[K [01;35m[Kwarning: [m[Kunused parameter ‘[01m[Kprompt[m[K’ [[01;35m[K-Wunused-parameter[m[K]
  303 |     char*getpass([01;35m[Kconst char*prompt[m[K){
      |                  [01;35m[K~~~~~~~~~~~^~~~~~[m[K
[01m[K/home/jrlintern/Desktop/CNRS_AIST_Work/CNRS_AIST_Mobile_Shopping_Robot/robot_ws_ros2/src/c_pkg/src/conio.h:[m[K In member function ‘[01m[Kint __CONIO_H::gettext(int, int, int, int, void*)[m[K’:
[01m[K/home/jrlintern/Desktop/CNRS_AIST_Work/CNRS_AIST_Mobile_Shopping_Robot/robot_ws_ros2/src/c_pkg/src/conio.h:309:7:[m[K [01;35m[Kwarning: [m[Kno return statement in function returning non-void [[01;35m[K-Wreturn-type[m[K]
  309 |       [01;35m[K}[m[K
      |       [01;35m[K^[m[K
[01m[K/home/jrlintern/Desktop/CNRS_AIST_Work/CNRS_AIST_Mobile_Shopping_Robot/robot_ws_ros2/src/c_pkg/src/conio.h:307:21:[m[K [01;35m[Kwarning: [m[Kunused parameter ‘[01m[Kl[m[K’ [[01;35m[K-Wunused-parameter[m[K]
  307 |     int gettext([01;35m[Kint l[m[K,int t,int r,int b,void*destination){
      |                 [01;35m[K~~~~^[m[K
[01m[K/home/jrlintern/Desktop/CNRS_AIST_Work/CNRS_AIST_Mobile_Shopping_Robot/robot_ws_ros2/src/c_pkg/src/conio.h:307:27:[m[K [01;35m[Kwarning: [m[Kunused parameter ‘[01m[Kt[m[K’ [[01;35m[K-Wunused-parameter[m[K]
  307 |     int gettext(int l,[01;35m[Kint t[m[K,int r,int b,void*destination){
      |                       [01;35m[K~~~~^[m[K
[01m[K/home/jrlintern/Desktop/CNRS_AIST_Work/CNRS_AIST_Mobile_Shopping_Robot/robot_ws_ros2/src/c_pkg/src/conio.h:307:33:[m[K [01;35m[Kwarning: [m[Kunused parameter ‘[01m[Kr[m[K’ [[01;35m[K-Wunused-parameter[m[K]
  307 |     int gettext(int l,int t,[01;35m[Kint r[m[K,int b,void*destination){
      |                             [01;35m[K~~~~^[m[K
[01m[K/home/jrlintern/Desktop/CNRS_AIST_Work/CNRS_AIST_Mobile_Shopping_Robot/robot_ws_ros2/src/c_pkg/src/conio.h:307:39:[m[K [01;35m[Kwarning: [m[Kunused parameter ‘[01m[Kb[m[K’ [[01;35m[K-Wunused-parameter[m[K]
  307 |     int gettext(int l,int t,int r,[01;35m[Kint b[m[K,void*destination){
      |                                   [01;35m[K~~~~^[m[K
[01m[K/home/jrlintern/Desktop/CNRS_AIST_Work/CNRS_AIST_Mobile_Shopping_Robot/robot_ws_ros2/src/c_pkg/src/conio.h:307:46:[m[K [01;35m[Kwarning: [m[Kunused parameter ‘[01m[Kdestination[m[K’ [[01;35m[K-Wunused-parameter[m[K]
  307 |     int gettext(int l,int t,int r,int b,[01;35m[Kvoid*destination[m[K){
      |                                         [01;35m[K~~~~~^~~~~~~~~~~[m[K
[01m[K/home/jrlintern/Desktop/CNRS_AIST_Work/CNRS_AIST_Mobile_Shopping_Robot/robot_ws_ros2/src/c_pkg/src/joystick_control.cpp:[m[K At global scope:
[01m[K/home/jrlintern/Desktop/CNRS_AIST_Work/CNRS_AIST_Mobile_Shopping_Robot/robot_ws_ros2/src/c_pkg/src/joystick_control.cpp:104:39:[m[K [01;35m[Kwarning: [m[Kmissing initializer for member ‘[01m[Kaxis_state::y[m[K’ [[01;35m[K-Wmissing-field-initializers[m[K]
  104 |         struct axis_state axes[3] = {0[01;35m[K}[m[K;
      |                                       [01;35m[K^[m[K
[ 93%] [32m[1mLinking CXX executable joystick_control_node[0m
[100%] Built target joystick_control_node
-- Install configuration: ""
-- Up-to-date: /home/jrlintern/Desktop/CNRS_AIST_Work/CNRS_AIST_Mobile_Shopping_Robot/robot_ws_ros2/install/c_pkg/share/ament_index/resource_index/rosidl_interfaces/c_pkg
-- Up-to-date: /home/jrlintern/Desktop/CNRS_AIST_Work/CNRS_AIST_Mobile_Shopping_Robot/robot_ws_ros2/install/c_pkg/include/c_pkg
-- Up-to-date: /home/jrlintern/Desktop/CNRS_AIST_Work/CNRS_AIST_Mobile_Shopping_Robot/robot_ws_ros2/install/c_pkg/include/c_pkg/msg
-- Up-to-date: /home/jrlintern/Desktop/CNRS_AIST_Work/CNRS_AIST_Mobile_Shopping_Robot/robot_ws_ros2/install/c_pkg/include/c_pkg/msg/rosidl_generator_c__visibility_control.h
-- Up-to-date: /home/jrlintern/Desktop/CNRS_AIST_Work/CNRS_AIST_Mobile_Shopping_Robot/robot_ws_ros2/install/c_pkg/include/c_pkg/msg/detail
-- Up-to-date: /home/jrlintern/Desktop/CNRS_AIST_Work/CNRS_AIST_Mobile_Shopping_Robot/robot_ws_ros2/install/c_pkg/include/c_pkg/msg/detail/state_vector__struct.h
-- Up-to-date: /home/jrlintern/Desktop/CNRS_AIST_Work/CNRS_AIST_Mobile_Shopping_Robot/robot_ws_ros2/install/c_pkg/include/c_pkg/msg/detail/state_vector__functions.c
-- Up-to-date: /home/jrlintern/Desktop/CNRS_AIST_Work/CNRS_AIST_Mobile_Shopping_Robot/robot_ws_ros2/install/c_pkg/include/c_pkg/msg/detail/state_vector__type_support.h
-- Up-to-date: /home/jrlintern/Desktop/CNRS_AIST_Work/CNRS_AIST_Mobile_Shopping_Robot/robot_ws_ros2/install/c_pkg/include/c_pkg/msg/detail/state_vector__functions.h
-- Up-to-date: /home/jrlintern/Desktop/CNRS_AIST_Work/CNRS_AIST_Mobile_Shopping_Robot/robot_ws_ros2/install/c_pkg/include/c_pkg/msg/state_vector.h
-- Up-to-date: /home/jrlintern/Desktop/CNRS_AIST_Work/CNRS_AIST_Mobile_Shopping_Robot/robot_ws_ros2/install/c_pkg/share/c_pkg/environment/library_path.sh
-- Up-to-date: /home/jrlintern/Desktop/CNRS_AIST_Work/CNRS_AIST_Mobile_Shopping_Robot/robot_ws_ros2/install/c_pkg/share/c_pkg/environment/library_path.dsv
-- Up-to-date: /home/jrlintern/Desktop/CNRS_AIST_Work/CNRS_AIST_Mobile_Shopping_Robot/robot_ws_ros2/install/c_pkg/lib/libc_pkg__rosidl_generator_c.so
-- Up-to-date: /home/jrlintern/Desktop/CNRS_AIST_Work/CNRS_AIST_Mobile_Shopping_Robot/robot_ws_ros2/install/c_pkg/include/c_pkg
-- Up-to-date: /home/jrlintern/Desktop/CNRS_AIST_Work/CNRS_AIST_Mobile_Shopping_Robot/robot_ws_ros2/install/c_pkg/include/c_pkg/msg
-- Up-to-date: /home/jrlintern/Desktop/CNRS_AIST_Work/CNRS_AIST_Mobile_Shopping_Robot/robot_ws_ros2/install/c_pkg/include/c_pkg/msg/detail
-- Up-to-date: /home/jrlintern/Desktop/CNRS_AIST_Work/CNRS_AIST_Mobile_Shopping_Robot/robot_ws_ros2/install/c_pkg/include/c_pkg/msg/detail/state_vector__rosidl_typesupport_fastrtps_c.h
-- Up-to-date: /home/jrlintern/Desktop/CNRS_AIST_Work/CNRS_AIST_Mobile_Shopping_Robot/robot_ws_ros2/install/c_pkg/include/c_pkg/msg/rosidl_typesupport_fastrtps_c__visibility_control.h
-- Up-to-date: /home/jrlintern/Desktop/CNRS_AIST_Work/CNRS_AIST_Mobile_Shopping_Robot/robot_ws_ros2/install/c_pkg/lib/libc_pkg__rosidl_typesupport_fastrtps_c.so
-- Up-to-date: /home/jrlintern/Desktop/CNRS_AIST_Work/CNRS_AIST_Mobile_Shopping_Robot/robot_ws_ros2/install/c_pkg/include/c_pkg
-- Up-to-date: /home/jrlintern/Desktop/CNRS_AIST_Work/CNRS_AIST_Mobile_Shopping_Robot/robot_ws_ros2/install/c_pkg/include/c_pkg/msg
-- Up-to-date: /home/jrlintern/Desktop/CNRS_AIST_Work/CNRS_AIST_Mobile_Shopping_Robot/robot_ws_ros2/install/c_pkg/include/c_pkg/msg/rosidl_typesupport_fastrtps_cpp__visibility_control.h
-- Up-to-date: /home/jrlintern/Desktop/CNRS_AIST_Work/CNRS_AIST_Mobile_Shopping_Robot/robot_ws_ros2/install/c_pkg/include/c_pkg/msg/detail
-- Up-to-date: /home/jrlintern/Desktop/CNRS_AIST_Work/CNRS_AIST_Mobile_Shopping_Robot/robot_ws_ros2/install/c_pkg/include/c_pkg/msg/detail/dds_fastrtps
-- Up-to-date: /home/jrlintern/Desktop/CNRS_AIST_Work/CNRS_AIST_Mobile_Shopping_Robot/robot_ws_ros2/install/c_pkg/include/c_pkg/msg/detail/state_vector__rosidl_typesupport_fastrtps_cpp.hpp
-- Up-to-date: /home/jrlintern/Desktop/CNRS_AIST_Work/CNRS_AIST_Mobile_Shopping_Robot/robot_ws_ros2/install/c_pkg/lib/libc_pkg__rosidl_typesupport_fastrtps_cpp.so
-- Up-to-date: /home/jrlintern/Desktop/CNRS_AIST_Work/CNRS_AIST_Mobile_Shopping_Robot/robot_ws_ros2/install/c_pkg/include/c_pkg
-- Up-to-date: /home/jrlintern/Desktop/CNRS_AIST_Work/CNRS_AIST_Mobile_Shopping_Robot/robot_ws_ros2/install/c_pkg/include/c_pkg/msg
-- Up-to-date: /home/jrlintern/Desktop/CNRS_AIST_Work/CNRS_AIST_Mobile_Shopping_Robot/robot_ws_ros2/install/c_pkg/include/c_pkg/msg/detail
-- Up-to-date: /home/jrlintern/Desktop/CNRS_AIST_Work/CNRS_AIST_Mobile_Shopping_Robot/robot_ws_ros2/install/c_pkg/include/c_pkg/msg/detail/state_vector__rosidl_typesupport_introspection_c.h
-- Up-to-date: /home/jrlintern/Desktop/CNRS_AIST_Work/CNRS_AIST_Mobile_Shopping_Robot/robot_ws_ros2/install/c_pkg/include/c_pkg/msg/detail/state_vector__type_support.c
-- Up-to-date: /home/jrlintern/Desktop/CNRS_AIST_Work/CNRS_AIST_Mobile_Shopping_Robot/robot_ws_ros2/install/c_pkg/include/c_pkg/msg/rosidl_typesupport_introspection_c__visibility_control.h
-- Up-to-date: /home/jrlintern/Desktop/CNRS_AIST_Work/CNRS_AIST_Mobile_Shopping_Robot/robot_ws_ros2/install/c_pkg/lib/libc_pkg__rosidl_typesupport_introspection_c.so
-- Up-to-date: /home/jrlintern/Desktop/CNRS_AIST_Work/CNRS_AIST_Mobile_Shopping_Robot/robot_ws_ros2/install/c_pkg/lib/libc_pkg__rosidl_typesupport_c.so
-- Up-to-date: /home/jrlintern/Desktop/CNRS_AIST_Work/CNRS_AIST_Mobile_Shopping_Robot/robot_ws_ros2/install/c_pkg/include/c_pkg
-- Up-to-date: /home/jrlintern/Desktop/CNRS_AIST_Work/CNRS_AIST_Mobile_Shopping_Robot/robot_ws_ros2/install/c_pkg/include/c_pkg/msg
-- Up-to-date: /home/jrlintern/Desktop/CNRS_AIST_Work/CNRS_AIST_Mobile_Shopping_Robot/robot_ws_ros2/install/c_pkg/include/c_pkg/msg/rosidl_generator_cpp__visibility_control.hpp
-- Up-to-date: /home/jrlintern/Desktop/CNRS_AIST_Work/CNRS_AIST_Mobile_Shopping_Robot/robot_ws_ros2/install/c_pkg/include/c_pkg/msg/state_vector.hpp
-- Up-to-date: /home/jrlintern/Desktop/CNRS_AIST_Work/CNRS_AIST_Mobile_Shopping_Robot/robot_ws_ros2/install/c_pkg/include/c_pkg/msg/detail
-- Up-to-date: /home/jrlintern/Desktop/CNRS_AIST_Work/CNRS_AIST_Mobile_Shopping_Robot/robot_ws_ros2/install/c_pkg/include/c_pkg/msg/detail/state_vector__traits.hpp
-- Up-to-date: /home/jrlintern/Desktop/CNRS_AIST_Work/CNRS_AIST_Mobile_Shopping_Robot/robot_ws_ros2/install/c_pkg/include/c_pkg/msg/detail/state_vector__builder.hpp
-- Up-to-date: /home/jrlintern/Desktop/CNRS_AIST_Work/CNRS_AIST_Mobile_Shopping_Robot/robot_ws_ros2/install/c_pkg/include/c_pkg/msg/detail/state_vector__type_support.hpp
-- Up-to-date: /home/jrlintern/Desktop/CNRS_AIST_Work/CNRS_AIST_Mobile_Shopping_Robot/robot_ws_ros2/install/c_pkg/include/c_pkg/msg/detail/state_vector__struct.hpp
-- Up-to-date: /home/jrlintern/Desktop/CNRS_AIST_Work/CNRS_AIST_Mobile_Shopping_Robot/robot_ws_ros2/install/c_pkg/include/c_pkg
-- Up-to-date: /home/jrlintern/Desktop/CNRS_AIST_Work/CNRS_AIST_Mobile_Shopping_Robot/robot_ws_ros2/install/c_pkg/include/c_pkg/msg
-- Up-to-date: /home/jrlintern/Desktop/CNRS_AIST_Work/CNRS_AIST_Mobile_Shopping_Robot/robot_ws_ros2/install/c_pkg/include/c_pkg/msg/detail
-- Up-to-date: /home/jrlintern/Desktop/CNRS_AIST_Work/CNRS_AIST_Mobile_Shopping_Robot/robot_ws_ros2/install/c_pkg/include/c_pkg/msg/detail/state_vector__type_support.cpp
-- Up-to-date: /home/jrlintern/Desktop/CNRS_AIST_Work/CNRS_AIST_Mobile_Shopping_Robot/robot_ws_ros2/install/c_pkg/include/c_pkg/msg/detail/state_vector__rosidl_typesupport_introspection_cpp.hpp
-- Up-to-date: /home/jrlintern/Desktop/CNRS_AIST_Work/CNRS_AIST_Mobile_Shopping_Robot/robot_ws_ros2/install/c_pkg/lib/libc_pkg__rosidl_typesupport_introspection_cpp.so
-- Up-to-date: /home/jrlintern/Desktop/CNRS_AIST_Work/CNRS_AIST_Mobile_Shopping_Robot/robot_ws_ros2/install/c_pkg/lib/libc_pkg__rosidl_typesupport_cpp.so
-- Up-to-date: /home/jrlintern/Desktop/CNRS_AIST_Work/CNRS_AIST_Mobile_Shopping_Robot/robot_ws_ros2/install/c_pkg/share/c_pkg/environment/pythonpath.sh
-- Up-to-date: /home/jrlintern/Desktop/CNRS_AIST_Work/CNRS_AIST_Mobile_Shopping_Robot/robot_ws_ros2/install/c_pkg/share/c_pkg/environment/pythonpath.dsv
-- Up-to-date: /home/jrlintern/Desktop/CNRS_AIST_Work/CNRS_AIST_Mobile_Shopping_Robot/robot_ws_ros2/install/c_pkg/lib/python3.8/site-packages/c_pkg/__init__.py
-- Up-to-date: /home/jrlintern/Desktop/CNRS_AIST_Work/CNRS_AIST_Mobile_Shopping_Robot/robot_ws_ros2/install/c_pkg/lib/python3.8/site-packages/c_pkg/msg
-- Up-to-date: /home/jrlintern/Desktop/CNRS_AIST_Work/CNRS_AIST_Mobile_Shopping_Robot/robot_ws_ros2/install/c_pkg/lib/python3.8/site-packages/c_pkg/msg/__init__.py
-- Up-to-date: /home/jrlintern/Desktop/CNRS_AIST_Work/CNRS_AIST_Mobile_Shopping_Robot/robot_ws_ros2/install/c_pkg/lib/python3.8/site-packages/c_pkg/msg/_state_vector.py
-- Up-to-date: /home/jrlintern/Desktop/CNRS_AIST_Work/CNRS_AIST_Mobile_Shopping_Robot/robot_ws_ros2/install/c_pkg/lib/python3.8/site-packages/c_pkg/msg/_state_vector_s.c
-- Up-to-date: /home/jrlintern/Desktop/CNRS_AIST_Work/CNRS_AIST_Mobile_Shopping_Robot/robot_ws_ros2/install/c_pkg/lib/python3.8/site-packages/c_pkg/c_pkg_s__rosidl_typesupport_fastrtps_c.cpython-38-x86_64-linux-gnu.so
-- Up-to-date: /home/jrlintern/Desktop/CNRS_AIST_Work/CNRS_AIST_Mobile_Shopping_Robot/robot_ws_ros2/install/c_pkg/lib/python3.8/site-packages/c_pkg/c_pkg_s__rosidl_typesupport_introspection_c.cpython-38-x86_64-linux-gnu.so
-- Up-to-date: /home/jrlintern/Desktop/CNRS_AIST_Work/CNRS_AIST_Mobile_Shopping_Robot/robot_ws_ros2/install/c_pkg/lib/python3.8/site-packages/c_pkg/c_pkg_s__rosidl_typesupport_c.cpython-38-x86_64-linux-gnu.so
-- Up-to-date: /home/jrlintern/Desktop/CNRS_AIST_Work/CNRS_AIST_Mobile_Shopping_Robot/robot_ws_ros2/install/c_pkg/lib/libc_pkg__python.so
-- Up-to-date: /home/jrlintern/Desktop/CNRS_AIST_Work/CNRS_AIST_Mobile_Shopping_Robot/robot_ws_ros2/install/c_pkg/share/c_pkg/msg/StateVector.idl
-- Up-to-date: /home/jrlintern/Desktop/CNRS_AIST_Work/CNRS_AIST_Mobile_Shopping_Robot/robot_ws_ros2/install/c_pkg/share/c_pkg/msg/StateVector.msg
-- Installing: /home/jrlintern/Desktop/CNRS_AIST_Work/CNRS_AIST_Mobile_Shopping_Robot/robot_ws_ros2/install/c_pkg/lib/c_pkg/keyboard_control_node
-- Set runtime path of "/home/jrlintern/Desktop/CNRS_AIST_Work/CNRS_AIST_Mobile_Shopping_Robot/robot_ws_ros2/install/c_pkg/lib/c_pkg/keyboard_control_node" to ""
-- Up-to-date: /home/jrlintern/Desktop/CNRS_AIST_Work/CNRS_AIST_Mobile_Shopping_Robot/robot_ws_ros2/install/c_pkg/lib/c_pkg/bot_control_driver_node
-- Installing: /home/jrlintern/Desktop/CNRS_AIST_Work/CNRS_AIST_Mobile_Shopping_Robot/robot_ws_ros2/install/c_pkg/lib/c_pkg/joystick_control_node
-- Set runtime path of "/home/jrlintern/Desktop/CNRS_AIST_Work/CNRS_AIST_Mobile_Shopping_Robot/robot_ws_ros2/install/c_pkg/lib/c_pkg/joystick_control_node" to ""
-- Up-to-date: /home/jrlintern/Desktop/CNRS_AIST_Work/CNRS_AIST_Mobile_Shopping_Robot/robot_ws_ros2/install/c_pkg/share/c_pkg/launch
-- Up-to-date: /home/jrlintern/Desktop/CNRS_AIST_Work/CNRS_AIST_Mobile_Shopping_Robot/robot_ws_ros2/install/c_pkg/share/c_pkg/launch/bot_teleoperate_launch2.py
-- Up-to-date: /home/jrlintern/Desktop/CNRS_AIST_Work/CNRS_AIST_Mobile_Shopping_Robot/robot_ws_ros2/install/c_pkg/share/c_pkg/launch/bot_teleoperate_launch.py
-- Up-to-date: /home/jrlintern/Desktop/CNRS_AIST_Work/CNRS_AIST_Mobile_Shopping_Robot/robot_ws_ros2/install/c_pkg/share/ament_index/resource_index/package_run_dependencies/c_pkg
-- Up-to-date: /home/jrlintern/Desktop/CNRS_AIST_Work/CNRS_AIST_Mobile_Shopping_Robot/robot_ws_ros2/install/c_pkg/share/ament_index/resource_index/parent_prefix_path/c_pkg
-- Up-to-date: /home/jrlintern/Desktop/CNRS_AIST_Work/CNRS_AIST_Mobile_Shopping_Robot/robot_ws_ros2/install/c_pkg/share/c_pkg/environment/ament_prefix_path.sh
-- Up-to-date: /home/jrlintern/Desktop/CNRS_AIST_Work/CNRS_AIST_Mobile_Shopping_Robot/robot_ws_ros2/install/c_pkg/share/c_pkg/environment/ament_prefix_path.dsv
-- Up-to-date: /home/jrlintern/Desktop/CNRS_AIST_Work/CNRS_AIST_Mobile_Shopping_Robot/robot_ws_ros2/install/c_pkg/share/c_pkg/environment/path.sh
-- Up-to-date: /home/jrlintern/Desktop/CNRS_AIST_Work/CNRS_AIST_Mobile_Shopping_Robot/robot_ws_ros2/install/c_pkg/share/c_pkg/environment/path.dsv
-- Up-to-date: /home/jrlintern/Desktop/CNRS_AIST_Work/CNRS_AIST_Mobile_Shopping_Robot/robot_ws_ros2/install/c_pkg/share/c_pkg/local_setup.bash
-- Up-to-date: /home/jrlintern/Desktop/CNRS_AIST_Work/CNRS_AIST_Mobile_Shopping_Robot/robot_ws_ros2/install/c_pkg/share/c_pkg/local_setup.sh
-- Up-to-date: /home/jrlintern/Desktop/CNRS_AIST_Work/CNRS_AIST_Mobile_Shopping_Robot/robot_ws_ros2/install/c_pkg/share/c_pkg/local_setup.zsh
-- Up-to-date: /home/jrlintern/Desktop/CNRS_AIST_Work/CNRS_AIST_Mobile_Shopping_Robot/robot_ws_ros2/install/c_pkg/share/c_pkg/local_setup.dsv
-- Installing: /home/jrlintern/Desktop/CNRS_AIST_Work/CNRS_AIST_Mobile_Shopping_Robot/robot_ws_ros2/install/c_pkg/share/c_pkg/package.dsv
-- Up-to-date: /home/jrlintern/Desktop/CNRS_AIST_Work/CNRS_AIST_Mobile_Shopping_Robot/robot_ws_ros2/install/c_pkg/share/ament_index/resource_index/packages/c_pkg
-- Up-to-date: /home/jrlintern/Desktop/CNRS_AIST_Work/CNRS_AIST_Mobile_Shopping_Robot/robot_ws_ros2/install/c_pkg/share/c_pkg/cmake/c_pkg__rosidl_generator_cExport.cmake
-- Up-to-date: /home/jrlintern/Desktop/CNRS_AIST_Work/CNRS_AIST_Mobile_Shopping_Robot/robot_ws_ros2/install/c_pkg/share/c_pkg/cmake/c_pkg__rosidl_generator_cExport-noconfig.cmake
-- Up-to-date: /home/jrlintern/Desktop/CNRS_AIST_Work/CNRS_AIST_Mobile_Shopping_Robot/robot_ws_ros2/install/c_pkg/share/c_pkg/cmake/c_pkg__rosidl_typesupport_introspection_cExport.cmake
-- Up-to-date: /home/jrlintern/Desktop/CNRS_AIST_Work/CNRS_AIST_Mobile_Shopping_Robot/robot_ws_ros2/install/c_pkg/share/c_pkg/cmake/c_pkg__rosidl_typesupport_introspection_cExport-noconfig.cmake
-- Up-to-date: /home/jrlintern/Desktop/CNRS_AIST_Work/CNRS_AIST_Mobile_Shopping_Robot/robot_ws_ros2/install/c_pkg/share/c_pkg/cmake/c_pkg__rosidl_typesupport_cExport.cmake
-- Up-to-date: /home/jrlintern/Desktop/CNRS_AIST_Work/CNRS_AIST_Mobile_Shopping_Robot/robot_ws_ros2/install/c_pkg/share/c_pkg/cmake/c_pkg__rosidl_typesupport_cExport-noconfig.cmake
-- Up-to-date: /home/jrlintern/Desktop/CNRS_AIST_Work/CNRS_AIST_Mobile_Shopping_Robot/robot_ws_ros2/install/c_pkg/share/c_pkg/cmake/c_pkg__rosidl_generator_cppExport.cmake
-- Up-to-date: /home/jrlintern/Desktop/CNRS_AIST_Work/CNRS_AIST_Mobile_Shopping_Robot/robot_ws_ros2/install/c_pkg/share/c_pkg/cmake/c_pkg__rosidl_typesupport_introspection_cppExport.cmake
-- Up-to-date: /home/jrlintern/Desktop/CNRS_AIST_Work/CNRS_AIST_Mobile_Shopping_Robot/robot_ws_ros2/install/c_pkg/share/c_pkg/cmake/c_pkg__rosidl_typesupport_introspection_cppExport-noconfig.cmake
-- Up-to-date: /home/jrlintern/Desktop/CNRS_AIST_Work/CNRS_AIST_Mobile_Shopping_Robot/robot_ws_ros2/install/c_pkg/share/c_pkg/cmake/c_pkg__rosidl_typesupport_cppExport.cmake
-- Up-to-date: /home/jrlintern/Desktop/CNRS_AIST_Work/CNRS_AIST_Mobile_Shopping_Robot/robot_ws_ros2/install/c_pkg/share/c_pkg/cmake/c_pkg__rosidl_typesupport_cppExport-noconfig.cmake
-- Up-to-date: /home/jrlintern/Desktop/CNRS_AIST_Work/CNRS_AIST_Mobile_Shopping_Robot/robot_ws_ros2/install/c_pkg/share/c_pkg/cmake/rosidl_cmake-extras.cmake
-- Up-to-date: /home/jrlintern/Desktop/CNRS_AIST_Work/CNRS_AIST_Mobile_Shopping_Robot/robot_ws_ros2/install/c_pkg/share/c_pkg/cmake/ament_cmake_export_dependencies-extras.cmake
-- Up-to-date: /home/jrlintern/Desktop/CNRS_AIST_Work/CNRS_AIST_Mobile_Shopping_Robot/robot_ws_ros2/install/c_pkg/share/c_pkg/cmake/ament_cmake_export_libraries-extras.cmake
-- Up-to-date: /home/jrlintern/Desktop/CNRS_AIST_Work/CNRS_AIST_Mobile_Shopping_Robot/robot_ws_ros2/install/c_pkg/share/c_pkg/cmake/ament_cmake_export_targets-extras.cmake
-- Up-to-date: /home/jrlintern/Desktop/CNRS_AIST_Work/CNRS_AIST_Mobile_Shopping_Robot/robot_ws_ros2/install/c_pkg/share/c_pkg/cmake/ament_cmake_export_include_directories-extras.cmake
-- Up-to-date: /home/jrlintern/Desktop/CNRS_AIST_Work/CNRS_AIST_Mobile_Shopping_Robot/robot_ws_ros2/install/c_pkg/share/c_pkg/cmake/rosidl_cmake_export_typesupport_libraries-extras.cmake
-- Up-to-date: /home/jrlintern/Desktop/CNRS_AIST_Work/CNRS_AIST_Mobile_Shopping_Robot/robot_ws_ros2/install/c_pkg/share/c_pkg/cmake/rosidl_cmake_export_typesupport_targets-extras.cmake
-- Up-to-date: /home/jrlintern/Desktop/CNRS_AIST_Work/CNRS_AIST_Mobile_Shopping_Robot/robot_ws_ros2/install/c_pkg/share/c_pkg/cmake/c_pkgConfig.cmake
-- Up-to-date: /home/jrlintern/Desktop/CNRS_AIST_Work/CNRS_AIST_Mobile_Shopping_Robot/robot_ws_ros2/install/c_pkg/share/c_pkg/cmake/c_pkgConfig-version.cmake
-- Up-to-date: /home/jrlintern/Desktop/CNRS_AIST_Work/CNRS_AIST_Mobile_Shopping_Robot/robot_ws_ros2/install/c_pkg/share/c_pkg/package.xml
