[0.206s] Invoking command in '/home/jrlintern/Desktop/CNRS_AIST_Work/CNRS_AIST_Mobile_Shopping_Robot/robot_ws_ros2/build/c_pkg': CMAKE_PREFIX_PATH=${CMAKE_PREFIX_PATH}:/opt/ros/foxy /usr/bin/cmake --build /home/jrlintern/Desktop/CNRS_AIST_Work/CNRS_AIST_Mobile_Shopping_Robot/robot_ws_ros2/build/c_pkg -- -j8 -l8
[0.235s] [  2%] Built target c_pkg__cpp
[0.235s] [ 10%] Built target c_pkg__rosidl_generator_c
[0.248s] [ 21%] Built target c_pkg__rosidl_typesupport_cpp
[0.248s] [ 27%] Built target c_pkg__rosidl_typesupport_c
[0.249s] [ 35%] Built target c_pkg__rosidl_typesupport_introspection_c
[0.250s] [ 43%] Built target c_pkg__rosidl_typesupport_fastrtps_cpp
[0.251s] [ 51%] Built target c_pkg__rosidl_typesupport_introspection_cpp
[0.264s] [ 59%] Built target c_pkg__rosidl_typesupport_fastrtps_c
[0.274s] [ 59%] Built target c_pkg
[0.285s] [ 62%] Built target c_pkg__py
[0.290s] [ 72%] Built target keyboard_control_node
[0.295s] [ 75%] [32mBuilding CXX object CMakeFiles/bot_control_driver_node.dir/src/bot_control_driver.cpp.o[0m
[0.297s] [ 81%] Built target c_pkg__python
[0.310s] [ 97%] Built target c_pkg__rosidl_typesupport_c__pyext
[0.310s] [ 97%] Built target c_pkg__rosidl_typesupport_introspection_c__pyext
[0.311s] [ 97%] Built target c_pkg__rosidl_typesupport_fastrtps_c__pyext
[4.506s] [100%] [32m[1mLinking CXX executable bot_control_driver_node[0m
[4.732s] /usr/bin/ld: CMakeFiles/bot_control_driver_node.dir/src/bot_control_driver.cpp.o: in function `Bot_control_driver::Bot_control_driver()':
[4.732s] bot_control_driver.cpp:(.text._ZN18Bot_control_driverC2Ev[_ZN18Bot_control_driverC5Ev]+0x2bc): undefined reference to `servomotor_setup()'
[4.732s] collect2: error: ld returned 1 exit status
[4.733s] make[2]: *** [CMakeFiles/bot_control_driver_node.dir/build.make:155: bot_control_driver_node] Error 1
[4.733s] make[1]: *** [CMakeFiles/Makefile2:574: CMakeFiles/bot_control_driver_node.dir/all] Error 2
[4.734s] make: *** [Makefile:146: all] Error 2
[4.736s] Invoked command in '/home/jrlintern/Desktop/CNRS_AIST_Work/CNRS_AIST_Mobile_Shopping_Robot/robot_ws_ros2/build/c_pkg' returned '2': CMAKE_PREFIX_PATH=${CMAKE_PREFIX_PATH}:/opt/ros/foxy /usr/bin/cmake --build /home/jrlintern/Desktop/CNRS_AIST_Work/CNRS_AIST_Mobile_Shopping_Robot/robot_ws_ros2/build/c_pkg -- -j8 -l8
