[0.209s] Invoking command in '/home/jrlintern/Desktop/CNRS_AIST_Work/CNRS_AIST_Mobile_Shopping_Robot/robot_ws_ros2/build/c_pkg': CMAKE_PREFIX_PATH=${CMAKE_PREFIX_PATH}:/opt/ros/foxy /usr/bin/cmake --build /home/jrlintern/Desktop/CNRS_AIST_Work/CNRS_AIST_Mobile_Shopping_Robot/robot_ws_ros2/build/c_pkg -- -j8 -l8
[0.238s] [ 10%] Built target c_pkg__rosidl_generator_c
[0.238s] [  7%] Built target c_pkg__cpp
[0.252s] [ 25%] Built target c_pkg__rosidl_typesupport_introspection_c
[0.252s] [ 25%] Built target c_pkg__rosidl_typesupport_c
[0.253s] [ 32%] Built target c_pkg__rosidl_typesupport_introspection_cpp
[0.255s] [ 47%] Built target c_pkg__rosidl_typesupport_cpp
[0.255s] [ 47%] Built target c_pkg__rosidl_typesupport_fastrtps_cpp
[0.267s] [ 55%] Built target c_pkg__rosidl_typesupport_fastrtps_c
[0.277s] [ 55%] Built target c_pkg
[0.288s] [ 57%] Built target c_pkg__py
[0.293s] [ 67%] Built target keyboard_control_node
[0.299s] [ 70%] [32mBuilding CXX object CMakeFiles/bot_control_driver_node.dir/src/bot_control_driver.cpp.o[0m
[0.300s] [ 75%] Built target c_pkg__python
[0.312s] [ 87%] Built target c_pkg__rosidl_typesupport_c__pyext
[0.313s] [ 87%] Built target c_pkg__rosidl_typesupport_fastrtps_c__pyext
[0.313s] [ 90%] Built target c_pkg__rosidl_typesupport_introspection_c__pyext
[1.525s] In file included from [01m[K/opt/ros/foxy/include/rclcpp/service.hpp:34[m[K,
[1.525s]                  from [01m[K/opt/ros/foxy/include/rclcpp/callback_group.hpp:25[m[K,
[1.525s]                  from [01m[K/opt/ros/foxy/include/rclcpp/any_executable.hpp:20[m[K,
[1.525s]                  from [01m[K/opt/ros/foxy/include/rclcpp/memory_strategy.hpp:24[m[K,
[1.525s]                  from [01m[K/opt/ros/foxy/include/rclcpp/memory_strategies.hpp:18[m[K,
[1.525s]                  from [01m[K/opt/ros/foxy/include/rclcpp/executor_options.hpp:20[m[K,
[1.525s]                  from [01m[K/opt/ros/foxy/include/rclcpp/executor.hpp:33[m[K,
[1.525s]                  from [01m[K/opt/ros/foxy/include/rclcpp/executors/multi_threaded_executor.hpp:26[m[K,
[1.525s]                  from [01m[K/opt/ros/foxy/include/rclcpp/executors.hpp:21[m[K,
[1.525s]                  from [01m[K/opt/ros/foxy/include/rclcpp/rclcpp.hpp:146[m[K,
[1.525s]                  from [01m[K/home/jrlintern/Desktop/CNRS_AIST_Work/CNRS_AIST_Mobile_Shopping_Robot/robot_ws_ros2/src/c_pkg/src/bot_control_driver.cpp:4[m[K:
[1.526s] [01m[K/home/jrlintern/Desktop/CNRS_AIST_Work/CNRS_AIST_Mobile_Shopping_Robot/robot_ws_ros2/src/c_pkg/src/bot_control_driver.cpp:[m[K In member function ‘[01m[Kvoid Bot_control_driver::topic_callback_keyboard(c_pkg::msg::StateVector_<std::allocator<void> >::SharedPtr) const[m[K’:
[1.526s] [01m[K/home/jrlintern/Desktop/CNRS_AIST_Work/CNRS_AIST_Mobile_Shopping_Robot/robot_ws_ros2/src/c_pkg/src/bot_control_driver.cpp:34:9:[m[K [01;31m[Kerror: [m[Kexpected primary-expression before ‘[01m[Kdo[m[K’
[1.526s]    34 |         [01;31m[KRCLCPP_INFO[m[K(this->get_logger(), "I heard: '%f' '%f' '%f' ", msg->vx, msg->vy, msg->w);
[1.526s]       |         [01;31m[K^~~~~~~~~~~[m[K
[1.526s] [01m[K/home/jrlintern/Desktop/CNRS_AIST_Work/CNRS_AIST_Mobile_Shopping_Robot/robot_ws_ros2/src/c_pkg/src/bot_control_driver.cpp:29:75:[m[K [01;35m[Kwarning: [m[Kunused parameter ‘[01m[Kmsg[m[K’ [[01;35m[K-Wunused-parameter[m[K]
[1.526s]    29 |     void topic_callback_keyboard([01;35m[Kconst c_pkg::msg::StateVector::SharedPtr msg[m[K) const
[1.526s]       |                                  [01;35m[K~~~~~~~~~~~~~~~~~~~~~~~~~~~~~~~~~~~~~~~~~^~~[m[K
[1.526s] [01m[K/home/jrlintern/Desktop/CNRS_AIST_Work/CNRS_AIST_Mobile_Shopping_Robot/robot_ws_ros2/src/c_pkg/src/bot_control_driver.cpp:[m[K In member function ‘[01m[Kvoid Bot_control_driver::apply_commands()[m[K’:
[1.526s] [01m[K/home/jrlintern/Desktop/CNRS_AIST_Work/CNRS_AIST_Mobile_Shopping_Robot/robot_ws_ros2/src/c_pkg/src/bot_control_driver.cpp:39:88:[m[K [01;31m[Kerror: [m[Klvalue required as left operand of assignment
[1.526s]    39 |         bool command_keyboard = this->keyboard_vx+this->keyboard_vy+this->keyboard_w = [01;31m[K0[m[K;
[1.526s]       |                                                                                        [01;31m[K^[m[K
[1.526s] [01m[K/home/jrlintern/Desktop/CNRS_AIST_Work/CNRS_AIST_Mobile_Shopping_Robot/robot_ws_ros2/src/c_pkg/src/bot_control_driver.cpp:40:88:[m[K [01;31m[Kerror: [m[Klvalue required as left operand of assignment
[1.526s]    40 |         bool command_joystick = this->joystick_vx+this->joystick_vy+this->joystick_w = [01;31m[K0[m[K;
[1.526s]       |                                                                                        [01;31m[K^[m[K
[1.527s] [01m[K/home/jrlintern/Desktop/CNRS_AIST_Work/CNRS_AIST_Mobile_Shopping_Robot/robot_ws_ros2/src/c_pkg/src/bot_control_driver.cpp:53:9:[m[K [01;31m[Kerror: [m[K‘[01m[Kelif[m[K’ was not declared in this scope
[1.527s]    53 |         [01;31m[Kelif[m[K(!command_keyboard && command_joystick)
[1.527s]       |         [01;31m[K^~~~[m[K
[2.813s] make[2]: *** [CMakeFiles/bot_control_driver_node.dir/build.make:76: CMakeFiles/bot_control_driver_node.dir/src/bot_control_driver.cpp.o] Error 1
[2.813s] make[1]: *** [CMakeFiles/Makefile2:574: CMakeFiles/bot_control_driver_node.dir/all] Error 2
[2.814s] make: *** [Makefile:146: all] Error 2
[2.815s] Invoked command in '/home/jrlintern/Desktop/CNRS_AIST_Work/CNRS_AIST_Mobile_Shopping_Robot/robot_ws_ros2/build/c_pkg' returned '2': CMAKE_PREFIX_PATH=${CMAKE_PREFIX_PATH}:/opt/ros/foxy /usr/bin/cmake --build /home/jrlintern/Desktop/CNRS_AIST_Work/CNRS_AIST_Mobile_Shopping_Robot/robot_ws_ros2/build/c_pkg -- -j8 -l8
