[2.978s] DEBUG:colcon:Command line arguments: ['/usr/bin/colcon', 'build']
[2.978s] DEBUG:colcon:Parsed command line arguments: Namespace(allow_overriding=[], ament_cmake_args=None, base_paths=['.'], build_base='build', catkin_cmake_args=None, catkin_skip_building_tests=False, cmake_args=None, cmake_clean_cache=False, cmake_clean_first=False, cmake_force_configure=False, cmake_target=None, cmake_target_skip_unavailable=False, continue_on_error=False, event_handlers=None, executor='parallel', ignore_user_meta=False, install_base='install', log_base=None, log_level=None, main=<bound method BuildVerb.main of <colcon_core.verb.build.BuildVerb object at 0x7f63cfd01850>>, merge_install=False, metas=['./colcon.meta'], packages_above=None, packages_above_and_dependencies=None, packages_above_depth=None, packages_end=None, packages_ignore=None, packages_ignore_regex=None, packages_select=None, packages_select_build_failed=False, packages_select_by_dep=None, packages_select_regex=None, packages_select_test_failures=False, packages_skip=None, packages_skip_build_finished=False, packages_skip_by_dep=None, packages_skip_regex=None, packages_skip_test_passed=False, packages_skip_up_to=None, packages_start=None, packages_up_to=None, packages_up_to_regex=None, parallel_workers=8, paths=None, symlink_install=False, test_result_base=None, verb_extension=<colcon_core.verb.build.BuildVerb object at 0x7f63cfd01850>, verb_name='build', verb_parser=<colcon_defaults.argument_parser.defaults.DefaultArgumentsDecorator object at 0x7f63cf917490>)
[3.102s] Level 1:colcon.colcon_core.package_discovery:discover_packages(colcon_meta) check parameters
[3.102s] Level 1:colcon.colcon_core.package_discovery:discover_packages(recursive) check parameters
[3.102s] Level 1:colcon.colcon_core.package_discovery:discover_packages(ignore) check parameters
[3.102s] Level 1:colcon.colcon_core.package_discovery:discover_packages(path) check parameters
[3.103s] Level 1:colcon.colcon_core.package_discovery:discover_packages(colcon_meta) discover
[3.103s] Level 1:colcon.colcon_core.package_discovery:discover_packages(recursive) discover
[3.103s] INFO:colcon.colcon_core.package_discovery:Crawling recursively for packages in '/home/jrlintern/Desktop/CNRS_AIST_Work/CNRS_AIST_Mobile_Shopping_Robot/robot_ws_ros2'
[3.103s] Level 1:colcon.colcon_core.package_identification:_identify(.) by extensions ['ignore', 'ignore_ament_install']
[3.103s] Level 1:colcon.colcon_core.package_identification:_identify(.) by extension 'ignore'
[3.103s] Level 1:colcon.colcon_core.package_identification:_identify(.) by extension 'ignore_ament_install'
[3.103s] Level 1:colcon.colcon_core.package_identification:_identify(.) by extensions ['colcon_pkg']
[3.103s] Level 1:colcon.colcon_core.package_identification:_identify(.) by extension 'colcon_pkg'
[3.103s] Level 1:colcon.colcon_core.package_identification:_identify(.) by extensions ['colcon_meta']
[3.103s] Level 1:colcon.colcon_core.package_identification:_identify(.) by extension 'colcon_meta'
[3.103s] Level 1:colcon.colcon_core.package_identification:_identify(.) by extensions ['ros']
[3.103s] Level 1:colcon.colcon_core.package_identification:_identify(.) by extension 'ros'
[3.115s] Level 1:colcon.colcon_core.package_identification:_identify(.) by extensions ['cmake', 'python']
[3.115s] Level 1:colcon.colcon_core.package_identification:_identify(.) by extension 'cmake'
[3.115s] Level 1:colcon.colcon_core.package_identification:_identify(.) by extension 'python'
[3.115s] Level 1:colcon.colcon_core.package_identification:_identify(.) by extensions ['python_setup_py']
[3.115s] Level 1:colcon.colcon_core.package_identification:_identify(.) by extension 'python_setup_py'
[3.116s] Level 1:colcon.colcon_core.package_identification:_identify(build) by extensions ['ignore', 'ignore_ament_install']
[3.116s] Level 1:colcon.colcon_core.package_identification:_identify(build) by extension 'ignore'
[3.116s] Level 1:colcon.colcon_core.package_identification:_identify(build) ignored
[3.116s] Level 1:colcon.colcon_core.package_identification:_identify(install) by extensions ['ignore', 'ignore_ament_install']
[3.116s] Level 1:colcon.colcon_core.package_identification:_identify(install) by extension 'ignore'
[3.116s] Level 1:colcon.colcon_core.package_identification:_identify(install) ignored
[3.116s] Level 1:colcon.colcon_core.package_identification:_identify(log) by extensions ['ignore', 'ignore_ament_install']
[3.116s] Level 1:colcon.colcon_core.package_identification:_identify(log) by extension 'ignore'
[3.116s] Level 1:colcon.colcon_core.package_identification:_identify(log) ignored
[3.116s] Level 1:colcon.colcon_core.package_identification:_identify(src) by extensions ['ignore', 'ignore_ament_install']
[3.117s] Level 1:colcon.colcon_core.package_identification:_identify(src) by extension 'ignore'
[3.117s] Level 1:colcon.colcon_core.package_identification:_identify(src) by extension 'ignore_ament_install'
[3.117s] Level 1:colcon.colcon_core.package_identification:_identify(src) by extensions ['colcon_pkg']
[3.117s] Level 1:colcon.colcon_core.package_identification:_identify(src) by extension 'colcon_pkg'
[3.117s] Level 1:colcon.colcon_core.package_identification:_identify(src) by extensions ['colcon_meta']
[3.117s] Level 1:colcon.colcon_core.package_identification:_identify(src) by extension 'colcon_meta'
[3.117s] Level 1:colcon.colcon_core.package_identification:_identify(src) by extensions ['ros']
[3.117s] Level 1:colcon.colcon_core.package_identification:_identify(src) by extension 'ros'
[3.117s] Level 1:colcon.colcon_core.package_identification:_identify(src) by extensions ['cmake', 'python']
[3.117s] Level 1:colcon.colcon_core.package_identification:_identify(src) by extension 'cmake'
[3.117s] Level 1:colcon.colcon_core.package_identification:_identify(src) by extension 'python'
[3.117s] Level 1:colcon.colcon_core.package_identification:_identify(src) by extensions ['python_setup_py']
[3.117s] Level 1:colcon.colcon_core.package_identification:_identify(src) by extension 'python_setup_py'
[3.117s] Level 1:colcon.colcon_core.package_identification:_identify(src/c_pkg) by extensions ['ignore', 'ignore_ament_install']
[3.117s] Level 1:colcon.colcon_core.package_identification:_identify(src/c_pkg) by extension 'ignore'
[3.117s] Level 1:colcon.colcon_core.package_identification:_identify(src/c_pkg) by extension 'ignore_ament_install'
[3.117s] Level 1:colcon.colcon_core.package_identification:_identify(src/c_pkg) by extensions ['colcon_pkg']
[3.117s] Level 1:colcon.colcon_core.package_identification:_identify(src/c_pkg) by extension 'colcon_pkg'
[3.117s] Level 1:colcon.colcon_core.package_identification:_identify(src/c_pkg) by extensions ['colcon_meta']
[3.117s] Level 1:colcon.colcon_core.package_identification:_identify(src/c_pkg) by extension 'colcon_meta'
[3.118s] Level 1:colcon.colcon_core.package_identification:_identify(src/c_pkg) by extensions ['ros']
[3.118s] Level 1:colcon.colcon_core.package_identification:_identify(src/c_pkg) by extension 'ros'
[3.120s] DEBUG:colcon.colcon_core.package_identification:Package 'src/c_pkg' with type 'ros.ament_cmake' and name 'c_pkg'
[3.121s] Level 1:colcon.colcon_core.package_identification:_identify(src/laser_scan_merger) by extensions ['ignore', 'ignore_ament_install']
[3.121s] Level 1:colcon.colcon_core.package_identification:_identify(src/laser_scan_merger) by extension 'ignore'
[3.121s] Level 1:colcon.colcon_core.package_identification:_identify(src/laser_scan_merger) by extension 'ignore_ament_install'
[3.121s] Level 1:colcon.colcon_core.package_identification:_identify(src/laser_scan_merger) by extensions ['colcon_pkg']
[3.121s] Level 1:colcon.colcon_core.package_identification:_identify(src/laser_scan_merger) by extension 'colcon_pkg'
[3.121s] Level 1:colcon.colcon_core.package_identification:_identify(src/laser_scan_merger) by extensions ['colcon_meta']
[3.121s] Level 1:colcon.colcon_core.package_identification:_identify(src/laser_scan_merger) by extension 'colcon_meta'
[3.121s] Level 1:colcon.colcon_core.package_identification:_identify(src/laser_scan_merger) by extensions ['ros']
[3.121s] Level 1:colcon.colcon_core.package_identification:_identify(src/laser_scan_merger) by extension 'ros'
[3.122s] DEBUG:colcon.colcon_core.package_identification:Package 'src/laser_scan_merger' with type 'ros.ament_cmake' and name 'laser_scan_merger'
[3.122s] Level 1:colcon.colcon_core.package_identification:_identify(src/nav2_simu) by extensions ['ignore', 'ignore_ament_install']
[3.122s] Level 1:colcon.colcon_core.package_identification:_identify(src/nav2_simu) by extension 'ignore'
[3.122s] Level 1:colcon.colcon_core.package_identification:_identify(src/nav2_simu) by extension 'ignore_ament_install'
[3.123s] Level 1:colcon.colcon_core.package_identification:_identify(src/nav2_simu) by extensions ['colcon_pkg']
[3.123s] Level 1:colcon.colcon_core.package_identification:_identify(src/nav2_simu) by extension 'colcon_pkg'
[3.123s] Level 1:colcon.colcon_core.package_identification:_identify(src/nav2_simu) by extensions ['colcon_meta']
[3.123s] Level 1:colcon.colcon_core.package_identification:_identify(src/nav2_simu) by extension 'colcon_meta'
[3.123s] Level 1:colcon.colcon_core.package_identification:_identify(src/nav2_simu) by extensions ['ros']
[3.123s] Level 1:colcon.colcon_core.package_identification:_identify(src/nav2_simu) by extension 'ros'
[3.123s] DEBUG:colcon.colcon_core.package_identification:Package 'src/nav2_simu' with type 'ros.ament_cmake' and name 'nav2_simu'
[3.123s] Level 1:colcon.colcon_core.package_discovery:discover_packages(recursive) using defaults
[3.123s] Level 1:colcon.colcon_core.package_discovery:discover_packages(ignore) discover
[3.123s] Level 1:colcon.colcon_core.package_discovery:discover_packages(ignore) using defaults
[3.123s] Level 1:colcon.colcon_core.package_discovery:discover_packages(path) discover
[3.123s] Level 1:colcon.colcon_core.package_discovery:discover_packages(path) using defaults
[3.401s] Level 1:colcon.colcon_core.package_discovery:discover_packages(prefix_path) check parameters
[3.401s] Level 1:colcon.colcon_core.package_discovery:discover_packages(prefix_path) discover
[3.503s] DEBUG:colcon.colcon_installed_package_information.package_discovery:Found 1 installed packages in /home/jrlintern/Desktop/CNRS_AIST_Work/CNRS_AIST_Nav2_ROS2_pkg_tutorial/install
[3.551s] DEBUG:colcon.colcon_installed_package_information.package_discovery:Found 3 installed packages in /home/jrlintern/Desktop/CNRS_AIST_Work/CNRS_AIST_Mobile_Shopping_Robot/robot_ws_ros2/install
[3.601s] DEBUG:colcon.colcon_installed_package_information.package_discovery:Found 306 installed packages in /opt/ros/foxy
[3.603s] Level 1:colcon.colcon_core.package_discovery:discover_packages(prefix_path) using defaults
[3.795s] Level 5:colcon.colcon_core.verb:set package 'c_pkg' build argument 'cmake_args' from command line to 'None'
[3.795s] Level 5:colcon.colcon_core.verb:set package 'c_pkg' build argument 'cmake_target' from command line to 'None'
[3.795s] Level 5:colcon.colcon_core.verb:set package 'c_pkg' build argument 'cmake_target_skip_unavailable' from command line to 'False'
[3.795s] Level 5:colcon.colcon_core.verb:set package 'c_pkg' build argument 'cmake_clean_cache' from command line to 'False'
[3.795s] Level 5:colcon.colcon_core.verb:set package 'c_pkg' build argument 'cmake_clean_first' from command line to 'False'
[3.795s] Level 5:colcon.colcon_core.verb:set package 'c_pkg' build argument 'cmake_force_configure' from command line to 'False'
[3.795s] Level 5:colcon.colcon_core.verb:set package 'c_pkg' build argument 'ament_cmake_args' from command line to 'None'
[3.795s] Level 5:colcon.colcon_core.verb:set package 'c_pkg' build argument 'catkin_cmake_args' from command line to 'None'
[3.795s] Level 5:colcon.colcon_core.verb:set package 'c_pkg' build argument 'catkin_skip_building_tests' from command line to 'False'
[3.795s] DEBUG:colcon.colcon_core.verb:Building package 'c_pkg' with the following arguments: {'ament_cmake_args': None, 'build_base': '/home/jrlintern/Desktop/CNRS_AIST_Work/CNRS_AIST_Mobile_Shopping_Robot/robot_ws_ros2/build/c_pkg', 'catkin_cmake_args': None, 'catkin_skip_building_tests': False, 'cmake_args': None, 'cmake_clean_cache': False, 'cmake_clean_first': False, 'cmake_force_configure': False, 'cmake_target': None, 'cmake_target_skip_unavailable': False, 'install_base': '/home/jrlintern/Desktop/CNRS_AIST_Work/CNRS_AIST_Mobile_Shopping_Robot/robot_ws_ros2/install/c_pkg', 'merge_install': False, 'path': '/home/jrlintern/Desktop/CNRS_AIST_Work/CNRS_AIST_Mobile_Shopping_Robot/robot_ws_ros2/src/c_pkg', 'symlink_install': False, 'test_result_base': None}
[3.880s] Level 5:colcon.colcon_core.verb:set package 'laser_scan_merger' build argument 'cmake_args' from command line to 'None'
[3.880s] Level 5:colcon.colcon_core.verb:set package 'laser_scan_merger' build argument 'cmake_target' from command line to 'None'
[3.880s] Level 5:colcon.colcon_core.verb:set package 'laser_scan_merger' build argument 'cmake_target_skip_unavailable' from command line to 'False'
[3.880s] Level 5:colcon.colcon_core.verb:set package 'laser_scan_merger' build argument 'cmake_clean_cache' from command line to 'False'
[3.880s] Level 5:colcon.colcon_core.verb:set package 'laser_scan_merger' build argument 'cmake_clean_first' from command line to 'False'
[3.880s] Level 5:colcon.colcon_core.verb:set package 'laser_scan_merger' build argument 'cmake_force_configure' from command line to 'False'
[3.881s] Level 5:colcon.colcon_core.verb:set package 'laser_scan_merger' build argument 'ament_cmake_args' from command line to 'None'
[3.881s] Level 5:colcon.colcon_core.verb:set package 'laser_scan_merger' build argument 'catkin_cmake_args' from command line to 'None'
[3.881s] Level 5:colcon.colcon_core.verb:set package 'laser_scan_merger' build argument 'catkin_skip_building_tests' from command line to 'False'
[3.881s] DEBUG:colcon.colcon_core.verb:Building package 'laser_scan_merger' with the following arguments: {'ament_cmake_args': None, 'build_base': '/home/jrlintern/Desktop/CNRS_AIST_Work/CNRS_AIST_Mobile_Shopping_Robot/robot_ws_ros2/build/laser_scan_merger', 'catkin_cmake_args': None, 'catkin_skip_building_tests': False, 'cmake_args': None, 'cmake_clean_cache': False, 'cmake_clean_first': False, 'cmake_force_configure': False, 'cmake_target': None, 'cmake_target_skip_unavailable': False, 'install_base': '/home/jrlintern/Desktop/CNRS_AIST_Work/CNRS_AIST_Mobile_Shopping_Robot/robot_ws_ros2/install/laser_scan_merger', 'merge_install': False, 'path': '/home/jrlintern/Desktop/CNRS_AIST_Work/CNRS_AIST_Mobile_Shopping_Robot/robot_ws_ros2/src/laser_scan_merger', 'symlink_install': False, 'test_result_base': None}
[3.965s] Level 5:colcon.colcon_core.verb:set package 'nav2_simu' build argument 'cmake_args' from command line to 'None'
[3.965s] Level 5:colcon.colcon_core.verb:set package 'nav2_simu' build argument 'cmake_target' from command line to 'None'
[3.965s] Level 5:colcon.colcon_core.verb:set package 'nav2_simu' build argument 'cmake_target_skip_unavailable' from command line to 'False'
[3.965s] Level 5:colcon.colcon_core.verb:set package 'nav2_simu' build argument 'cmake_clean_cache' from command line to 'False'
[3.965s] Level 5:colcon.colcon_core.verb:set package 'nav2_simu' build argument 'cmake_clean_first' from command line to 'False'
[3.965s] Level 5:colcon.colcon_core.verb:set package 'nav2_simu' build argument 'cmake_force_configure' from command line to 'False'
[3.965s] Level 5:colcon.colcon_core.verb:set package 'nav2_simu' build argument 'ament_cmake_args' from command line to 'None'
[3.966s] Level 5:colcon.colcon_core.verb:set package 'nav2_simu' build argument 'catkin_cmake_args' from command line to 'None'
[3.966s] Level 5:colcon.colcon_core.verb:set package 'nav2_simu' build argument 'catkin_skip_building_tests' from command line to 'False'
[3.966s] DEBUG:colcon.colcon_core.verb:Building package 'nav2_simu' with the following arguments: {'ament_cmake_args': None, 'build_base': '/home/jrlintern/Desktop/CNRS_AIST_Work/CNRS_AIST_Mobile_Shopping_Robot/robot_ws_ros2/build/nav2_simu', 'catkin_cmake_args': None, 'catkin_skip_building_tests': False, 'cmake_args': None, 'cmake_clean_cache': False, 'cmake_clean_first': False, 'cmake_force_configure': False, 'cmake_target': None, 'cmake_target_skip_unavailable': False, 'install_base': '/home/jrlintern/Desktop/CNRS_AIST_Work/CNRS_AIST_Mobile_Shopping_Robot/robot_ws_ros2/install/nav2_simu', 'merge_install': False, 'path': '/home/jrlintern/Desktop/CNRS_AIST_Work/CNRS_AIST_Mobile_Shopping_Robot/robot_ws_ros2/src/nav2_simu', 'symlink_install': False, 'test_result_base': None}
[4.022s] INFO:colcon.colcon_core.executor:Executing jobs using 'parallel' executor
[4.073s] DEBUG:colcon.colcon_parallel_executor.executor.parallel:run_until_complete
[4.073s] INFO:colcon.colcon_ros.task.ament_cmake.build:Building ROS package in '/home/jrlintern/Desktop/CNRS_AIST_Work/CNRS_AIST_Mobile_Shopping_Robot/robot_ws_ros2/src/c_pkg' with build type 'ament_cmake'
[4.073s] INFO:colcon.colcon_cmake.task.cmake.build:Building CMake package in '/home/jrlintern/Desktop/CNRS_AIST_Work/CNRS_AIST_Mobile_Shopping_Robot/robot_ws_ros2/src/c_pkg'
[4.137s] INFO:colcon.colcon_core.plugin_system:Skipping extension 'colcon_core.shell.bat': Not used on non-Windows systems
[4.137s] INFO:colcon.colcon_core.shell:Skip shell extension 'powershell' for command environment: Not usable outside of PowerShell
[4.137s] DEBUG:colcon.colcon_core.shell:Skip shell extension 'dsv' for command environment
[4.445s] INFO:colcon.colcon_ros.task.ament_cmake.build:Building ROS package in '/home/jrlintern/Desktop/CNRS_AIST_Work/CNRS_AIST_Mobile_Shopping_Robot/robot_ws_ros2/src/laser_scan_merger' with build type 'ament_cmake'
[4.447s] INFO:colcon.colcon_cmake.task.cmake.build:Building CMake package in '/home/jrlintern/Desktop/CNRS_AIST_Work/CNRS_AIST_Mobile_Shopping_Robot/robot_ws_ros2/src/laser_scan_merger'
[4.587s] INFO:colcon.colcon_core.shell:Skip shell extension 'powershell' for command environment: Not usable outside of PowerShell
[4.588s] DEBUG:colcon.colcon_core.shell:Skip shell extension 'dsv' for command environment
[4.825s] INFO:colcon.colcon_ros.task.ament_cmake.build:Building ROS package in '/home/jrlintern/Desktop/CNRS_AIST_Work/CNRS_AIST_Mobile_Shopping_Robot/robot_ws_ros2/src/nav2_simu' with build type 'ament_cmake'
[4.826s] INFO:colcon.colcon_cmake.task.cmake.build:Building CMake package in '/home/jrlintern/Desktop/CNRS_AIST_Work/CNRS_AIST_Mobile_Shopping_Robot/robot_ws_ros2/src/nav2_simu'
[4.895s] INFO:colcon.colcon_core.shell:Skip shell extension 'powershell' for command environment: Not usable outside of PowerShell
[4.895s] DEBUG:colcon.colcon_core.shell:Skip shell extension 'dsv' for command environment
[5.122s] DEBUG:colcon.colcon_core.event_handler.log_command:Invoking command in '/home/jrlintern/Desktop/CNRS_AIST_Work/CNRS_AIST_Mobile_Shopping_Robot/robot_ws_ros2/build/c_pkg': CMAKE_PREFIX_PATH=${CMAKE_PREFIX_PATH}:/opt/ros/foxy /usr/bin/cmake --build /home/jrlintern/Desktop/CNRS_AIST_Work/CNRS_AIST_Mobile_Shopping_Robot/robot_ws_ros2/build/c_pkg -- -j8 -l8
[5.130s] DEBUG:colcon.colcon_core.event_handler.log_command:Invoking command in '/home/jrlintern/Desktop/CNRS_AIST_Work/CNRS_AIST_Mobile_Shopping_Robot/robot_ws_ros2/build/laser_scan_merger': CMAKE_PREFIX_PATH=${CMAKE_PREFIX_PATH}:/opt/ros/foxy /usr/bin/cmake --build /home/jrlintern/Desktop/CNRS_AIST_Work/CNRS_AIST_Mobile_Shopping_Robot/robot_ws_ros2/build/laser_scan_merger -- -j8 -l8
[5.140s] DEBUG:colcon.colcon_core.event_handler.log_command:Invoking command in '/home/jrlintern/Desktop/CNRS_AIST_Work/CNRS_AIST_Mobile_Shopping_Robot/robot_ws_ros2/build/nav2_simu': CMAKE_PREFIX_PATH=${CMAKE_PREFIX_PATH}:/opt/ros/foxy /usr/bin/cmake --build /home/jrlintern/Desktop/CNRS_AIST_Work/CNRS_AIST_Mobile_Shopping_Robot/robot_ws_ros2/build/nav2_simu -- -j8 -l8
[5.159s] DEBUG:colcon.colcon_core.event_handler.log_command:Invoked command in '/home/jrlintern/Desktop/CNRS_AIST_Work/CNRS_AIST_Mobile_Shopping_Robot/robot_ws_ros2/build/nav2_simu' returned '0': CMAKE_PREFIX_PATH=${CMAKE_PREFIX_PATH}:/opt/ros/foxy /usr/bin/cmake --build /home/jrlintern/Desktop/CNRS_AIST_Work/CNRS_AIST_Mobile_Shopping_Robot/robot_ws_ros2/build/nav2_simu -- -j8 -l8
[5.191s] DEBUG:colcon.colcon_core.event_handler.log_command:Invoking command in '/home/jrlintern/Desktop/CNRS_AIST_Work/CNRS_AIST_Mobile_Shopping_Robot/robot_ws_ros2/build/nav2_simu': CMAKE_PREFIX_PATH=${CMAKE_PREFIX_PATH}:/opt/ros/foxy /usr/bin/cmake --install /home/jrlintern/Desktop/CNRS_AIST_Work/CNRS_AIST_Mobile_Shopping_Robot/robot_ws_ros2/build/nav2_simu
[5.197s] Level 1:colcon.colcon_core.environment:create_environment_scripts_only(nav2_simu)
[5.200s] DEBUG:colcon.colcon_core.event_handler.log_command:Invoked command in '/home/jrlintern/Desktop/CNRS_AIST_Work/CNRS_AIST_Mobile_Shopping_Robot/robot_ws_ros2/build/nav2_simu' returned '0': CMAKE_PREFIX_PATH=${CMAKE_PREFIX_PATH}:/opt/ros/foxy /usr/bin/cmake --install /home/jrlintern/Desktop/CNRS_AIST_Work/CNRS_AIST_Mobile_Shopping_Robot/robot_ws_ros2/build/nav2_simu
[5.291s] Level 1:colcon.colcon_core.environment:checking '/home/jrlintern/Desktop/CNRS_AIST_Work/CNRS_AIST_Mobile_Shopping_Robot/robot_ws_ros2/install/nav2_simu' for CMake module files
[5.292s] Level 1:colcon.colcon_core.environment:checking '/home/jrlintern/Desktop/CNRS_AIST_Work/CNRS_AIST_Mobile_Shopping_Robot/robot_ws_ros2/install/nav2_simu' for CMake config files
[5.292s] Level 1:colcon.colcon_core.shell:create_environment_hook('nav2_simu', 'cmake_prefix_path')
[5.395s] INFO:colcon.colcon_core.shell:Creating environment hook '/home/jrlintern/Desktop/CNRS_AIST_Work/CNRS_AIST_Mobile_Shopping_Robot/robot_ws_ros2/install/nav2_simu/share/nav2_simu/hook/cmake_prefix_path.ps1'
[5.397s] INFO:colcon.colcon_core.shell:Creating environment descriptor '/home/jrlintern/Desktop/CNRS_AIST_Work/CNRS_AIST_Mobile_Shopping_Robot/robot_ws_ros2/install/nav2_simu/share/nav2_simu/hook/cmake_prefix_path.dsv'
[5.398s] INFO:colcon.colcon_core.shell:Creating environment hook '/home/jrlintern/Desktop/CNRS_AIST_Work/CNRS_AIST_Mobile_Shopping_Robot/robot_ws_ros2/install/nav2_simu/share/nav2_simu/hook/cmake_prefix_path.sh'
[5.399s] Level 1:colcon.colcon_core.environment:checking '/home/jrlintern/Desktop/CNRS_AIST_Work/CNRS_AIST_Mobile_Shopping_Robot/robot_ws_ros2/install/nav2_simu/bin'
[5.399s] Level 1:colcon.colcon_core.environment:checking '/home/jrlintern/Desktop/CNRS_AIST_Work/CNRS_AIST_Mobile_Shopping_Robot/robot_ws_ros2/install/nav2_simu/lib/pkgconfig/nav2_simu.pc'
[5.399s] Level 1:colcon.colcon_core.environment:checking '/home/jrlintern/Desktop/CNRS_AIST_Work/CNRS_AIST_Mobile_Shopping_Robot/robot_ws_ros2/install/nav2_simu/lib/python3.8/site-packages'
[5.400s] Level 1:colcon.colcon_core.environment:checking '/home/jrlintern/Desktop/CNRS_AIST_Work/CNRS_AIST_Mobile_Shopping_Robot/robot_ws_ros2/install/nav2_simu/bin'
[5.473s] INFO:colcon.colcon_core.shell:Creating package script '/home/jrlintern/Desktop/CNRS_AIST_Work/CNRS_AIST_Mobile_Shopping_Robot/robot_ws_ros2/install/nav2_simu/share/nav2_simu/package.ps1'
[5.474s] INFO:colcon.colcon_core.shell:Creating package descriptor '/home/jrlintern/Desktop/CNRS_AIST_Work/CNRS_AIST_Mobile_Shopping_Robot/robot_ws_ros2/install/nav2_simu/share/nav2_simu/package.dsv'
[5.474s] INFO:colcon.colcon_core.shell:Creating package script '/home/jrlintern/Desktop/CNRS_AIST_Work/CNRS_AIST_Mobile_Shopping_Robot/robot_ws_ros2/install/nav2_simu/share/nav2_simu/package.sh'
[5.475s] INFO:colcon.colcon_core.shell:Creating package script '/home/jrlintern/Desktop/CNRS_AIST_Work/CNRS_AIST_Mobile_Shopping_Robot/robot_ws_ros2/install/nav2_simu/share/nav2_simu/package.bash'
[5.477s] INFO:colcon.colcon_core.shell:Creating package script '/home/jrlintern/Desktop/CNRS_AIST_Work/CNRS_AIST_Mobile_Shopping_Robot/robot_ws_ros2/install/nav2_simu/share/nav2_simu/package.zsh'
[5.480s] Level 1:colcon.colcon_core.environment:create_file_with_runtime_dependencies(/home/jrlintern/Desktop/CNRS_AIST_Work/CNRS_AIST_Mobile_Shopping_Robot/robot_ws_ros2/install/nav2_simu/share/colcon-core/packages/nav2_simu)
[5.488s] DEBUG:colcon.colcon_core.event_handler.log_command:Invoked command in '/home/jrlintern/Desktop/CNRS_AIST_Work/CNRS_AIST_Mobile_Shopping_Robot/robot_ws_ros2/build/c_pkg' returned '0': CMAKE_PREFIX_PATH=${CMAKE_PREFIX_PATH}:/opt/ros/foxy /usr/bin/cmake --build /home/jrlintern/Desktop/CNRS_AIST_Work/CNRS_AIST_Mobile_Shopping_Robot/robot_ws_ros2/build/c_pkg -- -j8 -l8
[5.601s] Level 1:colcon.colcon_core.environment:create_environment_scripts_only(nav2_simu)
[5.677s] Level 1:colcon.colcon_core.environment:checking '/home/jrlintern/Desktop/CNRS_AIST_Work/CNRS_AIST_Mobile_Shopping_Robot/robot_ws_ros2/install/nav2_simu' for CMake module files
[5.678s] Level 1:colcon.colcon_core.environment:checking '/home/jrlintern/Desktop/CNRS_AIST_Work/CNRS_AIST_Mobile_Shopping_Robot/robot_ws_ros2/install/nav2_simu' for CMake config files
[5.679s] Level 1:colcon.colcon_core.shell:create_environment_hook('nav2_simu', 'cmake_prefix_path')
[5.748s] INFO:colcon.colcon_core.shell:Creating environment hook '/home/jrlintern/Desktop/CNRS_AIST_Work/CNRS_AIST_Mobile_Shopping_Robot/robot_ws_ros2/install/nav2_simu/share/nav2_simu/hook/cmake_prefix_path.ps1'
[5.749s] INFO:colcon.colcon_core.shell:Creating environment descriptor '/home/jrlintern/Desktop/CNRS_AIST_Work/CNRS_AIST_Mobile_Shopping_Robot/robot_ws_ros2/install/nav2_simu/share/nav2_simu/hook/cmake_prefix_path.dsv'
[5.749s] INFO:colcon.colcon_core.shell:Creating environment hook '/home/jrlintern/Desktop/CNRS_AIST_Work/CNRS_AIST_Mobile_Shopping_Robot/robot_ws_ros2/install/nav2_simu/share/nav2_simu/hook/cmake_prefix_path.sh'
[5.750s] Level 1:colcon.colcon_core.environment:checking '/home/jrlintern/Desktop/CNRS_AIST_Work/CNRS_AIST_Mobile_Shopping_Robot/robot_ws_ros2/install/nav2_simu/bin'
[5.750s] Level 1:colcon.colcon_core.environment:checking '/home/jrlintern/Desktop/CNRS_AIST_Work/CNRS_AIST_Mobile_Shopping_Robot/robot_ws_ros2/install/nav2_simu/lib/pkgconfig/nav2_simu.pc'
[5.751s] Level 1:colcon.colcon_core.environment:checking '/home/jrlintern/Desktop/CNRS_AIST_Work/CNRS_AIST_Mobile_Shopping_Robot/robot_ws_ros2/install/nav2_simu/lib/python3.8/site-packages'
[5.751s] Level 1:colcon.colcon_core.environment:checking '/home/jrlintern/Desktop/CNRS_AIST_Work/CNRS_AIST_Mobile_Shopping_Robot/robot_ws_ros2/install/nav2_simu/bin'
[5.861s] INFO:colcon.colcon_core.shell:Creating package script '/home/jrlintern/Desktop/CNRS_AIST_Work/CNRS_AIST_Mobile_Shopping_Robot/robot_ws_ros2/install/nav2_simu/share/nav2_simu/package.ps1'
[5.863s] INFO:colcon.colcon_core.shell:Creating package descriptor '/home/jrlintern/Desktop/CNRS_AIST_Work/CNRS_AIST_Mobile_Shopping_Robot/robot_ws_ros2/install/nav2_simu/share/nav2_simu/package.dsv'
[5.867s] INFO:colcon.colcon_core.shell:Creating package script '/home/jrlintern/Desktop/CNRS_AIST_Work/CNRS_AIST_Mobile_Shopping_Robot/robot_ws_ros2/install/nav2_simu/share/nav2_simu/package.sh'
[5.870s] INFO:colcon.colcon_core.shell:Creating package script '/home/jrlintern/Desktop/CNRS_AIST_Work/CNRS_AIST_Mobile_Shopping_Robot/robot_ws_ros2/install/nav2_simu/share/nav2_simu/package.bash'
[5.873s] INFO:colcon.colcon_core.shell:Creating package script '/home/jrlintern/Desktop/CNRS_AIST_Work/CNRS_AIST_Mobile_Shopping_Robot/robot_ws_ros2/install/nav2_simu/share/nav2_simu/package.zsh'
[5.874s] Level 1:colcon.colcon_core.environment:create_file_with_runtime_dependencies(/home/jrlintern/Desktop/CNRS_AIST_Work/CNRS_AIST_Mobile_Shopping_Robot/robot_ws_ros2/install/nav2_simu/share/colcon-core/packages/nav2_simu)
[5.888s] DEBUG:colcon.colcon_core.event_handler.log_command:Invoking command in '/home/jrlintern/Desktop/CNRS_AIST_Work/CNRS_AIST_Mobile_Shopping_Robot/robot_ws_ros2/build/c_pkg': CMAKE_PREFIX_PATH=${CMAKE_PREFIX_PATH}:/opt/ros/foxy /usr/bin/cmake --install /home/jrlintern/Desktop/CNRS_AIST_Work/CNRS_AIST_Mobile_Shopping_Robot/robot_ws_ros2/build/c_pkg
[6.041s] Level 1:colcon.colcon_core.environment:create_environment_scripts_only(c_pkg)
[6.047s] DEBUG:colcon.colcon_core.event_handler.log_command:Invoked command in '/home/jrlintern/Desktop/CNRS_AIST_Work/CNRS_AIST_Mobile_Shopping_Robot/robot_ws_ros2/build/c_pkg' returned '0': CMAKE_PREFIX_PATH=${CMAKE_PREFIX_PATH}:/opt/ros/foxy /usr/bin/cmake --install /home/jrlintern/Desktop/CNRS_AIST_Work/CNRS_AIST_Mobile_Shopping_Robot/robot_ws_ros2/build/c_pkg
[6.181s] Level 1:colcon.colcon_core.environment:checking '/home/jrlintern/Desktop/CNRS_AIST_Work/CNRS_AIST_Mobile_Shopping_Robot/robot_ws_ros2/install/c_pkg' for CMake module files
[6.183s] Level 1:colcon.colcon_core.environment:checking '/home/jrlintern/Desktop/CNRS_AIST_Work/CNRS_AIST_Mobile_Shopping_Robot/robot_ws_ros2/install/c_pkg' for CMake config files
[6.183s] Level 1:colcon.colcon_core.shell:create_environment_hook('c_pkg', 'cmake_prefix_path')
[6.357s] INFO:colcon.colcon_core.shell:Creating environment hook '/home/jrlintern/Desktop/CNRS_AIST_Work/CNRS_AIST_Mobile_Shopping_Robot/robot_ws_ros2/install/c_pkg/share/c_pkg/hook/cmake_prefix_path.ps1'
[6.359s] INFO:colcon.colcon_core.shell:Creating environment descriptor '/home/jrlintern/Desktop/CNRS_AIST_Work/CNRS_AIST_Mobile_Shopping_Robot/robot_ws_ros2/install/c_pkg/share/c_pkg/hook/cmake_prefix_path.dsv'
[6.359s] INFO:colcon.colcon_core.shell:Creating environment hook '/home/jrlintern/Desktop/CNRS_AIST_Work/CNRS_AIST_Mobile_Shopping_Robot/robot_ws_ros2/install/c_pkg/share/c_pkg/hook/cmake_prefix_path.sh'
[6.362s] Level 1:colcon.colcon_core.environment:checking '/home/jrlintern/Desktop/CNRS_AIST_Work/CNRS_AIST_Mobile_Shopping_Robot/robot_ws_ros2/install/c_pkg/lib'
[6.362s] Level 1:colcon.colcon_core.shell:create_environment_hook('c_pkg', 'ld_library_path_lib')
[6.491s] INFO:colcon.colcon_core.shell:Creating environment hook '/home/jrlintern/Desktop/CNRS_AIST_Work/CNRS_AIST_Mobile_Shopping_Robot/robot_ws_ros2/install/c_pkg/share/c_pkg/hook/ld_library_path_lib.ps1'
[6.493s] INFO:colcon.colcon_core.shell:Creating environment descriptor '/home/jrlintern/Desktop/CNRS_AIST_Work/CNRS_AIST_Mobile_Shopping_Robot/robot_ws_ros2/install/c_pkg/share/c_pkg/hook/ld_library_path_lib.dsv'
[6.494s] INFO:colcon.colcon_core.shell:Creating environment hook '/home/jrlintern/Desktop/CNRS_AIST_Work/CNRS_AIST_Mobile_Shopping_Robot/robot_ws_ros2/install/c_pkg/share/c_pkg/hook/ld_library_path_lib.sh'
[6.494s] Level 1:colcon.colcon_core.environment:checking '/home/jrlintern/Desktop/CNRS_AIST_Work/CNRS_AIST_Mobile_Shopping_Robot/robot_ws_ros2/install/c_pkg/bin'
[6.495s] Level 1:colcon.colcon_core.environment:checking '/home/jrlintern/Desktop/CNRS_AIST_Work/CNRS_AIST_Mobile_Shopping_Robot/robot_ws_ros2/install/c_pkg/lib/pkgconfig/c_pkg.pc'
[6.495s] Level 1:colcon.colcon_core.environment:checking '/home/jrlintern/Desktop/CNRS_AIST_Work/CNRS_AIST_Mobile_Shopping_Robot/robot_ws_ros2/install/c_pkg/lib/python3.8/site-packages'
[6.495s] Level 1:colcon.colcon_core.shell:create_environment_hook('c_pkg', 'pythonpath')
[6.619s] INFO:colcon.colcon_core.shell:Creating environment hook '/home/jrlintern/Desktop/CNRS_AIST_Work/CNRS_AIST_Mobile_Shopping_Robot/robot_ws_ros2/install/c_pkg/share/c_pkg/hook/pythonpath.ps1'
[6.621s] INFO:colcon.colcon_core.shell:Creating environment descriptor '/home/jrlintern/Desktop/CNRS_AIST_Work/CNRS_AIST_Mobile_Shopping_Robot/robot_ws_ros2/install/c_pkg/share/c_pkg/hook/pythonpath.dsv'
[6.622s] INFO:colcon.colcon_core.shell:Creating environment hook '/home/jrlintern/Desktop/CNRS_AIST_Work/CNRS_AIST_Mobile_Shopping_Robot/robot_ws_ros2/install/c_pkg/share/c_pkg/hook/pythonpath.sh'
[6.623s] Level 1:colcon.colcon_core.environment:checking '/home/jrlintern/Desktop/CNRS_AIST_Work/CNRS_AIST_Mobile_Shopping_Robot/robot_ws_ros2/install/c_pkg/bin'
[6.713s] INFO:colcon.colcon_core.shell:Creating package script '/home/jrlintern/Desktop/CNRS_AIST_Work/CNRS_AIST_Mobile_Shopping_Robot/robot_ws_ros2/install/c_pkg/share/c_pkg/package.ps1'
[6.714s] INFO:colcon.colcon_core.shell:Creating package descriptor '/home/jrlintern/Desktop/CNRS_AIST_Work/CNRS_AIST_Mobile_Shopping_Robot/robot_ws_ros2/install/c_pkg/share/c_pkg/package.dsv'
[6.714s] INFO:colcon.colcon_core.shell:Creating package script '/home/jrlintern/Desktop/CNRS_AIST_Work/CNRS_AIST_Mobile_Shopping_Robot/robot_ws_ros2/install/c_pkg/share/c_pkg/package.sh'
[6.715s] INFO:colcon.colcon_core.shell:Creating package script '/home/jrlintern/Desktop/CNRS_AIST_Work/CNRS_AIST_Mobile_Shopping_Robot/robot_ws_ros2/install/c_pkg/share/c_pkg/package.bash'
[6.715s] INFO:colcon.colcon_core.shell:Creating package script '/home/jrlintern/Desktop/CNRS_AIST_Work/CNRS_AIST_Mobile_Shopping_Robot/robot_ws_ros2/install/c_pkg/share/c_pkg/package.zsh'
[6.715s] Level 1:colcon.colcon_core.environment:create_file_with_runtime_dependencies(/home/jrlintern/Desktop/CNRS_AIST_Work/CNRS_AIST_Mobile_Shopping_Robot/robot_ws_ros2/install/c_pkg/share/colcon-core/packages/c_pkg)
[6.972s] Level 1:colcon.colcon_core.environment:create_environment_scripts_only(c_pkg)
[7.140s] Level 1:colcon.colcon_core.environment:checking '/home/jrlintern/Desktop/CNRS_AIST_Work/CNRS_AIST_Mobile_Shopping_Robot/robot_ws_ros2/install/c_pkg' for CMake module files
[7.141s] Level 1:colcon.colcon_core.environment:checking '/home/jrlintern/Desktop/CNRS_AIST_Work/CNRS_AIST_Mobile_Shopping_Robot/robot_ws_ros2/install/c_pkg' for CMake config files
[7.142s] Level 1:colcon.colcon_core.shell:create_environment_hook('c_pkg', 'cmake_prefix_path')
[7.273s] INFO:colcon.colcon_core.shell:Creating environment hook '/home/jrlintern/Desktop/CNRS_AIST_Work/CNRS_AIST_Mobile_Shopping_Robot/robot_ws_ros2/install/c_pkg/share/c_pkg/hook/cmake_prefix_path.ps1'
[7.274s] INFO:colcon.colcon_core.shell:Creating environment descriptor '/home/jrlintern/Desktop/CNRS_AIST_Work/CNRS_AIST_Mobile_Shopping_Robot/robot_ws_ros2/install/c_pkg/share/c_pkg/hook/cmake_prefix_path.dsv'
[7.275s] INFO:colcon.colcon_core.shell:Creating environment hook '/home/jrlintern/Desktop/CNRS_AIST_Work/CNRS_AIST_Mobile_Shopping_Robot/robot_ws_ros2/install/c_pkg/share/c_pkg/hook/cmake_prefix_path.sh'
[7.276s] Level 1:colcon.colcon_core.environment:checking '/home/jrlintern/Desktop/CNRS_AIST_Work/CNRS_AIST_Mobile_Shopping_Robot/robot_ws_ros2/install/c_pkg/lib'
[7.277s] Level 1:colcon.colcon_core.shell:create_environment_hook('c_pkg', 'ld_library_path_lib')
[7.428s] INFO:colcon.colcon_core.shell:Creating environment hook '/home/jrlintern/Desktop/CNRS_AIST_Work/CNRS_AIST_Mobile_Shopping_Robot/robot_ws_ros2/install/c_pkg/share/c_pkg/hook/ld_library_path_lib.ps1'
[7.431s] INFO:colcon.colcon_core.shell:Creating environment descriptor '/home/jrlintern/Desktop/CNRS_AIST_Work/CNRS_AIST_Mobile_Shopping_Robot/robot_ws_ros2/install/c_pkg/share/c_pkg/hook/ld_library_path_lib.dsv'
[7.433s] INFO:colcon.colcon_core.shell:Creating environment hook '/home/jrlintern/Desktop/CNRS_AIST_Work/CNRS_AIST_Mobile_Shopping_Robot/robot_ws_ros2/install/c_pkg/share/c_pkg/hook/ld_library_path_lib.sh'
[7.435s] Level 1:colcon.colcon_core.environment:checking '/home/jrlintern/Desktop/CNRS_AIST_Work/CNRS_AIST_Mobile_Shopping_Robot/robot_ws_ros2/install/c_pkg/bin'
[7.436s] Level 1:colcon.colcon_core.environment:checking '/home/jrlintern/Desktop/CNRS_AIST_Work/CNRS_AIST_Mobile_Shopping_Robot/robot_ws_ros2/install/c_pkg/lib/pkgconfig/c_pkg.pc'
[7.437s] Level 1:colcon.colcon_core.environment:checking '/home/jrlintern/Desktop/CNRS_AIST_Work/CNRS_AIST_Mobile_Shopping_Robot/robot_ws_ros2/install/c_pkg/lib/python3.8/site-packages'
[7.437s] Level 1:colcon.colcon_core.shell:create_environment_hook('c_pkg', 'pythonpath')
[7.594s] INFO:colcon.colcon_core.shell:Creating environment hook '/home/jrlintern/Desktop/CNRS_AIST_Work/CNRS_AIST_Mobile_Shopping_Robot/robot_ws_ros2/install/c_pkg/share/c_pkg/hook/pythonpath.ps1'
[7.596s] INFO:colcon.colcon_core.shell:Creating environment descriptor '/home/jrlintern/Desktop/CNRS_AIST_Work/CNRS_AIST_Mobile_Shopping_Robot/robot_ws_ros2/install/c_pkg/share/c_pkg/hook/pythonpath.dsv'
[7.598s] INFO:colcon.colcon_core.shell:Creating environment hook '/home/jrlintern/Desktop/CNRS_AIST_Work/CNRS_AIST_Mobile_Shopping_Robot/robot_ws_ros2/install/c_pkg/share/c_pkg/hook/pythonpath.sh'
[7.599s] Level 1:colcon.colcon_core.environment:checking '/home/jrlintern/Desktop/CNRS_AIST_Work/CNRS_AIST_Mobile_Shopping_Robot/robot_ws_ros2/install/c_pkg/bin'
[7.679s] INFO:colcon.colcon_core.shell:Creating package script '/home/jrlintern/Desktop/CNRS_AIST_Work/CNRS_AIST_Mobile_Shopping_Robot/robot_ws_ros2/install/c_pkg/share/c_pkg/package.ps1'
[7.679s] INFO:colcon.colcon_core.shell:Creating package descriptor '/home/jrlintern/Desktop/CNRS_AIST_Work/CNRS_AIST_Mobile_Shopping_Robot/robot_ws_ros2/install/c_pkg/share/c_pkg/package.dsv'
[7.680s] INFO:colcon.colcon_core.shell:Creating package script '/home/jrlintern/Desktop/CNRS_AIST_Work/CNRS_AIST_Mobile_Shopping_Robot/robot_ws_ros2/install/c_pkg/share/c_pkg/package.sh'
[7.680s] INFO:colcon.colcon_core.shell:Creating package script '/home/jrlintern/Desktop/CNRS_AIST_Work/CNRS_AIST_Mobile_Shopping_Robot/robot_ws_ros2/install/c_pkg/share/c_pkg/package.bash'
[7.681s] INFO:colcon.colcon_core.shell:Creating package script '/home/jrlintern/Desktop/CNRS_AIST_Work/CNRS_AIST_Mobile_Shopping_Robot/robot_ws_ros2/install/c_pkg/share/c_pkg/package.zsh'
[7.681s] Level 1:colcon.colcon_core.environment:create_file_with_runtime_dependencies(/home/jrlintern/Desktop/CNRS_AIST_Work/CNRS_AIST_Mobile_Shopping_Robot/robot_ws_ros2/install/c_pkg/share/colcon-core/packages/c_pkg)
[16.653s] DEBUG:colcon.colcon_core.event_handler.log_command:Invoked command in '/home/jrlintern/Desktop/CNRS_AIST_Work/CNRS_AIST_Mobile_Shopping_Robot/robot_ws_ros2/build/laser_scan_merger' returned '0': CMAKE_PREFIX_PATH=${CMAKE_PREFIX_PATH}:/opt/ros/foxy /usr/bin/cmake --build /home/jrlintern/Desktop/CNRS_AIST_Work/CNRS_AIST_Mobile_Shopping_Robot/robot_ws_ros2/build/laser_scan_merger -- -j8 -l8
[16.674s] DEBUG:colcon.colcon_core.event_handler.log_command:Invoking command in '/home/jrlintern/Desktop/CNRS_AIST_Work/CNRS_AIST_Mobile_Shopping_Robot/robot_ws_ros2/build/laser_scan_merger': CMAKE_PREFIX_PATH=${CMAKE_PREFIX_PATH}:/opt/ros/foxy /usr/bin/cmake --install /home/jrlintern/Desktop/CNRS_AIST_Work/CNRS_AIST_Mobile_Shopping_Robot/robot_ws_ros2/build/laser_scan_merger
[16.683s] Level 1:colcon.colcon_core.environment:create_environment_scripts_only(laser_scan_merger)
[16.684s] DEBUG:colcon.colcon_core.event_handler.log_command:Invoked command in '/home/jrlintern/Desktop/CNRS_AIST_Work/CNRS_AIST_Mobile_Shopping_Robot/robot_ws_ros2/build/laser_scan_merger' returned '0': CMAKE_PREFIX_PATH=${CMAKE_PREFIX_PATH}:/opt/ros/foxy /usr/bin/cmake --install /home/jrlintern/Desktop/CNRS_AIST_Work/CNRS_AIST_Mobile_Shopping_Robot/robot_ws_ros2/build/laser_scan_merger
[16.731s] Level 1:colcon.colcon_core.environment:checking '/home/jrlintern/Desktop/CNRS_AIST_Work/CNRS_AIST_Mobile_Shopping_Robot/robot_ws_ros2/install/laser_scan_merger' for CMake module files
[16.732s] Level 1:colcon.colcon_core.environment:checking '/home/jrlintern/Desktop/CNRS_AIST_Work/CNRS_AIST_Mobile_Shopping_Robot/robot_ws_ros2/install/laser_scan_merger' for CMake config files
[16.732s] Level 1:colcon.colcon_core.shell:create_environment_hook('laser_scan_merger', 'cmake_prefix_path')
[16.779s] INFO:colcon.colcon_core.shell:Creating environment hook '/home/jrlintern/Desktop/CNRS_AIST_Work/CNRS_AIST_Mobile_Shopping_Robot/robot_ws_ros2/install/laser_scan_merger/share/laser_scan_merger/hook/cmake_prefix_path.ps1'
[16.780s] INFO:colcon.colcon_core.shell:Creating environment descriptor '/home/jrlintern/Desktop/CNRS_AIST_Work/CNRS_AIST_Mobile_Shopping_Robot/robot_ws_ros2/install/laser_scan_merger/share/laser_scan_merger/hook/cmake_prefix_path.dsv'
[16.780s] INFO:colcon.colcon_core.shell:Creating environment hook '/home/jrlintern/Desktop/CNRS_AIST_Work/CNRS_AIST_Mobile_Shopping_Robot/robot_ws_ros2/install/laser_scan_merger/share/laser_scan_merger/hook/cmake_prefix_path.sh'
[16.781s] Level 1:colcon.colcon_core.environment:checking '/home/jrlintern/Desktop/CNRS_AIST_Work/CNRS_AIST_Mobile_Shopping_Robot/robot_ws_ros2/install/laser_scan_merger/lib'
[16.781s] Level 1:colcon.colcon_core.environment:checking '/home/jrlintern/Desktop/CNRS_AIST_Work/CNRS_AIST_Mobile_Shopping_Robot/robot_ws_ros2/install/laser_scan_merger/bin'
[16.781s] Level 1:colcon.colcon_core.environment:checking '/home/jrlintern/Desktop/CNRS_AIST_Work/CNRS_AIST_Mobile_Shopping_Robot/robot_ws_ros2/install/laser_scan_merger/lib/pkgconfig/laser_scan_merger.pc'
[16.781s] Level 1:colcon.colcon_core.environment:checking '/home/jrlintern/Desktop/CNRS_AIST_Work/CNRS_AIST_Mobile_Shopping_Robot/robot_ws_ros2/install/laser_scan_merger/lib/python3.8/site-packages'
[16.781s] Level 1:colcon.colcon_core.environment:checking '/home/jrlintern/Desktop/CNRS_AIST_Work/CNRS_AIST_Mobile_Shopping_Robot/robot_ws_ros2/install/laser_scan_merger/bin'
[16.829s] INFO:colcon.colcon_core.shell:Creating package script '/home/jrlintern/Desktop/CNRS_AIST_Work/CNRS_AIST_Mobile_Shopping_Robot/robot_ws_ros2/install/laser_scan_merger/share/laser_scan_merger/package.ps1'
[16.829s] INFO:colcon.colcon_core.shell:Creating package descriptor '/home/jrlintern/Desktop/CNRS_AIST_Work/CNRS_AIST_Mobile_Shopping_Robot/robot_ws_ros2/install/laser_scan_merger/share/laser_scan_merger/package.dsv'
[16.830s] INFO:colcon.colcon_core.shell:Creating package script '/home/jrlintern/Desktop/CNRS_AIST_Work/CNRS_AIST_Mobile_Shopping_Robot/robot_ws_ros2/install/laser_scan_merger/share/laser_scan_merger/package.sh'
[16.830s] INFO:colcon.colcon_core.shell:Creating package script '/home/jrlintern/Desktop/CNRS_AIST_Work/CNRS_AIST_Mobile_Shopping_Robot/robot_ws_ros2/install/laser_scan_merger/share/laser_scan_merger/package.bash'
[16.830s] INFO:colcon.colcon_core.shell:Creating package script '/home/jrlintern/Desktop/CNRS_AIST_Work/CNRS_AIST_Mobile_Shopping_Robot/robot_ws_ros2/install/laser_scan_merger/share/laser_scan_merger/package.zsh'
[16.831s] Level 1:colcon.colcon_core.environment:create_file_with_runtime_dependencies(/home/jrlintern/Desktop/CNRS_AIST_Work/CNRS_AIST_Mobile_Shopping_Robot/robot_ws_ros2/install/laser_scan_merger/share/colcon-core/packages/laser_scan_merger)
[16.901s] Level 1:colcon.colcon_core.environment:create_environment_scripts_only(laser_scan_merger)
[16.945s] Level 1:colcon.colcon_core.environment:checking '/home/jrlintern/Desktop/CNRS_AIST_Work/CNRS_AIST_Mobile_Shopping_Robot/robot_ws_ros2/install/laser_scan_merger' for CMake module files
[16.946s] Level 1:colcon.colcon_core.environment:checking '/home/jrlintern/Desktop/CNRS_AIST_Work/CNRS_AIST_Mobile_Shopping_Robot/robot_ws_ros2/install/laser_scan_merger' for CMake config files
[16.946s] Level 1:colcon.colcon_core.shell:create_environment_hook('laser_scan_merger', 'cmake_prefix_path')
[17.002s] INFO:colcon.colcon_core.shell:Creating environment hook '/home/jrlintern/Desktop/CNRS_AIST_Work/CNRS_AIST_Mobile_Shopping_Robot/robot_ws_ros2/install/laser_scan_merger/share/laser_scan_merger/hook/cmake_prefix_path.ps1'
[17.002s] INFO:colcon.colcon_core.shell:Creating environment descriptor '/home/jrlintern/Desktop/CNRS_AIST_Work/CNRS_AIST_Mobile_Shopping_Robot/robot_ws_ros2/install/laser_scan_merger/share/laser_scan_merger/hook/cmake_prefix_path.dsv'
[17.002s] INFO:colcon.colcon_core.shell:Creating environment hook '/home/jrlintern/Desktop/CNRS_AIST_Work/CNRS_AIST_Mobile_Shopping_Robot/robot_ws_ros2/install/laser_scan_merger/share/laser_scan_merger/hook/cmake_prefix_path.sh'
[17.003s] Level 1:colcon.colcon_core.environment:checking '/home/jrlintern/Desktop/CNRS_AIST_Work/CNRS_AIST_Mobile_Shopping_Robot/robot_ws_ros2/install/laser_scan_merger/lib'
[17.003s] Level 1:colcon.colcon_core.environment:checking '/home/jrlintern/Desktop/CNRS_AIST_Work/CNRS_AIST_Mobile_Shopping_Robot/robot_ws_ros2/install/laser_scan_merger/bin'
[17.003s] Level 1:colcon.colcon_core.environment:checking '/home/jrlintern/Desktop/CNRS_AIST_Work/CNRS_AIST_Mobile_Shopping_Robot/robot_ws_ros2/install/laser_scan_merger/lib/pkgconfig/laser_scan_merger.pc'
[17.003s] Level 1:colcon.colcon_core.environment:checking '/home/jrlintern/Desktop/CNRS_AIST_Work/CNRS_AIST_Mobile_Shopping_Robot/robot_ws_ros2/install/laser_scan_merger/lib/python3.8/site-packages'
[17.003s] Level 1:colcon.colcon_core.environment:checking '/home/jrlintern/Desktop/CNRS_AIST_Work/CNRS_AIST_Mobile_Shopping_Robot/robot_ws_ros2/install/laser_scan_merger/bin'
[17.048s] INFO:colcon.colcon_core.shell:Creating package script '/home/jrlintern/Desktop/CNRS_AIST_Work/CNRS_AIST_Mobile_Shopping_Robot/robot_ws_ros2/install/laser_scan_merger/share/laser_scan_merger/package.ps1'
[17.049s] INFO:colcon.colcon_core.shell:Creating package descriptor '/home/jrlintern/Desktop/CNRS_AIST_Work/CNRS_AIST_Mobile_Shopping_Robot/robot_ws_ros2/install/laser_scan_merger/share/laser_scan_merger/package.dsv'
[17.049s] INFO:colcon.colcon_core.shell:Creating package script '/home/jrlintern/Desktop/CNRS_AIST_Work/CNRS_AIST_Mobile_Shopping_Robot/robot_ws_ros2/install/laser_scan_merger/share/laser_scan_merger/package.sh'
[17.050s] INFO:colcon.colcon_core.shell:Creating package script '/home/jrlintern/Desktop/CNRS_AIST_Work/CNRS_AIST_Mobile_Shopping_Robot/robot_ws_ros2/install/laser_scan_merger/share/laser_scan_merger/package.bash'
[17.050s] INFO:colcon.colcon_core.shell:Creating package script '/home/jrlintern/Desktop/CNRS_AIST_Work/CNRS_AIST_Mobile_Shopping_Robot/robot_ws_ros2/install/laser_scan_merger/share/laser_scan_merger/package.zsh'
[17.051s] Level 1:colcon.colcon_core.environment:create_file_with_runtime_dependencies(/home/jrlintern/Desktop/CNRS_AIST_Work/CNRS_AIST_Mobile_Shopping_Robot/robot_ws_ros2/install/laser_scan_merger/share/colcon-core/packages/laser_scan_merger)
[17.051s] DEBUG:colcon.colcon_parallel_executor.executor.parallel:closing loop
[17.052s] DEBUG:colcon.colcon_parallel_executor.executor.parallel:loop closed
[17.052s] DEBUG:colcon.colcon_parallel_executor.executor.parallel:run_until_complete finished with '0'
[17.052s] DEBUG:colcon.colcon_core.event_reactor:joining thread
[17.106s] INFO:colcon.colcon_core.plugin_system:Skipping extension 'colcon_notification.desktop_notification.terminal_notifier': Not used on non-Darwin systems
[17.106s] INFO:colcon.colcon_core.plugin_system:Skipping extension 'colcon_notification.desktop_notification.win32': Not used on non-Windows systems
[17.106s] INFO:colcon.colcon_notification.desktop_notification:Sending desktop notification using 'notify2'
[17.120s] DEBUG:colcon.colcon_core.event_reactor:joined thread
[17.176s] INFO:colcon.colcon_core.shell:Creating prefix script '/home/jrlintern/Desktop/CNRS_AIST_Work/CNRS_AIST_Mobile_Shopping_Robot/robot_ws_ros2/install/local_setup.ps1'
[17.178s] INFO:colcon.colcon_core.shell:Creating prefix util module '/home/jrlintern/Desktop/CNRS_AIST_Work/CNRS_AIST_Mobile_Shopping_Robot/robot_ws_ros2/install/_local_setup_util_ps1.py'
[17.180s] INFO:colcon.colcon_core.shell:Creating prefix chain script '/home/jrlintern/Desktop/CNRS_AIST_Work/CNRS_AIST_Mobile_Shopping_Robot/robot_ws_ros2/install/setup.ps1'
[17.232s] INFO:colcon.colcon_core.shell:Creating prefix script '/home/jrlintern/Desktop/CNRS_AIST_Work/CNRS_AIST_Mobile_Shopping_Robot/robot_ws_ros2/install/local_setup.sh'
[17.232s] INFO:colcon.colcon_core.shell:Creating prefix util module '/home/jrlintern/Desktop/CNRS_AIST_Work/CNRS_AIST_Mobile_Shopping_Robot/robot_ws_ros2/install/_local_setup_util_sh.py'
[17.233s] INFO:colcon.colcon_core.shell:Creating prefix chain script '/home/jrlintern/Desktop/CNRS_AIST_Work/CNRS_AIST_Mobile_Shopping_Robot/robot_ws_ros2/install/setup.sh'
[17.282s] INFO:colcon.colcon_core.shell:Creating prefix script '/home/jrlintern/Desktop/CNRS_AIST_Work/CNRS_AIST_Mobile_Shopping_Robot/robot_ws_ros2/install/local_setup.bash'
[17.283s] INFO:colcon.colcon_core.shell:Creating prefix chain script '/home/jrlintern/Desktop/CNRS_AIST_Work/CNRS_AIST_Mobile_Shopping_Robot/robot_ws_ros2/install/setup.bash'
[17.332s] INFO:colcon.colcon_core.shell:Creating prefix script '/home/jrlintern/Desktop/CNRS_AIST_Work/CNRS_AIST_Mobile_Shopping_Robot/robot_ws_ros2/install/local_setup.zsh'
[17.333s] INFO:colcon.colcon_core.shell:Creating prefix chain script '/home/jrlintern/Desktop/CNRS_AIST_Work/CNRS_AIST_Mobile_Shopping_Robot/robot_ws_ros2/install/setup.zsh'
