[3.263s] Invoking command in '/home/jrlintern/Desktop/CNRS_AIST_Work/CNRS_AIST_Mobile_Shopping_Robot/robot_ws_ros2/build/examples_rclpy_minimal_service': PYTHONPATH=/home/jrlintern/Desktop/CNRS_AIST_Work/CNRS_AIST_Mobile_Shopping_Robot/robot_ws_ros2/build/examples_rclpy_minimal_service/prefix_override:/home/jrlintern/Desktop/CNRS_AIST_Work/CNRS_AIST_Mobile_Shopping_Robot/robot_ws_ros2/install/examples_rclpy_minimal_service/lib/python3.8/site-packages:${PYTHONPATH} /usr/bin/python3 setup.py develop --editable --build-directory /home/jrlintern/Desktop/CNRS_AIST_Work/CNRS_AIST_Mobile_Shopping_Robot/robot_ws_ros2/build/examples_rclpy_minimal_service/build --no-deps install_data
[3.571s] running develop
[3.725s] running egg_info
[3.727s] creating examples_rclpy_minimal_service.egg-info
[3.727s] writing examples_rclpy_minimal_service.egg-info/PKG-INFO
[3.727s] writing dependency_links to examples_rclpy_minimal_service.egg-info/dependency_links.txt
[3.728s] writing entry points to examples_rclpy_minimal_service.egg-info/entry_points.txt
[3.728s] writing requirements to examples_rclpy_minimal_service.egg-info/requires.txt
[3.728s] writing top-level names to examples_rclpy_minimal_service.egg-info/top_level.txt
[3.729s] writing manifest file 'examples_rclpy_minimal_service.egg-info/SOURCES.txt'
[3.762s] reading manifest file 'examples_rclpy_minimal_service.egg-info/SOURCES.txt'
[3.763s] writing manifest file 'examples_rclpy_minimal_service.egg-info/SOURCES.txt'
[3.804s] running build_ext
[3.804s] Creating /home/jrlintern/Desktop/CNRS_AIST_Work/CNRS_AIST_Mobile_Shopping_Robot/robot_ws_ros2/install/examples_rclpy_minimal_service/lib/python3.8/site-packages/site.py
[3.808s] Creating /home/jrlintern/Desktop/CNRS_AIST_Work/CNRS_AIST_Mobile_Shopping_Robot/robot_ws_ros2/install/examples_rclpy_minimal_service/lib/python3.8/site-packages/examples-rclpy-minimal-service.egg-link (link to .)
[3.809s] Installing service script to /home/jrlintern/Desktop/CNRS_AIST_Work/CNRS_AIST_Mobile_Shopping_Robot/robot_ws_ros2/install/examples_rclpy_minimal_service/lib/examples_rclpy_minimal_service
[3.809s] Installing service_member_function script to /home/jrlintern/Desktop/CNRS_AIST_Work/CNRS_AIST_Mobile_Shopping_Robot/robot_ws_ros2/install/examples_rclpy_minimal_service/lib/examples_rclpy_minimal_service
[3.809s] 
[3.809s] Installed /home/jrlintern/Desktop/CNRS_AIST_Work/CNRS_AIST_Mobile_Shopping_Robot/robot_ws_ros2/build/examples_rclpy_minimal_service
[3.810s] running install_data
[3.810s] creating /home/jrlintern/Desktop/CNRS_AIST_Work/CNRS_AIST_Mobile_Shopping_Robot/robot_ws_ros2/install/examples_rclpy_minimal_service/share/ament_index
[3.810s] creating /home/jrlintern/Desktop/CNRS_AIST_Work/CNRS_AIST_Mobile_Shopping_Robot/robot_ws_ros2/install/examples_rclpy_minimal_service/share/ament_index/resource_index
[3.810s] creating /home/jrlintern/Desktop/CNRS_AIST_Work/CNRS_AIST_Mobile_Shopping_Robot/robot_ws_ros2/install/examples_rclpy_minimal_service/share/ament_index/resource_index/packages
[3.810s] copying resource/examples_rclpy_minimal_service -> /home/jrlintern/Desktop/CNRS_AIST_Work/CNRS_AIST_Mobile_Shopping_Robot/robot_ws_ros2/install/examples_rclpy_minimal_service/share/ament_index/resource_index/packages
[3.810s] copying package.xml -> /home/jrlintern/Desktop/CNRS_AIST_Work/CNRS_AIST_Mobile_Shopping_Robot/robot_ws_ros2/install/examples_rclpy_minimal_service/share/examples_rclpy_minimal_service
[3.991s] Invoked command in '/home/jrlintern/Desktop/CNRS_AIST_Work/CNRS_AIST_Mobile_Shopping_Robot/robot_ws_ros2/build/examples_rclpy_minimal_service' returned '0': PYTHONPATH=/home/jrlintern/Desktop/CNRS_AIST_Work/CNRS_AIST_Mobile_Shopping_Robot/robot_ws_ros2/build/examples_rclpy_minimal_service/prefix_override:/home/jrlintern/Desktop/CNRS_AIST_Work/CNRS_AIST_Mobile_Shopping_Robot/robot_ws_ros2/install/examples_rclpy_minimal_service/lib/python3.8/site-packages:${PYTHONPATH} /usr/bin/python3 setup.py develop --editable --build-directory /home/jrlintern/Desktop/CNRS_AIST_Work/CNRS_AIST_Mobile_Shopping_Robot/robot_ws_ros2/build/examples_rclpy_minimal_service/build --no-deps install_data
