[01m[K/home/jrlintern/Desktop/CNRS_AIST_Work/CNRS_AIST_Mobile_Shopping_Robot/robot_ws_ros2/src/laser_scan_merger/src/laser_scan_merger.cpp:[m[K In member function ‘[01m[Kvoid LaserScanFusionNode::scan2Callback(sensor_msgs::msg::LaserScan_<std::allocator<void> >::SharedPtr)[m[K’:
[01m[K/home/jrlintern/Desktop/CNRS_AIST_Work/CNRS_AIST_Mobile_Shopping_Robot/robot_ws_ros2/src/laser_scan_merger/src/laser_scan_merger.cpp:67:16:[m[K [01;35m[Kwarning: [m[Kunused variable ‘[01m[Kx_offset[m[K’ [[01;35m[K-Wunused-variable[m[K]
   67 |         double [01;35m[Kx_offset[m[K = translation_vector.x;
      |                [01;35m[K^~~~~~~~[m[K
[01m[K/home/jrlintern/Desktop/CNRS_AIST_Work/CNRS_AIST_Mobile_Shopping_Robot/robot_ws_ros2/src/laser_scan_merger/src/laser_scan_merger.cpp:68:16:[m[K [01;35m[Kwarning: [m[Kunused variable ‘[01m[Ky_offset[m[K’ [[01;35m[K-Wunused-variable[m[K]
   68 |         double [01;35m[Ky_offset[m[K = translation_vector.y;
      |                [01;35m[K^~~~~~~~[m[K
[01m[K/home/jrlintern/Desktop/CNRS_AIST_Work/CNRS_AIST_Mobile_Shopping_Robot/robot_ws_ros2/src/laser_scan_merger/src/laser_scan_merger.cpp:[m[K In member function ‘[01m[Ksensor_msgs::msg::LaserScan LaserScanFusionNode::fuseScans(const SharedPtr&, const SharedPtr&)[m[K’:
[01m[K/home/jrlintern/Desktop/CNRS_AIST_Work/CNRS_AIST_Mobile_Shopping_Robot/robot_ws_ros2/src/laser_scan_merger/src/laser_scan_merger.cpp:127:13:[m[K [01;35m[Kwarning: [m[Kunused variable ‘[01m[Klidar1_start_index[m[K’ [[01;35m[K-Wunused-variable[m[K]
  127 |         int [01;35m[Klidar1_start_index[m[K = angle_to_index(lidar1_start_angle, resolution);
      |             [01;35m[K^~~~~~~~~~~~~~~~~~[m[K
[01m[K/home/jrlintern/Desktop/CNRS_AIST_Work/CNRS_AIST_Mobile_Shopping_Robot/robot_ws_ros2/src/laser_scan_merger/src/laser_scan_merger.cpp:128:13:[m[K [01;35m[Kwarning: [m[Kunused variable ‘[01m[Klidar1_end_index[m[K’ [[01;35m[K-Wunused-variable[m[K]
  128 |         int [01;35m[Klidar1_end_index[m[K = angle_to_index(lidar1_end_angle, resolution);
      |             [01;35m[K^~~~~~~~~~~~~~~~[m[K
[01m[K/home/jrlintern/Desktop/CNRS_AIST_Work/CNRS_AIST_Mobile_Shopping_Robot/robot_ws_ros2/src/laser_scan_merger/src/laser_scan_merger.cpp:129:13:[m[K [01;35m[Kwarning: [m[Kunused variable ‘[01m[Klidar2_start_index[m[K’ [[01;35m[K-Wunused-variable[m[K]
  129 |         int [01;35m[Klidar2_start_index[m[K = angle_to_index(lidar2_start_angle, resolution);
      |             [01;35m[K^~~~~~~~~~~~~~~~~~[m[K
[01m[K/home/jrlintern/Desktop/CNRS_AIST_Work/CNRS_AIST_Mobile_Shopping_Robot/robot_ws_ros2/src/laser_scan_merger/src/laser_scan_merger.cpp:130:13:[m[K [01;35m[Kwarning: [m[Kunused variable ‘[01m[Klidar2_end_index[m[K’ [[01;35m[K-Wunused-variable[m[K]
  130 |         int [01;35m[Klidar2_end_index[m[K = angle_to_index(lidar2_end_angle, resolution);
      |             [01;35m[K^~~~~~~~~~~~~~~~[m[K
[01m[K/home/jrlintern/Desktop/CNRS_AIST_Work/CNRS_AIST_Mobile_Shopping_Robot/robot_ws_ros2/src/laser_scan_merger/src/laser_scan_merger.cpp:131:13:[m[K [01;35m[Kwarning: [m[Kvariable ‘[01m[Kind[m[K’ set but not used [[01;35m[K-Wunused-but-set-variable[m[K]
  131 |         int [01;35m[Kind[m[K = 0;
      |             [01;35m[K^~~[m[K
