[0.202s] Invoking command in '/home/jrlintern/Desktop/CNRS_AIST_Work/CNRS_AIST_Mobile_Shopping_Robot/robot_ws_ros2/build/c_pkg': CMAKE_PREFIX_PATH=${CMAKE_PREFIX_PATH}:/opt/ros/foxy /usr/bin/cmake --build /home/jrlintern/Desktop/CNRS_AIST_Work/CNRS_AIST_Mobile_Shopping_Robot/robot_ws_ros2/build/c_pkg -- -j8 -l8
[0.229s] [  2%] Built target c_pkg__cpp
[0.230s] [  8%] Built target c_pkg__rosidl_generator_c
[0.242s] [ 15%] Built target c_pkg__rosidl_typesupport_cpp
[0.242s] [ 22%] Built target c_pkg__rosidl_typesupport_introspection_c
[0.243s] [ 28%] Built target c_pkg__rosidl_typesupport_c
[0.244s] [ 35%] Built target c_pkg__rosidl_typesupport_introspection_cpp
[0.245s] [ 42%] Built target c_pkg__rosidl_typesupport_fastrtps_cpp
[0.257s] [ 48%] Built target c_pkg__rosidl_typesupport_fastrtps_c
[0.268s] [ 48%] Built target c_pkg
[0.279s] [ 51%] Built target c_pkg__py
[0.284s] [ 60%] Built target keyboard_control_node
[0.284s] [ 71%] Built target bot_control_driver_node
[0.290s] [ 73%] [32mBuilding CXX object CMakeFiles/joystick_control_node.dir/src/joystick_control.cpp.o[0m
[0.291s] [ 77%] Built target c_pkg__python
[0.303s] [ 91%] Built target c_pkg__rosidl_typesupport_introspection_c__pyext
[0.304s] [ 91%] Built target c_pkg__rosidl_typesupport_fastrtps_c__pyext
[0.304s] [ 91%] Built target c_pkg__rosidl_typesupport_c__pyext
[1.419s] In file included from [01m[K/home/jrlintern/Desktop/CNRS_AIST_Work/CNRS_AIST_Mobile_Shopping_Robot/robot_ws_ros2/src/c_pkg/src/joystick_control.cpp:14[m[K:
[1.419s] [01m[K/home/jrlintern/Desktop/CNRS_AIST_Work/CNRS_AIST_Mobile_Shopping_Robot/robot_ws_ros2/src/c_pkg/src/conio.h:[m[K In member function ‘[01m[Kint __CONIO_H::getch()[m[K’:
[1.419s] [01m[K/home/jrlintern/Desktop/CNRS_AIST_Work/CNRS_AIST_Mobile_Shopping_Robot/robot_ws_ros2/src/c_pkg/src/conio.h:240:7:[m[K [01;35m[Kwarning: [m[Kno return statement in function returning non-void [[01;35m[K-Wreturn-type[m[K]
[1.419s]   240 |       [01;35m[K}[m[K
[1.419s]       |       [01;35m[K^[m[K
[1.419s] [01m[K/home/jrlintern/Desktop/CNRS_AIST_Work/CNRS_AIST_Mobile_Shopping_Robot/robot_ws_ros2/src/c_pkg/src/conio.h:[m[K In member function ‘[01m[Kint __CONIO_H::getche()[m[K’:
[1.419s] [01m[K/home/jrlintern/Desktop/CNRS_AIST_Work/CNRS_AIST_Mobile_Shopping_Robot/robot_ws_ros2/src/c_pkg/src/conio.h:244:7:[m[K [01;35m[Kwarning: [m[Kno return statement in function returning non-void [[01;35m[K-Wreturn-type[m[K]
[1.419s]   244 |       [01;35m[K}[m[K
[1.420s]       |       [01;35m[K^[m[K
[1.420s] [01m[K/home/jrlintern/Desktop/CNRS_AIST_Work/CNRS_AIST_Mobile_Shopping_Robot/robot_ws_ros2/src/c_pkg/src/conio.h:[m[K In member function ‘[01m[Kint __CONIO_H::cputs(const char*)[m[K’:
[1.420s] [01m[K/home/jrlintern/Desktop/CNRS_AIST_Work/CNRS_AIST_Mobile_Shopping_Robot/robot_ws_ros2/src/c_pkg/src/conio.h:299:17:[m[K [01;35m[Kwarning: [m[Kformat not a string literal and no format arguments [[01;35m[K-Wformat-security[m[K]
[1.420s]   299 |       printf(str[01;35m[K)[m[K;
[1.420s]       |                 [01;35m[K^[m[K
[1.420s] [01m[K/home/jrlintern/Desktop/CNRS_AIST_Work/CNRS_AIST_Mobile_Shopping_Robot/robot_ws_ros2/src/c_pkg/src/conio.h:[m[K In member function ‘[01m[Kchar* __CONIO_H::getpass(const char*)[m[K’:
[1.420s] [01m[K/home/jrlintern/Desktop/CNRS_AIST_Work/CNRS_AIST_Mobile_Shopping_Robot/robot_ws_ros2/src/c_pkg/src/conio.h:305:7:[m[K [01;35m[Kwarning: [m[Kno return statement in function returning non-void [[01;35m[K-Wreturn-type[m[K]
[1.420s]   305 |       [01;35m[K}[m[K
[1.420s]       |       [01;35m[K^[m[K
[1.420s] [01m[K/home/jrlintern/Desktop/CNRS_AIST_Work/CNRS_AIST_Mobile_Shopping_Robot/robot_ws_ros2/src/c_pkg/src/conio.h:303:29:[m[K [01;35m[Kwarning: [m[Kunused parameter ‘[01m[Kprompt[m[K’ [[01;35m[K-Wunused-parameter[m[K]
[1.421s]   303 |     char*getpass([01;35m[Kconst char*prompt[m[K){
[1.421s]       |                  [01;35m[K~~~~~~~~~~~^~~~~~[m[K
[1.421s] [01m[K/home/jrlintern/Desktop/CNRS_AIST_Work/CNRS_AIST_Mobile_Shopping_Robot/robot_ws_ros2/src/c_pkg/src/conio.h:[m[K In member function ‘[01m[Kint __CONIO_H::gettext(int, int, int, int, void*)[m[K’:
[1.421s] [01m[K/home/jrlintern/Desktop/CNRS_AIST_Work/CNRS_AIST_Mobile_Shopping_Robot/robot_ws_ros2/src/c_pkg/src/conio.h:309:7:[m[K [01;35m[Kwarning: [m[Kno return statement in function returning non-void [[01;35m[K-Wreturn-type[m[K]
[1.421s]   309 |       [01;35m[K}[m[K
[1.421s]       |       [01;35m[K^[m[K
[1.421s] [01m[K/home/jrlintern/Desktop/CNRS_AIST_Work/CNRS_AIST_Mobile_Shopping_Robot/robot_ws_ros2/src/c_pkg/src/conio.h:307:21:[m[K [01;35m[Kwarning: [m[Kunused parameter ‘[01m[Kl[m[K’ [[01;35m[K-Wunused-parameter[m[K]
[1.421s]   307 |     int gettext([01;35m[Kint l[m[K,int t,int r,int b,void*destination){
[1.421s]       |                 [01;35m[K~~~~^[m[K
[1.421s] [01m[K/home/jrlintern/Desktop/CNRS_AIST_Work/CNRS_AIST_Mobile_Shopping_Robot/robot_ws_ros2/src/c_pkg/src/conio.h:307:27:[m[K [01;35m[Kwarning: [m[Kunused parameter ‘[01m[Kt[m[K’ [[01;35m[K-Wunused-parameter[m[K]
[1.422s]   307 |     int gettext(int l,[01;35m[Kint t[m[K,int r,int b,void*destination){
[1.422s]       |                       [01;35m[K~~~~^[m[K
[1.422s] [01m[K/home/jrlintern/Desktop/CNRS_AIST_Work/CNRS_AIST_Mobile_Shopping_Robot/robot_ws_ros2/src/c_pkg/src/conio.h:307:33:[m[K [01;35m[Kwarning: [m[Kunused parameter ‘[01m[Kr[m[K’ [[01;35m[K-Wunused-parameter[m[K]
[1.422s]   307 |     int gettext(int l,int t,[01;35m[Kint r[m[K,int b,void*destination){
[1.422s]       |                             [01;35m[K~~~~^[m[K
[1.422s] [01m[K/home/jrlintern/Desktop/CNRS_AIST_Work/CNRS_AIST_Mobile_Shopping_Robot/robot_ws_ros2/src/c_pkg/src/conio.h:307:39:[m[K [01;35m[Kwarning: [m[Kunused parameter ‘[01m[Kb[m[K’ [[01;35m[K-Wunused-parameter[m[K]
[1.422s]   307 |     int gettext(int l,int t,int r,[01;35m[Kint b[m[K,void*destination){
[1.422s]       |                                   [01;35m[K~~~~^[m[K
[1.422s] [01m[K/home/jrlintern/Desktop/CNRS_AIST_Work/CNRS_AIST_Mobile_Shopping_Robot/robot_ws_ros2/src/c_pkg/src/conio.h:307:46:[m[K [01;35m[Kwarning: [m[Kunused parameter ‘[01m[Kdestination[m[K’ [[01;35m[K-Wunused-parameter[m[K]
[1.423s]   307 |     int gettext(int l,int t,int r,int b,[01;35m[Kvoid*destination[m[K){
[1.423s]       |                                         [01;35m[K~~~~~^~~~~~~~~~~[m[K
[1.425s] [01m[K/home/jrlintern/Desktop/CNRS_AIST_Work/CNRS_AIST_Mobile_Shopping_Robot/robot_ws_ros2/src/c_pkg/src/joystick_control.cpp:[m[K At global scope:
[1.425s] [01m[K/home/jrlintern/Desktop/CNRS_AIST_Work/CNRS_AIST_Mobile_Shopping_Robot/robot_ws_ros2/src/c_pkg/src/joystick_control.cpp:105:39:[m[K [01;35m[Kwarning: [m[Kmissing initializer for member ‘[01m[Kaxis_state::y[m[K’ [[01;35m[K-Wmissing-field-initializers[m[K]
[1.425s]   105 |         struct axis_state axes[3] = {0[01;35m[K}[m[K;
[1.425s]       |                                       [01;35m[K^[m[K
[1.437s] [01m[K/home/jrlintern/Desktop/CNRS_AIST_Work/CNRS_AIST_Mobile_Shopping_Robot/robot_ws_ros2/src/c_pkg/src/joystick_control.cpp:[m[K In constructor ‘[01m[KJoystick_control::Joystick_control()[m[K’:
[1.437s] [01m[K/home/jrlintern/Desktop/CNRS_AIST_Work/CNRS_AIST_Mobile_Shopping_Robot/robot_ws_ros2/src/c_pkg/src/joystick_control.cpp:94:33:[m[K [01;31m[Kerror: [m[Kno matching function for call to ‘[01m[KJoystick_control::show_msg(double, double, double)[m[K’
[1.437s]    94 |             show_msg(0.0,0.0,0.0[01;31m[K)[m[K;
[1.437s]       |                                 [01;31m[K^[m[K
[1.437s] [01m[K/home/jrlintern/Desktop/CNRS_AIST_Work/CNRS_AIST_Mobile_Shopping_Robot/robot_ws_ros2/src/c_pkg/src/joystick_control.cpp:114:14:[m[K [01;36m[Knote: [m[Kcandidate: ‘[01m[Kvoid Joystick_control::show_msg(float, float, float, bool)[m[K’
[1.437s]   114 |         void [01;36m[Kshow_msg[m[K(float des_velx,float des_vely,float des_velw,bool js_connected){
[1.437s]       |              [01;36m[K^~~~~~~~[m[K
[1.437s] [01m[K/home/jrlintern/Desktop/CNRS_AIST_Work/CNRS_AIST_Mobile_Shopping_Robot/robot_ws_ros2/src/c_pkg/src/joystick_control.cpp:114:14:[m[K [01;36m[Knote: [m[K  candidate expects 4 arguments, 3 provided
[2.210s] make[2]: *** [CMakeFiles/joystick_control_node.dir/build.make:76: CMakeFiles/joystick_control_node.dir/src/joystick_control.cpp.o] Error 1
[2.211s] make[1]: *** [CMakeFiles/Makefile2:576: CMakeFiles/joystick_control_node.dir/all] Error 2
[2.211s] make: *** [Makefile:146: all] Error 2
[2.213s] Invoked command in '/home/jrlintern/Desktop/CNRS_AIST_Work/CNRS_AIST_Mobile_Shopping_Robot/robot_ws_ros2/build/c_pkg' returned '2': CMAKE_PREFIX_PATH=${CMAKE_PREFIX_PATH}:/opt/ros/foxy /usr/bin/cmake --build /home/jrlintern/Desktop/CNRS_AIST_Work/CNRS_AIST_Mobile_Shopping_Robot/robot_ws_ros2/build/c_pkg -- -j8 -l8
