[2.922s] DEBUG:colcon:Command line arguments: ['/usr/bin/colcon', 'build']
[2.922s] DEBUG:colcon:Parsed command line arguments: Namespace(allow_overriding=[], ament_cmake_args=None, base_paths=['.'], build_base='build', catkin_cmake_args=None, catkin_skip_building_tests=False, cmake_args=None, cmake_clean_cache=False, cmake_clean_first=False, cmake_force_configure=False, cmake_target=None, cmake_target_skip_unavailable=False, continue_on_error=False, event_handlers=None, executor='parallel', ignore_user_meta=False, install_base='install', log_base=None, log_level=None, main=<bound method BuildVerb.main of <colcon_core.verb.build.BuildVerb object at 0x7fba8f8d3e50>>, merge_install=False, metas=['./colcon.meta'], packages_above=None, packages_above_and_dependencies=None, packages_above_depth=None, packages_end=None, packages_ignore=None, packages_ignore_regex=None, packages_select=None, packages_select_build_failed=False, packages_select_by_dep=None, packages_select_regex=None, packages_select_test_failures=False, packages_skip=None, packages_skip_build_finished=False, packages_skip_by_dep=None, packages_skip_regex=None, packages_skip_test_passed=False, packages_skip_up_to=None, packages_start=None, packages_up_to=None, packages_up_to_regex=None, parallel_workers=8, paths=None, symlink_install=False, test_result_base=None, verb_extension=<colcon_core.verb.build.BuildVerb object at 0x7fba8f8d3e50>, verb_name='build', verb_parser=<colcon_defaults.argument_parser.defaults.DefaultArgumentsDecorator object at 0x7fba8f4cbee0>)
[3.041s] Level 1:colcon.colcon_core.package_discovery:discover_packages(colcon_meta) check parameters
[3.041s] Level 1:colcon.colcon_core.package_discovery:discover_packages(recursive) check parameters
[3.041s] Level 1:colcon.colcon_core.package_discovery:discover_packages(ignore) check parameters
[3.041s] Level 1:colcon.colcon_core.package_discovery:discover_packages(path) check parameters
[3.041s] Level 1:colcon.colcon_core.package_discovery:discover_packages(colcon_meta) discover
[3.041s] Level 1:colcon.colcon_core.package_discovery:discover_packages(recursive) discover
[3.041s] INFO:colcon.colcon_core.package_discovery:Crawling recursively for packages in '/home/jrlintern/Desktop/CNRS_AIST_Work/CNRS_AIST_Mobile_Shopping_Robot/robot_ws_ros2'
[3.041s] Level 1:colcon.colcon_core.package_identification:_identify(.) by extensions ['ignore', 'ignore_ament_install']
[3.041s] Level 1:colcon.colcon_core.package_identification:_identify(.) by extension 'ignore'
[3.041s] Level 1:colcon.colcon_core.package_identification:_identify(.) by extension 'ignore_ament_install'
[3.041s] Level 1:colcon.colcon_core.package_identification:_identify(.) by extensions ['colcon_pkg']
[3.041s] Level 1:colcon.colcon_core.package_identification:_identify(.) by extension 'colcon_pkg'
[3.041s] Level 1:colcon.colcon_core.package_identification:_identify(.) by extensions ['colcon_meta']
[3.042s] Level 1:colcon.colcon_core.package_identification:_identify(.) by extension 'colcon_meta'
[3.042s] Level 1:colcon.colcon_core.package_identification:_identify(.) by extensions ['ros']
[3.042s] Level 1:colcon.colcon_core.package_identification:_identify(.) by extension 'ros'
[3.054s] Level 1:colcon.colcon_core.package_identification:_identify(.) by extensions ['cmake', 'python']
[3.054s] Level 1:colcon.colcon_core.package_identification:_identify(.) by extension 'cmake'
[3.054s] Level 1:colcon.colcon_core.package_identification:_identify(.) by extension 'python'
[3.054s] Level 1:colcon.colcon_core.package_identification:_identify(.) by extensions ['python_setup_py']
[3.054s] Level 1:colcon.colcon_core.package_identification:_identify(.) by extension 'python_setup_py'
[3.054s] Level 1:colcon.colcon_core.package_identification:_identify(build) by extensions ['ignore', 'ignore_ament_install']
[3.054s] Level 1:colcon.colcon_core.package_identification:_identify(build) by extension 'ignore'
[3.054s] Level 1:colcon.colcon_core.package_identification:_identify(build) ignored
[3.055s] Level 1:colcon.colcon_core.package_identification:_identify(install) by extensions ['ignore', 'ignore_ament_install']
[3.055s] Level 1:colcon.colcon_core.package_identification:_identify(install) by extension 'ignore'
[3.055s] Level 1:colcon.colcon_core.package_identification:_identify(install) ignored
[3.055s] Level 1:colcon.colcon_core.package_identification:_identify(log) by extensions ['ignore', 'ignore_ament_install']
[3.055s] Level 1:colcon.colcon_core.package_identification:_identify(log) by extension 'ignore'
[3.055s] Level 1:colcon.colcon_core.package_identification:_identify(log) ignored
[3.055s] Level 1:colcon.colcon_core.package_identification:_identify(src) by extensions ['ignore', 'ignore_ament_install']
[3.055s] Level 1:colcon.colcon_core.package_identification:_identify(src) by extension 'ignore'
[3.055s] Level 1:colcon.colcon_core.package_identification:_identify(src) by extension 'ignore_ament_install'
[3.056s] Level 1:colcon.colcon_core.package_identification:_identify(src) by extensions ['colcon_pkg']
[3.056s] Level 1:colcon.colcon_core.package_identification:_identify(src) by extension 'colcon_pkg'
[3.056s] Level 1:colcon.colcon_core.package_identification:_identify(src) by extensions ['colcon_meta']
[3.056s] Level 1:colcon.colcon_core.package_identification:_identify(src) by extension 'colcon_meta'
[3.056s] Level 1:colcon.colcon_core.package_identification:_identify(src) by extensions ['ros']
[3.056s] Level 1:colcon.colcon_core.package_identification:_identify(src) by extension 'ros'
[3.056s] Level 1:colcon.colcon_core.package_identification:_identify(src) by extensions ['cmake', 'python']
[3.056s] Level 1:colcon.colcon_core.package_identification:_identify(src) by extension 'cmake'
[3.056s] Level 1:colcon.colcon_core.package_identification:_identify(src) by extension 'python'
[3.056s] Level 1:colcon.colcon_core.package_identification:_identify(src) by extensions ['python_setup_py']
[3.056s] Level 1:colcon.colcon_core.package_identification:_identify(src) by extension 'python_setup_py'
[3.056s] Level 1:colcon.colcon_core.package_identification:_identify(src/c_pkg) by extensions ['ignore', 'ignore_ament_install']
[3.056s] Level 1:colcon.colcon_core.package_identification:_identify(src/c_pkg) by extension 'ignore'
[3.056s] Level 1:colcon.colcon_core.package_identification:_identify(src/c_pkg) by extension 'ignore_ament_install'
[3.056s] Level 1:colcon.colcon_core.package_identification:_identify(src/c_pkg) by extensions ['colcon_pkg']
[3.056s] Level 1:colcon.colcon_core.package_identification:_identify(src/c_pkg) by extension 'colcon_pkg'
[3.056s] Level 1:colcon.colcon_core.package_identification:_identify(src/c_pkg) by extensions ['colcon_meta']
[3.056s] Level 1:colcon.colcon_core.package_identification:_identify(src/c_pkg) by extension 'colcon_meta'
[3.056s] Level 1:colcon.colcon_core.package_identification:_identify(src/c_pkg) by extensions ['ros']
[3.056s] Level 1:colcon.colcon_core.package_identification:_identify(src/c_pkg) by extension 'ros'
[3.059s] DEBUG:colcon.colcon_core.package_identification:Package 'src/c_pkg' with type 'ros.ament_cmake' and name 'c_pkg'
[3.059s] Level 1:colcon.colcon_core.package_identification:_identify(src/laser_scan_merger) by extensions ['ignore', 'ignore_ament_install']
[3.059s] Level 1:colcon.colcon_core.package_identification:_identify(src/laser_scan_merger) by extension 'ignore'
[3.059s] Level 1:colcon.colcon_core.package_identification:_identify(src/laser_scan_merger) by extension 'ignore_ament_install'
[3.059s] Level 1:colcon.colcon_core.package_identification:_identify(src/laser_scan_merger) by extensions ['colcon_pkg']
[3.059s] Level 1:colcon.colcon_core.package_identification:_identify(src/laser_scan_merger) by extension 'colcon_pkg'
[3.059s] Level 1:colcon.colcon_core.package_identification:_identify(src/laser_scan_merger) by extensions ['colcon_meta']
[3.059s] Level 1:colcon.colcon_core.package_identification:_identify(src/laser_scan_merger) by extension 'colcon_meta'
[3.059s] Level 1:colcon.colcon_core.package_identification:_identify(src/laser_scan_merger) by extensions ['ros']
[3.059s] Level 1:colcon.colcon_core.package_identification:_identify(src/laser_scan_merger) by extension 'ros'
[3.060s] DEBUG:colcon.colcon_core.package_identification:Package 'src/laser_scan_merger' with type 'ros.ament_cmake' and name 'laser_scan_merger'
[3.060s] Level 1:colcon.colcon_core.package_identification:_identify(src/nav2_simu) by extensions ['ignore', 'ignore_ament_install']
[3.060s] Level 1:colcon.colcon_core.package_identification:_identify(src/nav2_simu) by extension 'ignore'
[3.060s] Level 1:colcon.colcon_core.package_identification:_identify(src/nav2_simu) by extension 'ignore_ament_install'
[3.060s] Level 1:colcon.colcon_core.package_identification:_identify(src/nav2_simu) by extensions ['colcon_pkg']
[3.060s] Level 1:colcon.colcon_core.package_identification:_identify(src/nav2_simu) by extension 'colcon_pkg'
[3.060s] Level 1:colcon.colcon_core.package_identification:_identify(src/nav2_simu) by extensions ['colcon_meta']
[3.060s] Level 1:colcon.colcon_core.package_identification:_identify(src/nav2_simu) by extension 'colcon_meta'
[3.060s] Level 1:colcon.colcon_core.package_identification:_identify(src/nav2_simu) by extensions ['ros']
[3.060s] Level 1:colcon.colcon_core.package_identification:_identify(src/nav2_simu) by extension 'ros'
[3.061s] DEBUG:colcon.colcon_core.package_identification:Package 'src/nav2_simu' with type 'ros.ament_cmake' and name 'nav2_simu'
[3.061s] Level 1:colcon.colcon_core.package_identification:_identify(src/pointcloud_to_laserscan) by extensions ['ignore', 'ignore_ament_install']
[3.061s] Level 1:colcon.colcon_core.package_identification:_identify(src/pointcloud_to_laserscan) by extension 'ignore'
[3.061s] Level 1:colcon.colcon_core.package_identification:_identify(src/pointcloud_to_laserscan) by extension 'ignore_ament_install'
[3.061s] Level 1:colcon.colcon_core.package_identification:_identify(src/pointcloud_to_laserscan) by extensions ['colcon_pkg']
[3.061s] Level 1:colcon.colcon_core.package_identification:_identify(src/pointcloud_to_laserscan) by extension 'colcon_pkg'
[3.061s] Level 1:colcon.colcon_core.package_identification:_identify(src/pointcloud_to_laserscan) by extensions ['colcon_meta']
[3.061s] Level 1:colcon.colcon_core.package_identification:_identify(src/pointcloud_to_laserscan) by extension 'colcon_meta'
[3.061s] Level 1:colcon.colcon_core.package_identification:_identify(src/pointcloud_to_laserscan) by extensions ['ros']
[3.061s] Level 1:colcon.colcon_core.package_identification:_identify(src/pointcloud_to_laserscan) by extension 'ros'
[3.063s] DEBUG:colcon.colcon_core.package_identification:Package 'src/pointcloud_to_laserscan' with type 'ros.ament_cmake' and name 'pointcloud_to_laserscan'
[3.063s] Level 1:colcon.colcon_core.package_identification:_identify(src/ros2_laser_scan_merger) by extensions ['ignore', 'ignore_ament_install']
[3.063s] Level 1:colcon.colcon_core.package_identification:_identify(src/ros2_laser_scan_merger) by extension 'ignore'
[3.063s] Level 1:colcon.colcon_core.package_identification:_identify(src/ros2_laser_scan_merger) by extension 'ignore_ament_install'
[3.063s] Level 1:colcon.colcon_core.package_identification:_identify(src/ros2_laser_scan_merger) by extensions ['colcon_pkg']
[3.063s] Level 1:colcon.colcon_core.package_identification:_identify(src/ros2_laser_scan_merger) by extension 'colcon_pkg'
[3.063s] Level 1:colcon.colcon_core.package_identification:_identify(src/ros2_laser_scan_merger) by extensions ['colcon_meta']
[3.063s] Level 1:colcon.colcon_core.package_identification:_identify(src/ros2_laser_scan_merger) by extension 'colcon_meta'
[3.063s] Level 1:colcon.colcon_core.package_identification:_identify(src/ros2_laser_scan_merger) by extensions ['ros']
[3.063s] Level 1:colcon.colcon_core.package_identification:_identify(src/ros2_laser_scan_merger) by extension 'ros'
[3.065s] DEBUG:colcon.colcon_core.package_identification:Package 'src/ros2_laser_scan_merger' with type 'ros.ament_cmake' and name 'ros2_laser_scan_merger'
[3.065s] Level 1:colcon.colcon_core.package_discovery:discover_packages(recursive) using defaults
[3.065s] Level 1:colcon.colcon_core.package_discovery:discover_packages(ignore) discover
[3.065s] Level 1:colcon.colcon_core.package_discovery:discover_packages(ignore) using defaults
[3.065s] Level 1:colcon.colcon_core.package_discovery:discover_packages(path) discover
[3.065s] Level 1:colcon.colcon_core.package_discovery:discover_packages(path) using defaults
[3.364s] Level 1:colcon.colcon_core.package_discovery:discover_packages(prefix_path) check parameters
[3.364s] Level 1:colcon.colcon_core.package_discovery:discover_packages(prefix_path) discover
[3.550s] DEBUG:colcon.colcon_installed_package_information.package_discovery:Found 1 installed packages in /home/jrlintern/Desktop/CNRS_AIST_Work/CNRS_AIST_Nav2_ROS2_pkg_tutorial/install
[3.616s] DEBUG:colcon.colcon_installed_package_information.package_discovery:Found 5 installed packages in /home/jrlintern/Desktop/CNRS_AIST_Work/CNRS_AIST_Mobile_Shopping_Robot/robot_ws_ros2/install
[3.678s] DEBUG:colcon.colcon_installed_package_information.package_discovery:Found 306 installed packages in /opt/ros/foxy
[3.680s] Level 1:colcon.colcon_core.package_discovery:discover_packages(prefix_path) using defaults
[3.847s] Level 5:colcon.colcon_core.verb:set package 'c_pkg' build argument 'cmake_args' from command line to 'None'
[3.847s] Level 5:colcon.colcon_core.verb:set package 'c_pkg' build argument 'cmake_target' from command line to 'None'
[3.847s] Level 5:colcon.colcon_core.verb:set package 'c_pkg' build argument 'cmake_target_skip_unavailable' from command line to 'False'
[3.848s] Level 5:colcon.colcon_core.verb:set package 'c_pkg' build argument 'cmake_clean_cache' from command line to 'False'
[3.848s] Level 5:colcon.colcon_core.verb:set package 'c_pkg' build argument 'cmake_clean_first' from command line to 'False'
[3.848s] Level 5:colcon.colcon_core.verb:set package 'c_pkg' build argument 'cmake_force_configure' from command line to 'False'
[3.848s] Level 5:colcon.colcon_core.verb:set package 'c_pkg' build argument 'ament_cmake_args' from command line to 'None'
[3.848s] Level 5:colcon.colcon_core.verb:set package 'c_pkg' build argument 'catkin_cmake_args' from command line to 'None'
[3.848s] Level 5:colcon.colcon_core.verb:set package 'c_pkg' build argument 'catkin_skip_building_tests' from command line to 'False'
[3.848s] DEBUG:colcon.colcon_core.verb:Building package 'c_pkg' with the following arguments: {'ament_cmake_args': None, 'build_base': '/home/jrlintern/Desktop/CNRS_AIST_Work/CNRS_AIST_Mobile_Shopping_Robot/robot_ws_ros2/build/c_pkg', 'catkin_cmake_args': None, 'catkin_skip_building_tests': False, 'cmake_args': None, 'cmake_clean_cache': False, 'cmake_clean_first': False, 'cmake_force_configure': False, 'cmake_target': None, 'cmake_target_skip_unavailable': False, 'install_base': '/home/jrlintern/Desktop/CNRS_AIST_Work/CNRS_AIST_Mobile_Shopping_Robot/robot_ws_ros2/install/c_pkg', 'merge_install': False, 'path': '/home/jrlintern/Desktop/CNRS_AIST_Work/CNRS_AIST_Mobile_Shopping_Robot/robot_ws_ros2/src/c_pkg', 'symlink_install': False, 'test_result_base': None}
[3.889s] Level 5:colcon.colcon_core.verb:set package 'laser_scan_merger' build argument 'cmake_args' from command line to 'None'
[3.889s] Level 5:colcon.colcon_core.verb:set package 'laser_scan_merger' build argument 'cmake_target' from command line to 'None'
[3.889s] Level 5:colcon.colcon_core.verb:set package 'laser_scan_merger' build argument 'cmake_target_skip_unavailable' from command line to 'False'
[3.889s] Level 5:colcon.colcon_core.verb:set package 'laser_scan_merger' build argument 'cmake_clean_cache' from command line to 'False'
[3.890s] Level 5:colcon.colcon_core.verb:set package 'laser_scan_merger' build argument 'cmake_clean_first' from command line to 'False'
[3.890s] Level 5:colcon.colcon_core.verb:set package 'laser_scan_merger' build argument 'cmake_force_configure' from command line to 'False'
[3.890s] Level 5:colcon.colcon_core.verb:set package 'laser_scan_merger' build argument 'ament_cmake_args' from command line to 'None'
[3.890s] Level 5:colcon.colcon_core.verb:set package 'laser_scan_merger' build argument 'catkin_cmake_args' from command line to 'None'
[3.890s] Level 5:colcon.colcon_core.verb:set package 'laser_scan_merger' build argument 'catkin_skip_building_tests' from command line to 'False'
[3.890s] DEBUG:colcon.colcon_core.verb:Building package 'laser_scan_merger' with the following arguments: {'ament_cmake_args': None, 'build_base': '/home/jrlintern/Desktop/CNRS_AIST_Work/CNRS_AIST_Mobile_Shopping_Robot/robot_ws_ros2/build/laser_scan_merger', 'catkin_cmake_args': None, 'catkin_skip_building_tests': False, 'cmake_args': None, 'cmake_clean_cache': False, 'cmake_clean_first': False, 'cmake_force_configure': False, 'cmake_target': None, 'cmake_target_skip_unavailable': False, 'install_base': '/home/jrlintern/Desktop/CNRS_AIST_Work/CNRS_AIST_Mobile_Shopping_Robot/robot_ws_ros2/install/laser_scan_merger', 'merge_install': False, 'path': '/home/jrlintern/Desktop/CNRS_AIST_Work/CNRS_AIST_Mobile_Shopping_Robot/robot_ws_ros2/src/laser_scan_merger', 'symlink_install': False, 'test_result_base': None}
[3.940s] Level 5:colcon.colcon_core.verb:set package 'nav2_simu' build argument 'cmake_args' from command line to 'None'
[3.940s] Level 5:colcon.colcon_core.verb:set package 'nav2_simu' build argument 'cmake_target' from command line to 'None'
[3.940s] Level 5:colcon.colcon_core.verb:set package 'nav2_simu' build argument 'cmake_target_skip_unavailable' from command line to 'False'
[3.940s] Level 5:colcon.colcon_core.verb:set package 'nav2_simu' build argument 'cmake_clean_cache' from command line to 'False'
[3.940s] Level 5:colcon.colcon_core.verb:set package 'nav2_simu' build argument 'cmake_clean_first' from command line to 'False'
[3.940s] Level 5:colcon.colcon_core.verb:set package 'nav2_simu' build argument 'cmake_force_configure' from command line to 'False'
[3.940s] Level 5:colcon.colcon_core.verb:set package 'nav2_simu' build argument 'ament_cmake_args' from command line to 'None'
[3.940s] Level 5:colcon.colcon_core.verb:set package 'nav2_simu' build argument 'catkin_cmake_args' from command line to 'None'
[3.940s] Level 5:colcon.colcon_core.verb:set package 'nav2_simu' build argument 'catkin_skip_building_tests' from command line to 'False'
[3.940s] DEBUG:colcon.colcon_core.verb:Building package 'nav2_simu' with the following arguments: {'ament_cmake_args': None, 'build_base': '/home/jrlintern/Desktop/CNRS_AIST_Work/CNRS_AIST_Mobile_Shopping_Robot/robot_ws_ros2/build/nav2_simu', 'catkin_cmake_args': None, 'catkin_skip_building_tests': False, 'cmake_args': None, 'cmake_clean_cache': False, 'cmake_clean_first': False, 'cmake_force_configure': False, 'cmake_target': None, 'cmake_target_skip_unavailable': False, 'install_base': '/home/jrlintern/Desktop/CNRS_AIST_Work/CNRS_AIST_Mobile_Shopping_Robot/robot_ws_ros2/install/nav2_simu', 'merge_install': False, 'path': '/home/jrlintern/Desktop/CNRS_AIST_Work/CNRS_AIST_Mobile_Shopping_Robot/robot_ws_ros2/src/nav2_simu', 'symlink_install': False, 'test_result_base': None}
[3.988s] Level 5:colcon.colcon_core.verb:set package 'pointcloud_to_laserscan' build argument 'cmake_args' from command line to 'None'
[3.989s] Level 5:colcon.colcon_core.verb:set package 'pointcloud_to_laserscan' build argument 'cmake_target' from command line to 'None'
[3.989s] Level 5:colcon.colcon_core.verb:set package 'pointcloud_to_laserscan' build argument 'cmake_target_skip_unavailable' from command line to 'False'
[3.989s] Level 5:colcon.colcon_core.verb:set package 'pointcloud_to_laserscan' build argument 'cmake_clean_cache' from command line to 'False'
[3.989s] Level 5:colcon.colcon_core.verb:set package 'pointcloud_to_laserscan' build argument 'cmake_clean_first' from command line to 'False'
[3.989s] Level 5:colcon.colcon_core.verb:set package 'pointcloud_to_laserscan' build argument 'cmake_force_configure' from command line to 'False'
[3.989s] Level 5:colcon.colcon_core.verb:set package 'pointcloud_to_laserscan' build argument 'ament_cmake_args' from command line to 'None'
[3.989s] Level 5:colcon.colcon_core.verb:set package 'pointcloud_to_laserscan' build argument 'catkin_cmake_args' from command line to 'None'
[3.989s] Level 5:colcon.colcon_core.verb:set package 'pointcloud_to_laserscan' build argument 'catkin_skip_building_tests' from command line to 'False'
[3.989s] DEBUG:colcon.colcon_core.verb:Building package 'pointcloud_to_laserscan' with the following arguments: {'ament_cmake_args': None, 'build_base': '/home/jrlintern/Desktop/CNRS_AIST_Work/CNRS_AIST_Mobile_Shopping_Robot/robot_ws_ros2/build/pointcloud_to_laserscan', 'catkin_cmake_args': None, 'catkin_skip_building_tests': False, 'cmake_args': None, 'cmake_clean_cache': False, 'cmake_clean_first': False, 'cmake_force_configure': False, 'cmake_target': None, 'cmake_target_skip_unavailable': False, 'install_base': '/home/jrlintern/Desktop/CNRS_AIST_Work/CNRS_AIST_Mobile_Shopping_Robot/robot_ws_ros2/install/pointcloud_to_laserscan', 'merge_install': False, 'path': '/home/jrlintern/Desktop/CNRS_AIST_Work/CNRS_AIST_Mobile_Shopping_Robot/robot_ws_ros2/src/pointcloud_to_laserscan', 'symlink_install': False, 'test_result_base': None}
[4.043s] Level 5:colcon.colcon_core.verb:set package 'ros2_laser_scan_merger' build argument 'cmake_args' from command line to 'None'
[4.043s] Level 5:colcon.colcon_core.verb:set package 'ros2_laser_scan_merger' build argument 'cmake_target' from command line to 'None'
[4.043s] Level 5:colcon.colcon_core.verb:set package 'ros2_laser_scan_merger' build argument 'cmake_target_skip_unavailable' from command line to 'False'
[4.043s] Level 5:colcon.colcon_core.verb:set package 'ros2_laser_scan_merger' build argument 'cmake_clean_cache' from command line to 'False'
[4.043s] Level 5:colcon.colcon_core.verb:set package 'ros2_laser_scan_merger' build argument 'cmake_clean_first' from command line to 'False'
[4.043s] Level 5:colcon.colcon_core.verb:set package 'ros2_laser_scan_merger' build argument 'cmake_force_configure' from command line to 'False'
[4.043s] Level 5:colcon.colcon_core.verb:set package 'ros2_laser_scan_merger' build argument 'ament_cmake_args' from command line to 'None'
[4.043s] Level 5:colcon.colcon_core.verb:set package 'ros2_laser_scan_merger' build argument 'catkin_cmake_args' from command line to 'None'
[4.043s] Level 5:colcon.colcon_core.verb:set package 'ros2_laser_scan_merger' build argument 'catkin_skip_building_tests' from command line to 'False'
[4.043s] DEBUG:colcon.colcon_core.verb:Building package 'ros2_laser_scan_merger' with the following arguments: {'ament_cmake_args': None, 'build_base': '/home/jrlintern/Desktop/CNRS_AIST_Work/CNRS_AIST_Mobile_Shopping_Robot/robot_ws_ros2/build/ros2_laser_scan_merger', 'catkin_cmake_args': None, 'catkin_skip_building_tests': False, 'cmake_args': None, 'cmake_clean_cache': False, 'cmake_clean_first': False, 'cmake_force_configure': False, 'cmake_target': None, 'cmake_target_skip_unavailable': False, 'install_base': '/home/jrlintern/Desktop/CNRS_AIST_Work/CNRS_AIST_Mobile_Shopping_Robot/robot_ws_ros2/install/ros2_laser_scan_merger', 'merge_install': False, 'path': '/home/jrlintern/Desktop/CNRS_AIST_Work/CNRS_AIST_Mobile_Shopping_Robot/robot_ws_ros2/src/ros2_laser_scan_merger', 'symlink_install': False, 'test_result_base': None}
[4.085s] INFO:colcon.colcon_core.executor:Executing jobs using 'parallel' executor
[4.127s] DEBUG:colcon.colcon_parallel_executor.executor.parallel:run_until_complete
[4.128s] INFO:colcon.colcon_ros.task.ament_cmake.build:Building ROS package in '/home/jrlintern/Desktop/CNRS_AIST_Work/CNRS_AIST_Mobile_Shopping_Robot/robot_ws_ros2/src/c_pkg' with build type 'ament_cmake'
[4.128s] INFO:colcon.colcon_cmake.task.cmake.build:Building CMake package in '/home/jrlintern/Desktop/CNRS_AIST_Work/CNRS_AIST_Mobile_Shopping_Robot/robot_ws_ros2/src/c_pkg'
[4.175s] INFO:colcon.colcon_core.plugin_system:Skipping extension 'colcon_core.shell.bat': Not used on non-Windows systems
[4.175s] INFO:colcon.colcon_core.shell:Skip shell extension 'powershell' for command environment: Not usable outside of PowerShell
[4.175s] DEBUG:colcon.colcon_core.shell:Skip shell extension 'dsv' for command environment
[4.363s] INFO:colcon.colcon_ros.task.ament_cmake.build:Building ROS package in '/home/jrlintern/Desktop/CNRS_AIST_Work/CNRS_AIST_Mobile_Shopping_Robot/robot_ws_ros2/src/laser_scan_merger' with build type 'ament_cmake'
[4.363s] INFO:colcon.colcon_cmake.task.cmake.build:Building CMake package in '/home/jrlintern/Desktop/CNRS_AIST_Work/CNRS_AIST_Mobile_Shopping_Robot/robot_ws_ros2/src/laser_scan_merger'
[4.410s] INFO:colcon.colcon_core.shell:Skip shell extension 'powershell' for command environment: Not usable outside of PowerShell
[4.410s] DEBUG:colcon.colcon_core.shell:Skip shell extension 'dsv' for command environment
[4.622s] INFO:colcon.colcon_ros.task.ament_cmake.build:Building ROS package in '/home/jrlintern/Desktop/CNRS_AIST_Work/CNRS_AIST_Mobile_Shopping_Robot/robot_ws_ros2/src/nav2_simu' with build type 'ament_cmake'
[4.622s] INFO:colcon.colcon_cmake.task.cmake.build:Building CMake package in '/home/jrlintern/Desktop/CNRS_AIST_Work/CNRS_AIST_Mobile_Shopping_Robot/robot_ws_ros2/src/nav2_simu'
[4.670s] INFO:colcon.colcon_core.shell:Skip shell extension 'powershell' for command environment: Not usable outside of PowerShell
[4.670s] DEBUG:colcon.colcon_core.shell:Skip shell extension 'dsv' for command environment
[4.856s] INFO:colcon.colcon_ros.task.ament_cmake.build:Building ROS package in '/home/jrlintern/Desktop/CNRS_AIST_Work/CNRS_AIST_Mobile_Shopping_Robot/robot_ws_ros2/src/pointcloud_to_laserscan' with build type 'ament_cmake'
[4.857s] INFO:colcon.colcon_cmake.task.cmake.build:Building CMake package in '/home/jrlintern/Desktop/CNRS_AIST_Work/CNRS_AIST_Mobile_Shopping_Robot/robot_ws_ros2/src/pointcloud_to_laserscan'
[4.903s] INFO:colcon.colcon_core.shell:Skip shell extension 'powershell' for command environment: Not usable outside of PowerShell
[4.903s] DEBUG:colcon.colcon_core.shell:Skip shell extension 'dsv' for command environment
[5.086s] INFO:colcon.colcon_ros.task.ament_cmake.build:Building ROS package in '/home/jrlintern/Desktop/CNRS_AIST_Work/CNRS_AIST_Mobile_Shopping_Robot/robot_ws_ros2/src/ros2_laser_scan_merger' with build type 'ament_cmake'
[5.087s] INFO:colcon.colcon_cmake.task.cmake.build:Building CMake package in '/home/jrlintern/Desktop/CNRS_AIST_Work/CNRS_AIST_Mobile_Shopping_Robot/robot_ws_ros2/src/ros2_laser_scan_merger'
[5.133s] INFO:colcon.colcon_core.shell:Skip shell extension 'powershell' for command environment: Not usable outside of PowerShell
[5.133s] DEBUG:colcon.colcon_core.shell:Skip shell extension 'dsv' for command environment
[5.340s] DEBUG:colcon.colcon_core.event_handler.log_command:Invoking command in '/home/jrlintern/Desktop/CNRS_AIST_Work/CNRS_AIST_Mobile_Shopping_Robot/robot_ws_ros2/build/c_pkg': CMAKE_PREFIX_PATH=${CMAKE_PREFIX_PATH}:/opt/ros/foxy /usr/bin/cmake --build /home/jrlintern/Desktop/CNRS_AIST_Work/CNRS_AIST_Mobile_Shopping_Robot/robot_ws_ros2/build/c_pkg -- -j8 -l8
[5.348s] DEBUG:colcon.colcon_core.event_handler.log_command:Invoking command in '/home/jrlintern/Desktop/CNRS_AIST_Work/CNRS_AIST_Mobile_Shopping_Robot/robot_ws_ros2/build/laser_scan_merger': CMAKE_PREFIX_PATH=${CMAKE_PREFIX_PATH}:/opt/ros/foxy /usr/bin/cmake --build /home/jrlintern/Desktop/CNRS_AIST_Work/CNRS_AIST_Mobile_Shopping_Robot/robot_ws_ros2/build/laser_scan_merger -- -j8 -l8
[5.352s] DEBUG:colcon.colcon_core.event_handler.log_command:Invoking command in '/home/jrlintern/Desktop/CNRS_AIST_Work/CNRS_AIST_Mobile_Shopping_Robot/robot_ws_ros2/build/nav2_simu': CMAKE_PREFIX_PATH=${CMAKE_PREFIX_PATH}:/opt/ros/foxy /usr/bin/cmake --build /home/jrlintern/Desktop/CNRS_AIST_Work/CNRS_AIST_Mobile_Shopping_Robot/robot_ws_ros2/build/nav2_simu -- -j8 -l8
[5.361s] DEBUG:colcon.colcon_core.event_handler.log_command:Invoking command in '/home/jrlintern/Desktop/CNRS_AIST_Work/CNRS_AIST_Mobile_Shopping_Robot/robot_ws_ros2/build/pointcloud_to_laserscan': CMAKE_PREFIX_PATH=${CMAKE_PREFIX_PATH}:/opt/ros/foxy /usr/bin/cmake --build /home/jrlintern/Desktop/CNRS_AIST_Work/CNRS_AIST_Mobile_Shopping_Robot/robot_ws_ros2/build/pointcloud_to_laserscan -- -j8 -l8
[5.367s] DEBUG:colcon.colcon_core.event_handler.log_command:Invoking command in '/home/jrlintern/Desktop/CNRS_AIST_Work/CNRS_AIST_Mobile_Shopping_Robot/robot_ws_ros2/build/ros2_laser_scan_merger': CMAKE_PREFIX_PATH=${CMAKE_PREFIX_PATH}:/opt/ros/foxy /usr/bin/cmake --build /home/jrlintern/Desktop/CNRS_AIST_Work/CNRS_AIST_Mobile_Shopping_Robot/robot_ws_ros2/build/ros2_laser_scan_merger -- -j8 -l8
[5.384s] DEBUG:colcon.colcon_core.event_handler.log_command:Invoked command in '/home/jrlintern/Desktop/CNRS_AIST_Work/CNRS_AIST_Mobile_Shopping_Robot/robot_ws_ros2/build/nav2_simu' returned '0': CMAKE_PREFIX_PATH=${CMAKE_PREFIX_PATH}:/opt/ros/foxy /usr/bin/cmake --build /home/jrlintern/Desktop/CNRS_AIST_Work/CNRS_AIST_Mobile_Shopping_Robot/robot_ws_ros2/build/nav2_simu -- -j8 -l8
[5.435s] DEBUG:colcon.colcon_core.event_handler.log_command:Invoking command in '/home/jrlintern/Desktop/CNRS_AIST_Work/CNRS_AIST_Mobile_Shopping_Robot/robot_ws_ros2/build/nav2_simu': CMAKE_PREFIX_PATH=${CMAKE_PREFIX_PATH}:/opt/ros/foxy /usr/bin/cmake --install /home/jrlintern/Desktop/CNRS_AIST_Work/CNRS_AIST_Mobile_Shopping_Robot/robot_ws_ros2/build/nav2_simu
[5.442s] DEBUG:colcon.colcon_core.event_handler.log_command:Invoked command in '/home/jrlintern/Desktop/CNRS_AIST_Work/CNRS_AIST_Mobile_Shopping_Robot/robot_ws_ros2/build/pointcloud_to_laserscan' returned '0': CMAKE_PREFIX_PATH=${CMAKE_PREFIX_PATH}:/opt/ros/foxy /usr/bin/cmake --build /home/jrlintern/Desktop/CNRS_AIST_Work/CNRS_AIST_Mobile_Shopping_Robot/robot_ws_ros2/build/pointcloud_to_laserscan -- -j8 -l8
[5.450s] Level 1:colcon.colcon_core.environment:create_environment_scripts_only(nav2_simu)
[5.457s] DEBUG:colcon.colcon_core.event_handler.log_command:Invoked command in '/home/jrlintern/Desktop/CNRS_AIST_Work/CNRS_AIST_Mobile_Shopping_Robot/robot_ws_ros2/build/nav2_simu' returned '0': CMAKE_PREFIX_PATH=${CMAKE_PREFIX_PATH}:/opt/ros/foxy /usr/bin/cmake --install /home/jrlintern/Desktop/CNRS_AIST_Work/CNRS_AIST_Mobile_Shopping_Robot/robot_ws_ros2/build/nav2_simu
[5.518s] Level 1:colcon.colcon_core.environment:checking '/home/jrlintern/Desktop/CNRS_AIST_Work/CNRS_AIST_Mobile_Shopping_Robot/robot_ws_ros2/install/nav2_simu' for CMake module files
[5.519s] Level 1:colcon.colcon_core.environment:checking '/home/jrlintern/Desktop/CNRS_AIST_Work/CNRS_AIST_Mobile_Shopping_Robot/robot_ws_ros2/install/nav2_simu' for CMake config files
[5.519s] Level 1:colcon.colcon_core.shell:create_environment_hook('nav2_simu', 'cmake_prefix_path')
[5.568s] INFO:colcon.colcon_core.shell:Creating environment hook '/home/jrlintern/Desktop/CNRS_AIST_Work/CNRS_AIST_Mobile_Shopping_Robot/robot_ws_ros2/install/nav2_simu/share/nav2_simu/hook/cmake_prefix_path.ps1'
[5.569s] INFO:colcon.colcon_core.shell:Creating environment descriptor '/home/jrlintern/Desktop/CNRS_AIST_Work/CNRS_AIST_Mobile_Shopping_Robot/robot_ws_ros2/install/nav2_simu/share/nav2_simu/hook/cmake_prefix_path.dsv'
[5.569s] INFO:colcon.colcon_core.shell:Creating environment hook '/home/jrlintern/Desktop/CNRS_AIST_Work/CNRS_AIST_Mobile_Shopping_Robot/robot_ws_ros2/install/nav2_simu/share/nav2_simu/hook/cmake_prefix_path.sh'
[5.570s] Level 1:colcon.colcon_core.environment:checking '/home/jrlintern/Desktop/CNRS_AIST_Work/CNRS_AIST_Mobile_Shopping_Robot/robot_ws_ros2/install/nav2_simu/bin'
[5.570s] Level 1:colcon.colcon_core.environment:checking '/home/jrlintern/Desktop/CNRS_AIST_Work/CNRS_AIST_Mobile_Shopping_Robot/robot_ws_ros2/install/nav2_simu/lib/pkgconfig/nav2_simu.pc'
[5.571s] Level 1:colcon.colcon_core.environment:checking '/home/jrlintern/Desktop/CNRS_AIST_Work/CNRS_AIST_Mobile_Shopping_Robot/robot_ws_ros2/install/nav2_simu/lib/python3.8/site-packages'
[5.571s] Level 1:colcon.colcon_core.environment:checking '/home/jrlintern/Desktop/CNRS_AIST_Work/CNRS_AIST_Mobile_Shopping_Robot/robot_ws_ros2/install/nav2_simu/bin'
[5.619s] INFO:colcon.colcon_core.shell:Creating package script '/home/jrlintern/Desktop/CNRS_AIST_Work/CNRS_AIST_Mobile_Shopping_Robot/robot_ws_ros2/install/nav2_simu/share/nav2_simu/package.ps1'
[5.620s] INFO:colcon.colcon_core.shell:Creating package descriptor '/home/jrlintern/Desktop/CNRS_AIST_Work/CNRS_AIST_Mobile_Shopping_Robot/robot_ws_ros2/install/nav2_simu/share/nav2_simu/package.dsv'
[5.620s] INFO:colcon.colcon_core.shell:Creating package script '/home/jrlintern/Desktop/CNRS_AIST_Work/CNRS_AIST_Mobile_Shopping_Robot/robot_ws_ros2/install/nav2_simu/share/nav2_simu/package.sh'
[5.621s] INFO:colcon.colcon_core.shell:Creating package script '/home/jrlintern/Desktop/CNRS_AIST_Work/CNRS_AIST_Mobile_Shopping_Robot/robot_ws_ros2/install/nav2_simu/share/nav2_simu/package.bash'
[5.621s] INFO:colcon.colcon_core.shell:Creating package script '/home/jrlintern/Desktop/CNRS_AIST_Work/CNRS_AIST_Mobile_Shopping_Robot/robot_ws_ros2/install/nav2_simu/share/nav2_simu/package.zsh'
[5.622s] Level 1:colcon.colcon_core.environment:create_file_with_runtime_dependencies(/home/jrlintern/Desktop/CNRS_AIST_Work/CNRS_AIST_Mobile_Shopping_Robot/robot_ws_ros2/install/nav2_simu/share/colcon-core/packages/nav2_simu)
[5.630s] DEBUG:colcon.colcon_core.event_handler.log_command:Invoking command in '/home/jrlintern/Desktop/CNRS_AIST_Work/CNRS_AIST_Mobile_Shopping_Robot/robot_ws_ros2/build/pointcloud_to_laserscan': CMAKE_PREFIX_PATH=${CMAKE_PREFIX_PATH}:/opt/ros/foxy /usr/bin/cmake --install /home/jrlintern/Desktop/CNRS_AIST_Work/CNRS_AIST_Mobile_Shopping_Robot/robot_ws_ros2/build/pointcloud_to_laserscan
[5.633s] DEBUG:colcon.colcon_core.event_handler.log_command:Invoked command in '/home/jrlintern/Desktop/CNRS_AIST_Work/CNRS_AIST_Mobile_Shopping_Robot/robot_ws_ros2/build/c_pkg' returned '0': CMAKE_PREFIX_PATH=${CMAKE_PREFIX_PATH}:/opt/ros/foxy /usr/bin/cmake --build /home/jrlintern/Desktop/CNRS_AIST_Work/CNRS_AIST_Mobile_Shopping_Robot/robot_ws_ros2/build/c_pkg -- -j8 -l8
[5.645s] DEBUG:colcon.colcon_core.event_handler.log_command:Invoked command in '/home/jrlintern/Desktop/CNRS_AIST_Work/CNRS_AIST_Mobile_Shopping_Robot/robot_ws_ros2/build/ros2_laser_scan_merger' returned '0': CMAKE_PREFIX_PATH=${CMAKE_PREFIX_PATH}:/opt/ros/foxy /usr/bin/cmake --build /home/jrlintern/Desktop/CNRS_AIST_Work/CNRS_AIST_Mobile_Shopping_Robot/robot_ws_ros2/build/ros2_laser_scan_merger -- -j8 -l8
[5.647s] Level 1:colcon.colcon_core.environment:create_environment_scripts_only(pointcloud_to_laserscan)
[5.649s] DEBUG:colcon.colcon_core.event_handler.log_command:Invoked command in '/home/jrlintern/Desktop/CNRS_AIST_Work/CNRS_AIST_Mobile_Shopping_Robot/robot_ws_ros2/build/pointcloud_to_laserscan' returned '0': CMAKE_PREFIX_PATH=${CMAKE_PREFIX_PATH}:/opt/ros/foxy /usr/bin/cmake --install /home/jrlintern/Desktop/CNRS_AIST_Work/CNRS_AIST_Mobile_Shopping_Robot/robot_ws_ros2/build/pointcloud_to_laserscan
[5.720s] Level 1:colcon.colcon_core.environment:checking '/home/jrlintern/Desktop/CNRS_AIST_Work/CNRS_AIST_Mobile_Shopping_Robot/robot_ws_ros2/install/pointcloud_to_laserscan' for CMake module files
[5.720s] Level 1:colcon.colcon_core.environment:checking '/home/jrlintern/Desktop/CNRS_AIST_Work/CNRS_AIST_Mobile_Shopping_Robot/robot_ws_ros2/install/pointcloud_to_laserscan' for CMake config files
[5.721s] Level 1:colcon.colcon_core.shell:create_environment_hook('pointcloud_to_laserscan', 'cmake_prefix_path')
[5.770s] INFO:colcon.colcon_core.shell:Creating environment hook '/home/jrlintern/Desktop/CNRS_AIST_Work/CNRS_AIST_Mobile_Shopping_Robot/robot_ws_ros2/install/pointcloud_to_laserscan/share/pointcloud_to_laserscan/hook/cmake_prefix_path.ps1'
[5.771s] INFO:colcon.colcon_core.shell:Creating environment descriptor '/home/jrlintern/Desktop/CNRS_AIST_Work/CNRS_AIST_Mobile_Shopping_Robot/robot_ws_ros2/install/pointcloud_to_laserscan/share/pointcloud_to_laserscan/hook/cmake_prefix_path.dsv'
[5.771s] INFO:colcon.colcon_core.shell:Creating environment hook '/home/jrlintern/Desktop/CNRS_AIST_Work/CNRS_AIST_Mobile_Shopping_Robot/robot_ws_ros2/install/pointcloud_to_laserscan/share/pointcloud_to_laserscan/hook/cmake_prefix_path.sh'
[5.772s] Level 1:colcon.colcon_core.environment:checking '/home/jrlintern/Desktop/CNRS_AIST_Work/CNRS_AIST_Mobile_Shopping_Robot/robot_ws_ros2/install/pointcloud_to_laserscan/lib'
[5.772s] Level 1:colcon.colcon_core.shell:create_environment_hook('pointcloud_to_laserscan', 'ld_library_path_lib')
[5.821s] INFO:colcon.colcon_core.shell:Creating environment hook '/home/jrlintern/Desktop/CNRS_AIST_Work/CNRS_AIST_Mobile_Shopping_Robot/robot_ws_ros2/install/pointcloud_to_laserscan/share/pointcloud_to_laserscan/hook/ld_library_path_lib.ps1'
[5.821s] INFO:colcon.colcon_core.shell:Creating environment descriptor '/home/jrlintern/Desktop/CNRS_AIST_Work/CNRS_AIST_Mobile_Shopping_Robot/robot_ws_ros2/install/pointcloud_to_laserscan/share/pointcloud_to_laserscan/hook/ld_library_path_lib.dsv'
[5.822s] INFO:colcon.colcon_core.shell:Creating environment hook '/home/jrlintern/Desktop/CNRS_AIST_Work/CNRS_AIST_Mobile_Shopping_Robot/robot_ws_ros2/install/pointcloud_to_laserscan/share/pointcloud_to_laserscan/hook/ld_library_path_lib.sh'
[5.822s] Level 1:colcon.colcon_core.environment:checking '/home/jrlintern/Desktop/CNRS_AIST_Work/CNRS_AIST_Mobile_Shopping_Robot/robot_ws_ros2/install/pointcloud_to_laserscan/bin'
[5.822s] Level 1:colcon.colcon_core.environment:checking '/home/jrlintern/Desktop/CNRS_AIST_Work/CNRS_AIST_Mobile_Shopping_Robot/robot_ws_ros2/install/pointcloud_to_laserscan/lib/pkgconfig/pointcloud_to_laserscan.pc'
[5.822s] Level 1:colcon.colcon_core.environment:checking '/home/jrlintern/Desktop/CNRS_AIST_Work/CNRS_AIST_Mobile_Shopping_Robot/robot_ws_ros2/install/pointcloud_to_laserscan/lib/python3.8/site-packages'
[5.823s] Level 1:colcon.colcon_core.environment:checking '/home/jrlintern/Desktop/CNRS_AIST_Work/CNRS_AIST_Mobile_Shopping_Robot/robot_ws_ros2/install/pointcloud_to_laserscan/bin'
[5.870s] INFO:colcon.colcon_core.shell:Creating package script '/home/jrlintern/Desktop/CNRS_AIST_Work/CNRS_AIST_Mobile_Shopping_Robot/robot_ws_ros2/install/pointcloud_to_laserscan/share/pointcloud_to_laserscan/package.ps1'
[5.870s] INFO:colcon.colcon_core.shell:Creating package descriptor '/home/jrlintern/Desktop/CNRS_AIST_Work/CNRS_AIST_Mobile_Shopping_Robot/robot_ws_ros2/install/pointcloud_to_laserscan/share/pointcloud_to_laserscan/package.dsv'
[5.871s] INFO:colcon.colcon_core.shell:Creating package script '/home/jrlintern/Desktop/CNRS_AIST_Work/CNRS_AIST_Mobile_Shopping_Robot/robot_ws_ros2/install/pointcloud_to_laserscan/share/pointcloud_to_laserscan/package.sh'
[5.871s] INFO:colcon.colcon_core.shell:Creating package script '/home/jrlintern/Desktop/CNRS_AIST_Work/CNRS_AIST_Mobile_Shopping_Robot/robot_ws_ros2/install/pointcloud_to_laserscan/share/pointcloud_to_laserscan/package.bash'
[5.871s] INFO:colcon.colcon_core.shell:Creating package script '/home/jrlintern/Desktop/CNRS_AIST_Work/CNRS_AIST_Mobile_Shopping_Robot/robot_ws_ros2/install/pointcloud_to_laserscan/share/pointcloud_to_laserscan/package.zsh'
[5.872s] Level 1:colcon.colcon_core.environment:create_file_with_runtime_dependencies(/home/jrlintern/Desktop/CNRS_AIST_Work/CNRS_AIST_Mobile_Shopping_Robot/robot_ws_ros2/install/pointcloud_to_laserscan/share/colcon-core/packages/pointcloud_to_laserscan)
[5.928s] Level 1:colcon.colcon_core.environment:create_environment_scripts_only(nav2_simu)
[5.976s] Level 1:colcon.colcon_core.environment:checking '/home/jrlintern/Desktop/CNRS_AIST_Work/CNRS_AIST_Mobile_Shopping_Robot/robot_ws_ros2/install/nav2_simu' for CMake module files
[5.977s] Level 1:colcon.colcon_core.environment:checking '/home/jrlintern/Desktop/CNRS_AIST_Work/CNRS_AIST_Mobile_Shopping_Robot/robot_ws_ros2/install/nav2_simu' for CMake config files
[5.977s] Level 1:colcon.colcon_core.shell:create_environment_hook('nav2_simu', 'cmake_prefix_path')
[6.024s] INFO:colcon.colcon_core.shell:Creating environment hook '/home/jrlintern/Desktop/CNRS_AIST_Work/CNRS_AIST_Mobile_Shopping_Robot/robot_ws_ros2/install/nav2_simu/share/nav2_simu/hook/cmake_prefix_path.ps1'
[6.025s] INFO:colcon.colcon_core.shell:Creating environment descriptor '/home/jrlintern/Desktop/CNRS_AIST_Work/CNRS_AIST_Mobile_Shopping_Robot/robot_ws_ros2/install/nav2_simu/share/nav2_simu/hook/cmake_prefix_path.dsv'
[6.025s] INFO:colcon.colcon_core.shell:Creating environment hook '/home/jrlintern/Desktop/CNRS_AIST_Work/CNRS_AIST_Mobile_Shopping_Robot/robot_ws_ros2/install/nav2_simu/share/nav2_simu/hook/cmake_prefix_path.sh'
[6.026s] Level 1:colcon.colcon_core.environment:checking '/home/jrlintern/Desktop/CNRS_AIST_Work/CNRS_AIST_Mobile_Shopping_Robot/robot_ws_ros2/install/nav2_simu/bin'
[6.026s] Level 1:colcon.colcon_core.environment:checking '/home/jrlintern/Desktop/CNRS_AIST_Work/CNRS_AIST_Mobile_Shopping_Robot/robot_ws_ros2/install/nav2_simu/lib/pkgconfig/nav2_simu.pc'
[6.026s] Level 1:colcon.colcon_core.environment:checking '/home/jrlintern/Desktop/CNRS_AIST_Work/CNRS_AIST_Mobile_Shopping_Robot/robot_ws_ros2/install/nav2_simu/lib/python3.8/site-packages'
[6.026s] Level 1:colcon.colcon_core.environment:checking '/home/jrlintern/Desktop/CNRS_AIST_Work/CNRS_AIST_Mobile_Shopping_Robot/robot_ws_ros2/install/nav2_simu/bin'
[6.074s] INFO:colcon.colcon_core.shell:Creating package script '/home/jrlintern/Desktop/CNRS_AIST_Work/CNRS_AIST_Mobile_Shopping_Robot/robot_ws_ros2/install/nav2_simu/share/nav2_simu/package.ps1'
[6.075s] INFO:colcon.colcon_core.shell:Creating package descriptor '/home/jrlintern/Desktop/CNRS_AIST_Work/CNRS_AIST_Mobile_Shopping_Robot/robot_ws_ros2/install/nav2_simu/share/nav2_simu/package.dsv'
[6.075s] INFO:colcon.colcon_core.shell:Creating package script '/home/jrlintern/Desktop/CNRS_AIST_Work/CNRS_AIST_Mobile_Shopping_Robot/robot_ws_ros2/install/nav2_simu/share/nav2_simu/package.sh'
[6.076s] INFO:colcon.colcon_core.shell:Creating package script '/home/jrlintern/Desktop/CNRS_AIST_Work/CNRS_AIST_Mobile_Shopping_Robot/robot_ws_ros2/install/nav2_simu/share/nav2_simu/package.bash'
[6.077s] INFO:colcon.colcon_core.shell:Creating package script '/home/jrlintern/Desktop/CNRS_AIST_Work/CNRS_AIST_Mobile_Shopping_Robot/robot_ws_ros2/install/nav2_simu/share/nav2_simu/package.zsh'
[6.077s] Level 1:colcon.colcon_core.environment:create_file_with_runtime_dependencies(/home/jrlintern/Desktop/CNRS_AIST_Work/CNRS_AIST_Mobile_Shopping_Robot/robot_ws_ros2/install/nav2_simu/share/colcon-core/packages/nav2_simu)
[6.082s] DEBUG:colcon.colcon_core.event_handler.log_command:Invoking command in '/home/jrlintern/Desktop/CNRS_AIST_Work/CNRS_AIST_Mobile_Shopping_Robot/robot_ws_ros2/build/c_pkg': CMAKE_PREFIX_PATH=${CMAKE_PREFIX_PATH}:/opt/ros/foxy /usr/bin/cmake --install /home/jrlintern/Desktop/CNRS_AIST_Work/CNRS_AIST_Mobile_Shopping_Robot/robot_ws_ros2/build/c_pkg
[6.086s] DEBUG:colcon.colcon_core.event_handler.log_command:Invoking command in '/home/jrlintern/Desktop/CNRS_AIST_Work/CNRS_AIST_Mobile_Shopping_Robot/robot_ws_ros2/build/ros2_laser_scan_merger': CMAKE_PREFIX_PATH=${CMAKE_PREFIX_PATH}:/opt/ros/foxy /usr/bin/cmake --install /home/jrlintern/Desktop/CNRS_AIST_Work/CNRS_AIST_Mobile_Shopping_Robot/robot_ws_ros2/build/ros2_laser_scan_merger
[6.167s] Level 1:colcon.colcon_core.environment:create_environment_scripts_only(pointcloud_to_laserscan)
[6.216s] Level 1:colcon.colcon_core.environment:checking '/home/jrlintern/Desktop/CNRS_AIST_Work/CNRS_AIST_Mobile_Shopping_Robot/robot_ws_ros2/install/pointcloud_to_laserscan' for CMake module files
[6.217s] Level 1:colcon.colcon_core.environment:checking '/home/jrlintern/Desktop/CNRS_AIST_Work/CNRS_AIST_Mobile_Shopping_Robot/robot_ws_ros2/install/pointcloud_to_laserscan' for CMake config files
[6.217s] Level 1:colcon.colcon_core.shell:create_environment_hook('pointcloud_to_laserscan', 'cmake_prefix_path')
[6.263s] INFO:colcon.colcon_core.shell:Creating environment hook '/home/jrlintern/Desktop/CNRS_AIST_Work/CNRS_AIST_Mobile_Shopping_Robot/robot_ws_ros2/install/pointcloud_to_laserscan/share/pointcloud_to_laserscan/hook/cmake_prefix_path.ps1'
[6.264s] INFO:colcon.colcon_core.shell:Creating environment descriptor '/home/jrlintern/Desktop/CNRS_AIST_Work/CNRS_AIST_Mobile_Shopping_Robot/robot_ws_ros2/install/pointcloud_to_laserscan/share/pointcloud_to_laserscan/hook/cmake_prefix_path.dsv'
[6.264s] INFO:colcon.colcon_core.shell:Creating environment hook '/home/jrlintern/Desktop/CNRS_AIST_Work/CNRS_AIST_Mobile_Shopping_Robot/robot_ws_ros2/install/pointcloud_to_laserscan/share/pointcloud_to_laserscan/hook/cmake_prefix_path.sh'
[6.265s] Level 1:colcon.colcon_core.environment:checking '/home/jrlintern/Desktop/CNRS_AIST_Work/CNRS_AIST_Mobile_Shopping_Robot/robot_ws_ros2/install/pointcloud_to_laserscan/lib'
[6.265s] Level 1:colcon.colcon_core.shell:create_environment_hook('pointcloud_to_laserscan', 'ld_library_path_lib')
[6.313s] INFO:colcon.colcon_core.shell:Creating environment hook '/home/jrlintern/Desktop/CNRS_AIST_Work/CNRS_AIST_Mobile_Shopping_Robot/robot_ws_ros2/install/pointcloud_to_laserscan/share/pointcloud_to_laserscan/hook/ld_library_path_lib.ps1'
[6.313s] INFO:colcon.colcon_core.shell:Creating environment descriptor '/home/jrlintern/Desktop/CNRS_AIST_Work/CNRS_AIST_Mobile_Shopping_Robot/robot_ws_ros2/install/pointcloud_to_laserscan/share/pointcloud_to_laserscan/hook/ld_library_path_lib.dsv'
[6.313s] INFO:colcon.colcon_core.shell:Creating environment hook '/home/jrlintern/Desktop/CNRS_AIST_Work/CNRS_AIST_Mobile_Shopping_Robot/robot_ws_ros2/install/pointcloud_to_laserscan/share/pointcloud_to_laserscan/hook/ld_library_path_lib.sh'
[6.314s] Level 1:colcon.colcon_core.environment:checking '/home/jrlintern/Desktop/CNRS_AIST_Work/CNRS_AIST_Mobile_Shopping_Robot/robot_ws_ros2/install/pointcloud_to_laserscan/bin'
[6.314s] Level 1:colcon.colcon_core.environment:checking '/home/jrlintern/Desktop/CNRS_AIST_Work/CNRS_AIST_Mobile_Shopping_Robot/robot_ws_ros2/install/pointcloud_to_laserscan/lib/pkgconfig/pointcloud_to_laserscan.pc'
[6.314s] Level 1:colcon.colcon_core.environment:checking '/home/jrlintern/Desktop/CNRS_AIST_Work/CNRS_AIST_Mobile_Shopping_Robot/robot_ws_ros2/install/pointcloud_to_laserscan/lib/python3.8/site-packages'
[6.314s] Level 1:colcon.colcon_core.environment:checking '/home/jrlintern/Desktop/CNRS_AIST_Work/CNRS_AIST_Mobile_Shopping_Robot/robot_ws_ros2/install/pointcloud_to_laserscan/bin'
[6.361s] INFO:colcon.colcon_core.shell:Creating package script '/home/jrlintern/Desktop/CNRS_AIST_Work/CNRS_AIST_Mobile_Shopping_Robot/robot_ws_ros2/install/pointcloud_to_laserscan/share/pointcloud_to_laserscan/package.ps1'
[6.362s] INFO:colcon.colcon_core.shell:Creating package descriptor '/home/jrlintern/Desktop/CNRS_AIST_Work/CNRS_AIST_Mobile_Shopping_Robot/robot_ws_ros2/install/pointcloud_to_laserscan/share/pointcloud_to_laserscan/package.dsv'
[6.363s] INFO:colcon.colcon_core.shell:Creating package script '/home/jrlintern/Desktop/CNRS_AIST_Work/CNRS_AIST_Mobile_Shopping_Robot/robot_ws_ros2/install/pointcloud_to_laserscan/share/pointcloud_to_laserscan/package.sh'
[6.363s] INFO:colcon.colcon_core.shell:Creating package script '/home/jrlintern/Desktop/CNRS_AIST_Work/CNRS_AIST_Mobile_Shopping_Robot/robot_ws_ros2/install/pointcloud_to_laserscan/share/pointcloud_to_laserscan/package.bash'
[6.363s] INFO:colcon.colcon_core.shell:Creating package script '/home/jrlintern/Desktop/CNRS_AIST_Work/CNRS_AIST_Mobile_Shopping_Robot/robot_ws_ros2/install/pointcloud_to_laserscan/share/pointcloud_to_laserscan/package.zsh'
[6.364s] Level 1:colcon.colcon_core.environment:create_file_with_runtime_dependencies(/home/jrlintern/Desktop/CNRS_AIST_Work/CNRS_AIST_Mobile_Shopping_Robot/robot_ws_ros2/install/pointcloud_to_laserscan/share/colcon-core/packages/pointcloud_to_laserscan)
[6.365s] Level 1:colcon.colcon_core.environment:create_environment_scripts_only(c_pkg)
[6.372s] DEBUG:colcon.colcon_core.event_handler.log_command:Invoked command in '/home/jrlintern/Desktop/CNRS_AIST_Work/CNRS_AIST_Mobile_Shopping_Robot/robot_ws_ros2/build/c_pkg' returned '0': CMAKE_PREFIX_PATH=${CMAKE_PREFIX_PATH}:/opt/ros/foxy /usr/bin/cmake --install /home/jrlintern/Desktop/CNRS_AIST_Work/CNRS_AIST_Mobile_Shopping_Robot/robot_ws_ros2/build/c_pkg
[6.419s] Level 1:colcon.colcon_core.environment:checking '/home/jrlintern/Desktop/CNRS_AIST_Work/CNRS_AIST_Mobile_Shopping_Robot/robot_ws_ros2/install/c_pkg' for CMake module files
[6.419s] Level 1:colcon.colcon_core.environment:checking '/home/jrlintern/Desktop/CNRS_AIST_Work/CNRS_AIST_Mobile_Shopping_Robot/robot_ws_ros2/install/c_pkg' for CMake config files
[6.420s] Level 1:colcon.colcon_core.shell:create_environment_hook('c_pkg', 'cmake_prefix_path')
[6.484s] INFO:colcon.colcon_core.shell:Creating environment hook '/home/jrlintern/Desktop/CNRS_AIST_Work/CNRS_AIST_Mobile_Shopping_Robot/robot_ws_ros2/install/c_pkg/share/c_pkg/hook/cmake_prefix_path.ps1'
[6.484s] INFO:colcon.colcon_core.shell:Creating environment descriptor '/home/jrlintern/Desktop/CNRS_AIST_Work/CNRS_AIST_Mobile_Shopping_Robot/robot_ws_ros2/install/c_pkg/share/c_pkg/hook/cmake_prefix_path.dsv'
[6.484s] INFO:colcon.colcon_core.shell:Creating environment hook '/home/jrlintern/Desktop/CNRS_AIST_Work/CNRS_AIST_Mobile_Shopping_Robot/robot_ws_ros2/install/c_pkg/share/c_pkg/hook/cmake_prefix_path.sh'
[6.485s] Level 1:colcon.colcon_core.environment:checking '/home/jrlintern/Desktop/CNRS_AIST_Work/CNRS_AIST_Mobile_Shopping_Robot/robot_ws_ros2/install/c_pkg/lib'
[6.485s] Level 1:colcon.colcon_core.shell:create_environment_hook('c_pkg', 'ld_library_path_lib')
[6.536s] INFO:colcon.colcon_core.shell:Creating environment hook '/home/jrlintern/Desktop/CNRS_AIST_Work/CNRS_AIST_Mobile_Shopping_Robot/robot_ws_ros2/install/c_pkg/share/c_pkg/hook/ld_library_path_lib.ps1'
[6.536s] INFO:colcon.colcon_core.shell:Creating environment descriptor '/home/jrlintern/Desktop/CNRS_AIST_Work/CNRS_AIST_Mobile_Shopping_Robot/robot_ws_ros2/install/c_pkg/share/c_pkg/hook/ld_library_path_lib.dsv'
[6.536s] INFO:colcon.colcon_core.shell:Creating environment hook '/home/jrlintern/Desktop/CNRS_AIST_Work/CNRS_AIST_Mobile_Shopping_Robot/robot_ws_ros2/install/c_pkg/share/c_pkg/hook/ld_library_path_lib.sh'
[6.537s] Level 1:colcon.colcon_core.environment:checking '/home/jrlintern/Desktop/CNRS_AIST_Work/CNRS_AIST_Mobile_Shopping_Robot/robot_ws_ros2/install/c_pkg/bin'
[6.537s] Level 1:colcon.colcon_core.environment:checking '/home/jrlintern/Desktop/CNRS_AIST_Work/CNRS_AIST_Mobile_Shopping_Robot/robot_ws_ros2/install/c_pkg/lib/pkgconfig/c_pkg.pc'
[6.537s] Level 1:colcon.colcon_core.environment:checking '/home/jrlintern/Desktop/CNRS_AIST_Work/CNRS_AIST_Mobile_Shopping_Robot/robot_ws_ros2/install/c_pkg/lib/python3.8/site-packages'
[6.537s] Level 1:colcon.colcon_core.shell:create_environment_hook('c_pkg', 'pythonpath')
[6.584s] INFO:colcon.colcon_core.shell:Creating environment hook '/home/jrlintern/Desktop/CNRS_AIST_Work/CNRS_AIST_Mobile_Shopping_Robot/robot_ws_ros2/install/c_pkg/share/c_pkg/hook/pythonpath.ps1'
[6.584s] INFO:colcon.colcon_core.shell:Creating environment descriptor '/home/jrlintern/Desktop/CNRS_AIST_Work/CNRS_AIST_Mobile_Shopping_Robot/robot_ws_ros2/install/c_pkg/share/c_pkg/hook/pythonpath.dsv'
[6.585s] INFO:colcon.colcon_core.shell:Creating environment hook '/home/jrlintern/Desktop/CNRS_AIST_Work/CNRS_AIST_Mobile_Shopping_Robot/robot_ws_ros2/install/c_pkg/share/c_pkg/hook/pythonpath.sh'
[6.585s] Level 1:colcon.colcon_core.environment:checking '/home/jrlintern/Desktop/CNRS_AIST_Work/CNRS_AIST_Mobile_Shopping_Robot/robot_ws_ros2/install/c_pkg/bin'
[6.634s] INFO:colcon.colcon_core.shell:Creating package script '/home/jrlintern/Desktop/CNRS_AIST_Work/CNRS_AIST_Mobile_Shopping_Robot/robot_ws_ros2/install/c_pkg/share/c_pkg/package.ps1'
[6.635s] INFO:colcon.colcon_core.shell:Creating package descriptor '/home/jrlintern/Desktop/CNRS_AIST_Work/CNRS_AIST_Mobile_Shopping_Robot/robot_ws_ros2/install/c_pkg/share/c_pkg/package.dsv'
[6.635s] INFO:colcon.colcon_core.shell:Creating package script '/home/jrlintern/Desktop/CNRS_AIST_Work/CNRS_AIST_Mobile_Shopping_Robot/robot_ws_ros2/install/c_pkg/share/c_pkg/package.sh'
[6.636s] INFO:colcon.colcon_core.shell:Creating package script '/home/jrlintern/Desktop/CNRS_AIST_Work/CNRS_AIST_Mobile_Shopping_Robot/robot_ws_ros2/install/c_pkg/share/c_pkg/package.bash'
[6.636s] INFO:colcon.colcon_core.shell:Creating package script '/home/jrlintern/Desktop/CNRS_AIST_Work/CNRS_AIST_Mobile_Shopping_Robot/robot_ws_ros2/install/c_pkg/share/c_pkg/package.zsh'
[6.637s] Level 1:colcon.colcon_core.environment:create_file_with_runtime_dependencies(/home/jrlintern/Desktop/CNRS_AIST_Work/CNRS_AIST_Mobile_Shopping_Robot/robot_ws_ros2/install/c_pkg/share/colcon-core/packages/c_pkg)
[6.640s] Level 1:colcon.colcon_core.environment:create_environment_scripts_only(ros2_laser_scan_merger)
[6.641s] DEBUG:colcon.colcon_core.event_handler.log_command:Invoked command in '/home/jrlintern/Desktop/CNRS_AIST_Work/CNRS_AIST_Mobile_Shopping_Robot/robot_ws_ros2/build/ros2_laser_scan_merger' returned '0': CMAKE_PREFIX_PATH=${CMAKE_PREFIX_PATH}:/opt/ros/foxy /usr/bin/cmake --install /home/jrlintern/Desktop/CNRS_AIST_Work/CNRS_AIST_Mobile_Shopping_Robot/robot_ws_ros2/build/ros2_laser_scan_merger
[6.698s] Level 1:colcon.colcon_core.environment:checking '/home/jrlintern/Desktop/CNRS_AIST_Work/CNRS_AIST_Mobile_Shopping_Robot/robot_ws_ros2/install/ros2_laser_scan_merger' for CMake module files
[6.698s] Level 1:colcon.colcon_core.environment:checking '/home/jrlintern/Desktop/CNRS_AIST_Work/CNRS_AIST_Mobile_Shopping_Robot/robot_ws_ros2/install/ros2_laser_scan_merger' for CMake config files
[6.698s] Level 1:colcon.colcon_core.shell:create_environment_hook('ros2_laser_scan_merger', 'cmake_prefix_path')
[6.746s] INFO:colcon.colcon_core.shell:Creating environment hook '/home/jrlintern/Desktop/CNRS_AIST_Work/CNRS_AIST_Mobile_Shopping_Robot/robot_ws_ros2/install/ros2_laser_scan_merger/share/ros2_laser_scan_merger/hook/cmake_prefix_path.ps1'
[6.747s] INFO:colcon.colcon_core.shell:Creating environment descriptor '/home/jrlintern/Desktop/CNRS_AIST_Work/CNRS_AIST_Mobile_Shopping_Robot/robot_ws_ros2/install/ros2_laser_scan_merger/share/ros2_laser_scan_merger/hook/cmake_prefix_path.dsv'
[6.747s] INFO:colcon.colcon_core.shell:Creating environment hook '/home/jrlintern/Desktop/CNRS_AIST_Work/CNRS_AIST_Mobile_Shopping_Robot/robot_ws_ros2/install/ros2_laser_scan_merger/share/ros2_laser_scan_merger/hook/cmake_prefix_path.sh'
[6.748s] Level 1:colcon.colcon_core.environment:checking '/home/jrlintern/Desktop/CNRS_AIST_Work/CNRS_AIST_Mobile_Shopping_Robot/robot_ws_ros2/install/ros2_laser_scan_merger/lib'
[6.748s] Level 1:colcon.colcon_core.environment:checking '/home/jrlintern/Desktop/CNRS_AIST_Work/CNRS_AIST_Mobile_Shopping_Robot/robot_ws_ros2/install/ros2_laser_scan_merger/bin'
[6.748s] Level 1:colcon.colcon_core.environment:checking '/home/jrlintern/Desktop/CNRS_AIST_Work/CNRS_AIST_Mobile_Shopping_Robot/robot_ws_ros2/install/ros2_laser_scan_merger/lib/pkgconfig/ros2_laser_scan_merger.pc'
[6.748s] Level 1:colcon.colcon_core.environment:checking '/home/jrlintern/Desktop/CNRS_AIST_Work/CNRS_AIST_Mobile_Shopping_Robot/robot_ws_ros2/install/ros2_laser_scan_merger/lib/python3.8/site-packages'
[6.748s] Level 1:colcon.colcon_core.environment:checking '/home/jrlintern/Desktop/CNRS_AIST_Work/CNRS_AIST_Mobile_Shopping_Robot/robot_ws_ros2/install/ros2_laser_scan_merger/bin'
[6.797s] INFO:colcon.colcon_core.shell:Creating package script '/home/jrlintern/Desktop/CNRS_AIST_Work/CNRS_AIST_Mobile_Shopping_Robot/robot_ws_ros2/install/ros2_laser_scan_merger/share/ros2_laser_scan_merger/package.ps1'
[6.797s] INFO:colcon.colcon_core.shell:Creating package descriptor '/home/jrlintern/Desktop/CNRS_AIST_Work/CNRS_AIST_Mobile_Shopping_Robot/robot_ws_ros2/install/ros2_laser_scan_merger/share/ros2_laser_scan_merger/package.dsv'
[6.798s] INFO:colcon.colcon_core.shell:Creating package script '/home/jrlintern/Desktop/CNRS_AIST_Work/CNRS_AIST_Mobile_Shopping_Robot/robot_ws_ros2/install/ros2_laser_scan_merger/share/ros2_laser_scan_merger/package.sh'
[6.798s] INFO:colcon.colcon_core.shell:Creating package script '/home/jrlintern/Desktop/CNRS_AIST_Work/CNRS_AIST_Mobile_Shopping_Robot/robot_ws_ros2/install/ros2_laser_scan_merger/share/ros2_laser_scan_merger/package.bash'
[6.798s] INFO:colcon.colcon_core.shell:Creating package script '/home/jrlintern/Desktop/CNRS_AIST_Work/CNRS_AIST_Mobile_Shopping_Robot/robot_ws_ros2/install/ros2_laser_scan_merger/share/ros2_laser_scan_merger/package.zsh'
[6.799s] Level 1:colcon.colcon_core.environment:create_file_with_runtime_dependencies(/home/jrlintern/Desktop/CNRS_AIST_Work/CNRS_AIST_Mobile_Shopping_Robot/robot_ws_ros2/install/ros2_laser_scan_merger/share/colcon-core/packages/ros2_laser_scan_merger)
[6.855s] Level 1:colcon.colcon_core.environment:create_environment_scripts_only(c_pkg)
[6.905s] Level 1:colcon.colcon_core.environment:checking '/home/jrlintern/Desktop/CNRS_AIST_Work/CNRS_AIST_Mobile_Shopping_Robot/robot_ws_ros2/install/c_pkg' for CMake module files
[6.906s] Level 1:colcon.colcon_core.environment:checking '/home/jrlintern/Desktop/CNRS_AIST_Work/CNRS_AIST_Mobile_Shopping_Robot/robot_ws_ros2/install/c_pkg' for CMake config files
[6.906s] Level 1:colcon.colcon_core.shell:create_environment_hook('c_pkg', 'cmake_prefix_path')
[6.953s] INFO:colcon.colcon_core.shell:Creating environment hook '/home/jrlintern/Desktop/CNRS_AIST_Work/CNRS_AIST_Mobile_Shopping_Robot/robot_ws_ros2/install/c_pkg/share/c_pkg/hook/cmake_prefix_path.ps1'
[6.954s] INFO:colcon.colcon_core.shell:Creating environment descriptor '/home/jrlintern/Desktop/CNRS_AIST_Work/CNRS_AIST_Mobile_Shopping_Robot/robot_ws_ros2/install/c_pkg/share/c_pkg/hook/cmake_prefix_path.dsv'
[6.954s] INFO:colcon.colcon_core.shell:Creating environment hook '/home/jrlintern/Desktop/CNRS_AIST_Work/CNRS_AIST_Mobile_Shopping_Robot/robot_ws_ros2/install/c_pkg/share/c_pkg/hook/cmake_prefix_path.sh'
[6.955s] Level 1:colcon.colcon_core.environment:checking '/home/jrlintern/Desktop/CNRS_AIST_Work/CNRS_AIST_Mobile_Shopping_Robot/robot_ws_ros2/install/c_pkg/lib'
[6.955s] Level 1:colcon.colcon_core.shell:create_environment_hook('c_pkg', 'ld_library_path_lib')
[7.003s] INFO:colcon.colcon_core.shell:Creating environment hook '/home/jrlintern/Desktop/CNRS_AIST_Work/CNRS_AIST_Mobile_Shopping_Robot/robot_ws_ros2/install/c_pkg/share/c_pkg/hook/ld_library_path_lib.ps1'
[7.003s] INFO:colcon.colcon_core.shell:Creating environment descriptor '/home/jrlintern/Desktop/CNRS_AIST_Work/CNRS_AIST_Mobile_Shopping_Robot/robot_ws_ros2/install/c_pkg/share/c_pkg/hook/ld_library_path_lib.dsv'
[7.004s] INFO:colcon.colcon_core.shell:Creating environment hook '/home/jrlintern/Desktop/CNRS_AIST_Work/CNRS_AIST_Mobile_Shopping_Robot/robot_ws_ros2/install/c_pkg/share/c_pkg/hook/ld_library_path_lib.sh'
[7.004s] Level 1:colcon.colcon_core.environment:checking '/home/jrlintern/Desktop/CNRS_AIST_Work/CNRS_AIST_Mobile_Shopping_Robot/robot_ws_ros2/install/c_pkg/bin'
[7.004s] Level 1:colcon.colcon_core.environment:checking '/home/jrlintern/Desktop/CNRS_AIST_Work/CNRS_AIST_Mobile_Shopping_Robot/robot_ws_ros2/install/c_pkg/lib/pkgconfig/c_pkg.pc'
[7.004s] Level 1:colcon.colcon_core.environment:checking '/home/jrlintern/Desktop/CNRS_AIST_Work/CNRS_AIST_Mobile_Shopping_Robot/robot_ws_ros2/install/c_pkg/lib/python3.8/site-packages'
[7.004s] Level 1:colcon.colcon_core.shell:create_environment_hook('c_pkg', 'pythonpath')
[7.050s] INFO:colcon.colcon_core.shell:Creating environment hook '/home/jrlintern/Desktop/CNRS_AIST_Work/CNRS_AIST_Mobile_Shopping_Robot/robot_ws_ros2/install/c_pkg/share/c_pkg/hook/pythonpath.ps1'
[7.051s] INFO:colcon.colcon_core.shell:Creating environment descriptor '/home/jrlintern/Desktop/CNRS_AIST_Work/CNRS_AIST_Mobile_Shopping_Robot/robot_ws_ros2/install/c_pkg/share/c_pkg/hook/pythonpath.dsv'
[7.051s] INFO:colcon.colcon_core.shell:Creating environment hook '/home/jrlintern/Desktop/CNRS_AIST_Work/CNRS_AIST_Mobile_Shopping_Robot/robot_ws_ros2/install/c_pkg/share/c_pkg/hook/pythonpath.sh'
[7.051s] Level 1:colcon.colcon_core.environment:checking '/home/jrlintern/Desktop/CNRS_AIST_Work/CNRS_AIST_Mobile_Shopping_Robot/robot_ws_ros2/install/c_pkg/bin'
[7.101s] INFO:colcon.colcon_core.shell:Creating package script '/home/jrlintern/Desktop/CNRS_AIST_Work/CNRS_AIST_Mobile_Shopping_Robot/robot_ws_ros2/install/c_pkg/share/c_pkg/package.ps1'
[7.102s] INFO:colcon.colcon_core.shell:Creating package descriptor '/home/jrlintern/Desktop/CNRS_AIST_Work/CNRS_AIST_Mobile_Shopping_Robot/robot_ws_ros2/install/c_pkg/share/c_pkg/package.dsv'
[7.103s] INFO:colcon.colcon_core.shell:Creating package script '/home/jrlintern/Desktop/CNRS_AIST_Work/CNRS_AIST_Mobile_Shopping_Robot/robot_ws_ros2/install/c_pkg/share/c_pkg/package.sh'
[7.103s] INFO:colcon.colcon_core.shell:Creating package script '/home/jrlintern/Desktop/CNRS_AIST_Work/CNRS_AIST_Mobile_Shopping_Robot/robot_ws_ros2/install/c_pkg/share/c_pkg/package.bash'
[7.103s] INFO:colcon.colcon_core.shell:Creating package script '/home/jrlintern/Desktop/CNRS_AIST_Work/CNRS_AIST_Mobile_Shopping_Robot/robot_ws_ros2/install/c_pkg/share/c_pkg/package.zsh'
[7.104s] Level 1:colcon.colcon_core.environment:create_file_with_runtime_dependencies(/home/jrlintern/Desktop/CNRS_AIST_Work/CNRS_AIST_Mobile_Shopping_Robot/robot_ws_ros2/install/c_pkg/share/colcon-core/packages/c_pkg)
[7.154s] Level 1:colcon.colcon_core.environment:create_environment_scripts_only(ros2_laser_scan_merger)
[7.205s] Level 1:colcon.colcon_core.environment:checking '/home/jrlintern/Desktop/CNRS_AIST_Work/CNRS_AIST_Mobile_Shopping_Robot/robot_ws_ros2/install/ros2_laser_scan_merger' for CMake module files
[7.206s] Level 1:colcon.colcon_core.environment:checking '/home/jrlintern/Desktop/CNRS_AIST_Work/CNRS_AIST_Mobile_Shopping_Robot/robot_ws_ros2/install/ros2_laser_scan_merger' for CMake config files
[7.206s] Level 1:colcon.colcon_core.shell:create_environment_hook('ros2_laser_scan_merger', 'cmake_prefix_path')
[7.257s] INFO:colcon.colcon_core.shell:Creating environment hook '/home/jrlintern/Desktop/CNRS_AIST_Work/CNRS_AIST_Mobile_Shopping_Robot/robot_ws_ros2/install/ros2_laser_scan_merger/share/ros2_laser_scan_merger/hook/cmake_prefix_path.ps1'
[7.258s] INFO:colcon.colcon_core.shell:Creating environment descriptor '/home/jrlintern/Desktop/CNRS_AIST_Work/CNRS_AIST_Mobile_Shopping_Robot/robot_ws_ros2/install/ros2_laser_scan_merger/share/ros2_laser_scan_merger/hook/cmake_prefix_path.dsv'
[7.258s] INFO:colcon.colcon_core.shell:Creating environment hook '/home/jrlintern/Desktop/CNRS_AIST_Work/CNRS_AIST_Mobile_Shopping_Robot/robot_ws_ros2/install/ros2_laser_scan_merger/share/ros2_laser_scan_merger/hook/cmake_prefix_path.sh'
[7.258s] Level 1:colcon.colcon_core.environment:checking '/home/jrlintern/Desktop/CNRS_AIST_Work/CNRS_AIST_Mobile_Shopping_Robot/robot_ws_ros2/install/ros2_laser_scan_merger/lib'
[7.258s] Level 1:colcon.colcon_core.environment:checking '/home/jrlintern/Desktop/CNRS_AIST_Work/CNRS_AIST_Mobile_Shopping_Robot/robot_ws_ros2/install/ros2_laser_scan_merger/bin'
[7.258s] Level 1:colcon.colcon_core.environment:checking '/home/jrlintern/Desktop/CNRS_AIST_Work/CNRS_AIST_Mobile_Shopping_Robot/robot_ws_ros2/install/ros2_laser_scan_merger/lib/pkgconfig/ros2_laser_scan_merger.pc'
[7.259s] Level 1:colcon.colcon_core.environment:checking '/home/jrlintern/Desktop/CNRS_AIST_Work/CNRS_AIST_Mobile_Shopping_Robot/robot_ws_ros2/install/ros2_laser_scan_merger/lib/python3.8/site-packages'
[7.259s] Level 1:colcon.colcon_core.environment:checking '/home/jrlintern/Desktop/CNRS_AIST_Work/CNRS_AIST_Mobile_Shopping_Robot/robot_ws_ros2/install/ros2_laser_scan_merger/bin'
[7.307s] INFO:colcon.colcon_core.shell:Creating package script '/home/jrlintern/Desktop/CNRS_AIST_Work/CNRS_AIST_Mobile_Shopping_Robot/robot_ws_ros2/install/ros2_laser_scan_merger/share/ros2_laser_scan_merger/package.ps1'
[7.308s] INFO:colcon.colcon_core.shell:Creating package descriptor '/home/jrlintern/Desktop/CNRS_AIST_Work/CNRS_AIST_Mobile_Shopping_Robot/robot_ws_ros2/install/ros2_laser_scan_merger/share/ros2_laser_scan_merger/package.dsv'
[7.309s] INFO:colcon.colcon_core.shell:Creating package script '/home/jrlintern/Desktop/CNRS_AIST_Work/CNRS_AIST_Mobile_Shopping_Robot/robot_ws_ros2/install/ros2_laser_scan_merger/share/ros2_laser_scan_merger/package.sh'
[7.309s] INFO:colcon.colcon_core.shell:Creating package script '/home/jrlintern/Desktop/CNRS_AIST_Work/CNRS_AIST_Mobile_Shopping_Robot/robot_ws_ros2/install/ros2_laser_scan_merger/share/ros2_laser_scan_merger/package.bash'
[7.310s] INFO:colcon.colcon_core.shell:Creating package script '/home/jrlintern/Desktop/CNRS_AIST_Work/CNRS_AIST_Mobile_Shopping_Robot/robot_ws_ros2/install/ros2_laser_scan_merger/share/ros2_laser_scan_merger/package.zsh'
[7.310s] Level 1:colcon.colcon_core.environment:create_file_with_runtime_dependencies(/home/jrlintern/Desktop/CNRS_AIST_Work/CNRS_AIST_Mobile_Shopping_Robot/robot_ws_ros2/install/ros2_laser_scan_merger/share/colcon-core/packages/ros2_laser_scan_merger)
[12.071s] DEBUG:colcon.colcon_core.event_handler.log_command:Invoked command in '/home/jrlintern/Desktop/CNRS_AIST_Work/CNRS_AIST_Mobile_Shopping_Robot/robot_ws_ros2/build/laser_scan_merger' returned '0': CMAKE_PREFIX_PATH=${CMAKE_PREFIX_PATH}:/opt/ros/foxy /usr/bin/cmake --build /home/jrlintern/Desktop/CNRS_AIST_Work/CNRS_AIST_Mobile_Shopping_Robot/robot_ws_ros2/build/laser_scan_merger -- -j8 -l8
[12.093s] DEBUG:colcon.colcon_core.event_handler.log_command:Invoking command in '/home/jrlintern/Desktop/CNRS_AIST_Work/CNRS_AIST_Mobile_Shopping_Robot/robot_ws_ros2/build/laser_scan_merger': CMAKE_PREFIX_PATH=${CMAKE_PREFIX_PATH}:/opt/ros/foxy /usr/bin/cmake --install /home/jrlintern/Desktop/CNRS_AIST_Work/CNRS_AIST_Mobile_Shopping_Robot/robot_ws_ros2/build/laser_scan_merger
[12.103s] Level 1:colcon.colcon_core.environment:create_environment_scripts_only(laser_scan_merger)
[12.103s] DEBUG:colcon.colcon_core.event_handler.log_command:Invoked command in '/home/jrlintern/Desktop/CNRS_AIST_Work/CNRS_AIST_Mobile_Shopping_Robot/robot_ws_ros2/build/laser_scan_merger' returned '0': CMAKE_PREFIX_PATH=${CMAKE_PREFIX_PATH}:/opt/ros/foxy /usr/bin/cmake --install /home/jrlintern/Desktop/CNRS_AIST_Work/CNRS_AIST_Mobile_Shopping_Robot/robot_ws_ros2/build/laser_scan_merger
[12.150s] Level 1:colcon.colcon_core.environment:checking '/home/jrlintern/Desktop/CNRS_AIST_Work/CNRS_AIST_Mobile_Shopping_Robot/robot_ws_ros2/install/laser_scan_merger' for CMake module files
[12.151s] Level 1:colcon.colcon_core.environment:checking '/home/jrlintern/Desktop/CNRS_AIST_Work/CNRS_AIST_Mobile_Shopping_Robot/robot_ws_ros2/install/laser_scan_merger' for CMake config files
[12.151s] Level 1:colcon.colcon_core.shell:create_environment_hook('laser_scan_merger', 'cmake_prefix_path')
[12.195s] INFO:colcon.colcon_core.shell:Creating environment hook '/home/jrlintern/Desktop/CNRS_AIST_Work/CNRS_AIST_Mobile_Shopping_Robot/robot_ws_ros2/install/laser_scan_merger/share/laser_scan_merger/hook/cmake_prefix_path.ps1'
[12.195s] INFO:colcon.colcon_core.shell:Creating environment descriptor '/home/jrlintern/Desktop/CNRS_AIST_Work/CNRS_AIST_Mobile_Shopping_Robot/robot_ws_ros2/install/laser_scan_merger/share/laser_scan_merger/hook/cmake_prefix_path.dsv'
[12.195s] INFO:colcon.colcon_core.shell:Creating environment hook '/home/jrlintern/Desktop/CNRS_AIST_Work/CNRS_AIST_Mobile_Shopping_Robot/robot_ws_ros2/install/laser_scan_merger/share/laser_scan_merger/hook/cmake_prefix_path.sh'
[12.196s] Level 1:colcon.colcon_core.environment:checking '/home/jrlintern/Desktop/CNRS_AIST_Work/CNRS_AIST_Mobile_Shopping_Robot/robot_ws_ros2/install/laser_scan_merger/lib'
[12.196s] Level 1:colcon.colcon_core.environment:checking '/home/jrlintern/Desktop/CNRS_AIST_Work/CNRS_AIST_Mobile_Shopping_Robot/robot_ws_ros2/install/laser_scan_merger/bin'
[12.196s] Level 1:colcon.colcon_core.environment:checking '/home/jrlintern/Desktop/CNRS_AIST_Work/CNRS_AIST_Mobile_Shopping_Robot/robot_ws_ros2/install/laser_scan_merger/lib/pkgconfig/laser_scan_merger.pc'
[12.196s] Level 1:colcon.colcon_core.environment:checking '/home/jrlintern/Desktop/CNRS_AIST_Work/CNRS_AIST_Mobile_Shopping_Robot/robot_ws_ros2/install/laser_scan_merger/lib/python3.8/site-packages'
[12.196s] Level 1:colcon.colcon_core.environment:checking '/home/jrlintern/Desktop/CNRS_AIST_Work/CNRS_AIST_Mobile_Shopping_Robot/robot_ws_ros2/install/laser_scan_merger/bin'
[12.242s] INFO:colcon.colcon_core.shell:Creating package script '/home/jrlintern/Desktop/CNRS_AIST_Work/CNRS_AIST_Mobile_Shopping_Robot/robot_ws_ros2/install/laser_scan_merger/share/laser_scan_merger/package.ps1'
[12.242s] INFO:colcon.colcon_core.shell:Creating package descriptor '/home/jrlintern/Desktop/CNRS_AIST_Work/CNRS_AIST_Mobile_Shopping_Robot/robot_ws_ros2/install/laser_scan_merger/share/laser_scan_merger/package.dsv'
[12.243s] INFO:colcon.colcon_core.shell:Creating package script '/home/jrlintern/Desktop/CNRS_AIST_Work/CNRS_AIST_Mobile_Shopping_Robot/robot_ws_ros2/install/laser_scan_merger/share/laser_scan_merger/package.sh'
[12.243s] INFO:colcon.colcon_core.shell:Creating package script '/home/jrlintern/Desktop/CNRS_AIST_Work/CNRS_AIST_Mobile_Shopping_Robot/robot_ws_ros2/install/laser_scan_merger/share/laser_scan_merger/package.bash'
[12.243s] INFO:colcon.colcon_core.shell:Creating package script '/home/jrlintern/Desktop/CNRS_AIST_Work/CNRS_AIST_Mobile_Shopping_Robot/robot_ws_ros2/install/laser_scan_merger/share/laser_scan_merger/package.zsh'
[12.243s] Level 1:colcon.colcon_core.environment:create_file_with_runtime_dependencies(/home/jrlintern/Desktop/CNRS_AIST_Work/CNRS_AIST_Mobile_Shopping_Robot/robot_ws_ros2/install/laser_scan_merger/share/colcon-core/packages/laser_scan_merger)
[12.309s] Level 1:colcon.colcon_core.environment:create_environment_scripts_only(laser_scan_merger)
[12.354s] Level 1:colcon.colcon_core.environment:checking '/home/jrlintern/Desktop/CNRS_AIST_Work/CNRS_AIST_Mobile_Shopping_Robot/robot_ws_ros2/install/laser_scan_merger' for CMake module files
[12.354s] Level 1:colcon.colcon_core.environment:checking '/home/jrlintern/Desktop/CNRS_AIST_Work/CNRS_AIST_Mobile_Shopping_Robot/robot_ws_ros2/install/laser_scan_merger' for CMake config files
[12.354s] Level 1:colcon.colcon_core.shell:create_environment_hook('laser_scan_merger', 'cmake_prefix_path')
[12.398s] INFO:colcon.colcon_core.shell:Creating environment hook '/home/jrlintern/Desktop/CNRS_AIST_Work/CNRS_AIST_Mobile_Shopping_Robot/robot_ws_ros2/install/laser_scan_merger/share/laser_scan_merger/hook/cmake_prefix_path.ps1'
[12.399s] INFO:colcon.colcon_core.shell:Creating environment descriptor '/home/jrlintern/Desktop/CNRS_AIST_Work/CNRS_AIST_Mobile_Shopping_Robot/robot_ws_ros2/install/laser_scan_merger/share/laser_scan_merger/hook/cmake_prefix_path.dsv'
[12.399s] INFO:colcon.colcon_core.shell:Creating environment hook '/home/jrlintern/Desktop/CNRS_AIST_Work/CNRS_AIST_Mobile_Shopping_Robot/robot_ws_ros2/install/laser_scan_merger/share/laser_scan_merger/hook/cmake_prefix_path.sh'
[12.400s] Level 1:colcon.colcon_core.environment:checking '/home/jrlintern/Desktop/CNRS_AIST_Work/CNRS_AIST_Mobile_Shopping_Robot/robot_ws_ros2/install/laser_scan_merger/lib'
[12.400s] Level 1:colcon.colcon_core.environment:checking '/home/jrlintern/Desktop/CNRS_AIST_Work/CNRS_AIST_Mobile_Shopping_Robot/robot_ws_ros2/install/laser_scan_merger/bin'
[12.400s] Level 1:colcon.colcon_core.environment:checking '/home/jrlintern/Desktop/CNRS_AIST_Work/CNRS_AIST_Mobile_Shopping_Robot/robot_ws_ros2/install/laser_scan_merger/lib/pkgconfig/laser_scan_merger.pc'
[12.400s] Level 1:colcon.colcon_core.environment:checking '/home/jrlintern/Desktop/CNRS_AIST_Work/CNRS_AIST_Mobile_Shopping_Robot/robot_ws_ros2/install/laser_scan_merger/lib/python3.8/site-packages'
[12.401s] Level 1:colcon.colcon_core.environment:checking '/home/jrlintern/Desktop/CNRS_AIST_Work/CNRS_AIST_Mobile_Shopping_Robot/robot_ws_ros2/install/laser_scan_merger/bin'
[12.445s] INFO:colcon.colcon_core.shell:Creating package script '/home/jrlintern/Desktop/CNRS_AIST_Work/CNRS_AIST_Mobile_Shopping_Robot/robot_ws_ros2/install/laser_scan_merger/share/laser_scan_merger/package.ps1'
[12.446s] INFO:colcon.colcon_core.shell:Creating package descriptor '/home/jrlintern/Desktop/CNRS_AIST_Work/CNRS_AIST_Mobile_Shopping_Robot/robot_ws_ros2/install/laser_scan_merger/share/laser_scan_merger/package.dsv'
[12.446s] INFO:colcon.colcon_core.shell:Creating package script '/home/jrlintern/Desktop/CNRS_AIST_Work/CNRS_AIST_Mobile_Shopping_Robot/robot_ws_ros2/install/laser_scan_merger/share/laser_scan_merger/package.sh'
[12.447s] INFO:colcon.colcon_core.shell:Creating package script '/home/jrlintern/Desktop/CNRS_AIST_Work/CNRS_AIST_Mobile_Shopping_Robot/robot_ws_ros2/install/laser_scan_merger/share/laser_scan_merger/package.bash'
[12.447s] INFO:colcon.colcon_core.shell:Creating package script '/home/jrlintern/Desktop/CNRS_AIST_Work/CNRS_AIST_Mobile_Shopping_Robot/robot_ws_ros2/install/laser_scan_merger/share/laser_scan_merger/package.zsh'
[12.447s] Level 1:colcon.colcon_core.environment:create_file_with_runtime_dependencies(/home/jrlintern/Desktop/CNRS_AIST_Work/CNRS_AIST_Mobile_Shopping_Robot/robot_ws_ros2/install/laser_scan_merger/share/colcon-core/packages/laser_scan_merger)
[12.448s] DEBUG:colcon.colcon_parallel_executor.executor.parallel:closing loop
[12.448s] DEBUG:colcon.colcon_parallel_executor.executor.parallel:loop closed
[12.448s] DEBUG:colcon.colcon_parallel_executor.executor.parallel:run_until_complete finished with '0'
[12.448s] DEBUG:colcon.colcon_core.event_reactor:joining thread
[12.502s] INFO:colcon.colcon_core.plugin_system:Skipping extension 'colcon_notification.desktop_notification.terminal_notifier': Not used on non-Darwin systems
[12.502s] INFO:colcon.colcon_core.plugin_system:Skipping extension 'colcon_notification.desktop_notification.win32': Not used on non-Windows systems
[12.502s] INFO:colcon.colcon_notification.desktop_notification:Sending desktop notification using 'notify2'
[12.517s] DEBUG:colcon.colcon_core.event_reactor:joined thread
[12.596s] INFO:colcon.colcon_core.shell:Creating prefix script '/home/jrlintern/Desktop/CNRS_AIST_Work/CNRS_AIST_Mobile_Shopping_Robot/robot_ws_ros2/install/local_setup.ps1'
[12.598s] INFO:colcon.colcon_core.shell:Creating prefix util module '/home/jrlintern/Desktop/CNRS_AIST_Work/CNRS_AIST_Mobile_Shopping_Robot/robot_ws_ros2/install/_local_setup_util_ps1.py'
[12.599s] INFO:colcon.colcon_core.shell:Creating prefix chain script '/home/jrlintern/Desktop/CNRS_AIST_Work/CNRS_AIST_Mobile_Shopping_Robot/robot_ws_ros2/install/setup.ps1'
[12.651s] INFO:colcon.colcon_core.shell:Creating prefix script '/home/jrlintern/Desktop/CNRS_AIST_Work/CNRS_AIST_Mobile_Shopping_Robot/robot_ws_ros2/install/local_setup.sh'
[12.651s] INFO:colcon.colcon_core.shell:Creating prefix util module '/home/jrlintern/Desktop/CNRS_AIST_Work/CNRS_AIST_Mobile_Shopping_Robot/robot_ws_ros2/install/_local_setup_util_sh.py'
[12.652s] INFO:colcon.colcon_core.shell:Creating prefix chain script '/home/jrlintern/Desktop/CNRS_AIST_Work/CNRS_AIST_Mobile_Shopping_Robot/robot_ws_ros2/install/setup.sh'
[12.701s] INFO:colcon.colcon_core.shell:Creating prefix script '/home/jrlintern/Desktop/CNRS_AIST_Work/CNRS_AIST_Mobile_Shopping_Robot/robot_ws_ros2/install/local_setup.bash'
[12.702s] INFO:colcon.colcon_core.shell:Creating prefix chain script '/home/jrlintern/Desktop/CNRS_AIST_Work/CNRS_AIST_Mobile_Shopping_Robot/robot_ws_ros2/install/setup.bash'
[12.750s] INFO:colcon.colcon_core.shell:Creating prefix script '/home/jrlintern/Desktop/CNRS_AIST_Work/CNRS_AIST_Mobile_Shopping_Robot/robot_ws_ros2/install/local_setup.zsh'
[12.751s] INFO:colcon.colcon_core.shell:Creating prefix chain script '/home/jrlintern/Desktop/CNRS_AIST_Work/CNRS_AIST_Mobile_Shopping_Robot/robot_ws_ros2/install/setup.zsh'
