[1.259s] Invoking command in '/home/jrlintern/Desktop/CNRS_AIST_Work/CNRS_AIST_Mobile_Shopping_Robot/robot_ws_ros2/build/c_pkg': CMAKE_PREFIX_PATH=${CMAKE_PREFIX_PATH}:/opt/ros/foxy /usr/bin/cmake --build /home/jrlintern/Desktop/CNRS_AIST_Work/CNRS_AIST_Mobile_Shopping_Robot/robot_ws_ros2/build/c_pkg -- -j8 -l8
[1.293s] [  2%] Built target c_pkg__cpp
[1.294s] [  8%] Built target c_pkg__rosidl_generator_c
[1.325s] [ 15%] Built target c_pkg__rosidl_typesupport_cpp
[1.326s] [ 22%] Built target c_pkg__rosidl_typesupport_fastrtps_cpp
[1.329s] [ 28%] Built target c_pkg__rosidl_typesupport_introspection_c
[1.330s] [ 35%] Built target c_pkg__rosidl_typesupport_introspection_cpp
[1.333s] [ 42%] Built target c_pkg__rosidl_typesupport_c
[1.345s] [ 48%] Built target c_pkg__rosidl_typesupport_fastrtps_c
[1.363s] [ 48%] Built target c_pkg
[1.376s] [ 51%] Built target c_pkg__py
[1.385s] [ 62%] Built target keyboard_control_node
[1.385s] [ 71%] Built target bot_control_driver_node
[1.386s] [ 82%] Built target joystick_control_node
[1.393s] [ 86%] Built target c_pkg__python
[1.409s] [ 91%] Built target c_pkg__rosidl_typesupport_fastrtps_c__pyext
[1.410s] [ 95%] Built target c_pkg__rosidl_typesupport_c__pyext
[1.410s] [100%] Built target c_pkg__rosidl_typesupport_introspection_c__pyext
[1.572s] Invoked command in '/home/jrlintern/Desktop/CNRS_AIST_Work/CNRS_AIST_Mobile_Shopping_Robot/robot_ws_ros2/build/c_pkg' returned '0': CMAKE_PREFIX_PATH=${CMAKE_PREFIX_PATH}:/opt/ros/foxy /usr/bin/cmake --build /home/jrlintern/Desktop/CNRS_AIST_Work/CNRS_AIST_Mobile_Shopping_Robot/robot_ws_ros2/build/c_pkg -- -j8 -l8
[2.038s] Invoking command in '/home/jrlintern/Desktop/CNRS_AIST_Work/CNRS_AIST_Mobile_Shopping_Robot/robot_ws_ros2/build/c_pkg': CMAKE_PREFIX_PATH=${CMAKE_PREFIX_PATH}:/opt/ros/foxy /usr/bin/cmake --install /home/jrlintern/Desktop/CNRS_AIST_Work/CNRS_AIST_Mobile_Shopping_Robot/robot_ws_ros2/build/c_pkg
[2.044s] -- Install configuration: ""
[2.044s] -- Up-to-date: /home/jrlintern/Desktop/CNRS_AIST_Work/CNRS_AIST_Mobile_Shopping_Robot/robot_ws_ros2/install/c_pkg/share/ament_index/resource_index/rosidl_interfaces/c_pkg
[2.044s] -- Up-to-date: /home/jrlintern/Desktop/CNRS_AIST_Work/CNRS_AIST_Mobile_Shopping_Robot/robot_ws_ros2/install/c_pkg/include/c_pkg
[2.045s] -- Up-to-date: /home/jrlintern/Desktop/CNRS_AIST_Work/CNRS_AIST_Mobile_Shopping_Robot/robot_ws_ros2/install/c_pkg/include/c_pkg/msg
[2.045s] -- Up-to-date: /home/jrlintern/Desktop/CNRS_AIST_Work/CNRS_AIST_Mobile_Shopping_Robot/robot_ws_ros2/install/c_pkg/include/c_pkg/msg/rosidl_generator_c__visibility_control.h
[2.045s] -- Up-to-date: /home/jrlintern/Desktop/CNRS_AIST_Work/CNRS_AIST_Mobile_Shopping_Robot/robot_ws_ros2/install/c_pkg/include/c_pkg/msg/detail
[2.045s] -- Up-to-date: /home/jrlintern/Desktop/CNRS_AIST_Work/CNRS_AIST_Mobile_Shopping_Robot/robot_ws_ros2/install/c_pkg/include/c_pkg/msg/detail/state_vector__struct.h
[2.045s] -- Up-to-date: /home/jrlintern/Desktop/CNRS_AIST_Work/CNRS_AIST_Mobile_Shopping_Robot/robot_ws_ros2/install/c_pkg/include/c_pkg/msg/detail/state_vector__functions.c
[2.045s] -- Up-to-date: /home/jrlintern/Desktop/CNRS_AIST_Work/CNRS_AIST_Mobile_Shopping_Robot/robot_ws_ros2/install/c_pkg/include/c_pkg/msg/detail/state_vector__type_support.h
[2.045s] -- Up-to-date: /home/jrlintern/Desktop/CNRS_AIST_Work/CNRS_AIST_Mobile_Shopping_Robot/robot_ws_ros2/install/c_pkg/include/c_pkg/msg/detail/state_vector__functions.h
[2.046s] -- Up-to-date: /home/jrlintern/Desktop/CNRS_AIST_Work/CNRS_AIST_Mobile_Shopping_Robot/robot_ws_ros2/install/c_pkg/include/c_pkg/msg/state_vector.h
[2.046s] -- Up-to-date: /home/jrlintern/Desktop/CNRS_AIST_Work/CNRS_AIST_Mobile_Shopping_Robot/robot_ws_ros2/install/c_pkg/share/c_pkg/environment/library_path.sh
[2.046s] -- Up-to-date: /home/jrlintern/Desktop/CNRS_AIST_Work/CNRS_AIST_Mobile_Shopping_Robot/robot_ws_ros2/install/c_pkg/share/c_pkg/environment/library_path.dsv
[2.046s] -- Up-to-date: /home/jrlintern/Desktop/CNRS_AIST_Work/CNRS_AIST_Mobile_Shopping_Robot/robot_ws_ros2/install/c_pkg/lib/libc_pkg__rosidl_generator_c.so
[2.046s] -- Up-to-date: /home/jrlintern/Desktop/CNRS_AIST_Work/CNRS_AIST_Mobile_Shopping_Robot/robot_ws_ros2/install/c_pkg/include/c_pkg
[2.046s] -- Up-to-date: /home/jrlintern/Desktop/CNRS_AIST_Work/CNRS_AIST_Mobile_Shopping_Robot/robot_ws_ros2/install/c_pkg/include/c_pkg/msg
[2.047s] -- Up-to-date: /home/jrlintern/Desktop/CNRS_AIST_Work/CNRS_AIST_Mobile_Shopping_Robot/robot_ws_ros2/install/c_pkg/include/c_pkg/msg/detail
[2.047s] -- Up-to-date: /home/jrlintern/Desktop/CNRS_AIST_Work/CNRS_AIST_Mobile_Shopping_Robot/robot_ws_ros2/install/c_pkg/include/c_pkg/msg/detail/state_vector__rosidl_typesupport_fastrtps_c.h
[2.047s] -- Up-to-date: /home/jrlintern/Desktop/CNRS_AIST_Work/CNRS_AIST_Mobile_Shopping_Robot/robot_ws_ros2/install/c_pkg/include/c_pkg/msg/rosidl_typesupport_fastrtps_c__visibility_control.h
[2.047s] -- Up-to-date: /home/jrlintern/Desktop/CNRS_AIST_Work/CNRS_AIST_Mobile_Shopping_Robot/robot_ws_ros2/install/c_pkg/lib/libc_pkg__rosidl_typesupport_fastrtps_c.so
[2.048s] -- Up-to-date: /home/jrlintern/Desktop/CNRS_AIST_Work/CNRS_AIST_Mobile_Shopping_Robot/robot_ws_ros2/install/c_pkg/include/c_pkg
[2.048s] -- Up-to-date: /home/jrlintern/Desktop/CNRS_AIST_Work/CNRS_AIST_Mobile_Shopping_Robot/robot_ws_ros2/install/c_pkg/include/c_pkg/msg
[2.049s] -- Up-to-date: /home/jrlintern/Desktop/CNRS_AIST_Work/CNRS_AIST_Mobile_Shopping_Robot/robot_ws_ros2/install/c_pkg/include/c_pkg/msg/rosidl_typesupport_fastrtps_cpp__visibility_control.h
[2.049s] -- Up-to-date: /home/jrlintern/Desktop/CNRS_AIST_Work/CNRS_AIST_Mobile_Shopping_Robot/robot_ws_ros2/install/c_pkg/include/c_pkg/msg/detail
[2.050s] -- Up-to-date: /home/jrlintern/Desktop/CNRS_AIST_Work/CNRS_AIST_Mobile_Shopping_Robot/robot_ws_ros2/install/c_pkg/include/c_pkg/msg/detail/dds_fastrtps
[2.050s] -- Up-to-date: /home/jrlintern/Desktop/CNRS_AIST_Work/CNRS_AIST_Mobile_Shopping_Robot/robot_ws_ros2/install/c_pkg/include/c_pkg/msg/detail/state_vector__rosidl_typesupport_fastrtps_cpp.hpp
[2.050s] -- Up-to-date: /home/jrlintern/Desktop/CNRS_AIST_Work/CNRS_AIST_Mobile_Shopping_Robot/robot_ws_ros2/install/c_pkg/lib/libc_pkg__rosidl_typesupport_fastrtps_cpp.so
[2.051s] -- Up-to-date: /home/jrlintern/Desktop/CNRS_AIST_Work/CNRS_AIST_Mobile_Shopping_Robot/robot_ws_ros2/install/c_pkg/include/c_pkg
[2.051s] -- Up-to-date: /home/jrlintern/Desktop/CNRS_AIST_Work/CNRS_AIST_Mobile_Shopping_Robot/robot_ws_ros2/install/c_pkg/include/c_pkg/msg
[2.052s] -- Up-to-date: /home/jrlintern/Desktop/CNRS_AIST_Work/CNRS_AIST_Mobile_Shopping_Robot/robot_ws_ros2/install/c_pkg/include/c_pkg/msg/detail
[2.052s] -- Up-to-date: /home/jrlintern/Desktop/CNRS_AIST_Work/CNRS_AIST_Mobile_Shopping_Robot/robot_ws_ros2/install/c_pkg/include/c_pkg/msg/detail/state_vector__rosidl_typesupport_introspection_c.h
[2.053s] -- Up-to-date: /home/jrlintern/Desktop/CNRS_AIST_Work/CNRS_AIST_Mobile_Shopping_Robot/robot_ws_ros2/install/c_pkg/include/c_pkg/msg/detail/state_vector__type_support.c
[2.053s] -- Up-to-date: /home/jrlintern/Desktop/CNRS_AIST_Work/CNRS_AIST_Mobile_Shopping_Robot/robot_ws_ros2/install/c_pkg/include/c_pkg/msg/rosidl_typesupport_introspection_c__visibility_control.h
[2.053s] -- Up-to-date: /home/jrlintern/Desktop/CNRS_AIST_Work/CNRS_AIST_Mobile_Shopping_Robot/robot_ws_ros2/install/c_pkg/lib/libc_pkg__rosidl_typesupport_introspection_c.so
[2.054s] -- Up-to-date: /home/jrlintern/Desktop/CNRS_AIST_Work/CNRS_AIST_Mobile_Shopping_Robot/robot_ws_ros2/install/c_pkg/lib/libc_pkg__rosidl_typesupport_c.so
[2.054s] -- Up-to-date: /home/jrlintern/Desktop/CNRS_AIST_Work/CNRS_AIST_Mobile_Shopping_Robot/robot_ws_ros2/install/c_pkg/include/c_pkg
[2.056s] -- Up-to-date: /home/jrlintern/Desktop/CNRS_AIST_Work/CNRS_AIST_Mobile_Shopping_Robot/robot_ws_ros2/install/c_pkg/include/c_pkg/msg
[2.056s] -- Up-to-date: /home/jrlintern/Desktop/CNRS_AIST_Work/CNRS_AIST_Mobile_Shopping_Robot/robot_ws_ros2/install/c_pkg/include/c_pkg/msg/rosidl_generator_cpp__visibility_control.hpp
[2.057s] -- Up-to-date: /home/jrlintern/Desktop/CNRS_AIST_Work/CNRS_AIST_Mobile_Shopping_Robot/robot_ws_ros2/install/c_pkg/include/c_pkg/msg/state_vector.hpp
[2.057s] -- Up-to-date: /home/jrlintern/Desktop/CNRS_AIST_Work/CNRS_AIST_Mobile_Shopping_Robot/robot_ws_ros2/install/c_pkg/include/c_pkg/msg/detail
[2.057s] -- Up-to-date: /home/jrlintern/Desktop/CNRS_AIST_Work/CNRS_AIST_Mobile_Shopping_Robot/robot_ws_ros2/install/c_pkg/include/c_pkg/msg/detail/state_vector__traits.hpp
[2.058s] -- Up-to-date: /home/jrlintern/Desktop/CNRS_AIST_Work/CNRS_AIST_Mobile_Shopping_Robot/robot_ws_ros2/install/c_pkg/include/c_pkg/msg/detail/state_vector__builder.hpp
[2.058s] -- Up-to-date: /home/jrlintern/Desktop/CNRS_AIST_Work/CNRS_AIST_Mobile_Shopping_Robot/robot_ws_ros2/install/c_pkg/include/c_pkg/msg/detail/state_vector__type_support.hpp
[2.059s] -- Up-to-date: /home/jrlintern/Desktop/CNRS_AIST_Work/CNRS_AIST_Mobile_Shopping_Robot/robot_ws_ros2/install/c_pkg/include/c_pkg/msg/detail/state_vector__struct.hpp
[2.060s] -- Up-to-date: /home/jrlintern/Desktop/CNRS_AIST_Work/CNRS_AIST_Mobile_Shopping_Robot/robot_ws_ros2/install/c_pkg/include/c_pkg
[2.060s] -- Up-to-date: /home/jrlintern/Desktop/CNRS_AIST_Work/CNRS_AIST_Mobile_Shopping_Robot/robot_ws_ros2/install/c_pkg/include/c_pkg/msg
[2.060s] -- Up-to-date: /home/jrlintern/Desktop/CNRS_AIST_Work/CNRS_AIST_Mobile_Shopping_Robot/robot_ws_ros2/install/c_pkg/include/c_pkg/msg/detail
[2.061s] -- Up-to-date: /home/jrlintern/Desktop/CNRS_AIST_Work/CNRS_AIST_Mobile_Shopping_Robot/robot_ws_ros2/install/c_pkg/include/c_pkg/msg/detail/state_vector__type_support.cpp
[2.061s] -- Up-to-date: /home/jrlintern/Desktop/CNRS_AIST_Work/CNRS_AIST_Mobile_Shopping_Robot/robot_ws_ros2/install/c_pkg/include/c_pkg/msg/detail/state_vector__rosidl_typesupport_introspection_cpp.hpp
[2.062s] -- Up-to-date: /home/jrlintern/Desktop/CNRS_AIST_Work/CNRS_AIST_Mobile_Shopping_Robot/robot_ws_ros2/install/c_pkg/lib/libc_pkg__rosidl_typesupport_introspection_cpp.so
[2.062s] -- Up-to-date: /home/jrlintern/Desktop/CNRS_AIST_Work/CNRS_AIST_Mobile_Shopping_Robot/robot_ws_ros2/install/c_pkg/lib/libc_pkg__rosidl_typesupport_cpp.so
[2.062s] -- Up-to-date: /home/jrlintern/Desktop/CNRS_AIST_Work/CNRS_AIST_Mobile_Shopping_Robot/robot_ws_ros2/install/c_pkg/share/c_pkg/environment/pythonpath.sh
[2.063s] -- Up-to-date: /home/jrlintern/Desktop/CNRS_AIST_Work/CNRS_AIST_Mobile_Shopping_Robot/robot_ws_ros2/install/c_pkg/share/c_pkg/environment/pythonpath.dsv
[2.063s] -- Up-to-date: /home/jrlintern/Desktop/CNRS_AIST_Work/CNRS_AIST_Mobile_Shopping_Robot/robot_ws_ros2/install/c_pkg/lib/python3.8/site-packages/c_pkg/__init__.py
[2.086s] -- Up-to-date: /home/jrlintern/Desktop/CNRS_AIST_Work/CNRS_AIST_Mobile_Shopping_Robot/robot_ws_ros2/install/c_pkg/lib/python3.8/site-packages/c_pkg/msg
[2.088s] -- Up-to-date: /home/jrlintern/Desktop/CNRS_AIST_Work/CNRS_AIST_Mobile_Shopping_Robot/robot_ws_ros2/install/c_pkg/lib/python3.8/site-packages/c_pkg/msg/__init__.py
[2.088s] -- Up-to-date: /home/jrlintern/Desktop/CNRS_AIST_Work/CNRS_AIST_Mobile_Shopping_Robot/robot_ws_ros2/install/c_pkg/lib/python3.8/site-packages/c_pkg/msg/_state_vector.py
[2.090s] -- Up-to-date: /home/jrlintern/Desktop/CNRS_AIST_Work/CNRS_AIST_Mobile_Shopping_Robot/robot_ws_ros2/install/c_pkg/lib/python3.8/site-packages/c_pkg/msg/_state_vector_s.c
[2.092s] -- Up-to-date: /home/jrlintern/Desktop/CNRS_AIST_Work/CNRS_AIST_Mobile_Shopping_Robot/robot_ws_ros2/install/c_pkg/lib/python3.8/site-packages/c_pkg/c_pkg_s__rosidl_typesupport_fastrtps_c.cpython-38-x86_64-linux-gnu.so
[2.093s] -- Up-to-date: /home/jrlintern/Desktop/CNRS_AIST_Work/CNRS_AIST_Mobile_Shopping_Robot/robot_ws_ros2/install/c_pkg/lib/python3.8/site-packages/c_pkg/c_pkg_s__rosidl_typesupport_introspection_c.cpython-38-x86_64-linux-gnu.so
[2.094s] -- Up-to-date: /home/jrlintern/Desktop/CNRS_AIST_Work/CNRS_AIST_Mobile_Shopping_Robot/robot_ws_ros2/install/c_pkg/lib/python3.8/site-packages/c_pkg/c_pkg_s__rosidl_typesupport_c.cpython-38-x86_64-linux-gnu.so
[2.094s] -- Up-to-date: /home/jrlintern/Desktop/CNRS_AIST_Work/CNRS_AIST_Mobile_Shopping_Robot/robot_ws_ros2/install/c_pkg/lib/libc_pkg__python.so
[2.094s] -- Up-to-date: /home/jrlintern/Desktop/CNRS_AIST_Work/CNRS_AIST_Mobile_Shopping_Robot/robot_ws_ros2/install/c_pkg/share/c_pkg/msg/StateVector.idl
[2.095s] -- Up-to-date: /home/jrlintern/Desktop/CNRS_AIST_Work/CNRS_AIST_Mobile_Shopping_Robot/robot_ws_ros2/install/c_pkg/share/c_pkg/msg/StateVector.msg
[2.095s] -- Up-to-date: /home/jrlintern/Desktop/CNRS_AIST_Work/CNRS_AIST_Mobile_Shopping_Robot/robot_ws_ros2/install/c_pkg/lib/c_pkg/keyboard_control_node
[2.096s] -- Up-to-date: /home/jrlintern/Desktop/CNRS_AIST_Work/CNRS_AIST_Mobile_Shopping_Robot/robot_ws_ros2/install/c_pkg/lib/c_pkg/bot_control_driver_node
[2.098s] -- Up-to-date: /home/jrlintern/Desktop/CNRS_AIST_Work/CNRS_AIST_Mobile_Shopping_Robot/robot_ws_ros2/install/c_pkg/lib/c_pkg/joystick_control_node
[2.098s] -- Up-to-date: /home/jrlintern/Desktop/CNRS_AIST_Work/CNRS_AIST_Mobile_Shopping_Robot/robot_ws_ros2/install/c_pkg/share/c_pkg/launch
[2.099s] -- Up-to-date: /home/jrlintern/Desktop/CNRS_AIST_Work/CNRS_AIST_Mobile_Shopping_Robot/robot_ws_ros2/install/c_pkg/share/c_pkg/launch/bot_teleoperate_launch.py
[2.099s] -- Up-to-date: /home/jrlintern/Desktop/CNRS_AIST_Work/CNRS_AIST_Mobile_Shopping_Robot/robot_ws_ros2/install/c_pkg/share/ament_index/resource_index/package_run_dependencies/c_pkg
[2.100s] -- Up-to-date: /home/jrlintern/Desktop/CNRS_AIST_Work/CNRS_AIST_Mobile_Shopping_Robot/robot_ws_ros2/install/c_pkg/share/ament_index/resource_index/parent_prefix_path/c_pkg
[2.101s] -- Up-to-date: /home/jrlintern/Desktop/CNRS_AIST_Work/CNRS_AIST_Mobile_Shopping_Robot/robot_ws_ros2/install/c_pkg/share/c_pkg/environment/ament_prefix_path.sh
[2.101s] -- Up-to-date: /home/jrlintern/Desktop/CNRS_AIST_Work/CNRS_AIST_Mobile_Shopping_Robot/robot_ws_ros2/install/c_pkg/share/c_pkg/environment/ament_prefix_path.dsv
[2.102s] -- Up-to-date: /home/jrlintern/Desktop/CNRS_AIST_Work/CNRS_AIST_Mobile_Shopping_Robot/robot_ws_ros2/install/c_pkg/share/c_pkg/environment/path.sh
[2.102s] -- Up-to-date: /home/jrlintern/Desktop/CNRS_AIST_Work/CNRS_AIST_Mobile_Shopping_Robot/robot_ws_ros2/install/c_pkg/share/c_pkg/environment/path.dsv
[2.102s] -- Up-to-date: /home/jrlintern/Desktop/CNRS_AIST_Work/CNRS_AIST_Mobile_Shopping_Robot/robot_ws_ros2/install/c_pkg/share/c_pkg/local_setup.bash
[2.103s] -- Up-to-date: /home/jrlintern/Desktop/CNRS_AIST_Work/CNRS_AIST_Mobile_Shopping_Robot/robot_ws_ros2/install/c_pkg/share/c_pkg/local_setup.sh
[2.103s] -- Up-to-date: /home/jrlintern/Desktop/CNRS_AIST_Work/CNRS_AIST_Mobile_Shopping_Robot/robot_ws_ros2/install/c_pkg/share/c_pkg/local_setup.zsh
[2.104s] -- Up-to-date: /home/jrlintern/Desktop/CNRS_AIST_Work/CNRS_AIST_Mobile_Shopping_Robot/robot_ws_ros2/install/c_pkg/share/c_pkg/local_setup.dsv
[2.104s] -- Installing: /home/jrlintern/Desktop/CNRS_AIST_Work/CNRS_AIST_Mobile_Shopping_Robot/robot_ws_ros2/install/c_pkg/share/c_pkg/package.dsv
[2.104s] -- Up-to-date: /home/jrlintern/Desktop/CNRS_AIST_Work/CNRS_AIST_Mobile_Shopping_Robot/robot_ws_ros2/install/c_pkg/share/ament_index/resource_index/packages/c_pkg
[2.105s] -- Up-to-date: /home/jrlintern/Desktop/CNRS_AIST_Work/CNRS_AIST_Mobile_Shopping_Robot/robot_ws_ros2/install/c_pkg/share/c_pkg/cmake/c_pkg__rosidl_generator_cExport.cmake
[2.106s] -- Up-to-date: /home/jrlintern/Desktop/CNRS_AIST_Work/CNRS_AIST_Mobile_Shopping_Robot/robot_ws_ros2/install/c_pkg/share/c_pkg/cmake/c_pkg__rosidl_generator_cExport-noconfig.cmake
[2.106s] -- Up-to-date: /home/jrlintern/Desktop/CNRS_AIST_Work/CNRS_AIST_Mobile_Shopping_Robot/robot_ws_ros2/install/c_pkg/share/c_pkg/cmake/c_pkg__rosidl_typesupport_introspection_cExport.cmake
[2.107s] -- Up-to-date: /home/jrlintern/Desktop/CNRS_AIST_Work/CNRS_AIST_Mobile_Shopping_Robot/robot_ws_ros2/install/c_pkg/share/c_pkg/cmake/c_pkg__rosidl_typesupport_introspection_cExport-noconfig.cmake
[2.107s] -- Up-to-date: /home/jrlintern/Desktop/CNRS_AIST_Work/CNRS_AIST_Mobile_Shopping_Robot/robot_ws_ros2/install/c_pkg/share/c_pkg/cmake/c_pkg__rosidl_typesupport_cExport.cmake
[2.107s] -- Up-to-date: /home/jrlintern/Desktop/CNRS_AIST_Work/CNRS_AIST_Mobile_Shopping_Robot/robot_ws_ros2/install/c_pkg/share/c_pkg/cmake/c_pkg__rosidl_typesupport_cExport-noconfig.cmake
[2.108s] -- Up-to-date: /home/jrlintern/Desktop/CNRS_AIST_Work/CNRS_AIST_Mobile_Shopping_Robot/robot_ws_ros2/install/c_pkg/share/c_pkg/cmake/c_pkg__rosidl_generator_cppExport.cmake
[2.109s] -- Up-to-date: /home/jrlintern/Desktop/CNRS_AIST_Work/CNRS_AIST_Mobile_Shopping_Robot/robot_ws_ros2/install/c_pkg/share/c_pkg/cmake/c_pkg__rosidl_typesupport_introspection_cppExport.cmake
[2.109s] -- Up-to-date: /home/jrlintern/Desktop/CNRS_AIST_Work/CNRS_AIST_Mobile_Shopping_Robot/robot_ws_ros2/install/c_pkg/share/c_pkg/cmake/c_pkg__rosidl_typesupport_introspection_cppExport-noconfig.cmake
[2.110s] -- Up-to-date: /home/jrlintern/Desktop/CNRS_AIST_Work/CNRS_AIST_Mobile_Shopping_Robot/robot_ws_ros2/install/c_pkg/share/c_pkg/cmake/c_pkg__rosidl_typesupport_cppExport.cmake
[2.110s] -- Up-to-date: /home/jrlintern/Desktop/CNRS_AIST_Work/CNRS_AIST_Mobile_Shopping_Robot/robot_ws_ros2/install/c_pkg/share/c_pkg/cmake/c_pkg__rosidl_typesupport_cppExport-noconfig.cmake
[2.110s] -- Up-to-date: /home/jrlintern/Desktop/CNRS_AIST_Work/CNRS_AIST_Mobile_Shopping_Robot/robot_ws_ros2/install/c_pkg/share/c_pkg/cmake/rosidl_cmake-extras.cmake
[2.110s] -- Up-to-date: /home/jrlintern/Desktop/CNRS_AIST_Work/CNRS_AIST_Mobile_Shopping_Robot/robot_ws_ros2/install/c_pkg/share/c_pkg/cmake/ament_cmake_export_dependencies-extras.cmake
[2.111s] -- Up-to-date: /home/jrlintern/Desktop/CNRS_AIST_Work/CNRS_AIST_Mobile_Shopping_Robot/robot_ws_ros2/install/c_pkg/share/c_pkg/cmake/ament_cmake_export_libraries-extras.cmake
[2.112s] -- Up-to-date: /home/jrlintern/Desktop/CNRS_AIST_Work/CNRS_AIST_Mobile_Shopping_Robot/robot_ws_ros2/install/c_pkg/share/c_pkg/cmake/ament_cmake_export_targets-extras.cmake
[2.114s] -- Up-to-date: /home/jrlintern/Desktop/CNRS_AIST_Work/CNRS_AIST_Mobile_Shopping_Robot/robot_ws_ros2/install/c_pkg/share/c_pkg/cmake/ament_cmake_export_include_directories-extras.cmake
[2.114s] -- Up-to-date: /home/jrlintern/Desktop/CNRS_AIST_Work/CNRS_AIST_Mobile_Shopping_Robot/robot_ws_ros2/install/c_pkg/share/c_pkg/cmake/rosidl_cmake_export_typesupport_libraries-extras.cmake
[2.114s] -- Up-to-date: /home/jrlintern/Desktop/CNRS_AIST_Work/CNRS_AIST_Mobile_Shopping_Robot/robot_ws_ros2/install/c_pkg/share/c_pkg/cmake/rosidl_cmake_export_typesupport_targets-extras.cmake
[2.115s] -- Up-to-date: /home/jrlintern/Desktop/CNRS_AIST_Work/CNRS_AIST_Mobile_Shopping_Robot/robot_ws_ros2/install/c_pkg/share/c_pkg/cmake/c_pkgConfig.cmake
[2.115s] -- Up-to-date: /home/jrlintern/Desktop/CNRS_AIST_Work/CNRS_AIST_Mobile_Shopping_Robot/robot_ws_ros2/install/c_pkg/share/c_pkg/cmake/c_pkgConfig-version.cmake
[2.116s] -- Up-to-date: /home/jrlintern/Desktop/CNRS_AIST_Work/CNRS_AIST_Mobile_Shopping_Robot/robot_ws_ros2/install/c_pkg/share/c_pkg/package.xml
[2.495s] Invoked command in '/home/jrlintern/Desktop/CNRS_AIST_Work/CNRS_AIST_Mobile_Shopping_Robot/robot_ws_ros2/build/c_pkg' returned '0': CMAKE_PREFIX_PATH=${CMAKE_PREFIX_PATH}:/opt/ros/foxy /usr/bin/cmake --install /home/jrlintern/Desktop/CNRS_AIST_Work/CNRS_AIST_Mobile_Shopping_Robot/robot_ws_ros2/build/c_pkg
