[0.759s] Invoking command in '/home/jrlintern/Desktop/CNRS_AIST_Work/CNRS_AIST_Mobile_Shopping_Robot/robot_ws_ros2/build/nav2_simu': CMAKE_PREFIX_PATH=${CMAKE_PREFIX_PATH}:/opt/ros/foxy /usr/bin/cmake --build /home/jrlintern/Desktop/CNRS_AIST_Work/CNRS_AIST_Mobile_Shopping_Robot/robot_ws_ros2/build/nav2_simu -- -j8 -l8
[0.787s] Invoked command in '/home/jrlintern/Desktop/CNRS_AIST_Work/CNRS_AIST_Mobile_Shopping_Robot/robot_ws_ros2/build/nav2_simu' returned '0': CMAKE_PREFIX_PATH=${CMAKE_PREFIX_PATH}:/opt/ros/foxy /usr/bin/cmake --build /home/jrlintern/Desktop/CNRS_AIST_Work/CNRS_AIST_Mobile_Shopping_Robot/robot_ws_ros2/build/nav2_simu -- -j8 -l8
[0.843s] Invoking command in '/home/jrlintern/Desktop/CNRS_AIST_Work/CNRS_AIST_Mobile_Shopping_Robot/robot_ws_ros2/build/nav2_simu': CMAKE_PREFIX_PATH=${CMAKE_PREFIX_PATH}:/opt/ros/foxy /usr/bin/cmake --install /home/jrlintern/Desktop/CNRS_AIST_Work/CNRS_AIST_Mobile_Shopping_Robot/robot_ws_ros2/build/nav2_simu
[0.850s] -- Install configuration: ""
[0.854s] -- Up-to-date: /home/jrlintern/Desktop/CNRS_AIST_Work/CNRS_AIST_Mobile_Shopping_Robot/robot_ws_ros2/install/nav2_simu/share/nav2_simu/src
[0.856s] -- Up-to-date: /home/jrlintern/Desktop/CNRS_AIST_Work/CNRS_AIST_Mobile_Shopping_Robot/robot_ws_ros2/install/nav2_simu/share/nav2_simu/src/description
[0.858s] -- Up-to-date: /home/jrlintern/Desktop/CNRS_AIST_Work/CNRS_AIST_Mobile_Shopping_Robot/robot_ws_ros2/install/nav2_simu/share/nav2_simu/src/description/bot_description.urdf
[0.858s] -- Up-to-date: /home/jrlintern/Desktop/CNRS_AIST_Work/CNRS_AIST_Mobile_Shopping_Robot/robot_ws_ros2/install/nav2_simu/share/nav2_simu/src/description/trash_file.urdf
[0.858s] -- Up-to-date: /home/jrlintern/Desktop/CNRS_AIST_Work/CNRS_AIST_Mobile_Shopping_Robot/robot_ws_ros2/install/nav2_simu/share/nav2_simu/launch
[0.858s] -- Up-to-date: /home/jrlintern/Desktop/CNRS_AIST_Work/CNRS_AIST_Mobile_Shopping_Robot/robot_ws_ros2/install/nav2_simu/share/nav2_simu/launch/display.launch.py
[0.859s] -- Up-to-date: /home/jrlintern/Desktop/CNRS_AIST_Work/CNRS_AIST_Mobile_Shopping_Robot/robot_ws_ros2/install/nav2_simu/share/nav2_simu/rviz
[0.860s] -- Up-to-date: /home/jrlintern/Desktop/CNRS_AIST_Work/CNRS_AIST_Mobile_Shopping_Robot/robot_ws_ros2/install/nav2_simu/share/nav2_simu/rviz/urdf_config.rviz
[0.860s] -- Up-to-date: /home/jrlintern/Desktop/CNRS_AIST_Work/CNRS_AIST_Mobile_Shopping_Robot/robot_ws_ros2/install/nav2_simu/share/nav2_simu/config
[0.862s] -- Up-to-date: /home/jrlintern/Desktop/CNRS_AIST_Work/CNRS_AIST_Mobile_Shopping_Robot/robot_ws_ros2/install/nav2_simu/share/nav2_simu/config/nav2_params.yaml
[0.862s] -- Up-to-date: /home/jrlintern/Desktop/CNRS_AIST_Work/CNRS_AIST_Mobile_Shopping_Robot/robot_ws_ros2/install/nav2_simu/share/nav2_simu/config/ekf.yaml
[0.862s] -- Up-to-date: /home/jrlintern/Desktop/CNRS_AIST_Work/CNRS_AIST_Mobile_Shopping_Robot/robot_ws_ros2/install/nav2_simu/share/nav2_simu/world
[0.863s] -- Up-to-date: /home/jrlintern/Desktop/CNRS_AIST_Work/CNRS_AIST_Mobile_Shopping_Robot/robot_ws_ros2/install/nav2_simu/share/nav2_simu/world/my_world.sdf
[0.863s] -- Up-to-date: /home/jrlintern/Desktop/CNRS_AIST_Work/CNRS_AIST_Mobile_Shopping_Robot/robot_ws_ros2/install/nav2_simu/share/ament_index/resource_index/package_run_dependencies/nav2_simu
[0.863s] -- Up-to-date: /home/jrlintern/Desktop/CNRS_AIST_Work/CNRS_AIST_Mobile_Shopping_Robot/robot_ws_ros2/install/nav2_simu/share/ament_index/resource_index/parent_prefix_path/nav2_simu
[0.863s] -- Up-to-date: /home/jrlintern/Desktop/CNRS_AIST_Work/CNRS_AIST_Mobile_Shopping_Robot/robot_ws_ros2/install/nav2_simu/share/nav2_simu/environment/ament_prefix_path.sh
[0.863s] -- Up-to-date: /home/jrlintern/Desktop/CNRS_AIST_Work/CNRS_AIST_Mobile_Shopping_Robot/robot_ws_ros2/install/nav2_simu/share/nav2_simu/environment/ament_prefix_path.dsv
[0.863s] -- Up-to-date: /home/jrlintern/Desktop/CNRS_AIST_Work/CNRS_AIST_Mobile_Shopping_Robot/robot_ws_ros2/install/nav2_simu/share/nav2_simu/environment/path.sh
[0.863s] -- Up-to-date: /home/jrlintern/Desktop/CNRS_AIST_Work/CNRS_AIST_Mobile_Shopping_Robot/robot_ws_ros2/install/nav2_simu/share/nav2_simu/environment/path.dsv
[0.863s] -- Up-to-date: /home/jrlintern/Desktop/CNRS_AIST_Work/CNRS_AIST_Mobile_Shopping_Robot/robot_ws_ros2/install/nav2_simu/share/nav2_simu/local_setup.bash
[0.864s] -- Up-to-date: /home/jrlintern/Desktop/CNRS_AIST_Work/CNRS_AIST_Mobile_Shopping_Robot/robot_ws_ros2/install/nav2_simu/share/nav2_simu/local_setup.sh
[0.864s] -- Up-to-date: /home/jrlintern/Desktop/CNRS_AIST_Work/CNRS_AIST_Mobile_Shopping_Robot/robot_ws_ros2/install/nav2_simu/share/nav2_simu/local_setup.zsh
[0.864s] -- Up-to-date: /home/jrlintern/Desktop/CNRS_AIST_Work/CNRS_AIST_Mobile_Shopping_Robot/robot_ws_ros2/install/nav2_simu/share/nav2_simu/local_setup.dsv
[0.864s] -- Installing: /home/jrlintern/Desktop/CNRS_AIST_Work/CNRS_AIST_Mobile_Shopping_Robot/robot_ws_ros2/install/nav2_simu/share/nav2_simu/package.dsv
[0.864s] -- Up-to-date: /home/jrlintern/Desktop/CNRS_AIST_Work/CNRS_AIST_Mobile_Shopping_Robot/robot_ws_ros2/install/nav2_simu/share/ament_index/resource_index/packages/nav2_simu
[0.864s] -- Up-to-date: /home/jrlintern/Desktop/CNRS_AIST_Work/CNRS_AIST_Mobile_Shopping_Robot/robot_ws_ros2/install/nav2_simu/share/nav2_simu/cmake/nav2_simuConfig.cmake
[0.864s] -- Up-to-date: /home/jrlintern/Desktop/CNRS_AIST_Work/CNRS_AIST_Mobile_Shopping_Robot/robot_ws_ros2/install/nav2_simu/share/nav2_simu/cmake/nav2_simuConfig-version.cmake
[0.864s] -- Up-to-date: /home/jrlintern/Desktop/CNRS_AIST_Work/CNRS_AIST_Mobile_Shopping_Robot/robot_ws_ros2/install/nav2_simu/share/nav2_simu/package.xml
[0.868s] Invoked command in '/home/jrlintern/Desktop/CNRS_AIST_Work/CNRS_AIST_Mobile_Shopping_Robot/robot_ws_ros2/build/nav2_simu' returned '0': CMAKE_PREFIX_PATH=${CMAKE_PREFIX_PATH}:/opt/ros/foxy /usr/bin/cmake --install /home/jrlintern/Desktop/CNRS_AIST_Work/CNRS_AIST_Mobile_Shopping_Robot/robot_ws_ros2/build/nav2_simu
