[0.544s] Invoking command in '/home/jrlintern/Desktop/CNRS_AIST_Work/CNRS_AIST_Mobile_Shopping_Robot/robot_ws_ros2/build/pointcloud_to_laserscan': CMAKE_PREFIX_PATH=${CMAKE_PREFIX_PATH}:/opt/ros/foxy /usr/bin/cmake --build /home/jrlintern/Desktop/CNRS_AIST_Work/CNRS_AIST_Mobile_Shopping_Robot/robot_ws_ros2/build/pointcloud_to_laserscan -- -j8 -l8
[0.564s] -- Found ament_cmake: 0.9.12 (/opt/ros/foxy/share/ament_cmake/cmake)
[0.568s] [33mCMake Warning (dev) at /opt/ros/foxy/share/ament_cmake_core/cmake/core/python.cmake:22 (find_package):
[0.568s]   Policy CMP0148 is not set: The FindPythonInterp and FindPythonLibs modules
[0.568s]   are removed.  Run "cmake --help-policy CMP0148" for policy details.  Use
[0.568s]   the cmake_policy command to set the policy and suppress this warning.
[0.568s] 
[0.568s] Call Stack (most recent call first):
[0.569s]   /opt/ros/foxy/share/ament_cmake_core/cmake/core/all.cmake:53 (include)
[0.569s]   /opt/ros/foxy/share/ament_cmake_core/cmake/ament_cmake_core-extras.cmake:17 (include)
[0.569s]   /opt/ros/foxy/share/ament_cmake_core/cmake/ament_cmake_coreConfig.cmake:41 (include)
[0.569s]   /opt/ros/foxy/share/ament_cmake/cmake/ament_cmake_export_dependencies-extras.cmake:15 (find_package)
[0.569s]   /opt/ros/foxy/share/ament_cmake/cmake/ament_cmakeConfig.cmake:41 (include)
[0.569s]   CMakeLists.txt:4 (find_package)
[0.569s] This warning is for project developers.  Use -Wno-dev to suppress it.
[0.569s] [0m
[0.607s] -- Using PYTHON_EXECUTABLE: /usr/bin/python3
[0.847s] -- Found laser_geometry: 2.2.0 (/opt/ros/foxy/share/laser_geometry/cmake)
[0.853s] -- Found message_filters: 3.2.7 (/opt/ros/foxy/share/message_filters/cmake)
[0.854s] -- Found rclcpp: 2.4.3 (/opt/ros/foxy/share/rclcpp/cmake)
[0.892s] -- Using all available rosidl_typesupport_c: rosidl_typesupport_fastrtps_c;rosidl_typesupport_introspection_c
[0.895s] -- Found rosidl_adapter: 1.3.1 (/opt/ros/foxy/share/rosidl_adapter/cmake)
[1.027s] -- Using all available rosidl_typesupport_cpp: rosidl_typesupport_fastrtps_cpp;rosidl_typesupport_introspection_cpp
[1.091s] -- Found rmw_implementation_cmake: 1.0.4 (/opt/ros/foxy/share/rmw_implementation_cmake/cmake)
[1.091s] -- Using RMW implementation 'rmw_fastrtps_cpp' as default
[1.242s] -- Found rclcpp_components: 2.4.3 (/opt/ros/foxy/share/rclcpp_components/cmake)
[1.303s] -- Found sensor_msgs: 2.0.5 (/opt/ros/foxy/share/sensor_msgs/cmake)
[1.421s] -- Found tf2: 0.13.14 (/opt/ros/foxy/share/tf2/cmake)
[1.430s] -- Found tf2_ros: 0.13.14 (/opt/ros/foxy/share/tf2_ros/cmake)
[1.698s] -- Found tf2_sensor_msgs: 0.13.14 (/opt/ros/foxy/share/tf2_sensor_msgs/cmake)
[1.718s] -- Found ament_lint_auto: 0.9.8 (/opt/ros/foxy/share/ament_lint_auto/cmake)
[1.798s] -- Added test 'cppcheck' to perform static code analysis on C / C++ code
[1.798s] -- Configured cppcheck include dirs: $<BUILD_INTERFACE:/home/jrlintern/Desktop/CNRS_AIST_Work/CNRS_AIST_Mobile_Shopping_Robot/robot_ws_ros2/src/pointcloud_to_laserscan/include>
[1.799s] -- Configured cppcheck exclude dirs and/or files: 
[1.801s] -- Added test 'cpplint' to check C / C++ code against the Google style
[1.802s] -- Configured cpplint exclude dirs and/or files: 
[1.802s] -- Added test 'flake8' to check Python code syntax and style conventions
[1.803s] -- Added test 'lint_cmake' to check CMake code style
[1.805s] -- Added test 'pep257' to check Python code against some of the style conventions in PEP 257
[1.808s] -- Added test 'uncrustify' to check C / C++ code style
[1.808s] -- Configured uncrustify additional arguments: 
[1.809s] -- Added test 'xmllint' to check XML markup files
[1.810s] -- Configuring done (1.3s)
[1.839s] -- Generating done (0.0s)
[1.842s] -- Build files have been written to: /home/jrlintern/Desktop/CNRS_AIST_Work/CNRS_AIST_Mobile_Shopping_Robot/robot_ws_ros2/build/pointcloud_to_laserscan
[1.866s] [ 10%] [32mBuilding CXX object CMakeFiles/laserscan_to_pointcloud.dir/src/laserscan_to_pointcloud_node.cpp.o[0m
[1.866s] [ 20%] [32mBuilding CXX object CMakeFiles/pointcloud_to_laserscan.dir/src/pointcloud_to_laserscan_node.cpp.o[0m
[1.879s] [ 40%] Built target laserscan_to_pointcloud_node
[1.881s] [ 50%] [32mBuilding CXX object CMakeFiles/dummy_pointcloud_publisher.dir/src/dummy_pointcloud_publisher.cpp.o[0m
[1.881s] [ 70%] Built target pointcloud_to_laserscan_node
[2.002s] [01m[K/home/jrlintern/Desktop/CNRS_AIST_Work/CNRS_AIST_Mobile_Shopping_Robot/robot_ws_ros2/src/pointcloud_to_laserscan/src/pointcloud_to_laserscan_node.cpp:52:10:[m[K [01;31m[Kfatal error: [m[Ktf2_sensor_msgs/tf2_sensor_msgs.hpp: No such file or directory
[2.003s]    52 | #include [01;31m[K"tf2_sensor_msgs/tf2_sensor_msgs.hpp"[m[K
[2.003s]       |          [01;31m[K^~~~~~~~~~~~~~~~~~~~~~~~~~~~~~~~~~~~~[m[K
[2.003s] compilation terminated.
[2.006s] make[2]: *** [CMakeFiles/pointcloud_to_laserscan.dir/build.make:76: CMakeFiles/pointcloud_to_laserscan.dir/src/pointcloud_to_laserscan_node.cpp.o] Error 1
[2.006s] make[1]: *** [CMakeFiles/Makefile2:197: CMakeFiles/pointcloud_to_laserscan.dir/all] Error 2
[2.007s] make[1]: *** Waiting for unfinished jobs....
[2.065s] [01m[K/home/jrlintern/Desktop/CNRS_AIST_Work/CNRS_AIST_Mobile_Shopping_Robot/robot_ws_ros2/src/pointcloud_to_laserscan/src/laserscan_to_pointcloud_node.cpp:52:10:[m[K [01;31m[Kfatal error: [m[Ktf2_sensor_msgs/tf2_sensor_msgs.hpp: No such file or directory
[2.066s]    52 | #include [01;31m[K"tf2_sensor_msgs/tf2_sensor_msgs.hpp"[m[K
[2.066s]       |          [01;31m[K^~~~~~~~~~~~~~~~~~~~~~~~~~~~~~~~~~~~~[m[K
[2.068s] compilation terminated.
[2.069s] make[2]: *** [CMakeFiles/laserscan_to_pointcloud.dir/build.make:76: CMakeFiles/laserscan_to_pointcloud.dir/src/laserscan_to_pointcloud_node.cpp.o] Error 1
[2.069s] make[1]: *** [CMakeFiles/Makefile2:145: CMakeFiles/laserscan_to_pointcloud.dir/all] Error 2
[4.791s] [ 80%] [32m[1mLinking CXX executable dummy_pointcloud_publisher[0m
[4.959s] [ 80%] Built target dummy_pointcloud_publisher
[4.960s] make: *** [Makefile:146: all] Error 2
[4.962s] Invoked command in '/home/jrlintern/Desktop/CNRS_AIST_Work/CNRS_AIST_Mobile_Shopping_Robot/robot_ws_ros2/build/pointcloud_to_laserscan' returned '2': CMAKE_PREFIX_PATH=${CMAKE_PREFIX_PATH}:/opt/ros/foxy /usr/bin/cmake --build /home/jrlintern/Desktop/CNRS_AIST_Work/CNRS_AIST_Mobile_Shopping_Robot/robot_ws_ros2/build/pointcloud_to_laserscan -- -j8 -l8
