[0.698s] Invoking command in '/home/jrlintern/Desktop/CNRS_AIST_Work/CNRS_AIST_Mobile_Shopping_Robot/robot_ws_ros2/build/c_pkg': CMAKE_PREFIX_PATH=${CMAKE_PREFIX_PATH}:/opt/ros/foxy /usr/bin/cmake /home/jrlintern/Desktop/CNRS_AIST_Work/CNRS_AIST_Mobile_Shopping_Robot/robot_ws_ros2/src/c_pkg -DCMAKE_INSTALL_PREFIX=/home/jrlintern/Desktop/CNRS_AIST_Work/CNRS_AIST_Mobile_Shopping_Robot/robot_ws_ros2/install/c_pkg
[0.778s] -- The C compiler identification is GNU 9.4.0
[0.846s] -- The CXX compiler identification is GNU 9.4.0
[0.872s] -- Detecting C compiler ABI info
[0.945s] -- Detecting C compiler ABI info - done
[0.956s] -- Check for working C compiler: /usr/bin/cc - skipped
[0.957s] -- Detecting C compile features
[0.958s] -- Detecting C compile features - done
[0.971s] -- Detecting CXX compiler ABI info
[1.058s] -- Detecting CXX compiler ABI info - done
[1.072s] -- Check for working CXX compiler: /usr/bin/c++ - skipped
[1.072s] -- Detecting CXX compile features
[1.073s] -- Detecting CXX compile features - done
[1.077s] -- Found ament_cmake: 0.9.12 (/opt/ros/foxy/share/ament_cmake/cmake)
[1.084s] [33mCMake Warning (dev) at /opt/ros/foxy/share/ament_cmake_core/cmake/core/python.cmake:22 (find_package):
[1.084s]   Policy CMP0148 is not set: The FindPythonInterp and FindPythonLibs modules
[1.084s]   are removed.  Run "cmake --help-policy CMP0148" for policy details.  Use
[1.084s]   the cmake_policy command to set the policy and suppress this warning.
[1.084s] 
[1.084s] Call Stack (most recent call first):
[1.084s]   /opt/ros/foxy/share/ament_cmake_core/cmake/core/all.cmake:53 (include)
[1.084s]   /opt/ros/foxy/share/ament_cmake_core/cmake/ament_cmake_core-extras.cmake:17 (include)
[1.084s]   /opt/ros/foxy/share/ament_cmake_core/cmake/ament_cmake_coreConfig.cmake:41 (include)
[1.084s]   /opt/ros/foxy/share/ament_cmake/cmake/ament_cmake_export_dependencies-extras.cmake:15 (find_package)
[1.084s]   /opt/ros/foxy/share/ament_cmake/cmake/ament_cmakeConfig.cmake:41 (include)
[1.084s]   CMakeLists.txt:19 (find_package)
[1.084s] This warning is for project developers.  Use -Wno-dev to suppress it.
[1.084s] [0m
[1.108s] -- Found PythonInterp: /usr/bin/python3 (found suitable version "3.8.10", minimum required is "3") 
[1.108s] -- Using PYTHON_EXECUTABLE: /usr/bin/python3
[1.339s] -- Found rclcpp: 2.4.3 (/opt/ros/foxy/share/rclcpp/cmake)
[1.396s] -- Using all available rosidl_typesupport_c: rosidl_typesupport_fastrtps_c;rosidl_typesupport_introspection_c
[1.403s] -- Found rosidl_adapter: 1.3.1 (/opt/ros/foxy/share/rosidl_adapter/cmake)
[1.511s] -- Found OpenSSL: /usr/lib/x86_64-linux-gnu/libcrypto.so (found version "1.1.1f")  
[1.558s] -- Found FastRTPS: /opt/ros/foxy/include  
[1.640s] -- Using all available rosidl_typesupport_cpp: rosidl_typesupport_fastrtps_cpp;rosidl_typesupport_introspection_cpp
[1.698s] -- Found rmw_implementation_cmake: 1.0.4 (/opt/ros/foxy/share/rmw_implementation_cmake/cmake)
[1.700s] -- Using RMW implementation 'rmw_fastrtps_cpp' as default
[1.701s] -- Performing Test CMAKE_HAVE_LIBC_PTHREAD
[1.775s] -- Performing Test CMAKE_HAVE_LIBC_PTHREAD - Failed
[1.776s] -- Looking for pthread_create in pthreads
[1.835s] -- Looking for pthread_create in pthreads - not found
[1.835s] -- Looking for pthread_create in pthread
[1.901s] -- Looking for pthread_create in pthread - found
[1.902s] -- Found Threads: TRUE  
[2.056s] -- Found rosidl_default_generators: 1.0.1 (/opt/ros/foxy/share/rosidl_default_generators/cmake)
[2.073s] [33mCMake Warning (dev) at /opt/ros/foxy/share/rosidl_adapter/cmake/rosidl_adapt_interfaces.cmake:40 (find_package):
[2.073s]   Policy CMP0148 is not set: The FindPythonInterp and FindPythonLibs modules
[2.073s]   are removed.  Run "cmake --help-policy CMP0148" for policy details.  Use
[2.073s]   the cmake_policy command to set the policy and suppress this warning.
[2.073s] 
[2.073s] Call Stack (most recent call first):
[2.073s]   /opt/ros/foxy/share/rosidl_cmake/cmake/rosidl_generate_interfaces.cmake:130 (rosidl_adapt_interfaces)
[2.073s]   CMakeLists.txt:26 (rosidl_generate_interfaces)
[2.073s] This warning is for project developers.  Use -Wno-dev to suppress it.
[2.074s] [0m
[2.094s] -- Found PythonInterp: /usr/bin/python3 (found version "3.8.10") 
[2.207s] [33mCMake Warning (dev) at /home/jrlintern/Desktop/CNRS_AIST_Work/CNRS_AIST_Mobile_Shopping_Robot/robot_ws_ros2/build/c_pkg/ament_cmake_core/package.cmake:4:
[2.207s]   Syntax Warning in cmake code at column 27
[2.207s] 
[2.207s]   Argument not separated from preceding token by whitespace.
[2.207s] Call Stack (most recent call first):
[2.207s]   /opt/ros/foxy/share/ament_cmake_core/cmake/core/ament_package_xml.cmake:99 (include)
[2.207s]   /opt/ros/foxy/share/ament_cmake_core/cmake/core/ament_package_xml.cmake:49 (_ament_package_xml)
[2.207s]   /opt/ros/foxy/share/rosidl_cmake/cmake/rosidl_generate_interfaces.cmake:226 (ament_package_xml)
[2.208s]   CMakeLists.txt:26 (rosidl_generate_interfaces)
[2.208s] This warning is for project developers.  Use -Wno-dev to suppress it.
[2.208s] [0m
[2.208s] [33mCMake Warning (dev) at /home/jrlintern/Desktop/CNRS_AIST_Work/CNRS_AIST_Mobile_Shopping_Robot/robot_ws_ros2/build/c_pkg/ament_cmake_core/package.cmake:4:
[2.208s]   Syntax Warning in cmake code at column 38
[2.208s] 
[2.208s]   Argument not separated from preceding token by whitespace.
[2.208s] Call Stack (most recent call first):
[2.209s]   /opt/ros/foxy/share/ament_cmake_core/cmake/core/ament_package_xml.cmake:99 (include)
[2.209s]   /opt/ros/foxy/share/ament_cmake_core/cmake/core/ament_package_xml.cmake:49 (_ament_package_xml)
[2.209s]   /opt/ros/foxy/share/rosidl_cmake/cmake/rosidl_generate_interfaces.cmake:226 (ament_package_xml)
[2.209s]   CMakeLists.txt:26 (rosidl_generate_interfaces)
[2.209s] This warning is for project developers.  Use -Wno-dev to suppress it.
[2.209s] [0m
[2.209s] [33mCMake Warning (dev) at /home/jrlintern/Desktop/CNRS_AIST_Work/CNRS_AIST_Mobile_Shopping_Robot/robot_ws_ros2/build/c_pkg/ament_cmake_core/package.cmake:6:
[2.209s]   Syntax Warning in cmake code at column 34
[2.210s] 
[2.210s]   Argument not separated from preceding token by whitespace.
[2.210s] Call Stack (most recent call first):
[2.210s]   /opt/ros/foxy/share/ament_cmake_core/cmake/core/ament_package_xml.cmake:99 (include)
[2.210s]   /opt/ros/foxy/share/ament_cmake_core/cmake/core/ament_package_xml.cmake:49 (_ament_package_xml)
[2.210s]   /opt/ros/foxy/share/rosidl_cmake/cmake/rosidl_generate_interfaces.cmake:226 (ament_package_xml)
[2.210s]   CMakeLists.txt:26 (rosidl_generate_interfaces)
[2.210s] This warning is for project developers.  Use -Wno-dev to suppress it.
[2.211s] [0m
[2.211s] [33mCMake Warning (dev) at /home/jrlintern/Desktop/CNRS_AIST_Work/CNRS_AIST_Mobile_Shopping_Robot/robot_ws_ros2/build/c_pkg/ament_cmake_core/package.cmake:6:
[2.211s]   Syntax Warning in cmake code at column 45
[2.211s] 
[2.211s]   Argument not separated from preceding token by whitespace.
[2.211s] Call Stack (most recent call first):
[2.211s]   /opt/ros/foxy/share/ament_cmake_core/cmake/core/ament_package_xml.cmake:99 (include)
[2.211s]   /opt/ros/foxy/share/ament_cmake_core/cmake/core/ament_package_xml.cmake:49 (_ament_package_xml)
[2.212s]   /opt/ros/foxy/share/rosidl_cmake/cmake/rosidl_generate_interfaces.cmake:226 (ament_package_xml)
[2.212s]   CMakeLists.txt:26 (rosidl_generate_interfaces)
[2.212s] This warning is for project developers.  Use -Wno-dev to suppress it.
[2.212s] [0m
[2.212s] [33mCMake Warning (dev) at /home/jrlintern/Desktop/CNRS_AIST_Work/CNRS_AIST_Mobile_Shopping_Robot/robot_ws_ros2/build/c_pkg/ament_cmake_core/package.cmake:8:
[2.212s]   Syntax Warning in cmake code at column 51
[2.212s] 
[2.212s]   Argument not separated from preceding token by whitespace.
[2.212s] Call Stack (most recent call first):
[2.213s]   /opt/ros/foxy/share/ament_cmake_core/cmake/core/ament_package_xml.cmake:99 (include)
[2.213s]   /opt/ros/foxy/share/ament_cmake_core/cmake/core/ament_package_xml.cmake:49 (_ament_package_xml)
[2.213s]   /opt/ros/foxy/share/rosidl_cmake/cmake/rosidl_generate_interfaces.cmake:226 (ament_package_xml)
[2.213s]   CMakeLists.txt:26 (rosidl_generate_interfaces)
[2.213s] This warning is for project developers.  Use -Wno-dev to suppress it.
[2.213s] [0m
[2.213s] [33mCMake Warning (dev) at /home/jrlintern/Desktop/CNRS_AIST_Work/CNRS_AIST_Mobile_Shopping_Robot/robot_ws_ros2/build/c_pkg/ament_cmake_core/package.cmake:8:
[2.213s]   Syntax Warning in cmake code at column 62
[2.214s] 
[2.214s]   Argument not separated from preceding token by whitespace.
[2.214s] Call Stack (most recent call first):
[2.214s]   /opt/ros/foxy/share/ament_cmake_core/cmake/core/ament_package_xml.cmake:99 (include)
[2.214s]   /opt/ros/foxy/share/ament_cmake_core/cmake/core/ament_package_xml.cmake:49 (_ament_package_xml)
[2.214s]   /opt/ros/foxy/share/rosidl_cmake/cmake/rosidl_generate_interfaces.cmake:226 (ament_package_xml)
[2.214s]   CMakeLists.txt:26 (rosidl_generate_interfaces)
[2.214s] This warning is for project developers.  Use -Wno-dev to suppress it.
[2.215s] [0m
[2.217s] -- Found ament_cmake_ros: 0.9.2 (/opt/ros/foxy/share/ament_cmake_ros/cmake)
[2.331s] -- Using all available rosidl_typesupport_c: rosidl_typesupport_fastrtps_c;rosidl_typesupport_introspection_c
[2.338s] -- Using all available rosidl_typesupport_cpp: rosidl_typesupport_fastrtps_cpp;rosidl_typesupport_introspection_cpp
[2.341s] [33mCMake Warning (dev) at /opt/ros/foxy/share/rosidl_generator_py/cmake/rosidl_generator_py_generate_interfaces.cmake:20 (find_package):
[2.341s]   Policy CMP0148 is not set: The FindPythonInterp and FindPythonLibs modules
[2.342s]   are removed.  Run "cmake --help-policy CMP0148" for policy details.  Use
[2.342s]   the cmake_policy command to set the policy and suppress this warning.
[2.342s] 
[2.342s] Call Stack (most recent call first):
[2.342s]   /opt/ros/foxy/share/ament_cmake_core/cmake/core/ament_execute_extensions.cmake:48 (include)
[2.342s]   /opt/ros/foxy/share/rosidl_cmake/cmake/rosidl_generate_interfaces.cmake:286 (ament_execute_extensions)
[2.342s]   CMakeLists.txt:26 (rosidl_generate_interfaces)
[2.343s] This warning is for project developers.  Use -Wno-dev to suppress it.
[2.343s] [0m
[2.364s] -- Found PythonInterp: /usr/bin/python3 (found suitable version "3.8.10", minimum required is "3.5") 
[2.366s] -- Found python_cmake_module: 0.8.1 (/opt/ros/foxy/share/python_cmake_module/cmake)
[2.366s] [33mCMake Warning (dev) at /opt/ros/foxy/share/python_cmake_module/cmake/Modules/FindPythonExtra.cmake:45 (find_package):
[2.367s]   Policy CMP0148 is not set: The FindPythonInterp and FindPythonLibs modules
[2.367s]   are removed.  Run "cmake --help-policy CMP0148" for policy details.  Use
[2.367s]   the cmake_policy command to set the policy and suppress this warning.
[2.367s] 
[2.367s] Call Stack (most recent call first):
[2.367s]   /opt/ros/foxy/share/rosidl_generator_py/cmake/rosidl_generator_py_generate_interfaces.cmake:23 (find_package)
[2.367s]   /opt/ros/foxy/share/ament_cmake_core/cmake/core/ament_execute_extensions.cmake:48 (include)
[2.367s]   /opt/ros/foxy/share/rosidl_cmake/cmake/rosidl_generate_interfaces.cmake:286 (ament_execute_extensions)
[2.367s]   CMakeLists.txt:26 (rosidl_generate_interfaces)
[2.367s] This warning is for project developers.  Use -Wno-dev to suppress it.
[2.367s] [0m
[2.388s] [33mCMake Warning (dev) at /opt/ros/foxy/share/python_cmake_module/cmake/Modules/FindPythonExtra.cmake:133 (find_package):
[2.388s]   Policy CMP0148 is not set: The FindPythonInterp and FindPythonLibs modules
[2.388s]   are removed.  Run "cmake --help-policy CMP0148" for policy details.  Use
[2.388s]   the cmake_policy command to set the policy and suppress this warning.
[2.388s] 
[2.388s] Call Stack (most recent call first):
[2.388s]   /opt/ros/foxy/share/rosidl_generator_py/cmake/rosidl_generator_py_generate_interfaces.cmake:23 (find_package)
[2.388s]   /opt/ros/foxy/share/ament_cmake_core/cmake/core/ament_execute_extensions.cmake:48 (include)
[2.388s]   /opt/ros/foxy/share/rosidl_cmake/cmake/rosidl_generate_interfaces.cmake:286 (ament_execute_extensions)
[2.388s]   CMakeLists.txt:26 (rosidl_generate_interfaces)
[2.388s] This warning is for project developers.  Use -Wno-dev to suppress it.
[2.388s] [0m
[2.396s] -- Found PythonLibs: /usr/lib/x86_64-linux-gnu/libpython3.8.so (found suitable version "3.8.10", minimum required is "3.5") 
[2.396s] -- Using PYTHON_EXECUTABLE: /usr/bin/python3
[2.396s] -- Using PYTHON_INCLUDE_DIRS: /usr/include/python3.8
[2.396s] -- Using PYTHON_LIBRARIES: /usr/lib/x86_64-linux-gnu/libpython3.8.so
[2.418s] -- Found PythonExtra: .so  
[2.480s] -- Found ament_lint_auto: 0.9.8 (/opt/ros/foxy/share/ament_lint_auto/cmake)
[2.505s] -- Added test 'copyright' to check source files copyright and LICENSE
[2.507s] -- Added test 'cppcheck' to perform static code analysis on C / C++ code
[2.507s] -- Configured cppcheck include dirs: 
[2.508s] -- Configured cppcheck exclude dirs and/or files: 
[2.509s] -- Added test 'cpplint' to check C / C++ code against the Google style
[2.509s] -- Configured cpplint exclude dirs and/or files: 
[2.510s] -- Added test 'flake8' to check Python code syntax and style conventions
[2.511s] -- Added test 'lint_cmake' to check CMake code style
[2.511s] -- Added test 'pep257' to check Python code against some of the style conventions in PEP 257
[2.513s] -- Added test 'uncrustify' to check C / C++ code style
[2.513s] -- Configured uncrustify additional arguments: 
[2.514s] -- Added test 'xmllint' to check XML markup files
[2.517s] -- Configuring done (1.8s)
[2.569s] -- Generating done (0.0s)
[2.572s] -- Build files have been written to: /home/jrlintern/Desktop/CNRS_AIST_Work/CNRS_AIST_Mobile_Shopping_Robot/robot_ws_ros2/build/c_pkg
[2.584s] Invoked command in '/home/jrlintern/Desktop/CNRS_AIST_Work/CNRS_AIST_Mobile_Shopping_Robot/robot_ws_ros2/build/c_pkg' returned '0': CMAKE_PREFIX_PATH=${CMAKE_PREFIX_PATH}:/opt/ros/foxy /usr/bin/cmake /home/jrlintern/Desktop/CNRS_AIST_Work/CNRS_AIST_Mobile_Shopping_Robot/robot_ws_ros2/src/c_pkg -DCMAKE_INSTALL_PREFIX=/home/jrlintern/Desktop/CNRS_AIST_Work/CNRS_AIST_Mobile_Shopping_Robot/robot_ws_ros2/install/c_pkg
[2.586s] Invoking command in '/home/jrlintern/Desktop/CNRS_AIST_Work/CNRS_AIST_Mobile_Shopping_Robot/robot_ws_ros2/build/c_pkg': CMAKE_PREFIX_PATH=${CMAKE_PREFIX_PATH}:/opt/ros/foxy /usr/bin/cmake --build /home/jrlintern/Desktop/CNRS_AIST_Work/CNRS_AIST_Mobile_Shopping_Robot/robot_ws_ros2/build/c_pkg -- -j8 -l8
[2.609s] [  2%] [34m[1mGenerating C code for ROS interfaces[0m
[2.615s] [  4%] [34m[1mGenerating C++ code for ROS interfaces[0m
[2.839s] [  4%] Built target c_pkg__cpp
[2.845s] [  6%] [34m[1mGenerating C++ type support for eProsima Fast-RTPS[0m
[2.845s] [  8%] [34m[1mGenerating C++ type support dispatch for ROS interfaces[0m
[2.846s] [ 11%] [34m[1mGenerating C++ introspection for ROS interfaces[0m
[2.851s] [ 13%] [32mBuilding C object CMakeFiles/c_pkg__rosidl_generator_c.dir/rosidl_generator_c/c_pkg/msg/detail/state_vector__functions.c.o[0m
[2.922s] [ 15%] [32m[1mLinking C shared library libc_pkg__rosidl_generator_c.so[0m
[2.960s] [ 15%] Built target c_pkg__rosidl_generator_c
[2.968s] [ 20%] [34m[1mGenerating C type support dispatch for ROS interfaces[0m
[2.968s] [ 20%] [34m[1mGenerating C introspection for ROS interfaces[0m
[3.088s] [ 22%] [32mBuilding CXX object CMakeFiles/c_pkg__rosidl_typesupport_introspection_cpp.dir/rosidl_typesupport_introspection_cpp/c_pkg/msg/detail/state_vector__type_support.cpp.o[0m
[3.129s] [ 24%] [32mBuilding CXX object CMakeFiles/c_pkg__rosidl_typesupport_cpp.dir/rosidl_typesupport_cpp/c_pkg/msg/state_vector__type_support.cpp.o[0m
[3.193s] [ 26%] [32mBuilding CXX object CMakeFiles/c_pkg__rosidl_typesupport_fastrtps_cpp.dir/rosidl_typesupport_fastrtps_cpp/c_pkg/msg/detail/dds_fastrtps/state_vector__type_support.cpp.o[0m
[3.242s] [ 28%] [32mBuilding CXX object CMakeFiles/c_pkg__rosidl_typesupport_c.dir/rosidl_typesupport_c/c_pkg/msg/state_vector__type_support.cpp.o[0m
[3.288s] [ 31%] [32m[1mLinking CXX shared library libc_pkg__rosidl_typesupport_c.so[0m
[3.289s] [ 33%] [32mBuilding C object CMakeFiles/c_pkg__rosidl_typesupport_introspection_c.dir/rosidl_typesupport_introspection_c/c_pkg/msg/detail/state_vector__type_support.c.o[0m
[3.321s] [ 35%] [32m[1mLinking C shared library libc_pkg__rosidl_typesupport_introspection_c.so[0m
[3.335s] [ 35%] Built target c_pkg__rosidl_typesupport_c
[3.344s] [ 35%] Built target c_pkg__rosidl_typesupport_introspection_c
[3.536s] [ 37%] [32m[1mLinking CXX shared library libc_pkg__rosidl_typesupport_introspection_cpp.so[0m
[3.571s] [ 37%] Built target c_pkg__rosidl_typesupport_introspection_cpp
[3.574s] [ 40%] [32m[1mLinking CXX shared library libc_pkg__rosidl_typesupport_cpp.so[0m
[3.606s] [ 40%] Built target c_pkg__rosidl_typesupport_cpp
[3.651s] [ 42%] [32m[1mLinking CXX shared library libc_pkg__rosidl_typesupport_fastrtps_cpp.so[0m
[3.735s] [ 42%] Built target c_pkg__rosidl_typesupport_fastrtps_cpp
[3.740s] [ 44%] [34m[1mGenerating C type support for eProsima Fast-RTPS[0m
[3.950s] [ 46%] [32mBuilding CXX object CMakeFiles/c_pkg__rosidl_typesupport_fastrtps_c.dir/rosidl_typesupport_fastrtps_c/c_pkg/msg/detail/state_vector__type_support_c.cpp.o[0m
[4.278s] [ 48%] [32m[1mLinking CXX shared library libc_pkg__rosidl_typesupport_fastrtps_c.so[0m
[4.362s] [ 48%] Built target c_pkg__rosidl_typesupport_fastrtps_c
[4.373s] [ 48%] Built target c_pkg
[4.386s] [ 55%] [32mBuilding CXX object CMakeFiles/bot_control_driver_node.dir/src/func.cpp.o[0m
[4.387s] [ 55%] [32mBuilding CXX object CMakeFiles/bot_control_driver_node.dir/src/servo3moog.cpp.o[0m
[4.387s] [ 60%] [32mBuilding CXX object CMakeFiles/joystick_control_node.dir/src/joystick_control.cpp.o[0m
[4.387s] [ 60%] [34m[1mGenerating Python code for ROS interfaces[0m
[4.387s] [ 55%] [32mBuilding CXX object CMakeFiles/bot_control_driver_node.dir/src/bot_control_driver.cpp.o[0m
[4.388s] [ 62%] [32mBuilding CXX object CMakeFiles/keyboard_control_node.dir/src/keyboard_control.cpp.o[0m
[4.388s] [ 64%] [32mBuilding CXX object CMakeFiles/bot_control_driver_node.dir/src/kinema.cpp.o[0m
[4.391s] [ 66%] [32mBuilding CXX object CMakeFiles/joystick_control_node.dir/src/servo3moog.cpp.o[0m
[4.507s] [ 68%] [32mBuilding CXX object CMakeFiles/keyboard_control_node.dir/src/func.cpp.o[0m
[4.521s] [ 71%] [32mBuilding CXX object CMakeFiles/joystick_control_node.dir/src/func.cpp.o[0m
[4.528s] [01m[K/home/jrlintern/Desktop/CNRS_AIST_Work/CNRS_AIST_Mobile_Shopping_Robot/robot_ws_ros2/src/c_pkg/src/servo3moog.cpp:[m[K In function ‘[01m[Kint serial_receive(char*)[m[K’:
[4.529s] [01m[K/home/jrlintern/Desktop/CNRS_AIST_Work/CNRS_AIST_Mobile_Shopping_Robot/robot_ws_ros2/src/c_pkg/src/servo3moog.cpp:108:12:[m[K [01;35m[Kwarning: [m[Kcomparison is always false due to limited range of data type [[01;35m[K-Wtype-limits[m[K]
[4.529s]   108 |       if([01;35m[Kc > 0x80[m[K) {
[4.529s]       |          [01;35m[K~~^~~~~~[m[K
[4.529s] [01m[K/home/jrlintern/Desktop/CNRS_AIST_Work/CNRS_AIST_Mobile_Shopping_Robot/robot_ws_ros2/src/c_pkg/src/servo3moog.cpp:95:7:[m[K [01;35m[Kwarning: [m[Kunused variable ‘[01m[Klen[m[K’ [[01;35m[K-Wunused-variable[m[K]
[4.530s]    95 |   int [01;35m[Klen[m[K=0;
[4.530s]       |       [01;35m[K^~~[m[K
[4.532s] [01m[K/home/jrlintern/Desktop/CNRS_AIST_Work/CNRS_AIST_Mobile_Shopping_Robot/robot_ws_ros2/src/c_pkg/src/servo3moog.cpp:[m[K In function ‘[01m[Kvoid servoPos_loop(float)[m[K’:
[4.532s] [01m[K/home/jrlintern/Desktop/CNRS_AIST_Work/CNRS_AIST_Mobile_Shopping_Robot/robot_ws_ros2/src/c_pkg/src/servo3moog.cpp:211:27:[m[K [01;35m[Kwarning: [m[Kunused parameter ‘[01m[Kcur_angarm[m[K’ [[01;35m[K-Wunused-parameter[m[K]
[4.532s]   211 | void servoPos_loop ([01;35m[Kfloat cur_angarm[m[K) {
[4.533s]       |                     [01;35m[K~~~~~~^~~~~~~~~~[m[K
[4.533s] [01m[K/home/jrlintern/Desktop/CNRS_AIST_Work/CNRS_AIST_Mobile_Shopping_Robot/robot_ws_ros2/src/c_pkg/src/servo3moog.cpp:[m[K In function ‘[01m[Kint serial_receive(char*)[m[K’:
[4.533s] [01m[K/home/jrlintern/Desktop/CNRS_AIST_Work/CNRS_AIST_Mobile_Shopping_Robot/robot_ws_ros2/src/c_pkg/src/servo3moog.cpp:108:12:[m[K [01;35m[Kwarning: [m[Kcomparison is always false due to limited range of data type [[01;35m[K-Wtype-limits[m[K]
[4.533s]   108 |       if([01;35m[Kc > 0x80[m[K) {
[4.533s]       |          [01;35m[K~~^~~~~~[m[K
[4.533s] [01m[K/home/jrlintern/Desktop/CNRS_AIST_Work/CNRS_AIST_Mobile_Shopping_Robot/robot_ws_ros2/src/c_pkg/src/servo3moog.cpp:95:7:[m[K [01;35m[Kwarning: [m[Kunused variable ‘[01m[Klen[m[K’ [[01;35m[K-Wunused-variable[m[K]
[4.534s]    95 |   int [01;35m[Klen[m[K=0;
[4.534s]       |       [01;35m[K^~~[m[K
[4.535s] [01m[K/home/jrlintern/Desktop/CNRS_AIST_Work/CNRS_AIST_Mobile_Shopping_Robot/robot_ws_ros2/src/c_pkg/src/servo3moog.cpp:[m[K In function ‘[01m[Kvoid servoPos_loop(float)[m[K’:
[4.535s] [01m[K/home/jrlintern/Desktop/CNRS_AIST_Work/CNRS_AIST_Mobile_Shopping_Robot/robot_ws_ros2/src/c_pkg/src/servo3moog.cpp:211:27:[m[K [01;35m[Kwarning: [m[Kunused parameter ‘[01m[Kcur_angarm[m[K’ [[01;35m[K-Wunused-parameter[m[K]
[4.535s]   211 | void servoPos_loop ([01;35m[Kfloat cur_angarm[m[K) {
[4.535s]       |                     [01;35m[K~~~~~~^~~~~~~~~~[m[K
[4.536s] [01m[K/home/jrlintern/Desktop/CNRS_AIST_Work/CNRS_AIST_Mobile_Shopping_Robot/robot_ws_ros2/src/c_pkg/src/servo3moog.cpp:[m[K In function ‘[01m[Kfloat servo3motor_loop(float*, float*, float*)[m[K’:
[4.536s] [01m[K/home/jrlintern/Desktop/CNRS_AIST_Work/CNRS_AIST_Mobile_Shopping_Robot/robot_ws_ros2/src/c_pkg/src/servo3moog.cpp:250:7:[m[K [01;35m[Kwarning: [m[Kvariable ‘[01m[Ktoobigacc[m[K’ set but not used [[01;35m[K-Wunused-but-set-variable[m[K]
[4.536s]   250 |   int [01;35m[Ktoobigacc[m[K = 0, moving_flag = 0;
[4.537s]       |       [01;35m[K^~~~~~~~~[m[K
[4.537s] [01m[K/home/jrlintern/Desktop/CNRS_AIST_Work/CNRS_AIST_Mobile_Shopping_Robot/robot_ws_ros2/src/c_pkg/src/servo3moog.cpp:244:82:[m[K [01;35m[Kwarning: [m[Kunused parameter ‘[01m[Kreal_motor_rpm[m[K’ [[01;35m[K-Wunused-parameter[m[K]
[4.537s]   244 | float servo3motor_loop(float *rotor_rad_per_sec, float *target_motor_rpm, [01;35m[Kfloat *real_motor_rpm[m[K) {
[4.537s]       |                                                                           [01;35m[K~~~~~~~^~~~~~~~~~~~~~[m[K
[4.544s] [01m[K/home/jrlintern/Desktop/CNRS_AIST_Work/CNRS_AIST_Mobile_Shopping_Robot/robot_ws_ros2/src/c_pkg/src/servo3moog.cpp:[m[K In function ‘[01m[Kfloat servo3motor_loop(float*, float*, float*)[m[K’:
[4.544s] [01m[K/home/jrlintern/Desktop/CNRS_AIST_Work/CNRS_AIST_Mobile_Shopping_Robot/robot_ws_ros2/src/c_pkg/src/servo3moog.cpp:250:7:[m[K [01;35m[Kwarning: [m[Kvariable ‘[01m[Ktoobigacc[m[K’ set but not used [[01;35m[K-Wunused-but-set-variable[m[K]
[4.544s]   250 |   int [01;35m[Ktoobigacc[m[K = 0, moving_flag = 0;
[4.544s]       |       [01;35m[K^~~~~~~~~[m[K
[4.544s] [01m[K/home/jrlintern/Desktop/CNRS_AIST_Work/CNRS_AIST_Mobile_Shopping_Robot/robot_ws_ros2/src/c_pkg/src/servo3moog.cpp:244:82:[m[K [01;35m[Kwarning: [m[Kunused parameter ‘[01m[Kreal_motor_rpm[m[K’ [[01;35m[K-Wunused-parameter[m[K]
[4.544s]   244 | float servo3motor_loop(float *rotor_rad_per_sec, float *target_motor_rpm, [01;35m[Kfloat *real_motor_rpm[m[K) {
[4.545s]       |                                                                           [01;35m[K~~~~~~~^~~~~~~~~~~~~~[m[K
[4.588s] [ 73%] [32mBuilding CXX object CMakeFiles/keyboard_control_node.dir/src/kinema.cpp.o[0m
[4.609s] [ 75%] [32mBuilding CXX object CMakeFiles/joystick_control_node.dir/src/kinema.cpp.o[0m
[4.980s] [ 75%] Built target c_pkg__py
[4.993s] [ 77%] [32mBuilding C object CMakeFiles/c_pkg__python.dir/rosidl_generator_py/c_pkg/msg/_state_vector_s.c.o[0m
[5.122s] [ 80%] [32m[1mLinking C shared library rosidl_generator_py/c_pkg/libc_pkg__python.so[0m
[5.155s] [ 80%] Built target c_pkg__python
[5.171s] [ 84%] [32mBuilding C object CMakeFiles/c_pkg__rosidl_typesupport_introspection_c__pyext.dir/rosidl_generator_py/c_pkg/_c_pkg_s.ep.rosidl_typesupport_introspection_c.c.o[0m
[5.171s] [ 84%] [32mBuilding C object CMakeFiles/c_pkg__rosidl_typesupport_c__pyext.dir/rosidl_generator_py/c_pkg/_c_pkg_s.ep.rosidl_typesupport_c.c.o[0m
[5.172s] [ 86%] [32mBuilding C object CMakeFiles/c_pkg__rosidl_typesupport_fastrtps_c__pyext.dir/rosidl_generator_py/c_pkg/_c_pkg_s.ep.rosidl_typesupport_fastrtps_c.c.o[0m
[5.307s] [ 91%] [32m[1mLinking C shared library rosidl_generator_py/c_pkg/c_pkg_s__rosidl_typesupport_c.cpython-38-x86_64-linux-gnu.so[0m
[5.307s] [ 91%] [32m[1mLinking C shared library rosidl_generator_py/c_pkg/c_pkg_s__rosidl_typesupport_introspection_c.cpython-38-x86_64-linux-gnu.so[0m
[5.310s] [ 93%] [32m[1mLinking CXX shared library rosidl_generator_py/c_pkg/c_pkg_s__rosidl_typesupport_fastrtps_c.cpython-38-x86_64-linux-gnu.so[0m
[5.344s] [ 93%] Built target c_pkg__rosidl_typesupport_c__pyext
[5.344s] [ 93%] Built target c_pkg__rosidl_typesupport_introspection_c__pyext
[5.385s] [ 93%] Built target c_pkg__rosidl_typesupport_fastrtps_c__pyext
[5.969s] In file included from [01m[K/home/jrlintern/Desktop/CNRS_AIST_Work/CNRS_AIST_Mobile_Shopping_Robot/robot_ws_ros2/src/c_pkg/src/keyboard_control.cpp:13[m[K:
[5.969s] [01m[K/home/jrlintern/Desktop/CNRS_AIST_Work/CNRS_AIST_Mobile_Shopping_Robot/robot_ws_ros2/src/c_pkg/src/conio.h:[m[K In member function ‘[01m[Kint __CONIO_H::getch()[m[K’:
[5.969s] [01m[K/home/jrlintern/Desktop/CNRS_AIST_Work/CNRS_AIST_Mobile_Shopping_Robot/robot_ws_ros2/src/c_pkg/src/conio.h:240:7:[m[K [01;35m[Kwarning: [m[Kno return statement in function returning non-void [[01;35m[K-Wreturn-type[m[K]
[5.969s]   240 |       [01;35m[K}[m[K
[5.970s]       |       [01;35m[K^[m[K
[5.970s] [01m[K/home/jrlintern/Desktop/CNRS_AIST_Work/CNRS_AIST_Mobile_Shopping_Robot/robot_ws_ros2/src/c_pkg/src/conio.h:[m[K In member function ‘[01m[Kint __CONIO_H::getche()[m[K’:
[5.970s] [01m[K/home/jrlintern/Desktop/CNRS_AIST_Work/CNRS_AIST_Mobile_Shopping_Robot/robot_ws_ros2/src/c_pkg/src/conio.h:244:7:[m[K [01;35m[Kwarning: [m[Kno return statement in function returning non-void [[01;35m[K-Wreturn-type[m[K]
[5.970s]   244 |       [01;35m[K}[m[K
[5.970s]       |       [01;35m[K^[m[K
[5.970s] [01m[K/home/jrlintern/Desktop/CNRS_AIST_Work/CNRS_AIST_Mobile_Shopping_Robot/robot_ws_ros2/src/c_pkg/src/conio.h:[m[K In member function ‘[01m[Kint __CONIO_H::cputs(const char*)[m[K’:
[5.971s] [01m[K/home/jrlintern/Desktop/CNRS_AIST_Work/CNRS_AIST_Mobile_Shopping_Robot/robot_ws_ros2/src/c_pkg/src/conio.h:299:17:[m[K [01;35m[Kwarning: [m[Kformat not a string literal and no format arguments [[01;35m[K-Wformat-security[m[K]
[5.971s]   299 |       printf(str[01;35m[K)[m[K;
[5.971s]       |                 [01;35m[K^[m[K
[5.971s] [01m[K/home/jrlintern/Desktop/CNRS_AIST_Work/CNRS_AIST_Mobile_Shopping_Robot/robot_ws_ros2/src/c_pkg/src/conio.h:[m[K In member function ‘[01m[Kchar* __CONIO_H::getpass(const char*)[m[K’:
[5.971s] [01m[K/home/jrlintern/Desktop/CNRS_AIST_Work/CNRS_AIST_Mobile_Shopping_Robot/robot_ws_ros2/src/c_pkg/src/conio.h:305:7:[m[K [01;35m[Kwarning: [m[Kno return statement in function returning non-void [[01;35m[K-Wreturn-type[m[K]
[5.972s]   305 |       [01;35m[K}[m[K
[5.972s]       |       [01;35m[K^[m[K
[5.972s] [01m[K/home/jrlintern/Desktop/CNRS_AIST_Work/CNRS_AIST_Mobile_Shopping_Robot/robot_ws_ros2/src/c_pkg/src/conio.h:303:29:[m[K [01;35m[Kwarning: [m[Kunused parameter ‘[01m[Kprompt[m[K’ [[01;35m[K-Wunused-parameter[m[K]
[5.972s]   303 |     char*getpass([01;35m[Kconst char*prompt[m[K){
[5.972s]       |                  [01;35m[K~~~~~~~~~~~^~~~~~[m[K
[5.972s] [01m[K/home/jrlintern/Desktop/CNRS_AIST_Work/CNRS_AIST_Mobile_Shopping_Robot/robot_ws_ros2/src/c_pkg/src/conio.h:[m[K In member function ‘[01m[Kint __CONIO_H::gettext(int, int, int, int, void*)[m[K’:
[5.972s] [01m[K/home/jrlintern/Desktop/CNRS_AIST_Work/CNRS_AIST_Mobile_Shopping_Robot/robot_ws_ros2/src/c_pkg/src/conio.h:309:7:[m[K [01;35m[Kwarning: [m[Kno return statement in function returning non-void [[01;35m[K-Wreturn-type[m[K]
[5.973s]   309 |       [01;35m[K}[m[K
[5.973s]       |       [01;35m[K^[m[K
[5.973s] [01m[K/home/jrlintern/Desktop/CNRS_AIST_Work/CNRS_AIST_Mobile_Shopping_Robot/robot_ws_ros2/src/c_pkg/src/conio.h:307:21:[m[K [01;35m[Kwarning: [m[Kunused parameter ‘[01m[Kl[m[K’ [[01;35m[K-Wunused-parameter[m[K]
[5.973s]   307 |     int gettext([01;35m[Kint l[m[K,int t,int r,int b,void*destination){
[5.973s]       |                 [01;35m[K~~~~^[m[K
[5.973s] [01m[K/home/jrlintern/Desktop/CNRS_AIST_Work/CNRS_AIST_Mobile_Shopping_Robot/robot_ws_ros2/src/c_pkg/src/conio.h:307:27:[m[K [01;35m[Kwarning: [m[Kunused parameter ‘[01m[Kt[m[K’ [[01;35m[K-Wunused-parameter[m[K]
[5.973s]   307 |     int gettext(int l,[01;35m[Kint t[m[K,int r,int b,void*destination){
[5.973s]       |                       [01;35m[K~~~~^[m[K
[5.974s] [01m[K/home/jrlintern/Desktop/CNRS_AIST_Work/CNRS_AIST_Mobile_Shopping_Robot/robot_ws_ros2/src/c_pkg/src/conio.h:307:33:[m[K [01;35m[Kwarning: [m[Kunused parameter ‘[01m[Kr[m[K’ [[01;35m[K-Wunused-parameter[m[K]
[5.974s]   307 |     int gettext(int l,int t,[01;35m[Kint r[m[K,int b,void*destination){
[5.974s]       |                             [01;35m[K~~~~^[m[K
[5.974s] [01m[K/home/jrlintern/Desktop/CNRS_AIST_Work/CNRS_AIST_Mobile_Shopping_Robot/robot_ws_ros2/src/c_pkg/src/conio.h:307:39:[m[K [01;35m[Kwarning: [m[Kunused parameter ‘[01m[Kb[m[K’ [[01;35m[K-Wunused-parameter[m[K]
[5.974s]   307 |     int gettext(int l,int t,int r,[01;35m[Kint b[m[K,void*destination){
[5.974s]       |                                   [01;35m[K~~~~^[m[K
[5.974s] [01m[K/home/jrlintern/Desktop/CNRS_AIST_Work/CNRS_AIST_Mobile_Shopping_Robot/robot_ws_ros2/src/c_pkg/src/conio.h:307:46:[m[K [01;35m[Kwarning: [m[Kunused parameter ‘[01m[Kdestination[m[K’ [[01;35m[K-Wunused-parameter[m[K]
[5.974s]   307 |     int gettext(int l,int t,int r,int b,[01;35m[Kvoid*destination[m[K){
[5.974s]       |                                         [01;35m[K~~~~~^~~~~~~~~~~[m[K
[5.975s] [01m[K/home/jrlintern/Desktop/CNRS_AIST_Work/CNRS_AIST_Mobile_Shopping_Robot/robot_ws_ros2/src/c_pkg/src/keyboard_control.cpp:[m[K In function ‘[01m[Kvoid flush_input_buffer()[m[K’:
[5.975s] [01m[K/home/jrlintern/Desktop/CNRS_AIST_Work/CNRS_AIST_Mobile_Shopping_Robot/robot_ws_ros2/src/c_pkg/src/keyboard_control.cpp:37:14:[m[K [01;35m[Kwarning: [m[Kunused variable ‘[01m[Kc[m[K’ [[01;35m[K-Wunused-variable[m[K]
[5.975s]    37 |         char [01;35m[Kc[m[K = _getche();
[5.975s]       |              [01;35m[K^[m[K
[5.975s] In file included from [01m[K/home/jrlintern/Desktop/CNRS_AIST_Work/CNRS_AIST_Mobile_Shopping_Robot/robot_ws_ros2/src/c_pkg/src/joystick_control.cpp:14[m[K:
[5.975s] [01m[K/home/jrlintern/Desktop/CNRS_AIST_Work/CNRS_AIST_Mobile_Shopping_Robot/robot_ws_ros2/src/c_pkg/src/conio.h:[m[K In member function ‘[01m[Kint __CONIO_H::getch()[m[K’:
[5.975s] [01m[K/home/jrlintern/Desktop/CNRS_AIST_Work/CNRS_AIST_Mobile_Shopping_Robot/robot_ws_ros2/src/c_pkg/src/conio.h:240:7:[m[K [01;35m[Kwarning: [m[Kno return statement in function returning non-void [[01;35m[K-Wreturn-type[m[K]
[5.975s]   240 |       [01;35m[K}[m[K
[5.976s]       |       [01;35m[K^[m[K
[5.976s] [01m[K/home/jrlintern/Desktop/CNRS_AIST_Work/CNRS_AIST_Mobile_Shopping_Robot/robot_ws_ros2/src/c_pkg/src/conio.h:[m[K In member function ‘[01m[Kint __CONIO_H::getche()[m[K’:
[5.976s] [01m[K/home/jrlintern/Desktop/CNRS_AIST_Work/CNRS_AIST_Mobile_Shopping_Robot/robot_ws_ros2/src/c_pkg/src/conio.h:244:7:[m[K [01;35m[Kwarning: [m[Kno return statement in function returning non-void [[01;35m[K-Wreturn-type[m[K]
[5.976s]   244 |       [01;35m[K}[m[K
[5.976s]       |       [01;35m[K^[m[K
[5.976s] [01m[K/home/jrlintern/Desktop/CNRS_AIST_Work/CNRS_AIST_Mobile_Shopping_Robot/robot_ws_ros2/src/c_pkg/src/conio.h:[m[K In member function ‘[01m[Kint __CONIO_H::cputs(const char*)[m[K’:
[5.976s] [01m[K/home/jrlintern/Desktop/CNRS_AIST_Work/CNRS_AIST_Mobile_Shopping_Robot/robot_ws_ros2/src/c_pkg/src/conio.h:299:17:[m[K [01;35m[Kwarning: [m[Kformat not a string literal and no format arguments [[01;35m[K-Wformat-security[m[K]
[5.976s]   299 |       printf(str[01;35m[K)[m[K;
[5.977s]       |                 [01;35m[K^[m[K
[5.977s] [01m[K/home/jrlintern/Desktop/CNRS_AIST_Work/CNRS_AIST_Mobile_Shopping_Robot/robot_ws_ros2/src/c_pkg/src/conio.h:[m[K In member function ‘[01m[Kchar* __CONIO_H::getpass(const char*)[m[K’:
[5.977s] [01m[K/home/jrlintern/Desktop/CNRS_AIST_Work/CNRS_AIST_Mobile_Shopping_Robot/robot_ws_ros2/src/c_pkg/src/conio.h:305:7:[m[K [01;35m[Kwarning: [m[Kno return statement in function returning non-void [[01;35m[K-Wreturn-type[m[K]
[5.977s]   305 |       [01;35m[K}[m[K
[5.977s]       |       [01;35m[K^[m[K
[5.977s] [01m[K/home/jrlintern/Desktop/CNRS_AIST_Work/CNRS_AIST_Mobile_Shopping_Robot/robot_ws_ros2/src/c_pkg/src/conio.h:303:29:[m[K [01;35m[Kwarning: [m[Kunused parameter ‘[01m[Kprompt[m[K’ [[01;35m[K-Wunused-parameter[m[K]
[5.977s]   303 |     char*getpass([01;35m[Kconst char*prompt[m[K){
[5.977s]       |                  [01;35m[K~~~~~~~~~~~^~~~~~[m[K
[5.978s] [01m[K/home/jrlintern/Desktop/CNRS_AIST_Work/CNRS_AIST_Mobile_Shopping_Robot/robot_ws_ros2/src/c_pkg/src/conio.h:[m[K In member function ‘[01m[Kint __CONIO_H::gettext(int, int, int, int, void*)[m[K’:
[5.978s] [01m[K/home/jrlintern/Desktop/CNRS_AIST_Work/CNRS_AIST_Mobile_Shopping_Robot/robot_ws_ros2/src/c_pkg/src/conio.h:309:7:[m[K [01;35m[Kwarning: [m[Kno return statement in function returning non-void [[01;35m[K-Wreturn-type[m[K]
[5.978s]   309 |       [01;35m[K}[m[K
[5.978s]       |       [01;35m[K^[m[K
[5.978s] [01m[K/home/jrlintern/Desktop/CNRS_AIST_Work/CNRS_AIST_Mobile_Shopping_Robot/robot_ws_ros2/src/c_pkg/src/conio.h:307:21:[m[K [01;35m[Kwarning: [m[Kunused parameter ‘[01m[Kl[m[K’ [[01;35m[K-Wunused-parameter[m[K]
[5.978s]   307 |     int gettext([01;35m[Kint l[m[K,int t,int r,int b,void*destination){
[5.978s]       |                 [01;35m[K~~~~^[m[K
[5.978s] [01m[K/home/jrlintern/Desktop/CNRS_AIST_Work/CNRS_AIST_Mobile_Shopping_Robot/robot_ws_ros2/src/c_pkg/src/conio.h:307:27:[m[K [01;35m[Kwarning: [m[Kunused parameter ‘[01m[Kt[m[K’ [[01;35m[K-Wunused-parameter[m[K]
[5.979s]   307 |     int gettext(int l,[01;35m[Kint t[m[K,int r,int b,void*destination){
[5.979s]       |                       [01;35m[K~~~~^[m[K
[5.979s] [01m[K/home/jrlintern/Desktop/CNRS_AIST_Work/CNRS_AIST_Mobile_Shopping_Robot/robot_ws_ros2/src/c_pkg/src/conio.h:307:33:[m[K [01;35m[Kwarning: [m[Kunused parameter ‘[01m[Kr[m[K’ [[01;35m[K-Wunused-parameter[m[K]
[5.979s]   307 |     int gettext(int l,int t,[01;35m[Kint r[m[K,int b,void*destination){
[5.979s]       |                             [01;35m[K~~~~^[m[K
[5.979s] [01m[K/home/jrlintern/Desktop/CNRS_AIST_Work/CNRS_AIST_Mobile_Shopping_Robot/robot_ws_ros2/src/c_pkg/src/conio.h:307:39:[m[K [01;35m[Kwarning: [m[Kunused parameter ‘[01m[Kb[m[K’ [[01;35m[K-Wunused-parameter[m[K]
[5.979s]   307 |     int gettext(int l,int t,int r,[01;35m[Kint b[m[K,void*destination){
[5.979s]       |                                   [01;35m[K~~~~^[m[K
[5.980s] [01m[K/home/jrlintern/Desktop/CNRS_AIST_Work/CNRS_AIST_Mobile_Shopping_Robot/robot_ws_ros2/src/c_pkg/src/conio.h:307:46:[m[K [01;35m[Kwarning: [m[Kunused parameter ‘[01m[Kdestination[m[K’ [[01;35m[K-Wunused-parameter[m[K]
[5.980s]   307 |     int gettext(int l,int t,int r,int b,[01;35m[Kvoid*destination[m[K){
[5.980s]       |                                         [01;35m[K~~~~~^~~~~~~~~~~[m[K
[5.985s] [01m[K/home/jrlintern/Desktop/CNRS_AIST_Work/CNRS_AIST_Mobile_Shopping_Robot/robot_ws_ros2/src/c_pkg/src/joystick_control.cpp:[m[K At global scope:
[5.985s] [01m[K/home/jrlintern/Desktop/CNRS_AIST_Work/CNRS_AIST_Mobile_Shopping_Robot/robot_ws_ros2/src/c_pkg/src/joystick_control.cpp:105:39:[m[K [01;35m[Kwarning: [m[Kmissing initializer for member ‘[01m[Kaxis_state::y[m[K’ [[01;35m[K-Wmissing-field-initializers[m[K]
[5.985s]   105 |         struct axis_state axes[3] = {0[01;35m[K}[m[K;
[5.985s]       |                                       [01;35m[K^[m[K
[7.821s] [ 95%] [32m[1mLinking CXX executable keyboard_control_node[0m
[7.827s] [ 97%] [32m[1mLinking CXX executable joystick_control_node[0m
[8.026s] [ 97%] Built target keyboard_control_node
[8.035s] [ 97%] Built target joystick_control_node
[9.817s] [100%] [32m[1mLinking CXX executable bot_control_driver_node[0m
[10.067s] [100%] Built target bot_control_driver_node
[10.074s] Invoked command in '/home/jrlintern/Desktop/CNRS_AIST_Work/CNRS_AIST_Mobile_Shopping_Robot/robot_ws_ros2/build/c_pkg' returned '0': CMAKE_PREFIX_PATH=${CMAKE_PREFIX_PATH}:/opt/ros/foxy /usr/bin/cmake --build /home/jrlintern/Desktop/CNRS_AIST_Work/CNRS_AIST_Mobile_Shopping_Robot/robot_ws_ros2/build/c_pkg -- -j8 -l8
[10.142s] Invoking command in '/home/jrlintern/Desktop/CNRS_AIST_Work/CNRS_AIST_Mobile_Shopping_Robot/robot_ws_ros2/build/c_pkg': CMAKE_PREFIX_PATH=${CMAKE_PREFIX_PATH}:/opt/ros/foxy /usr/bin/cmake --install /home/jrlintern/Desktop/CNRS_AIST_Work/CNRS_AIST_Mobile_Shopping_Robot/robot_ws_ros2/build/c_pkg
[10.146s] -- Install configuration: ""
[10.146s] -- Installing: /home/jrlintern/Desktop/CNRS_AIST_Work/CNRS_AIST_Mobile_Shopping_Robot/robot_ws_ros2/install/c_pkg/share/ament_index/resource_index/rosidl_interfaces/c_pkg
[10.146s] -- Installing: /home/jrlintern/Desktop/CNRS_AIST_Work/CNRS_AIST_Mobile_Shopping_Robot/robot_ws_ros2/install/c_pkg/include/c_pkg
[10.147s] -- Installing: /home/jrlintern/Desktop/CNRS_AIST_Work/CNRS_AIST_Mobile_Shopping_Robot/robot_ws_ros2/install/c_pkg/include/c_pkg/msg
[10.147s] -- Installing: /home/jrlintern/Desktop/CNRS_AIST_Work/CNRS_AIST_Mobile_Shopping_Robot/robot_ws_ros2/install/c_pkg/include/c_pkg/msg/rosidl_generator_c__visibility_control.h
[10.147s] -- Installing: /home/jrlintern/Desktop/CNRS_AIST_Work/CNRS_AIST_Mobile_Shopping_Robot/robot_ws_ros2/install/c_pkg/include/c_pkg/msg/detail
[10.147s] -- Installing: /home/jrlintern/Desktop/CNRS_AIST_Work/CNRS_AIST_Mobile_Shopping_Robot/robot_ws_ros2/install/c_pkg/include/c_pkg/msg/detail/state_vector__struct.h
[10.147s] -- Installing: /home/jrlintern/Desktop/CNRS_AIST_Work/CNRS_AIST_Mobile_Shopping_Robot/robot_ws_ros2/install/c_pkg/include/c_pkg/msg/detail/state_vector__functions.c
[10.147s] -- Installing: /home/jrlintern/Desktop/CNRS_AIST_Work/CNRS_AIST_Mobile_Shopping_Robot/robot_ws_ros2/install/c_pkg/include/c_pkg/msg/detail/state_vector__type_support.h
[10.147s] -- Installing: /home/jrlintern/Desktop/CNRS_AIST_Work/CNRS_AIST_Mobile_Shopping_Robot/robot_ws_ros2/install/c_pkg/include/c_pkg/msg/detail/state_vector__functions.h
[10.147s] -- Installing: /home/jrlintern/Desktop/CNRS_AIST_Work/CNRS_AIST_Mobile_Shopping_Robot/robot_ws_ros2/install/c_pkg/include/c_pkg/msg/state_vector.h
[10.147s] -- Installing: /home/jrlintern/Desktop/CNRS_AIST_Work/CNRS_AIST_Mobile_Shopping_Robot/robot_ws_ros2/install/c_pkg/share/c_pkg/environment/library_path.sh
[10.148s] -- Installing: /home/jrlintern/Desktop/CNRS_AIST_Work/CNRS_AIST_Mobile_Shopping_Robot/robot_ws_ros2/install/c_pkg/share/c_pkg/environment/library_path.dsv
[10.148s] -- Installing: /home/jrlintern/Desktop/CNRS_AIST_Work/CNRS_AIST_Mobile_Shopping_Robot/robot_ws_ros2/install/c_pkg/lib/libc_pkg__rosidl_generator_c.so
[10.149s] -- Set runtime path of "/home/jrlintern/Desktop/CNRS_AIST_Work/CNRS_AIST_Mobile_Shopping_Robot/robot_ws_ros2/install/c_pkg/lib/libc_pkg__rosidl_generator_c.so" to ""
[10.149s] -- Up-to-date: /home/jrlintern/Desktop/CNRS_AIST_Work/CNRS_AIST_Mobile_Shopping_Robot/robot_ws_ros2/install/c_pkg/include/c_pkg
[10.149s] -- Up-to-date: /home/jrlintern/Desktop/CNRS_AIST_Work/CNRS_AIST_Mobile_Shopping_Robot/robot_ws_ros2/install/c_pkg/include/c_pkg/msg
[10.149s] -- Up-to-date: /home/jrlintern/Desktop/CNRS_AIST_Work/CNRS_AIST_Mobile_Shopping_Robot/robot_ws_ros2/install/c_pkg/include/c_pkg/msg/detail
[10.149s] -- Installing: /home/jrlintern/Desktop/CNRS_AIST_Work/CNRS_AIST_Mobile_Shopping_Robot/robot_ws_ros2/install/c_pkg/include/c_pkg/msg/detail/state_vector__rosidl_typesupport_fastrtps_c.h
[10.149s] -- Installing: /home/jrlintern/Desktop/CNRS_AIST_Work/CNRS_AIST_Mobile_Shopping_Robot/robot_ws_ros2/install/c_pkg/include/c_pkg/msg/rosidl_typesupport_fastrtps_c__visibility_control.h
[10.149s] -- Installing: /home/jrlintern/Desktop/CNRS_AIST_Work/CNRS_AIST_Mobile_Shopping_Robot/robot_ws_ros2/install/c_pkg/lib/libc_pkg__rosidl_typesupport_fastrtps_c.so
[10.150s] -- Set runtime path of "/home/jrlintern/Desktop/CNRS_AIST_Work/CNRS_AIST_Mobile_Shopping_Robot/robot_ws_ros2/install/c_pkg/lib/libc_pkg__rosidl_typesupport_fastrtps_c.so" to ""
[10.150s] -- Up-to-date: /home/jrlintern/Desktop/CNRS_AIST_Work/CNRS_AIST_Mobile_Shopping_Robot/robot_ws_ros2/install/c_pkg/include/c_pkg
[10.150s] -- Up-to-date: /home/jrlintern/Desktop/CNRS_AIST_Work/CNRS_AIST_Mobile_Shopping_Robot/robot_ws_ros2/install/c_pkg/include/c_pkg/msg
[10.150s] -- Installing: /home/jrlintern/Desktop/CNRS_AIST_Work/CNRS_AIST_Mobile_Shopping_Robot/robot_ws_ros2/install/c_pkg/include/c_pkg/msg/rosidl_typesupport_fastrtps_cpp__visibility_control.h
[10.150s] -- Up-to-date: /home/jrlintern/Desktop/CNRS_AIST_Work/CNRS_AIST_Mobile_Shopping_Robot/robot_ws_ros2/install/c_pkg/include/c_pkg/msg/detail
[10.150s] -- Installing: /home/jrlintern/Desktop/CNRS_AIST_Work/CNRS_AIST_Mobile_Shopping_Robot/robot_ws_ros2/install/c_pkg/include/c_pkg/msg/detail/dds_fastrtps
[10.150s] -- Installing: /home/jrlintern/Desktop/CNRS_AIST_Work/CNRS_AIST_Mobile_Shopping_Robot/robot_ws_ros2/install/c_pkg/include/c_pkg/msg/detail/state_vector__rosidl_typesupport_fastrtps_cpp.hpp
[10.150s] -- Installing: /home/jrlintern/Desktop/CNRS_AIST_Work/CNRS_AIST_Mobile_Shopping_Robot/robot_ws_ros2/install/c_pkg/lib/libc_pkg__rosidl_typesupport_fastrtps_cpp.so
[10.151s] -- Set runtime path of "/home/jrlintern/Desktop/CNRS_AIST_Work/CNRS_AIST_Mobile_Shopping_Robot/robot_ws_ros2/install/c_pkg/lib/libc_pkg__rosidl_typesupport_fastrtps_cpp.so" to ""
[10.151s] -- Up-to-date: /home/jrlintern/Desktop/CNRS_AIST_Work/CNRS_AIST_Mobile_Shopping_Robot/robot_ws_ros2/install/c_pkg/include/c_pkg
[10.151s] -- Up-to-date: /home/jrlintern/Desktop/CNRS_AIST_Work/CNRS_AIST_Mobile_Shopping_Robot/robot_ws_ros2/install/c_pkg/include/c_pkg/msg
[10.151s] -- Up-to-date: /home/jrlintern/Desktop/CNRS_AIST_Work/CNRS_AIST_Mobile_Shopping_Robot/robot_ws_ros2/install/c_pkg/include/c_pkg/msg/detail
[10.151s] -- Installing: /home/jrlintern/Desktop/CNRS_AIST_Work/CNRS_AIST_Mobile_Shopping_Robot/robot_ws_ros2/install/c_pkg/include/c_pkg/msg/detail/state_vector__rosidl_typesupport_introspection_c.h
[10.151s] -- Installing: /home/jrlintern/Desktop/CNRS_AIST_Work/CNRS_AIST_Mobile_Shopping_Robot/robot_ws_ros2/install/c_pkg/include/c_pkg/msg/detail/state_vector__type_support.c
[10.151s] -- Installing: /home/jrlintern/Desktop/CNRS_AIST_Work/CNRS_AIST_Mobile_Shopping_Robot/robot_ws_ros2/install/c_pkg/include/c_pkg/msg/rosidl_typesupport_introspection_c__visibility_control.h
[10.151s] -- Installing: /home/jrlintern/Desktop/CNRS_AIST_Work/CNRS_AIST_Mobile_Shopping_Robot/robot_ws_ros2/install/c_pkg/lib/libc_pkg__rosidl_typesupport_introspection_c.so
[10.152s] -- Set runtime path of "/home/jrlintern/Desktop/CNRS_AIST_Work/CNRS_AIST_Mobile_Shopping_Robot/robot_ws_ros2/install/c_pkg/lib/libc_pkg__rosidl_typesupport_introspection_c.so" to ""
[10.152s] -- Installing: /home/jrlintern/Desktop/CNRS_AIST_Work/CNRS_AIST_Mobile_Shopping_Robot/robot_ws_ros2/install/c_pkg/lib/libc_pkg__rosidl_typesupport_c.so
[10.152s] -- Set runtime path of "/home/jrlintern/Desktop/CNRS_AIST_Work/CNRS_AIST_Mobile_Shopping_Robot/robot_ws_ros2/install/c_pkg/lib/libc_pkg__rosidl_typesupport_c.so" to ""
[10.152s] -- Up-to-date: /home/jrlintern/Desktop/CNRS_AIST_Work/CNRS_AIST_Mobile_Shopping_Robot/robot_ws_ros2/install/c_pkg/include/c_pkg
[10.152s] -- Up-to-date: /home/jrlintern/Desktop/CNRS_AIST_Work/CNRS_AIST_Mobile_Shopping_Robot/robot_ws_ros2/install/c_pkg/include/c_pkg/msg
[10.153s] -- Installing: /home/jrlintern/Desktop/CNRS_AIST_Work/CNRS_AIST_Mobile_Shopping_Robot/robot_ws_ros2/install/c_pkg/include/c_pkg/msg/rosidl_generator_cpp__visibility_control.hpp
[10.153s] -- Installing: /home/jrlintern/Desktop/CNRS_AIST_Work/CNRS_AIST_Mobile_Shopping_Robot/robot_ws_ros2/install/c_pkg/include/c_pkg/msg/state_vector.hpp
[10.153s] -- Up-to-date: /home/jrlintern/Desktop/CNRS_AIST_Work/CNRS_AIST_Mobile_Shopping_Robot/robot_ws_ros2/install/c_pkg/include/c_pkg/msg/detail
[10.153s] -- Installing: /home/jrlintern/Desktop/CNRS_AIST_Work/CNRS_AIST_Mobile_Shopping_Robot/robot_ws_ros2/install/c_pkg/include/c_pkg/msg/detail/state_vector__traits.hpp
[10.153s] -- Installing: /home/jrlintern/Desktop/CNRS_AIST_Work/CNRS_AIST_Mobile_Shopping_Robot/robot_ws_ros2/install/c_pkg/include/c_pkg/msg/detail/state_vector__builder.hpp
[10.153s] -- Installing: /home/jrlintern/Desktop/CNRS_AIST_Work/CNRS_AIST_Mobile_Shopping_Robot/robot_ws_ros2/install/c_pkg/include/c_pkg/msg/detail/state_vector__type_support.hpp
[10.153s] -- Installing: /home/jrlintern/Desktop/CNRS_AIST_Work/CNRS_AIST_Mobile_Shopping_Robot/robot_ws_ros2/install/c_pkg/include/c_pkg/msg/detail/state_vector__struct.hpp
[10.153s] -- Up-to-date: /home/jrlintern/Desktop/CNRS_AIST_Work/CNRS_AIST_Mobile_Shopping_Robot/robot_ws_ros2/install/c_pkg/include/c_pkg
[10.153s] -- Up-to-date: /home/jrlintern/Desktop/CNRS_AIST_Work/CNRS_AIST_Mobile_Shopping_Robot/robot_ws_ros2/install/c_pkg/include/c_pkg/msg
[10.153s] -- Up-to-date: /home/jrlintern/Desktop/CNRS_AIST_Work/CNRS_AIST_Mobile_Shopping_Robot/robot_ws_ros2/install/c_pkg/include/c_pkg/msg/detail
[10.153s] -- Installing: /home/jrlintern/Desktop/CNRS_AIST_Work/CNRS_AIST_Mobile_Shopping_Robot/robot_ws_ros2/install/c_pkg/include/c_pkg/msg/detail/state_vector__type_support.cpp
[10.154s] -- Installing: /home/jrlintern/Desktop/CNRS_AIST_Work/CNRS_AIST_Mobile_Shopping_Robot/robot_ws_ros2/install/c_pkg/include/c_pkg/msg/detail/state_vector__rosidl_typesupport_introspection_cpp.hpp
[10.154s] -- Installing: /home/jrlintern/Desktop/CNRS_AIST_Work/CNRS_AIST_Mobile_Shopping_Robot/robot_ws_ros2/install/c_pkg/lib/libc_pkg__rosidl_typesupport_introspection_cpp.so
[10.154s] -- Set runtime path of "/home/jrlintern/Desktop/CNRS_AIST_Work/CNRS_AIST_Mobile_Shopping_Robot/robot_ws_ros2/install/c_pkg/lib/libc_pkg__rosidl_typesupport_introspection_cpp.so" to ""
[10.154s] -- Installing: /home/jrlintern/Desktop/CNRS_AIST_Work/CNRS_AIST_Mobile_Shopping_Robot/robot_ws_ros2/install/c_pkg/lib/libc_pkg__rosidl_typesupport_cpp.so
[10.154s] -- Set runtime path of "/home/jrlintern/Desktop/CNRS_AIST_Work/CNRS_AIST_Mobile_Shopping_Robot/robot_ws_ros2/install/c_pkg/lib/libc_pkg__rosidl_typesupport_cpp.so" to ""
[10.155s] -- Installing: /home/jrlintern/Desktop/CNRS_AIST_Work/CNRS_AIST_Mobile_Shopping_Robot/robot_ws_ros2/install/c_pkg/share/c_pkg/environment/pythonpath.sh
[10.155s] -- Installing: /home/jrlintern/Desktop/CNRS_AIST_Work/CNRS_AIST_Mobile_Shopping_Robot/robot_ws_ros2/install/c_pkg/share/c_pkg/environment/pythonpath.dsv
[10.155s] -- Installing: /home/jrlintern/Desktop/CNRS_AIST_Work/CNRS_AIST_Mobile_Shopping_Robot/robot_ws_ros2/install/c_pkg/lib/python3.8/site-packages/c_pkg/__init__.py
[10.189s] Compiling '/home/jrlintern/Desktop/CNRS_AIST_Work/CNRS_AIST_Mobile_Shopping_Robot/robot_ws_ros2/install/c_pkg/lib/python3.8/site-packages/c_pkg/__init__.py'...
[10.193s] -- Installing: /home/jrlintern/Desktop/CNRS_AIST_Work/CNRS_AIST_Mobile_Shopping_Robot/robot_ws_ros2/install/c_pkg/lib/python3.8/site-packages/c_pkg/msg
[10.193s] -- Installing: /home/jrlintern/Desktop/CNRS_AIST_Work/CNRS_AIST_Mobile_Shopping_Robot/robot_ws_ros2/install/c_pkg/lib/python3.8/site-packages/c_pkg/msg/__init__.py
[10.193s] -- Installing: /home/jrlintern/Desktop/CNRS_AIST_Work/CNRS_AIST_Mobile_Shopping_Robot/robot_ws_ros2/install/c_pkg/lib/python3.8/site-packages/c_pkg/msg/_state_vector.py
[10.194s] -- Installing: /home/jrlintern/Desktop/CNRS_AIST_Work/CNRS_AIST_Mobile_Shopping_Robot/robot_ws_ros2/install/c_pkg/lib/python3.8/site-packages/c_pkg/msg/_state_vector_s.c
[10.194s] -- Installing: /home/jrlintern/Desktop/CNRS_AIST_Work/CNRS_AIST_Mobile_Shopping_Robot/robot_ws_ros2/install/c_pkg/lib/python3.8/site-packages/c_pkg/c_pkg_s__rosidl_typesupport_fastrtps_c.cpython-38-x86_64-linux-gnu.so
[10.194s] -- Set runtime path of "/home/jrlintern/Desktop/CNRS_AIST_Work/CNRS_AIST_Mobile_Shopping_Robot/robot_ws_ros2/install/c_pkg/lib/python3.8/site-packages/c_pkg/c_pkg_s__rosidl_typesupport_fastrtps_c.cpython-38-x86_64-linux-gnu.so" to ""
[10.194s] -- Installing: /home/jrlintern/Desktop/CNRS_AIST_Work/CNRS_AIST_Mobile_Shopping_Robot/robot_ws_ros2/install/c_pkg/lib/python3.8/site-packages/c_pkg/c_pkg_s__rosidl_typesupport_introspection_c.cpython-38-x86_64-linux-gnu.so
[10.194s] -- Set runtime path of "/home/jrlintern/Desktop/CNRS_AIST_Work/CNRS_AIST_Mobile_Shopping_Robot/robot_ws_ros2/install/c_pkg/lib/python3.8/site-packages/c_pkg/c_pkg_s__rosidl_typesupport_introspection_c.cpython-38-x86_64-linux-gnu.so" to ""
[10.194s] -- Installing: /home/jrlintern/Desktop/CNRS_AIST_Work/CNRS_AIST_Mobile_Shopping_Robot/robot_ws_ros2/install/c_pkg/lib/python3.8/site-packages/c_pkg/c_pkg_s__rosidl_typesupport_c.cpython-38-x86_64-linux-gnu.so
[10.195s] -- Set runtime path of "/home/jrlintern/Desktop/CNRS_AIST_Work/CNRS_AIST_Mobile_Shopping_Robot/robot_ws_ros2/install/c_pkg/lib/python3.8/site-packages/c_pkg/c_pkg_s__rosidl_typesupport_c.cpython-38-x86_64-linux-gnu.so" to ""
[10.195s] -- Installing: /home/jrlintern/Desktop/CNRS_AIST_Work/CNRS_AIST_Mobile_Shopping_Robot/robot_ws_ros2/install/c_pkg/lib/libc_pkg__python.so
[10.195s] -- Set runtime path of "/home/jrlintern/Desktop/CNRS_AIST_Work/CNRS_AIST_Mobile_Shopping_Robot/robot_ws_ros2/install/c_pkg/lib/libc_pkg__python.so" to ""
[10.195s] -- Installing: /home/jrlintern/Desktop/CNRS_AIST_Work/CNRS_AIST_Mobile_Shopping_Robot/robot_ws_ros2/install/c_pkg/share/c_pkg/msg/StateVector.idl
[10.196s] -- Installing: /home/jrlintern/Desktop/CNRS_AIST_Work/CNRS_AIST_Mobile_Shopping_Robot/robot_ws_ros2/install/c_pkg/share/c_pkg/msg/StateVector.msg
[10.196s] -- Installing: /home/jrlintern/Desktop/CNRS_AIST_Work/CNRS_AIST_Mobile_Shopping_Robot/robot_ws_ros2/install/c_pkg/lib/c_pkg/keyboard_control_node
[10.197s] -- Set runtime path of "/home/jrlintern/Desktop/CNRS_AIST_Work/CNRS_AIST_Mobile_Shopping_Robot/robot_ws_ros2/install/c_pkg/lib/c_pkg/keyboard_control_node" to ""
[10.197s] -- Installing: /home/jrlintern/Desktop/CNRS_AIST_Work/CNRS_AIST_Mobile_Shopping_Robot/robot_ws_ros2/install/c_pkg/lib/c_pkg/bot_control_driver_node
[10.199s] -- Set runtime path of "/home/jrlintern/Desktop/CNRS_AIST_Work/CNRS_AIST_Mobile_Shopping_Robot/robot_ws_ros2/install/c_pkg/lib/c_pkg/bot_control_driver_node" to ""
[10.199s] -- Installing: /home/jrlintern/Desktop/CNRS_AIST_Work/CNRS_AIST_Mobile_Shopping_Robot/robot_ws_ros2/install/c_pkg/lib/c_pkg/joystick_control_node
[10.201s] -- Set runtime path of "/home/jrlintern/Desktop/CNRS_AIST_Work/CNRS_AIST_Mobile_Shopping_Robot/robot_ws_ros2/install/c_pkg/lib/c_pkg/joystick_control_node" to ""
[10.201s] -- Installing: /home/jrlintern/Desktop/CNRS_AIST_Work/CNRS_AIST_Mobile_Shopping_Robot/robot_ws_ros2/install/c_pkg/share/c_pkg/launch
[10.201s] -- Installing: /home/jrlintern/Desktop/CNRS_AIST_Work/CNRS_AIST_Mobile_Shopping_Robot/robot_ws_ros2/install/c_pkg/share/c_pkg/launch/bot_teleoperate_launch.py
[10.201s] -- Installing: /home/jrlintern/Desktop/CNRS_AIST_Work/CNRS_AIST_Mobile_Shopping_Robot/robot_ws_ros2/install/c_pkg/share/ament_index/resource_index/package_run_dependencies/c_pkg
[10.201s] -- Installing: /home/jrlintern/Desktop/CNRS_AIST_Work/CNRS_AIST_Mobile_Shopping_Robot/robot_ws_ros2/install/c_pkg/share/ament_index/resource_index/parent_prefix_path/c_pkg
[10.201s] -- Installing: /home/jrlintern/Desktop/CNRS_AIST_Work/CNRS_AIST_Mobile_Shopping_Robot/robot_ws_ros2/install/c_pkg/share/c_pkg/environment/ament_prefix_path.sh
[10.201s] -- Installing: /home/jrlintern/Desktop/CNRS_AIST_Work/CNRS_AIST_Mobile_Shopping_Robot/robot_ws_ros2/install/c_pkg/share/c_pkg/environment/ament_prefix_path.dsv
[10.201s] -- Installing: /home/jrlintern/Desktop/CNRS_AIST_Work/CNRS_AIST_Mobile_Shopping_Robot/robot_ws_ros2/install/c_pkg/share/c_pkg/environment/path.sh
[10.201s] -- Installing: /home/jrlintern/Desktop/CNRS_AIST_Work/CNRS_AIST_Mobile_Shopping_Robot/robot_ws_ros2/install/c_pkg/share/c_pkg/environment/path.dsv
[10.202s] -- Installing: /home/jrlintern/Desktop/CNRS_AIST_Work/CNRS_AIST_Mobile_Shopping_Robot/robot_ws_ros2/install/c_pkg/share/c_pkg/local_setup.bash
[10.202s] -- Installing: /home/jrlintern/Desktop/CNRS_AIST_Work/CNRS_AIST_Mobile_Shopping_Robot/robot_ws_ros2/install/c_pkg/share/c_pkg/local_setup.sh
[10.202s] -- Installing: /home/jrlintern/Desktop/CNRS_AIST_Work/CNRS_AIST_Mobile_Shopping_Robot/robot_ws_ros2/install/c_pkg/share/c_pkg/local_setup.zsh
[10.202s] -- Installing: /home/jrlintern/Desktop/CNRS_AIST_Work/CNRS_AIST_Mobile_Shopping_Robot/robot_ws_ros2/install/c_pkg/share/c_pkg/local_setup.dsv
[10.202s] -- Installing: /home/jrlintern/Desktop/CNRS_AIST_Work/CNRS_AIST_Mobile_Shopping_Robot/robot_ws_ros2/install/c_pkg/share/c_pkg/package.dsv
[10.202s] -- Installing: /home/jrlintern/Desktop/CNRS_AIST_Work/CNRS_AIST_Mobile_Shopping_Robot/robot_ws_ros2/install/c_pkg/share/ament_index/resource_index/packages/c_pkg
[10.203s] -- Installing: /home/jrlintern/Desktop/CNRS_AIST_Work/CNRS_AIST_Mobile_Shopping_Robot/robot_ws_ros2/install/c_pkg/share/c_pkg/cmake/c_pkg__rosidl_generator_cExport.cmake
[10.203s] -- Installing: /home/jrlintern/Desktop/CNRS_AIST_Work/CNRS_AIST_Mobile_Shopping_Robot/robot_ws_ros2/install/c_pkg/share/c_pkg/cmake/c_pkg__rosidl_generator_cExport-noconfig.cmake
[10.203s] -- Installing: /home/jrlintern/Desktop/CNRS_AIST_Work/CNRS_AIST_Mobile_Shopping_Robot/robot_ws_ros2/install/c_pkg/share/c_pkg/cmake/c_pkg__rosidl_typesupport_introspection_cExport.cmake
[10.203s] -- Installing: /home/jrlintern/Desktop/CNRS_AIST_Work/CNRS_AIST_Mobile_Shopping_Robot/robot_ws_ros2/install/c_pkg/share/c_pkg/cmake/c_pkg__rosidl_typesupport_introspection_cExport-noconfig.cmake
[10.203s] -- Installing: /home/jrlintern/Desktop/CNRS_AIST_Work/CNRS_AIST_Mobile_Shopping_Robot/robot_ws_ros2/install/c_pkg/share/c_pkg/cmake/c_pkg__rosidl_typesupport_cExport.cmake
[10.204s] -- Installing: /home/jrlintern/Desktop/CNRS_AIST_Work/CNRS_AIST_Mobile_Shopping_Robot/robot_ws_ros2/install/c_pkg/share/c_pkg/cmake/c_pkg__rosidl_typesupport_cExport-noconfig.cmake
[10.204s] -- Installing: /home/jrlintern/Desktop/CNRS_AIST_Work/CNRS_AIST_Mobile_Shopping_Robot/robot_ws_ros2/install/c_pkg/share/c_pkg/cmake/c_pkg__rosidl_generator_cppExport.cmake
[10.204s] -- Installing: /home/jrlintern/Desktop/CNRS_AIST_Work/CNRS_AIST_Mobile_Shopping_Robot/robot_ws_ros2/install/c_pkg/share/c_pkg/cmake/c_pkg__rosidl_typesupport_introspection_cppExport.cmake
[10.204s] -- Installing: /home/jrlintern/Desktop/CNRS_AIST_Work/CNRS_AIST_Mobile_Shopping_Robot/robot_ws_ros2/install/c_pkg/share/c_pkg/cmake/c_pkg__rosidl_typesupport_introspection_cppExport-noconfig.cmake
[10.204s] -- Installing: /home/jrlintern/Desktop/CNRS_AIST_Work/CNRS_AIST_Mobile_Shopping_Robot/robot_ws_ros2/install/c_pkg/share/c_pkg/cmake/c_pkg__rosidl_typesupport_cppExport.cmake
[10.204s] -- Installing: /home/jrlintern/Desktop/CNRS_AIST_Work/CNRS_AIST_Mobile_Shopping_Robot/robot_ws_ros2/install/c_pkg/share/c_pkg/cmake/c_pkg__rosidl_typesupport_cppExport-noconfig.cmake
[10.205s] -- Installing: /home/jrlintern/Desktop/CNRS_AIST_Work/CNRS_AIST_Mobile_Shopping_Robot/robot_ws_ros2/install/c_pkg/share/c_pkg/cmake/rosidl_cmake-extras.cmake
[10.205s] -- Installing: /home/jrlintern/Desktop/CNRS_AIST_Work/CNRS_AIST_Mobile_Shopping_Robot/robot_ws_ros2/install/c_pkg/share/c_pkg/cmake/ament_cmake_export_dependencies-extras.cmake
[10.205s] -- Installing: /home/jrlintern/Desktop/CNRS_AIST_Work/CNRS_AIST_Mobile_Shopping_Robot/robot_ws_ros2/install/c_pkg/share/c_pkg/cmake/ament_cmake_export_libraries-extras.cmake
[10.205s] -- Installing: /home/jrlintern/Desktop/CNRS_AIST_Work/CNRS_AIST_Mobile_Shopping_Robot/robot_ws_ros2/install/c_pkg/share/c_pkg/cmake/ament_cmake_export_targets-extras.cmake
[10.205s] -- Installing: /home/jrlintern/Desktop/CNRS_AIST_Work/CNRS_AIST_Mobile_Shopping_Robot/robot_ws_ros2/install/c_pkg/share/c_pkg/cmake/ament_cmake_export_include_directories-extras.cmake
[10.205s] -- Installing: /home/jrlintern/Desktop/CNRS_AIST_Work/CNRS_AIST_Mobile_Shopping_Robot/robot_ws_ros2/install/c_pkg/share/c_pkg/cmake/rosidl_cmake_export_typesupport_libraries-extras.cmake
[10.206s] -- Installing: /home/jrlintern/Desktop/CNRS_AIST_Work/CNRS_AIST_Mobile_Shopping_Robot/robot_ws_ros2/install/c_pkg/share/c_pkg/cmake/rosidl_cmake_export_typesupport_targets-extras.cmake
[10.206s] -- Installing: /home/jrlintern/Desktop/CNRS_AIST_Work/CNRS_AIST_Mobile_Shopping_Robot/robot_ws_ros2/install/c_pkg/share/c_pkg/cmake/c_pkgConfig.cmake
[10.206s] -- Installing: /home/jrlintern/Desktop/CNRS_AIST_Work/CNRS_AIST_Mobile_Shopping_Robot/robot_ws_ros2/install/c_pkg/share/c_pkg/cmake/c_pkgConfig-version.cmake
[10.206s] -- Installing: /home/jrlintern/Desktop/CNRS_AIST_Work/CNRS_AIST_Mobile_Shopping_Robot/robot_ws_ros2/install/c_pkg/share/c_pkg/package.xml
[10.208s] Invoked command in '/home/jrlintern/Desktop/CNRS_AIST_Work/CNRS_AIST_Mobile_Shopping_Robot/robot_ws_ros2/build/c_pkg' returned '0': CMAKE_PREFIX_PATH=${CMAKE_PREFIX_PATH}:/opt/ros/foxy /usr/bin/cmake --install /home/jrlintern/Desktop/CNRS_AIST_Work/CNRS_AIST_Mobile_Shopping_Robot/robot_ws_ros2/build/c_pkg
