[3.802s] DEBUG:colcon:Command line arguments: ['/usr/bin/colcon', 'build']
[3.802s] DEBUG:colcon:Parsed command line arguments: Namespace(allow_overriding=[], ament_cmake_args=None, base_paths=['.'], build_base='build', catkin_cmake_args=None, catkin_skip_building_tests=False, cmake_args=None, cmake_clean_cache=False, cmake_clean_first=False, cmake_force_configure=False, cmake_target=None, cmake_target_skip_unavailable=False, continue_on_error=False, event_handlers=None, executor='parallel', ignore_user_meta=False, install_base='install', log_base=None, log_level=None, main=<bound method BuildVerb.main of <colcon_core.verb.build.BuildVerb object at 0x7fa7d3011130>>, merge_install=False, metas=['./colcon.meta'], packages_above=None, packages_above_and_dependencies=None, packages_above_depth=None, packages_end=None, packages_ignore=None, packages_ignore_regex=None, packages_select=None, packages_select_build_failed=False, packages_select_by_dep=None, packages_select_regex=None, packages_select_test_failures=False, packages_skip=None, packages_skip_build_finished=False, packages_skip_by_dep=None, packages_skip_regex=None, packages_skip_test_passed=False, packages_skip_up_to=None, packages_start=None, packages_up_to=None, packages_up_to_regex=None, parallel_workers=8, paths=None, symlink_install=False, test_result_base=None, verb_extension=<colcon_core.verb.build.BuildVerb object at 0x7fa7d3011130>, verb_name='build', verb_parser=<colcon_defaults.argument_parser.defaults.DefaultArgumentsDecorator object at 0x7fa7d2c729d0>)
[3.908s] Level 1:colcon.colcon_core.package_discovery:discover_packages(colcon_meta) check parameters
[3.908s] Level 1:colcon.colcon_core.package_discovery:discover_packages(recursive) check parameters
[3.908s] Level 1:colcon.colcon_core.package_discovery:discover_packages(ignore) check parameters
[3.908s] Level 1:colcon.colcon_core.package_discovery:discover_packages(path) check parameters
[3.908s] Level 1:colcon.colcon_core.package_discovery:discover_packages(colcon_meta) discover
[3.908s] Level 1:colcon.colcon_core.package_discovery:discover_packages(recursive) discover
[3.908s] INFO:colcon.colcon_core.package_discovery:Crawling recursively for packages in '/home/jrlintern/Desktop/CNRS_AIST_Work/CNRS_AIST_Mobile_Shopping_Robot/robot_ws_ros2'
[3.908s] Level 1:colcon.colcon_core.package_identification:_identify(.) by extensions ['ignore', 'ignore_ament_install']
[3.909s] Level 1:colcon.colcon_core.package_identification:_identify(.) by extension 'ignore'
[3.909s] Level 1:colcon.colcon_core.package_identification:_identify(.) by extension 'ignore_ament_install'
[3.909s] Level 1:colcon.colcon_core.package_identification:_identify(.) by extensions ['colcon_pkg']
[3.909s] Level 1:colcon.colcon_core.package_identification:_identify(.) by extension 'colcon_pkg'
[3.909s] Level 1:colcon.colcon_core.package_identification:_identify(.) by extensions ['colcon_meta']
[3.909s] Level 1:colcon.colcon_core.package_identification:_identify(.) by extension 'colcon_meta'
[3.909s] Level 1:colcon.colcon_core.package_identification:_identify(.) by extensions ['ros']
[3.909s] Level 1:colcon.colcon_core.package_identification:_identify(.) by extension 'ros'
[3.919s] Level 1:colcon.colcon_core.package_identification:_identify(.) by extensions ['cmake', 'python']
[3.919s] Level 1:colcon.colcon_core.package_identification:_identify(.) by extension 'cmake'
[3.919s] Level 1:colcon.colcon_core.package_identification:_identify(.) by extension 'python'
[3.919s] Level 1:colcon.colcon_core.package_identification:_identify(.) by extensions ['python_setup_py']
[3.919s] Level 1:colcon.colcon_core.package_identification:_identify(.) by extension 'python_setup_py'
[3.919s] Level 1:colcon.colcon_core.package_identification:_identify(build) by extensions ['ignore', 'ignore_ament_install']
[3.919s] Level 1:colcon.colcon_core.package_identification:_identify(build) by extension 'ignore'
[3.920s] Level 1:colcon.colcon_core.package_identification:_identify(build) ignored
[3.920s] Level 1:colcon.colcon_core.package_identification:_identify(install) by extensions ['ignore', 'ignore_ament_install']
[3.920s] Level 1:colcon.colcon_core.package_identification:_identify(install) by extension 'ignore'
[3.920s] Level 1:colcon.colcon_core.package_identification:_identify(install) ignored
[3.920s] Level 1:colcon.colcon_core.package_identification:_identify(log) by extensions ['ignore', 'ignore_ament_install']
[3.920s] Level 1:colcon.colcon_core.package_identification:_identify(log) by extension 'ignore'
[3.920s] Level 1:colcon.colcon_core.package_identification:_identify(log) ignored
[3.920s] Level 1:colcon.colcon_core.package_identification:_identify(src) by extensions ['ignore', 'ignore_ament_install']
[3.921s] Level 1:colcon.colcon_core.package_identification:_identify(src) by extension 'ignore'
[3.921s] Level 1:colcon.colcon_core.package_identification:_identify(src) by extension 'ignore_ament_install'
[3.921s] Level 1:colcon.colcon_core.package_identification:_identify(src) by extensions ['colcon_pkg']
[3.921s] Level 1:colcon.colcon_core.package_identification:_identify(src) by extension 'colcon_pkg'
[3.921s] Level 1:colcon.colcon_core.package_identification:_identify(src) by extensions ['colcon_meta']
[3.921s] Level 1:colcon.colcon_core.package_identification:_identify(src) by extension 'colcon_meta'
[3.921s] Level 1:colcon.colcon_core.package_identification:_identify(src) by extensions ['ros']
[3.921s] Level 1:colcon.colcon_core.package_identification:_identify(src) by extension 'ros'
[3.921s] Level 1:colcon.colcon_core.package_identification:_identify(src) by extensions ['cmake', 'python']
[3.921s] Level 1:colcon.colcon_core.package_identification:_identify(src) by extension 'cmake'
[3.921s] Level 1:colcon.colcon_core.package_identification:_identify(src) by extension 'python'
[3.921s] Level 1:colcon.colcon_core.package_identification:_identify(src) by extensions ['python_setup_py']
[3.921s] Level 1:colcon.colcon_core.package_identification:_identify(src) by extension 'python_setup_py'
[3.921s] Level 1:colcon.colcon_core.package_identification:_identify(src/c_pkg) by extensions ['ignore', 'ignore_ament_install']
[3.921s] Level 1:colcon.colcon_core.package_identification:_identify(src/c_pkg) by extension 'ignore'
[3.921s] Level 1:colcon.colcon_core.package_identification:_identify(src/c_pkg) by extension 'ignore_ament_install'
[3.921s] Level 1:colcon.colcon_core.package_identification:_identify(src/c_pkg) by extensions ['colcon_pkg']
[3.921s] Level 1:colcon.colcon_core.package_identification:_identify(src/c_pkg) by extension 'colcon_pkg'
[3.921s] Level 1:colcon.colcon_core.package_identification:_identify(src/c_pkg) by extensions ['colcon_meta']
[3.921s] Level 1:colcon.colcon_core.package_identification:_identify(src/c_pkg) by extension 'colcon_meta'
[3.921s] Level 1:colcon.colcon_core.package_identification:_identify(src/c_pkg) by extensions ['ros']
[3.922s] Level 1:colcon.colcon_core.package_identification:_identify(src/c_pkg) by extension 'ros'
[3.924s] DEBUG:colcon.colcon_core.package_identification:Package 'src/c_pkg' with type 'ros.ament_cmake' and name 'c_pkg'
[3.924s] Level 1:colcon.colcon_core.package_identification:_identify(src/laser_scan_merger) by extensions ['ignore', 'ignore_ament_install']
[3.924s] Level 1:colcon.colcon_core.package_identification:_identify(src/laser_scan_merger) by extension 'ignore'
[3.924s] Level 1:colcon.colcon_core.package_identification:_identify(src/laser_scan_merger) by extension 'ignore_ament_install'
[3.924s] Level 1:colcon.colcon_core.package_identification:_identify(src/laser_scan_merger) by extensions ['colcon_pkg']
[3.924s] Level 1:colcon.colcon_core.package_identification:_identify(src/laser_scan_merger) by extension 'colcon_pkg'
[3.924s] Level 1:colcon.colcon_core.package_identification:_identify(src/laser_scan_merger) by extensions ['colcon_meta']
[3.924s] Level 1:colcon.colcon_core.package_identification:_identify(src/laser_scan_merger) by extension 'colcon_meta'
[3.924s] Level 1:colcon.colcon_core.package_identification:_identify(src/laser_scan_merger) by extensions ['ros']
[3.924s] Level 1:colcon.colcon_core.package_identification:_identify(src/laser_scan_merger) by extension 'ros'
[3.925s] DEBUG:colcon.colcon_core.package_identification:Package 'src/laser_scan_merger' with type 'ros.ament_cmake' and name 'laser_scan_merger'
[3.925s] Level 1:colcon.colcon_core.package_identification:_identify(src/nav2_simu) by extensions ['ignore', 'ignore_ament_install']
[3.925s] Level 1:colcon.colcon_core.package_identification:_identify(src/nav2_simu) by extension 'ignore'
[3.925s] Level 1:colcon.colcon_core.package_identification:_identify(src/nav2_simu) by extension 'ignore_ament_install'
[3.925s] Level 1:colcon.colcon_core.package_identification:_identify(src/nav2_simu) by extensions ['colcon_pkg']
[3.925s] Level 1:colcon.colcon_core.package_identification:_identify(src/nav2_simu) by extension 'colcon_pkg'
[3.925s] Level 1:colcon.colcon_core.package_identification:_identify(src/nav2_simu) by extensions ['colcon_meta']
[3.925s] Level 1:colcon.colcon_core.package_identification:_identify(src/nav2_simu) by extension 'colcon_meta'
[3.925s] Level 1:colcon.colcon_core.package_identification:_identify(src/nav2_simu) by extensions ['ros']
[3.925s] Level 1:colcon.colcon_core.package_identification:_identify(src/nav2_simu) by extension 'ros'
[3.926s] DEBUG:colcon.colcon_core.package_identification:Package 'src/nav2_simu' with type 'ros.ament_cmake' and name 'nav2_simu'
[3.926s] Level 1:colcon.colcon_core.package_identification:_identify(src/pointcloud_to_laserscan) by extensions ['ignore', 'ignore_ament_install']
[3.926s] Level 1:colcon.colcon_core.package_identification:_identify(src/pointcloud_to_laserscan) by extension 'ignore'
[3.926s] Level 1:colcon.colcon_core.package_identification:_identify(src/pointcloud_to_laserscan) by extension 'ignore_ament_install'
[3.926s] Level 1:colcon.colcon_core.package_identification:_identify(src/pointcloud_to_laserscan) by extensions ['colcon_pkg']
[3.926s] Level 1:colcon.colcon_core.package_identification:_identify(src/pointcloud_to_laserscan) by extension 'colcon_pkg'
[3.926s] Level 1:colcon.colcon_core.package_identification:_identify(src/pointcloud_to_laserscan) by extensions ['colcon_meta']
[3.926s] Level 1:colcon.colcon_core.package_identification:_identify(src/pointcloud_to_laserscan) by extension 'colcon_meta'
[3.926s] Level 1:colcon.colcon_core.package_identification:_identify(src/pointcloud_to_laserscan) by extensions ['ros']
[3.926s] Level 1:colcon.colcon_core.package_identification:_identify(src/pointcloud_to_laserscan) by extension 'ros'
[3.927s] DEBUG:colcon.colcon_core.package_identification:Package 'src/pointcloud_to_laserscan' with type 'ros.ament_cmake' and name 'pointcloud_to_laserscan'
[3.927s] Level 1:colcon.colcon_core.package_identification:_identify(src/ros2_laser_scan_merger) by extensions ['ignore', 'ignore_ament_install']
[3.927s] Level 1:colcon.colcon_core.package_identification:_identify(src/ros2_laser_scan_merger) by extension 'ignore'
[3.928s] Level 1:colcon.colcon_core.package_identification:_identify(src/ros2_laser_scan_merger) by extension 'ignore_ament_install'
[3.928s] Level 1:colcon.colcon_core.package_identification:_identify(src/ros2_laser_scan_merger) by extensions ['colcon_pkg']
[3.928s] Level 1:colcon.colcon_core.package_identification:_identify(src/ros2_laser_scan_merger) by extension 'colcon_pkg'
[3.928s] Level 1:colcon.colcon_core.package_identification:_identify(src/ros2_laser_scan_merger) by extensions ['colcon_meta']
[3.928s] Level 1:colcon.colcon_core.package_identification:_identify(src/ros2_laser_scan_merger) by extension 'colcon_meta'
[3.928s] Level 1:colcon.colcon_core.package_identification:_identify(src/ros2_laser_scan_merger) by extensions ['ros']
[3.928s] Level 1:colcon.colcon_core.package_identification:_identify(src/ros2_laser_scan_merger) by extension 'ros'
[3.929s] DEBUG:colcon.colcon_core.package_identification:Package 'src/ros2_laser_scan_merger' with type 'ros.ament_cmake' and name 'ros2_laser_scan_merger'
[3.929s] Level 1:colcon.colcon_core.package_discovery:discover_packages(recursive) using defaults
[3.929s] Level 1:colcon.colcon_core.package_discovery:discover_packages(ignore) discover
[3.929s] Level 1:colcon.colcon_core.package_discovery:discover_packages(ignore) using defaults
[3.929s] Level 1:colcon.colcon_core.package_discovery:discover_packages(path) discover
[3.929s] Level 1:colcon.colcon_core.package_discovery:discover_packages(path) using defaults
[4.184s] Level 1:colcon.colcon_core.package_discovery:discover_packages(prefix_path) check parameters
[4.184s] Level 1:colcon.colcon_core.package_discovery:discover_packages(prefix_path) discover
[4.294s] DEBUG:colcon.colcon_installed_package_information.package_discovery:Found 1 installed packages in /home/jrlintern/Desktop/CNRS_AIST_Work/CNRS_AIST_Nav2_ROS2_pkg_tutorial/install
[4.341s] DEBUG:colcon.colcon_installed_package_information.package_discovery:Found 5 installed packages in /home/jrlintern/Desktop/CNRS_AIST_Work/CNRS_AIST_Mobile_Shopping_Robot/robot_ws_ros2/install
[4.387s] DEBUG:colcon.colcon_installed_package_information.package_discovery:Found 306 installed packages in /opt/ros/foxy
[4.388s] Level 1:colcon.colcon_core.package_discovery:discover_packages(prefix_path) using defaults
[4.551s] Level 5:colcon.colcon_core.verb:set package 'c_pkg' build argument 'cmake_args' from command line to 'None'
[4.551s] Level 5:colcon.colcon_core.verb:set package 'c_pkg' build argument 'cmake_target' from command line to 'None'
[4.551s] Level 5:colcon.colcon_core.verb:set package 'c_pkg' build argument 'cmake_target_skip_unavailable' from command line to 'False'
[4.551s] Level 5:colcon.colcon_core.verb:set package 'c_pkg' build argument 'cmake_clean_cache' from command line to 'False'
[4.551s] Level 5:colcon.colcon_core.verb:set package 'c_pkg' build argument 'cmake_clean_first' from command line to 'False'
[4.551s] Level 5:colcon.colcon_core.verb:set package 'c_pkg' build argument 'cmake_force_configure' from command line to 'False'
[4.551s] Level 5:colcon.colcon_core.verb:set package 'c_pkg' build argument 'ament_cmake_args' from command line to 'None'
[4.551s] Level 5:colcon.colcon_core.verb:set package 'c_pkg' build argument 'catkin_cmake_args' from command line to 'None'
[4.551s] Level 5:colcon.colcon_core.verb:set package 'c_pkg' build argument 'catkin_skip_building_tests' from command line to 'False'
[4.551s] DEBUG:colcon.colcon_core.verb:Building package 'c_pkg' with the following arguments: {'ament_cmake_args': None, 'build_base': '/home/jrlintern/Desktop/CNRS_AIST_Work/CNRS_AIST_Mobile_Shopping_Robot/robot_ws_ros2/build/c_pkg', 'catkin_cmake_args': None, 'catkin_skip_building_tests': False, 'cmake_args': None, 'cmake_clean_cache': False, 'cmake_clean_first': False, 'cmake_force_configure': False, 'cmake_target': None, 'cmake_target_skip_unavailable': False, 'install_base': '/home/jrlintern/Desktop/CNRS_AIST_Work/CNRS_AIST_Mobile_Shopping_Robot/robot_ws_ros2/install/c_pkg', 'merge_install': False, 'path': '/home/jrlintern/Desktop/CNRS_AIST_Work/CNRS_AIST_Mobile_Shopping_Robot/robot_ws_ros2/src/c_pkg', 'symlink_install': False, 'test_result_base': None}
[4.600s] Level 5:colcon.colcon_core.verb:set package 'laser_scan_merger' build argument 'cmake_args' from command line to 'None'
[4.600s] Level 5:colcon.colcon_core.verb:set package 'laser_scan_merger' build argument 'cmake_target' from command line to 'None'
[4.600s] Level 5:colcon.colcon_core.verb:set package 'laser_scan_merger' build argument 'cmake_target_skip_unavailable' from command line to 'False'
[4.600s] Level 5:colcon.colcon_core.verb:set package 'laser_scan_merger' build argument 'cmake_clean_cache' from command line to 'False'
[4.600s] Level 5:colcon.colcon_core.verb:set package 'laser_scan_merger' build argument 'cmake_clean_first' from command line to 'False'
[4.600s] Level 5:colcon.colcon_core.verb:set package 'laser_scan_merger' build argument 'cmake_force_configure' from command line to 'False'
[4.600s] Level 5:colcon.colcon_core.verb:set package 'laser_scan_merger' build argument 'ament_cmake_args' from command line to 'None'
[4.600s] Level 5:colcon.colcon_core.verb:set package 'laser_scan_merger' build argument 'catkin_cmake_args' from command line to 'None'
[4.600s] Level 5:colcon.colcon_core.verb:set package 'laser_scan_merger' build argument 'catkin_skip_building_tests' from command line to 'False'
[4.600s] DEBUG:colcon.colcon_core.verb:Building package 'laser_scan_merger' with the following arguments: {'ament_cmake_args': None, 'build_base': '/home/jrlintern/Desktop/CNRS_AIST_Work/CNRS_AIST_Mobile_Shopping_Robot/robot_ws_ros2/build/laser_scan_merger', 'catkin_cmake_args': None, 'catkin_skip_building_tests': False, 'cmake_args': None, 'cmake_clean_cache': False, 'cmake_clean_first': False, 'cmake_force_configure': False, 'cmake_target': None, 'cmake_target_skip_unavailable': False, 'install_base': '/home/jrlintern/Desktop/CNRS_AIST_Work/CNRS_AIST_Mobile_Shopping_Robot/robot_ws_ros2/install/laser_scan_merger', 'merge_install': False, 'path': '/home/jrlintern/Desktop/CNRS_AIST_Work/CNRS_AIST_Mobile_Shopping_Robot/robot_ws_ros2/src/laser_scan_merger', 'symlink_install': False, 'test_result_base': None}
[4.649s] Level 5:colcon.colcon_core.verb:set package 'nav2_simu' build argument 'cmake_args' from command line to 'None'
[4.649s] Level 5:colcon.colcon_core.verb:set package 'nav2_simu' build argument 'cmake_target' from command line to 'None'
[4.649s] Level 5:colcon.colcon_core.verb:set package 'nav2_simu' build argument 'cmake_target_skip_unavailable' from command line to 'False'
[4.649s] Level 5:colcon.colcon_core.verb:set package 'nav2_simu' build argument 'cmake_clean_cache' from command line to 'False'
[4.649s] Level 5:colcon.colcon_core.verb:set package 'nav2_simu' build argument 'cmake_clean_first' from command line to 'False'
[4.649s] Level 5:colcon.colcon_core.verb:set package 'nav2_simu' build argument 'cmake_force_configure' from command line to 'False'
[4.649s] Level 5:colcon.colcon_core.verb:set package 'nav2_simu' build argument 'ament_cmake_args' from command line to 'None'
[4.649s] Level 5:colcon.colcon_core.verb:set package 'nav2_simu' build argument 'catkin_cmake_args' from command line to 'None'
[4.649s] Level 5:colcon.colcon_core.verb:set package 'nav2_simu' build argument 'catkin_skip_building_tests' from command line to 'False'
[4.649s] DEBUG:colcon.colcon_core.verb:Building package 'nav2_simu' with the following arguments: {'ament_cmake_args': None, 'build_base': '/home/jrlintern/Desktop/CNRS_AIST_Work/CNRS_AIST_Mobile_Shopping_Robot/robot_ws_ros2/build/nav2_simu', 'catkin_cmake_args': None, 'catkin_skip_building_tests': False, 'cmake_args': None, 'cmake_clean_cache': False, 'cmake_clean_first': False, 'cmake_force_configure': False, 'cmake_target': None, 'cmake_target_skip_unavailable': False, 'install_base': '/home/jrlintern/Desktop/CNRS_AIST_Work/CNRS_AIST_Mobile_Shopping_Robot/robot_ws_ros2/install/nav2_simu', 'merge_install': False, 'path': '/home/jrlintern/Desktop/CNRS_AIST_Work/CNRS_AIST_Mobile_Shopping_Robot/robot_ws_ros2/src/nav2_simu', 'symlink_install': False, 'test_result_base': None}
[4.698s] Level 5:colcon.colcon_core.verb:set package 'pointcloud_to_laserscan' build argument 'cmake_args' from command line to 'None'
[4.698s] Level 5:colcon.colcon_core.verb:set package 'pointcloud_to_laserscan' build argument 'cmake_target' from command line to 'None'
[4.698s] Level 5:colcon.colcon_core.verb:set package 'pointcloud_to_laserscan' build argument 'cmake_target_skip_unavailable' from command line to 'False'
[4.698s] Level 5:colcon.colcon_core.verb:set package 'pointcloud_to_laserscan' build argument 'cmake_clean_cache' from command line to 'False'
[4.698s] Level 5:colcon.colcon_core.verb:set package 'pointcloud_to_laserscan' build argument 'cmake_clean_first' from command line to 'False'
[4.698s] Level 5:colcon.colcon_core.verb:set package 'pointcloud_to_laserscan' build argument 'cmake_force_configure' from command line to 'False'
[4.698s] Level 5:colcon.colcon_core.verb:set package 'pointcloud_to_laserscan' build argument 'ament_cmake_args' from command line to 'None'
[4.698s] Level 5:colcon.colcon_core.verb:set package 'pointcloud_to_laserscan' build argument 'catkin_cmake_args' from command line to 'None'
[4.698s] Level 5:colcon.colcon_core.verb:set package 'pointcloud_to_laserscan' build argument 'catkin_skip_building_tests' from command line to 'False'
[4.698s] DEBUG:colcon.colcon_core.verb:Building package 'pointcloud_to_laserscan' with the following arguments: {'ament_cmake_args': None, 'build_base': '/home/jrlintern/Desktop/CNRS_AIST_Work/CNRS_AIST_Mobile_Shopping_Robot/robot_ws_ros2/build/pointcloud_to_laserscan', 'catkin_cmake_args': None, 'catkin_skip_building_tests': False, 'cmake_args': None, 'cmake_clean_cache': False, 'cmake_clean_first': False, 'cmake_force_configure': False, 'cmake_target': None, 'cmake_target_skip_unavailable': False, 'install_base': '/home/jrlintern/Desktop/CNRS_AIST_Work/CNRS_AIST_Mobile_Shopping_Robot/robot_ws_ros2/install/pointcloud_to_laserscan', 'merge_install': False, 'path': '/home/jrlintern/Desktop/CNRS_AIST_Work/CNRS_AIST_Mobile_Shopping_Robot/robot_ws_ros2/src/pointcloud_to_laserscan', 'symlink_install': False, 'test_result_base': None}
[4.754s] Level 5:colcon.colcon_core.verb:set package 'ros2_laser_scan_merger' build argument 'cmake_args' from command line to 'None'
[4.754s] Level 5:colcon.colcon_core.verb:set package 'ros2_laser_scan_merger' build argument 'cmake_target' from command line to 'None'
[4.754s] Level 5:colcon.colcon_core.verb:set package 'ros2_laser_scan_merger' build argument 'cmake_target_skip_unavailable' from command line to 'False'
[4.754s] Level 5:colcon.colcon_core.verb:set package 'ros2_laser_scan_merger' build argument 'cmake_clean_cache' from command line to 'False'
[4.754s] Level 5:colcon.colcon_core.verb:set package 'ros2_laser_scan_merger' build argument 'cmake_clean_first' from command line to 'False'
[4.754s] Level 5:colcon.colcon_core.verb:set package 'ros2_laser_scan_merger' build argument 'cmake_force_configure' from command line to 'False'
[4.754s] Level 5:colcon.colcon_core.verb:set package 'ros2_laser_scan_merger' build argument 'ament_cmake_args' from command line to 'None'
[4.754s] Level 5:colcon.colcon_core.verb:set package 'ros2_laser_scan_merger' build argument 'catkin_cmake_args' from command line to 'None'
[4.754s] Level 5:colcon.colcon_core.verb:set package 'ros2_laser_scan_merger' build argument 'catkin_skip_building_tests' from command line to 'False'
[4.754s] DEBUG:colcon.colcon_core.verb:Building package 'ros2_laser_scan_merger' with the following arguments: {'ament_cmake_args': None, 'build_base': '/home/jrlintern/Desktop/CNRS_AIST_Work/CNRS_AIST_Mobile_Shopping_Robot/robot_ws_ros2/build/ros2_laser_scan_merger', 'catkin_cmake_args': None, 'catkin_skip_building_tests': False, 'cmake_args': None, 'cmake_clean_cache': False, 'cmake_clean_first': False, 'cmake_force_configure': False, 'cmake_target': None, 'cmake_target_skip_unavailable': False, 'install_base': '/home/jrlintern/Desktop/CNRS_AIST_Work/CNRS_AIST_Mobile_Shopping_Robot/robot_ws_ros2/install/ros2_laser_scan_merger', 'merge_install': False, 'path': '/home/jrlintern/Desktop/CNRS_AIST_Work/CNRS_AIST_Mobile_Shopping_Robot/robot_ws_ros2/src/ros2_laser_scan_merger', 'symlink_install': False, 'test_result_base': None}
[4.798s] INFO:colcon.colcon_core.executor:Executing jobs using 'parallel' executor
[4.841s] DEBUG:colcon.colcon_parallel_executor.executor.parallel:run_until_complete
[4.842s] INFO:colcon.colcon_ros.task.ament_cmake.build:Building ROS package in '/home/jrlintern/Desktop/CNRS_AIST_Work/CNRS_AIST_Mobile_Shopping_Robot/robot_ws_ros2/src/c_pkg' with build type 'ament_cmake'
[4.842s] INFO:colcon.colcon_cmake.task.cmake.build:Building CMake package in '/home/jrlintern/Desktop/CNRS_AIST_Work/CNRS_AIST_Mobile_Shopping_Robot/robot_ws_ros2/src/c_pkg'
[4.891s] INFO:colcon.colcon_core.plugin_system:Skipping extension 'colcon_core.shell.bat': Not used on non-Windows systems
[4.891s] INFO:colcon.colcon_core.shell:Skip shell extension 'powershell' for command environment: Not usable outside of PowerShell
[4.891s] DEBUG:colcon.colcon_core.shell:Skip shell extension 'dsv' for command environment
[5.085s] INFO:colcon.colcon_ros.task.ament_cmake.build:Building ROS package in '/home/jrlintern/Desktop/CNRS_AIST_Work/CNRS_AIST_Mobile_Shopping_Robot/robot_ws_ros2/src/laser_scan_merger' with build type 'ament_cmake'
[5.086s] INFO:colcon.colcon_cmake.task.cmake.build:Building CMake package in '/home/jrlintern/Desktop/CNRS_AIST_Work/CNRS_AIST_Mobile_Shopping_Robot/robot_ws_ros2/src/laser_scan_merger'
[5.134s] INFO:colcon.colcon_core.shell:Skip shell extension 'powershell' for command environment: Not usable outside of PowerShell
[5.134s] DEBUG:colcon.colcon_core.shell:Skip shell extension 'dsv' for command environment
[5.325s] INFO:colcon.colcon_ros.task.ament_cmake.build:Building ROS package in '/home/jrlintern/Desktop/CNRS_AIST_Work/CNRS_AIST_Mobile_Shopping_Robot/robot_ws_ros2/src/nav2_simu' with build type 'ament_cmake'
[5.326s] INFO:colcon.colcon_cmake.task.cmake.build:Building CMake package in '/home/jrlintern/Desktop/CNRS_AIST_Work/CNRS_AIST_Mobile_Shopping_Robot/robot_ws_ros2/src/nav2_simu'
[5.377s] INFO:colcon.colcon_core.shell:Skip shell extension 'powershell' for command environment: Not usable outside of PowerShell
[5.377s] DEBUG:colcon.colcon_core.shell:Skip shell extension 'dsv' for command environment
[5.568s] INFO:colcon.colcon_ros.task.ament_cmake.build:Building ROS package in '/home/jrlintern/Desktop/CNRS_AIST_Work/CNRS_AIST_Mobile_Shopping_Robot/robot_ws_ros2/src/pointcloud_to_laserscan' with build type 'ament_cmake'
[5.568s] INFO:colcon.colcon_cmake.task.cmake.build:Building CMake package in '/home/jrlintern/Desktop/CNRS_AIST_Work/CNRS_AIST_Mobile_Shopping_Robot/robot_ws_ros2/src/pointcloud_to_laserscan'
[5.618s] INFO:colcon.colcon_core.shell:Skip shell extension 'powershell' for command environment: Not usable outside of PowerShell
[5.618s] DEBUG:colcon.colcon_core.shell:Skip shell extension 'dsv' for command environment
[5.808s] INFO:colcon.colcon_ros.task.ament_cmake.build:Building ROS package in '/home/jrlintern/Desktop/CNRS_AIST_Work/CNRS_AIST_Mobile_Shopping_Robot/robot_ws_ros2/src/ros2_laser_scan_merger' with build type 'ament_cmake'
[5.809s] INFO:colcon.colcon_cmake.task.cmake.build:Building CMake package in '/home/jrlintern/Desktop/CNRS_AIST_Work/CNRS_AIST_Mobile_Shopping_Robot/robot_ws_ros2/src/ros2_laser_scan_merger'
[5.858s] INFO:colcon.colcon_core.shell:Skip shell extension 'powershell' for command environment: Not usable outside of PowerShell
[5.858s] DEBUG:colcon.colcon_core.shell:Skip shell extension 'dsv' for command environment
[6.071s] DEBUG:colcon.colcon_core.event_handler.log_command:Invoking command in '/home/jrlintern/Desktop/CNRS_AIST_Work/CNRS_AIST_Mobile_Shopping_Robot/robot_ws_ros2/build/c_pkg': CMAKE_PREFIX_PATH=${CMAKE_PREFIX_PATH}:/opt/ros/foxy /usr/bin/cmake --build /home/jrlintern/Desktop/CNRS_AIST_Work/CNRS_AIST_Mobile_Shopping_Robot/robot_ws_ros2/build/c_pkg -- -j8 -l8
[6.081s] DEBUG:colcon.colcon_core.event_handler.log_command:Invoking command in '/home/jrlintern/Desktop/CNRS_AIST_Work/CNRS_AIST_Mobile_Shopping_Robot/robot_ws_ros2/build/laser_scan_merger': CMAKE_PREFIX_PATH=${CMAKE_PREFIX_PATH}:/opt/ros/foxy /usr/bin/cmake --build /home/jrlintern/Desktop/CNRS_AIST_Work/CNRS_AIST_Mobile_Shopping_Robot/robot_ws_ros2/build/laser_scan_merger -- -j8 -l8
[6.087s] DEBUG:colcon.colcon_core.event_handler.log_command:Invoking command in '/home/jrlintern/Desktop/CNRS_AIST_Work/CNRS_AIST_Mobile_Shopping_Robot/robot_ws_ros2/build/nav2_simu': CMAKE_PREFIX_PATH=${CMAKE_PREFIX_PATH}:/opt/ros/foxy /usr/bin/cmake --build /home/jrlintern/Desktop/CNRS_AIST_Work/CNRS_AIST_Mobile_Shopping_Robot/robot_ws_ros2/build/nav2_simu -- -j8 -l8
[6.098s] DEBUG:colcon.colcon_core.event_handler.log_command:Invoking command in '/home/jrlintern/Desktop/CNRS_AIST_Work/CNRS_AIST_Mobile_Shopping_Robot/robot_ws_ros2/build/pointcloud_to_laserscan': CMAKE_PREFIX_PATH=${CMAKE_PREFIX_PATH}:/opt/ros/foxy /usr/bin/cmake --build /home/jrlintern/Desktop/CNRS_AIST_Work/CNRS_AIST_Mobile_Shopping_Robot/robot_ws_ros2/build/pointcloud_to_laserscan -- -j8 -l8
[6.107s] DEBUG:colcon.colcon_core.event_handler.log_command:Invoking command in '/home/jrlintern/Desktop/CNRS_AIST_Work/CNRS_AIST_Mobile_Shopping_Robot/robot_ws_ros2/build/ros2_laser_scan_merger': CMAKE_PREFIX_PATH=${CMAKE_PREFIX_PATH}:/opt/ros/foxy /usr/bin/cmake --build /home/jrlintern/Desktop/CNRS_AIST_Work/CNRS_AIST_Mobile_Shopping_Robot/robot_ws_ros2/build/ros2_laser_scan_merger -- -j8 -l8
[6.119s] DEBUG:colcon.colcon_core.event_handler.log_command:Invoked command in '/home/jrlintern/Desktop/CNRS_AIST_Work/CNRS_AIST_Mobile_Shopping_Robot/robot_ws_ros2/build/nav2_simu' returned '0': CMAKE_PREFIX_PATH=${CMAKE_PREFIX_PATH}:/opt/ros/foxy /usr/bin/cmake --build /home/jrlintern/Desktop/CNRS_AIST_Work/CNRS_AIST_Mobile_Shopping_Robot/robot_ws_ros2/build/nav2_simu -- -j8 -l8
[6.169s] DEBUG:colcon.colcon_core.event_handler.log_command:Invoking command in '/home/jrlintern/Desktop/CNRS_AIST_Work/CNRS_AIST_Mobile_Shopping_Robot/robot_ws_ros2/build/nav2_simu': CMAKE_PREFIX_PATH=${CMAKE_PREFIX_PATH}:/opt/ros/foxy /usr/bin/cmake --install /home/jrlintern/Desktop/CNRS_AIST_Work/CNRS_AIST_Mobile_Shopping_Robot/robot_ws_ros2/build/nav2_simu
[6.178s] DEBUG:colcon.colcon_core.event_handler.log_command:Invoked command in '/home/jrlintern/Desktop/CNRS_AIST_Work/CNRS_AIST_Mobile_Shopping_Robot/robot_ws_ros2/build/pointcloud_to_laserscan' returned '0': CMAKE_PREFIX_PATH=${CMAKE_PREFIX_PATH}:/opt/ros/foxy /usr/bin/cmake --build /home/jrlintern/Desktop/CNRS_AIST_Work/CNRS_AIST_Mobile_Shopping_Robot/robot_ws_ros2/build/pointcloud_to_laserscan -- -j8 -l8
[6.184s] Level 1:colcon.colcon_core.environment:create_environment_scripts_only(nav2_simu)
[6.193s] DEBUG:colcon.colcon_core.event_handler.log_command:Invoked command in '/home/jrlintern/Desktop/CNRS_AIST_Work/CNRS_AIST_Mobile_Shopping_Robot/robot_ws_ros2/build/nav2_simu' returned '0': CMAKE_PREFIX_PATH=${CMAKE_PREFIX_PATH}:/opt/ros/foxy /usr/bin/cmake --install /home/jrlintern/Desktop/CNRS_AIST_Work/CNRS_AIST_Mobile_Shopping_Robot/robot_ws_ros2/build/nav2_simu
[6.258s] Level 1:colcon.colcon_core.environment:checking '/home/jrlintern/Desktop/CNRS_AIST_Work/CNRS_AIST_Mobile_Shopping_Robot/robot_ws_ros2/install/nav2_simu' for CMake module files
[6.259s] Level 1:colcon.colcon_core.environment:checking '/home/jrlintern/Desktop/CNRS_AIST_Work/CNRS_AIST_Mobile_Shopping_Robot/robot_ws_ros2/install/nav2_simu' for CMake config files
[6.259s] Level 1:colcon.colcon_core.shell:create_environment_hook('nav2_simu', 'cmake_prefix_path')
[6.309s] INFO:colcon.colcon_core.shell:Creating environment hook '/home/jrlintern/Desktop/CNRS_AIST_Work/CNRS_AIST_Mobile_Shopping_Robot/robot_ws_ros2/install/nav2_simu/share/nav2_simu/hook/cmake_prefix_path.ps1'
[6.309s] INFO:colcon.colcon_core.shell:Creating environment descriptor '/home/jrlintern/Desktop/CNRS_AIST_Work/CNRS_AIST_Mobile_Shopping_Robot/robot_ws_ros2/install/nav2_simu/share/nav2_simu/hook/cmake_prefix_path.dsv'
[6.310s] INFO:colcon.colcon_core.shell:Creating environment hook '/home/jrlintern/Desktop/CNRS_AIST_Work/CNRS_AIST_Mobile_Shopping_Robot/robot_ws_ros2/install/nav2_simu/share/nav2_simu/hook/cmake_prefix_path.sh'
[6.311s] Level 1:colcon.colcon_core.environment:checking '/home/jrlintern/Desktop/CNRS_AIST_Work/CNRS_AIST_Mobile_Shopping_Robot/robot_ws_ros2/install/nav2_simu/bin'
[6.311s] Level 1:colcon.colcon_core.environment:checking '/home/jrlintern/Desktop/CNRS_AIST_Work/CNRS_AIST_Mobile_Shopping_Robot/robot_ws_ros2/install/nav2_simu/lib/pkgconfig/nav2_simu.pc'
[6.311s] Level 1:colcon.colcon_core.environment:checking '/home/jrlintern/Desktop/CNRS_AIST_Work/CNRS_AIST_Mobile_Shopping_Robot/robot_ws_ros2/install/nav2_simu/lib/python3.8/site-packages'
[6.311s] Level 1:colcon.colcon_core.environment:checking '/home/jrlintern/Desktop/CNRS_AIST_Work/CNRS_AIST_Mobile_Shopping_Robot/robot_ws_ros2/install/nav2_simu/bin'
[6.359s] INFO:colcon.colcon_core.shell:Creating package script '/home/jrlintern/Desktop/CNRS_AIST_Work/CNRS_AIST_Mobile_Shopping_Robot/robot_ws_ros2/install/nav2_simu/share/nav2_simu/package.ps1'
[6.360s] INFO:colcon.colcon_core.shell:Creating package descriptor '/home/jrlintern/Desktop/CNRS_AIST_Work/CNRS_AIST_Mobile_Shopping_Robot/robot_ws_ros2/install/nav2_simu/share/nav2_simu/package.dsv'
[6.361s] INFO:colcon.colcon_core.shell:Creating package script '/home/jrlintern/Desktop/CNRS_AIST_Work/CNRS_AIST_Mobile_Shopping_Robot/robot_ws_ros2/install/nav2_simu/share/nav2_simu/package.sh'
[6.362s] INFO:colcon.colcon_core.shell:Creating package script '/home/jrlintern/Desktop/CNRS_AIST_Work/CNRS_AIST_Mobile_Shopping_Robot/robot_ws_ros2/install/nav2_simu/share/nav2_simu/package.bash'
[6.362s] INFO:colcon.colcon_core.shell:Creating package script '/home/jrlintern/Desktop/CNRS_AIST_Work/CNRS_AIST_Mobile_Shopping_Robot/robot_ws_ros2/install/nav2_simu/share/nav2_simu/package.zsh'
[6.363s] Level 1:colcon.colcon_core.environment:create_file_with_runtime_dependencies(/home/jrlintern/Desktop/CNRS_AIST_Work/CNRS_AIST_Mobile_Shopping_Robot/robot_ws_ros2/install/nav2_simu/share/colcon-core/packages/nav2_simu)
[6.369s] DEBUG:colcon.colcon_core.event_handler.log_command:Invoked command in '/home/jrlintern/Desktop/CNRS_AIST_Work/CNRS_AIST_Mobile_Shopping_Robot/robot_ws_ros2/build/ros2_laser_scan_merger' returned '0': CMAKE_PREFIX_PATH=${CMAKE_PREFIX_PATH}:/opt/ros/foxy /usr/bin/cmake --build /home/jrlintern/Desktop/CNRS_AIST_Work/CNRS_AIST_Mobile_Shopping_Robot/robot_ws_ros2/build/ros2_laser_scan_merger -- -j8 -l8
[6.373s] DEBUG:colcon.colcon_core.event_handler.log_command:Invoked command in '/home/jrlintern/Desktop/CNRS_AIST_Work/CNRS_AIST_Mobile_Shopping_Robot/robot_ws_ros2/build/c_pkg' returned '0': CMAKE_PREFIX_PATH=${CMAKE_PREFIX_PATH}:/opt/ros/foxy /usr/bin/cmake --build /home/jrlintern/Desktop/CNRS_AIST_Work/CNRS_AIST_Mobile_Shopping_Robot/robot_ws_ros2/build/c_pkg -- -j8 -l8
[6.382s] DEBUG:colcon.colcon_core.event_handler.log_command:Invoking command in '/home/jrlintern/Desktop/CNRS_AIST_Work/CNRS_AIST_Mobile_Shopping_Robot/robot_ws_ros2/build/pointcloud_to_laserscan': CMAKE_PREFIX_PATH=${CMAKE_PREFIX_PATH}:/opt/ros/foxy /usr/bin/cmake --install /home/jrlintern/Desktop/CNRS_AIST_Work/CNRS_AIST_Mobile_Shopping_Robot/robot_ws_ros2/build/pointcloud_to_laserscan
[6.457s] Level 1:colcon.colcon_core.environment:create_environment_scripts_only(nav2_simu)
[6.507s] Level 1:colcon.colcon_core.environment:checking '/home/jrlintern/Desktop/CNRS_AIST_Work/CNRS_AIST_Mobile_Shopping_Robot/robot_ws_ros2/install/nav2_simu' for CMake module files
[6.508s] Level 1:colcon.colcon_core.environment:checking '/home/jrlintern/Desktop/CNRS_AIST_Work/CNRS_AIST_Mobile_Shopping_Robot/robot_ws_ros2/install/nav2_simu' for CMake config files
[6.508s] Level 1:colcon.colcon_core.shell:create_environment_hook('nav2_simu', 'cmake_prefix_path')
[6.558s] INFO:colcon.colcon_core.shell:Creating environment hook '/home/jrlintern/Desktop/CNRS_AIST_Work/CNRS_AIST_Mobile_Shopping_Robot/robot_ws_ros2/install/nav2_simu/share/nav2_simu/hook/cmake_prefix_path.ps1'
[6.558s] INFO:colcon.colcon_core.shell:Creating environment descriptor '/home/jrlintern/Desktop/CNRS_AIST_Work/CNRS_AIST_Mobile_Shopping_Robot/robot_ws_ros2/install/nav2_simu/share/nav2_simu/hook/cmake_prefix_path.dsv'
[6.559s] INFO:colcon.colcon_core.shell:Creating environment hook '/home/jrlintern/Desktop/CNRS_AIST_Work/CNRS_AIST_Mobile_Shopping_Robot/robot_ws_ros2/install/nav2_simu/share/nav2_simu/hook/cmake_prefix_path.sh'
[6.559s] Level 1:colcon.colcon_core.environment:checking '/home/jrlintern/Desktop/CNRS_AIST_Work/CNRS_AIST_Mobile_Shopping_Robot/robot_ws_ros2/install/nav2_simu/bin'
[6.559s] Level 1:colcon.colcon_core.environment:checking '/home/jrlintern/Desktop/CNRS_AIST_Work/CNRS_AIST_Mobile_Shopping_Robot/robot_ws_ros2/install/nav2_simu/lib/pkgconfig/nav2_simu.pc'
[6.559s] Level 1:colcon.colcon_core.environment:checking '/home/jrlintern/Desktop/CNRS_AIST_Work/CNRS_AIST_Mobile_Shopping_Robot/robot_ws_ros2/install/nav2_simu/lib/python3.8/site-packages'
[6.560s] Level 1:colcon.colcon_core.environment:checking '/home/jrlintern/Desktop/CNRS_AIST_Work/CNRS_AIST_Mobile_Shopping_Robot/robot_ws_ros2/install/nav2_simu/bin'
[6.610s] INFO:colcon.colcon_core.shell:Creating package script '/home/jrlintern/Desktop/CNRS_AIST_Work/CNRS_AIST_Mobile_Shopping_Robot/robot_ws_ros2/install/nav2_simu/share/nav2_simu/package.ps1'
[6.611s] INFO:colcon.colcon_core.shell:Creating package descriptor '/home/jrlintern/Desktop/CNRS_AIST_Work/CNRS_AIST_Mobile_Shopping_Robot/robot_ws_ros2/install/nav2_simu/share/nav2_simu/package.dsv'
[6.611s] INFO:colcon.colcon_core.shell:Creating package script '/home/jrlintern/Desktop/CNRS_AIST_Work/CNRS_AIST_Mobile_Shopping_Robot/robot_ws_ros2/install/nav2_simu/share/nav2_simu/package.sh'
[6.612s] INFO:colcon.colcon_core.shell:Creating package script '/home/jrlintern/Desktop/CNRS_AIST_Work/CNRS_AIST_Mobile_Shopping_Robot/robot_ws_ros2/install/nav2_simu/share/nav2_simu/package.bash'
[6.612s] INFO:colcon.colcon_core.shell:Creating package script '/home/jrlintern/Desktop/CNRS_AIST_Work/CNRS_AIST_Mobile_Shopping_Robot/robot_ws_ros2/install/nav2_simu/share/nav2_simu/package.zsh'
[6.612s] Level 1:colcon.colcon_core.environment:create_file_with_runtime_dependencies(/home/jrlintern/Desktop/CNRS_AIST_Work/CNRS_AIST_Mobile_Shopping_Robot/robot_ws_ros2/install/nav2_simu/share/colcon-core/packages/nav2_simu)
[6.617s] DEBUG:colcon.colcon_core.event_handler.log_command:Invoking command in '/home/jrlintern/Desktop/CNRS_AIST_Work/CNRS_AIST_Mobile_Shopping_Robot/robot_ws_ros2/build/ros2_laser_scan_merger': CMAKE_PREFIX_PATH=${CMAKE_PREFIX_PATH}:/opt/ros/foxy /usr/bin/cmake --install /home/jrlintern/Desktop/CNRS_AIST_Work/CNRS_AIST_Mobile_Shopping_Robot/robot_ws_ros2/build/ros2_laser_scan_merger
[6.622s] DEBUG:colcon.colcon_core.event_handler.log_command:Invoking command in '/home/jrlintern/Desktop/CNRS_AIST_Work/CNRS_AIST_Mobile_Shopping_Robot/robot_ws_ros2/build/c_pkg': CMAKE_PREFIX_PATH=${CMAKE_PREFIX_PATH}:/opt/ros/foxy /usr/bin/cmake --install /home/jrlintern/Desktop/CNRS_AIST_Work/CNRS_AIST_Mobile_Shopping_Robot/robot_ws_ros2/build/c_pkg
[6.624s] Level 1:colcon.colcon_core.environment:create_environment_scripts_only(pointcloud_to_laserscan)
[6.625s] DEBUG:colcon.colcon_core.event_handler.log_command:Invoked command in '/home/jrlintern/Desktop/CNRS_AIST_Work/CNRS_AIST_Mobile_Shopping_Robot/robot_ws_ros2/build/pointcloud_to_laserscan' returned '0': CMAKE_PREFIX_PATH=${CMAKE_PREFIX_PATH}:/opt/ros/foxy /usr/bin/cmake --install /home/jrlintern/Desktop/CNRS_AIST_Work/CNRS_AIST_Mobile_Shopping_Robot/robot_ws_ros2/build/pointcloud_to_laserscan
[6.711s] Level 1:colcon.colcon_core.environment:checking '/home/jrlintern/Desktop/CNRS_AIST_Work/CNRS_AIST_Mobile_Shopping_Robot/robot_ws_ros2/install/pointcloud_to_laserscan' for CMake module files
[6.712s] Level 1:colcon.colcon_core.environment:checking '/home/jrlintern/Desktop/CNRS_AIST_Work/CNRS_AIST_Mobile_Shopping_Robot/robot_ws_ros2/install/pointcloud_to_laserscan' for CMake config files
[6.712s] Level 1:colcon.colcon_core.shell:create_environment_hook('pointcloud_to_laserscan', 'cmake_prefix_path')
[6.763s] INFO:colcon.colcon_core.shell:Creating environment hook '/home/jrlintern/Desktop/CNRS_AIST_Work/CNRS_AIST_Mobile_Shopping_Robot/robot_ws_ros2/install/pointcloud_to_laserscan/share/pointcloud_to_laserscan/hook/cmake_prefix_path.ps1'
[6.763s] INFO:colcon.colcon_core.shell:Creating environment descriptor '/home/jrlintern/Desktop/CNRS_AIST_Work/CNRS_AIST_Mobile_Shopping_Robot/robot_ws_ros2/install/pointcloud_to_laserscan/share/pointcloud_to_laserscan/hook/cmake_prefix_path.dsv'
[6.763s] INFO:colcon.colcon_core.shell:Creating environment hook '/home/jrlintern/Desktop/CNRS_AIST_Work/CNRS_AIST_Mobile_Shopping_Robot/robot_ws_ros2/install/pointcloud_to_laserscan/share/pointcloud_to_laserscan/hook/cmake_prefix_path.sh'
[6.764s] Level 1:colcon.colcon_core.environment:checking '/home/jrlintern/Desktop/CNRS_AIST_Work/CNRS_AIST_Mobile_Shopping_Robot/robot_ws_ros2/install/pointcloud_to_laserscan/lib'
[6.764s] Level 1:colcon.colcon_core.shell:create_environment_hook('pointcloud_to_laserscan', 'ld_library_path_lib')
[6.817s] INFO:colcon.colcon_core.shell:Creating environment hook '/home/jrlintern/Desktop/CNRS_AIST_Work/CNRS_AIST_Mobile_Shopping_Robot/robot_ws_ros2/install/pointcloud_to_laserscan/share/pointcloud_to_laserscan/hook/ld_library_path_lib.ps1'
[6.817s] INFO:colcon.colcon_core.shell:Creating environment descriptor '/home/jrlintern/Desktop/CNRS_AIST_Work/CNRS_AIST_Mobile_Shopping_Robot/robot_ws_ros2/install/pointcloud_to_laserscan/share/pointcloud_to_laserscan/hook/ld_library_path_lib.dsv'
[6.817s] INFO:colcon.colcon_core.shell:Creating environment hook '/home/jrlintern/Desktop/CNRS_AIST_Work/CNRS_AIST_Mobile_Shopping_Robot/robot_ws_ros2/install/pointcloud_to_laserscan/share/pointcloud_to_laserscan/hook/ld_library_path_lib.sh'
[6.818s] Level 1:colcon.colcon_core.environment:checking '/home/jrlintern/Desktop/CNRS_AIST_Work/CNRS_AIST_Mobile_Shopping_Robot/robot_ws_ros2/install/pointcloud_to_laserscan/bin'
[6.818s] Level 1:colcon.colcon_core.environment:checking '/home/jrlintern/Desktop/CNRS_AIST_Work/CNRS_AIST_Mobile_Shopping_Robot/robot_ws_ros2/install/pointcloud_to_laserscan/lib/pkgconfig/pointcloud_to_laserscan.pc'
[6.818s] Level 1:colcon.colcon_core.environment:checking '/home/jrlintern/Desktop/CNRS_AIST_Work/CNRS_AIST_Mobile_Shopping_Robot/robot_ws_ros2/install/pointcloud_to_laserscan/lib/python3.8/site-packages'
[6.818s] Level 1:colcon.colcon_core.environment:checking '/home/jrlintern/Desktop/CNRS_AIST_Work/CNRS_AIST_Mobile_Shopping_Robot/robot_ws_ros2/install/pointcloud_to_laserscan/bin'
[6.868s] INFO:colcon.colcon_core.shell:Creating package script '/home/jrlintern/Desktop/CNRS_AIST_Work/CNRS_AIST_Mobile_Shopping_Robot/robot_ws_ros2/install/pointcloud_to_laserscan/share/pointcloud_to_laserscan/package.ps1'
[6.868s] INFO:colcon.colcon_core.shell:Creating package descriptor '/home/jrlintern/Desktop/CNRS_AIST_Work/CNRS_AIST_Mobile_Shopping_Robot/robot_ws_ros2/install/pointcloud_to_laserscan/share/pointcloud_to_laserscan/package.dsv'
[6.869s] INFO:colcon.colcon_core.shell:Creating package script '/home/jrlintern/Desktop/CNRS_AIST_Work/CNRS_AIST_Mobile_Shopping_Robot/robot_ws_ros2/install/pointcloud_to_laserscan/share/pointcloud_to_laserscan/package.sh'
[6.869s] INFO:colcon.colcon_core.shell:Creating package script '/home/jrlintern/Desktop/CNRS_AIST_Work/CNRS_AIST_Mobile_Shopping_Robot/robot_ws_ros2/install/pointcloud_to_laserscan/share/pointcloud_to_laserscan/package.bash'
[6.869s] INFO:colcon.colcon_core.shell:Creating package script '/home/jrlintern/Desktop/CNRS_AIST_Work/CNRS_AIST_Mobile_Shopping_Robot/robot_ws_ros2/install/pointcloud_to_laserscan/share/pointcloud_to_laserscan/package.zsh'
[6.870s] Level 1:colcon.colcon_core.environment:create_file_with_runtime_dependencies(/home/jrlintern/Desktop/CNRS_AIST_Work/CNRS_AIST_Mobile_Shopping_Robot/robot_ws_ros2/install/pointcloud_to_laserscan/share/colcon-core/packages/pointcloud_to_laserscan)
[6.875s] Level 1:colcon.colcon_core.environment:create_environment_scripts_only(c_pkg)
[6.875s] DEBUG:colcon.colcon_core.event_handler.log_command:Invoked command in '/home/jrlintern/Desktop/CNRS_AIST_Work/CNRS_AIST_Mobile_Shopping_Robot/robot_ws_ros2/build/c_pkg' returned '0': CMAKE_PREFIX_PATH=${CMAKE_PREFIX_PATH}:/opt/ros/foxy /usr/bin/cmake --install /home/jrlintern/Desktop/CNRS_AIST_Work/CNRS_AIST_Mobile_Shopping_Robot/robot_ws_ros2/build/c_pkg
[6.931s] Level 1:colcon.colcon_core.environment:checking '/home/jrlintern/Desktop/CNRS_AIST_Work/CNRS_AIST_Mobile_Shopping_Robot/robot_ws_ros2/install/c_pkg' for CMake module files
[6.931s] Level 1:colcon.colcon_core.environment:checking '/home/jrlintern/Desktop/CNRS_AIST_Work/CNRS_AIST_Mobile_Shopping_Robot/robot_ws_ros2/install/c_pkg' for CMake config files
[6.932s] Level 1:colcon.colcon_core.shell:create_environment_hook('c_pkg', 'cmake_prefix_path')
[6.981s] INFO:colcon.colcon_core.shell:Creating environment hook '/home/jrlintern/Desktop/CNRS_AIST_Work/CNRS_AIST_Mobile_Shopping_Robot/robot_ws_ros2/install/c_pkg/share/c_pkg/hook/cmake_prefix_path.ps1'
[6.982s] INFO:colcon.colcon_core.shell:Creating environment descriptor '/home/jrlintern/Desktop/CNRS_AIST_Work/CNRS_AIST_Mobile_Shopping_Robot/robot_ws_ros2/install/c_pkg/share/c_pkg/hook/cmake_prefix_path.dsv'
[6.982s] INFO:colcon.colcon_core.shell:Creating environment hook '/home/jrlintern/Desktop/CNRS_AIST_Work/CNRS_AIST_Mobile_Shopping_Robot/robot_ws_ros2/install/c_pkg/share/c_pkg/hook/cmake_prefix_path.sh'
[6.983s] Level 1:colcon.colcon_core.environment:checking '/home/jrlintern/Desktop/CNRS_AIST_Work/CNRS_AIST_Mobile_Shopping_Robot/robot_ws_ros2/install/c_pkg/lib'
[6.983s] Level 1:colcon.colcon_core.shell:create_environment_hook('c_pkg', 'ld_library_path_lib')
[7.034s] INFO:colcon.colcon_core.shell:Creating environment hook '/home/jrlintern/Desktop/CNRS_AIST_Work/CNRS_AIST_Mobile_Shopping_Robot/robot_ws_ros2/install/c_pkg/share/c_pkg/hook/ld_library_path_lib.ps1'
[7.035s] INFO:colcon.colcon_core.shell:Creating environment descriptor '/home/jrlintern/Desktop/CNRS_AIST_Work/CNRS_AIST_Mobile_Shopping_Robot/robot_ws_ros2/install/c_pkg/share/c_pkg/hook/ld_library_path_lib.dsv'
[7.035s] INFO:colcon.colcon_core.shell:Creating environment hook '/home/jrlintern/Desktop/CNRS_AIST_Work/CNRS_AIST_Mobile_Shopping_Robot/robot_ws_ros2/install/c_pkg/share/c_pkg/hook/ld_library_path_lib.sh'
[7.035s] Level 1:colcon.colcon_core.environment:checking '/home/jrlintern/Desktop/CNRS_AIST_Work/CNRS_AIST_Mobile_Shopping_Robot/robot_ws_ros2/install/c_pkg/bin'
[7.035s] Level 1:colcon.colcon_core.environment:checking '/home/jrlintern/Desktop/CNRS_AIST_Work/CNRS_AIST_Mobile_Shopping_Robot/robot_ws_ros2/install/c_pkg/lib/pkgconfig/c_pkg.pc'
[7.036s] Level 1:colcon.colcon_core.environment:checking '/home/jrlintern/Desktop/CNRS_AIST_Work/CNRS_AIST_Mobile_Shopping_Robot/robot_ws_ros2/install/c_pkg/lib/python3.8/site-packages'
[7.036s] Level 1:colcon.colcon_core.shell:create_environment_hook('c_pkg', 'pythonpath')
[7.088s] INFO:colcon.colcon_core.shell:Creating environment hook '/home/jrlintern/Desktop/CNRS_AIST_Work/CNRS_AIST_Mobile_Shopping_Robot/robot_ws_ros2/install/c_pkg/share/c_pkg/hook/pythonpath.ps1'
[7.089s] INFO:colcon.colcon_core.shell:Creating environment descriptor '/home/jrlintern/Desktop/CNRS_AIST_Work/CNRS_AIST_Mobile_Shopping_Robot/robot_ws_ros2/install/c_pkg/share/c_pkg/hook/pythonpath.dsv'
[7.089s] INFO:colcon.colcon_core.shell:Creating environment hook '/home/jrlintern/Desktop/CNRS_AIST_Work/CNRS_AIST_Mobile_Shopping_Robot/robot_ws_ros2/install/c_pkg/share/c_pkg/hook/pythonpath.sh'
[7.090s] Level 1:colcon.colcon_core.environment:checking '/home/jrlintern/Desktop/CNRS_AIST_Work/CNRS_AIST_Mobile_Shopping_Robot/robot_ws_ros2/install/c_pkg/bin'
[7.145s] INFO:colcon.colcon_core.shell:Creating package script '/home/jrlintern/Desktop/CNRS_AIST_Work/CNRS_AIST_Mobile_Shopping_Robot/robot_ws_ros2/install/c_pkg/share/c_pkg/package.ps1'
[7.145s] INFO:colcon.colcon_core.shell:Creating package descriptor '/home/jrlintern/Desktop/CNRS_AIST_Work/CNRS_AIST_Mobile_Shopping_Robot/robot_ws_ros2/install/c_pkg/share/c_pkg/package.dsv'
[7.146s] INFO:colcon.colcon_core.shell:Creating package script '/home/jrlintern/Desktop/CNRS_AIST_Work/CNRS_AIST_Mobile_Shopping_Robot/robot_ws_ros2/install/c_pkg/share/c_pkg/package.sh'
[7.146s] INFO:colcon.colcon_core.shell:Creating package script '/home/jrlintern/Desktop/CNRS_AIST_Work/CNRS_AIST_Mobile_Shopping_Robot/robot_ws_ros2/install/c_pkg/share/c_pkg/package.bash'
[7.147s] INFO:colcon.colcon_core.shell:Creating package script '/home/jrlintern/Desktop/CNRS_AIST_Work/CNRS_AIST_Mobile_Shopping_Robot/robot_ws_ros2/install/c_pkg/share/c_pkg/package.zsh'
[7.147s] Level 1:colcon.colcon_core.environment:create_file_with_runtime_dependencies(/home/jrlintern/Desktop/CNRS_AIST_Work/CNRS_AIST_Mobile_Shopping_Robot/robot_ws_ros2/install/c_pkg/share/colcon-core/packages/c_pkg)
[7.151s] Level 1:colcon.colcon_core.environment:create_environment_scripts_only(ros2_laser_scan_merger)
[7.152s] DEBUG:colcon.colcon_core.event_handler.log_command:Invoked command in '/home/jrlintern/Desktop/CNRS_AIST_Work/CNRS_AIST_Mobile_Shopping_Robot/robot_ws_ros2/build/ros2_laser_scan_merger' returned '0': CMAKE_PREFIX_PATH=${CMAKE_PREFIX_PATH}:/opt/ros/foxy /usr/bin/cmake --install /home/jrlintern/Desktop/CNRS_AIST_Work/CNRS_AIST_Mobile_Shopping_Robot/robot_ws_ros2/build/ros2_laser_scan_merger
[7.228s] Level 1:colcon.colcon_core.environment:checking '/home/jrlintern/Desktop/CNRS_AIST_Work/CNRS_AIST_Mobile_Shopping_Robot/robot_ws_ros2/install/ros2_laser_scan_merger' for CMake module files
[7.229s] Level 1:colcon.colcon_core.environment:checking '/home/jrlintern/Desktop/CNRS_AIST_Work/CNRS_AIST_Mobile_Shopping_Robot/robot_ws_ros2/install/ros2_laser_scan_merger' for CMake config files
[7.229s] Level 1:colcon.colcon_core.shell:create_environment_hook('ros2_laser_scan_merger', 'cmake_prefix_path')
[7.278s] INFO:colcon.colcon_core.shell:Creating environment hook '/home/jrlintern/Desktop/CNRS_AIST_Work/CNRS_AIST_Mobile_Shopping_Robot/robot_ws_ros2/install/ros2_laser_scan_merger/share/ros2_laser_scan_merger/hook/cmake_prefix_path.ps1'
[7.279s] INFO:colcon.colcon_core.shell:Creating environment descriptor '/home/jrlintern/Desktop/CNRS_AIST_Work/CNRS_AIST_Mobile_Shopping_Robot/robot_ws_ros2/install/ros2_laser_scan_merger/share/ros2_laser_scan_merger/hook/cmake_prefix_path.dsv'
[7.279s] INFO:colcon.colcon_core.shell:Creating environment hook '/home/jrlintern/Desktop/CNRS_AIST_Work/CNRS_AIST_Mobile_Shopping_Robot/robot_ws_ros2/install/ros2_laser_scan_merger/share/ros2_laser_scan_merger/hook/cmake_prefix_path.sh'
[7.280s] Level 1:colcon.colcon_core.environment:checking '/home/jrlintern/Desktop/CNRS_AIST_Work/CNRS_AIST_Mobile_Shopping_Robot/robot_ws_ros2/install/ros2_laser_scan_merger/lib'
[7.280s] Level 1:colcon.colcon_core.environment:checking '/home/jrlintern/Desktop/CNRS_AIST_Work/CNRS_AIST_Mobile_Shopping_Robot/robot_ws_ros2/install/ros2_laser_scan_merger/bin'
[7.280s] Level 1:colcon.colcon_core.environment:checking '/home/jrlintern/Desktop/CNRS_AIST_Work/CNRS_AIST_Mobile_Shopping_Robot/robot_ws_ros2/install/ros2_laser_scan_merger/lib/pkgconfig/ros2_laser_scan_merger.pc'
[7.280s] Level 1:colcon.colcon_core.environment:checking '/home/jrlintern/Desktop/CNRS_AIST_Work/CNRS_AIST_Mobile_Shopping_Robot/robot_ws_ros2/install/ros2_laser_scan_merger/lib/python3.8/site-packages'
[7.280s] Level 1:colcon.colcon_core.environment:checking '/home/jrlintern/Desktop/CNRS_AIST_Work/CNRS_AIST_Mobile_Shopping_Robot/robot_ws_ros2/install/ros2_laser_scan_merger/bin'
[7.330s] INFO:colcon.colcon_core.shell:Creating package script '/home/jrlintern/Desktop/CNRS_AIST_Work/CNRS_AIST_Mobile_Shopping_Robot/robot_ws_ros2/install/ros2_laser_scan_merger/share/ros2_laser_scan_merger/package.ps1'
[7.331s] INFO:colcon.colcon_core.shell:Creating package descriptor '/home/jrlintern/Desktop/CNRS_AIST_Work/CNRS_AIST_Mobile_Shopping_Robot/robot_ws_ros2/install/ros2_laser_scan_merger/share/ros2_laser_scan_merger/package.dsv'
[7.331s] INFO:colcon.colcon_core.shell:Creating package script '/home/jrlintern/Desktop/CNRS_AIST_Work/CNRS_AIST_Mobile_Shopping_Robot/robot_ws_ros2/install/ros2_laser_scan_merger/share/ros2_laser_scan_merger/package.sh'
[7.331s] INFO:colcon.colcon_core.shell:Creating package script '/home/jrlintern/Desktop/CNRS_AIST_Work/CNRS_AIST_Mobile_Shopping_Robot/robot_ws_ros2/install/ros2_laser_scan_merger/share/ros2_laser_scan_merger/package.bash'
[7.332s] INFO:colcon.colcon_core.shell:Creating package script '/home/jrlintern/Desktop/CNRS_AIST_Work/CNRS_AIST_Mobile_Shopping_Robot/robot_ws_ros2/install/ros2_laser_scan_merger/share/ros2_laser_scan_merger/package.zsh'
[7.332s] Level 1:colcon.colcon_core.environment:create_file_with_runtime_dependencies(/home/jrlintern/Desktop/CNRS_AIST_Work/CNRS_AIST_Mobile_Shopping_Robot/robot_ws_ros2/install/ros2_laser_scan_merger/share/colcon-core/packages/ros2_laser_scan_merger)
[7.389s] Level 1:colcon.colcon_core.environment:create_environment_scripts_only(pointcloud_to_laserscan)
[7.440s] Level 1:colcon.colcon_core.environment:checking '/home/jrlintern/Desktop/CNRS_AIST_Work/CNRS_AIST_Mobile_Shopping_Robot/robot_ws_ros2/install/pointcloud_to_laserscan' for CMake module files
[7.440s] Level 1:colcon.colcon_core.environment:checking '/home/jrlintern/Desktop/CNRS_AIST_Work/CNRS_AIST_Mobile_Shopping_Robot/robot_ws_ros2/install/pointcloud_to_laserscan' for CMake config files
[7.441s] Level 1:colcon.colcon_core.shell:create_environment_hook('pointcloud_to_laserscan', 'cmake_prefix_path')
[7.491s] INFO:colcon.colcon_core.shell:Creating environment hook '/home/jrlintern/Desktop/CNRS_AIST_Work/CNRS_AIST_Mobile_Shopping_Robot/robot_ws_ros2/install/pointcloud_to_laserscan/share/pointcloud_to_laserscan/hook/cmake_prefix_path.ps1'
[7.492s] INFO:colcon.colcon_core.shell:Creating environment descriptor '/home/jrlintern/Desktop/CNRS_AIST_Work/CNRS_AIST_Mobile_Shopping_Robot/robot_ws_ros2/install/pointcloud_to_laserscan/share/pointcloud_to_laserscan/hook/cmake_prefix_path.dsv'
[7.492s] INFO:colcon.colcon_core.shell:Creating environment hook '/home/jrlintern/Desktop/CNRS_AIST_Work/CNRS_AIST_Mobile_Shopping_Robot/robot_ws_ros2/install/pointcloud_to_laserscan/share/pointcloud_to_laserscan/hook/cmake_prefix_path.sh'
[7.492s] Level 1:colcon.colcon_core.environment:checking '/home/jrlintern/Desktop/CNRS_AIST_Work/CNRS_AIST_Mobile_Shopping_Robot/robot_ws_ros2/install/pointcloud_to_laserscan/lib'
[7.493s] Level 1:colcon.colcon_core.shell:create_environment_hook('pointcloud_to_laserscan', 'ld_library_path_lib')
[7.543s] INFO:colcon.colcon_core.shell:Creating environment hook '/home/jrlintern/Desktop/CNRS_AIST_Work/CNRS_AIST_Mobile_Shopping_Robot/robot_ws_ros2/install/pointcloud_to_laserscan/share/pointcloud_to_laserscan/hook/ld_library_path_lib.ps1'
[7.544s] INFO:colcon.colcon_core.shell:Creating environment descriptor '/home/jrlintern/Desktop/CNRS_AIST_Work/CNRS_AIST_Mobile_Shopping_Robot/robot_ws_ros2/install/pointcloud_to_laserscan/share/pointcloud_to_laserscan/hook/ld_library_path_lib.dsv'
[7.544s] INFO:colcon.colcon_core.shell:Creating environment hook '/home/jrlintern/Desktop/CNRS_AIST_Work/CNRS_AIST_Mobile_Shopping_Robot/robot_ws_ros2/install/pointcloud_to_laserscan/share/pointcloud_to_laserscan/hook/ld_library_path_lib.sh'
[7.544s] Level 1:colcon.colcon_core.environment:checking '/home/jrlintern/Desktop/CNRS_AIST_Work/CNRS_AIST_Mobile_Shopping_Robot/robot_ws_ros2/install/pointcloud_to_laserscan/bin'
[7.545s] Level 1:colcon.colcon_core.environment:checking '/home/jrlintern/Desktop/CNRS_AIST_Work/CNRS_AIST_Mobile_Shopping_Robot/robot_ws_ros2/install/pointcloud_to_laserscan/lib/pkgconfig/pointcloud_to_laserscan.pc'
[7.545s] Level 1:colcon.colcon_core.environment:checking '/home/jrlintern/Desktop/CNRS_AIST_Work/CNRS_AIST_Mobile_Shopping_Robot/robot_ws_ros2/install/pointcloud_to_laserscan/lib/python3.8/site-packages'
[7.545s] Level 1:colcon.colcon_core.environment:checking '/home/jrlintern/Desktop/CNRS_AIST_Work/CNRS_AIST_Mobile_Shopping_Robot/robot_ws_ros2/install/pointcloud_to_laserscan/bin'
[7.594s] INFO:colcon.colcon_core.shell:Creating package script '/home/jrlintern/Desktop/CNRS_AIST_Work/CNRS_AIST_Mobile_Shopping_Robot/robot_ws_ros2/install/pointcloud_to_laserscan/share/pointcloud_to_laserscan/package.ps1'
[7.595s] INFO:colcon.colcon_core.shell:Creating package descriptor '/home/jrlintern/Desktop/CNRS_AIST_Work/CNRS_AIST_Mobile_Shopping_Robot/robot_ws_ros2/install/pointcloud_to_laserscan/share/pointcloud_to_laserscan/package.dsv'
[7.595s] INFO:colcon.colcon_core.shell:Creating package script '/home/jrlintern/Desktop/CNRS_AIST_Work/CNRS_AIST_Mobile_Shopping_Robot/robot_ws_ros2/install/pointcloud_to_laserscan/share/pointcloud_to_laserscan/package.sh'
[7.596s] INFO:colcon.colcon_core.shell:Creating package script '/home/jrlintern/Desktop/CNRS_AIST_Work/CNRS_AIST_Mobile_Shopping_Robot/robot_ws_ros2/install/pointcloud_to_laserscan/share/pointcloud_to_laserscan/package.bash'
[7.596s] INFO:colcon.colcon_core.shell:Creating package script '/home/jrlintern/Desktop/CNRS_AIST_Work/CNRS_AIST_Mobile_Shopping_Robot/robot_ws_ros2/install/pointcloud_to_laserscan/share/pointcloud_to_laserscan/package.zsh'
[7.597s] Level 1:colcon.colcon_core.environment:create_file_with_runtime_dependencies(/home/jrlintern/Desktop/CNRS_AIST_Work/CNRS_AIST_Mobile_Shopping_Robot/robot_ws_ros2/install/pointcloud_to_laserscan/share/colcon-core/packages/pointcloud_to_laserscan)
[7.648s] Level 1:colcon.colcon_core.environment:create_environment_scripts_only(c_pkg)
[7.699s] Level 1:colcon.colcon_core.environment:checking '/home/jrlintern/Desktop/CNRS_AIST_Work/CNRS_AIST_Mobile_Shopping_Robot/robot_ws_ros2/install/c_pkg' for CMake module files
[7.700s] Level 1:colcon.colcon_core.environment:checking '/home/jrlintern/Desktop/CNRS_AIST_Work/CNRS_AIST_Mobile_Shopping_Robot/robot_ws_ros2/install/c_pkg' for CMake config files
[7.701s] Level 1:colcon.colcon_core.shell:create_environment_hook('c_pkg', 'cmake_prefix_path')
[7.752s] INFO:colcon.colcon_core.shell:Creating environment hook '/home/jrlintern/Desktop/CNRS_AIST_Work/CNRS_AIST_Mobile_Shopping_Robot/robot_ws_ros2/install/c_pkg/share/c_pkg/hook/cmake_prefix_path.ps1'
[7.753s] INFO:colcon.colcon_core.shell:Creating environment descriptor '/home/jrlintern/Desktop/CNRS_AIST_Work/CNRS_AIST_Mobile_Shopping_Robot/robot_ws_ros2/install/c_pkg/share/c_pkg/hook/cmake_prefix_path.dsv'
[7.753s] INFO:colcon.colcon_core.shell:Creating environment hook '/home/jrlintern/Desktop/CNRS_AIST_Work/CNRS_AIST_Mobile_Shopping_Robot/robot_ws_ros2/install/c_pkg/share/c_pkg/hook/cmake_prefix_path.sh'
[7.754s] Level 1:colcon.colcon_core.environment:checking '/home/jrlintern/Desktop/CNRS_AIST_Work/CNRS_AIST_Mobile_Shopping_Robot/robot_ws_ros2/install/c_pkg/lib'
[7.754s] Level 1:colcon.colcon_core.shell:create_environment_hook('c_pkg', 'ld_library_path_lib')
[7.804s] INFO:colcon.colcon_core.shell:Creating environment hook '/home/jrlintern/Desktop/CNRS_AIST_Work/CNRS_AIST_Mobile_Shopping_Robot/robot_ws_ros2/install/c_pkg/share/c_pkg/hook/ld_library_path_lib.ps1'
[7.804s] INFO:colcon.colcon_core.shell:Creating environment descriptor '/home/jrlintern/Desktop/CNRS_AIST_Work/CNRS_AIST_Mobile_Shopping_Robot/robot_ws_ros2/install/c_pkg/share/c_pkg/hook/ld_library_path_lib.dsv'
[7.805s] INFO:colcon.colcon_core.shell:Creating environment hook '/home/jrlintern/Desktop/CNRS_AIST_Work/CNRS_AIST_Mobile_Shopping_Robot/robot_ws_ros2/install/c_pkg/share/c_pkg/hook/ld_library_path_lib.sh'
[7.805s] Level 1:colcon.colcon_core.environment:checking '/home/jrlintern/Desktop/CNRS_AIST_Work/CNRS_AIST_Mobile_Shopping_Robot/robot_ws_ros2/install/c_pkg/bin'
[7.805s] Level 1:colcon.colcon_core.environment:checking '/home/jrlintern/Desktop/CNRS_AIST_Work/CNRS_AIST_Mobile_Shopping_Robot/robot_ws_ros2/install/c_pkg/lib/pkgconfig/c_pkg.pc'
[7.805s] Level 1:colcon.colcon_core.environment:checking '/home/jrlintern/Desktop/CNRS_AIST_Work/CNRS_AIST_Mobile_Shopping_Robot/robot_ws_ros2/install/c_pkg/lib/python3.8/site-packages'
[7.805s] Level 1:colcon.colcon_core.shell:create_environment_hook('c_pkg', 'pythonpath')
[7.855s] INFO:colcon.colcon_core.shell:Creating environment hook '/home/jrlintern/Desktop/CNRS_AIST_Work/CNRS_AIST_Mobile_Shopping_Robot/robot_ws_ros2/install/c_pkg/share/c_pkg/hook/pythonpath.ps1'
[7.855s] INFO:colcon.colcon_core.shell:Creating environment descriptor '/home/jrlintern/Desktop/CNRS_AIST_Work/CNRS_AIST_Mobile_Shopping_Robot/robot_ws_ros2/install/c_pkg/share/c_pkg/hook/pythonpath.dsv'
[7.856s] INFO:colcon.colcon_core.shell:Creating environment hook '/home/jrlintern/Desktop/CNRS_AIST_Work/CNRS_AIST_Mobile_Shopping_Robot/robot_ws_ros2/install/c_pkg/share/c_pkg/hook/pythonpath.sh'
[7.856s] Level 1:colcon.colcon_core.environment:checking '/home/jrlintern/Desktop/CNRS_AIST_Work/CNRS_AIST_Mobile_Shopping_Robot/robot_ws_ros2/install/c_pkg/bin'
[7.906s] INFO:colcon.colcon_core.shell:Creating package script '/home/jrlintern/Desktop/CNRS_AIST_Work/CNRS_AIST_Mobile_Shopping_Robot/robot_ws_ros2/install/c_pkg/share/c_pkg/package.ps1'
[7.906s] INFO:colcon.colcon_core.shell:Creating package descriptor '/home/jrlintern/Desktop/CNRS_AIST_Work/CNRS_AIST_Mobile_Shopping_Robot/robot_ws_ros2/install/c_pkg/share/c_pkg/package.dsv'
[7.907s] INFO:colcon.colcon_core.shell:Creating package script '/home/jrlintern/Desktop/CNRS_AIST_Work/CNRS_AIST_Mobile_Shopping_Robot/robot_ws_ros2/install/c_pkg/share/c_pkg/package.sh'
[7.907s] INFO:colcon.colcon_core.shell:Creating package script '/home/jrlintern/Desktop/CNRS_AIST_Work/CNRS_AIST_Mobile_Shopping_Robot/robot_ws_ros2/install/c_pkg/share/c_pkg/package.bash'
[7.908s] INFO:colcon.colcon_core.shell:Creating package script '/home/jrlintern/Desktop/CNRS_AIST_Work/CNRS_AIST_Mobile_Shopping_Robot/robot_ws_ros2/install/c_pkg/share/c_pkg/package.zsh'
[7.908s] Level 1:colcon.colcon_core.environment:create_file_with_runtime_dependencies(/home/jrlintern/Desktop/CNRS_AIST_Work/CNRS_AIST_Mobile_Shopping_Robot/robot_ws_ros2/install/c_pkg/share/colcon-core/packages/c_pkg)
[7.960s] Level 1:colcon.colcon_core.environment:create_environment_scripts_only(ros2_laser_scan_merger)
[8.011s] Level 1:colcon.colcon_core.environment:checking '/home/jrlintern/Desktop/CNRS_AIST_Work/CNRS_AIST_Mobile_Shopping_Robot/robot_ws_ros2/install/ros2_laser_scan_merger' for CMake module files
[8.012s] Level 1:colcon.colcon_core.environment:checking '/home/jrlintern/Desktop/CNRS_AIST_Work/CNRS_AIST_Mobile_Shopping_Robot/robot_ws_ros2/install/ros2_laser_scan_merger' for CMake config files
[8.012s] Level 1:colcon.colcon_core.shell:create_environment_hook('ros2_laser_scan_merger', 'cmake_prefix_path')
[8.064s] INFO:colcon.colcon_core.shell:Creating environment hook '/home/jrlintern/Desktop/CNRS_AIST_Work/CNRS_AIST_Mobile_Shopping_Robot/robot_ws_ros2/install/ros2_laser_scan_merger/share/ros2_laser_scan_merger/hook/cmake_prefix_path.ps1'
[8.065s] INFO:colcon.colcon_core.shell:Creating environment descriptor '/home/jrlintern/Desktop/CNRS_AIST_Work/CNRS_AIST_Mobile_Shopping_Robot/robot_ws_ros2/install/ros2_laser_scan_merger/share/ros2_laser_scan_merger/hook/cmake_prefix_path.dsv'
[8.065s] INFO:colcon.colcon_core.shell:Creating environment hook '/home/jrlintern/Desktop/CNRS_AIST_Work/CNRS_AIST_Mobile_Shopping_Robot/robot_ws_ros2/install/ros2_laser_scan_merger/share/ros2_laser_scan_merger/hook/cmake_prefix_path.sh'
[8.066s] Level 1:colcon.colcon_core.environment:checking '/home/jrlintern/Desktop/CNRS_AIST_Work/CNRS_AIST_Mobile_Shopping_Robot/robot_ws_ros2/install/ros2_laser_scan_merger/lib'
[8.066s] Level 1:colcon.colcon_core.environment:checking '/home/jrlintern/Desktop/CNRS_AIST_Work/CNRS_AIST_Mobile_Shopping_Robot/robot_ws_ros2/install/ros2_laser_scan_merger/bin'
[8.066s] Level 1:colcon.colcon_core.environment:checking '/home/jrlintern/Desktop/CNRS_AIST_Work/CNRS_AIST_Mobile_Shopping_Robot/robot_ws_ros2/install/ros2_laser_scan_merger/lib/pkgconfig/ros2_laser_scan_merger.pc'
[8.066s] Level 1:colcon.colcon_core.environment:checking '/home/jrlintern/Desktop/CNRS_AIST_Work/CNRS_AIST_Mobile_Shopping_Robot/robot_ws_ros2/install/ros2_laser_scan_merger/lib/python3.8/site-packages'
[8.066s] Level 1:colcon.colcon_core.environment:checking '/home/jrlintern/Desktop/CNRS_AIST_Work/CNRS_AIST_Mobile_Shopping_Robot/robot_ws_ros2/install/ros2_laser_scan_merger/bin'
[8.116s] INFO:colcon.colcon_core.shell:Creating package script '/home/jrlintern/Desktop/CNRS_AIST_Work/CNRS_AIST_Mobile_Shopping_Robot/robot_ws_ros2/install/ros2_laser_scan_merger/share/ros2_laser_scan_merger/package.ps1'
[8.116s] INFO:colcon.colcon_core.shell:Creating package descriptor '/home/jrlintern/Desktop/CNRS_AIST_Work/CNRS_AIST_Mobile_Shopping_Robot/robot_ws_ros2/install/ros2_laser_scan_merger/share/ros2_laser_scan_merger/package.dsv'
[8.117s] INFO:colcon.colcon_core.shell:Creating package script '/home/jrlintern/Desktop/CNRS_AIST_Work/CNRS_AIST_Mobile_Shopping_Robot/robot_ws_ros2/install/ros2_laser_scan_merger/share/ros2_laser_scan_merger/package.sh'
[8.117s] INFO:colcon.colcon_core.shell:Creating package script '/home/jrlintern/Desktop/CNRS_AIST_Work/CNRS_AIST_Mobile_Shopping_Robot/robot_ws_ros2/install/ros2_laser_scan_merger/share/ros2_laser_scan_merger/package.bash'
[8.118s] INFO:colcon.colcon_core.shell:Creating package script '/home/jrlintern/Desktop/CNRS_AIST_Work/CNRS_AIST_Mobile_Shopping_Robot/robot_ws_ros2/install/ros2_laser_scan_merger/share/ros2_laser_scan_merger/package.zsh'
[8.118s] Level 1:colcon.colcon_core.environment:create_file_with_runtime_dependencies(/home/jrlintern/Desktop/CNRS_AIST_Work/CNRS_AIST_Mobile_Shopping_Robot/robot_ws_ros2/install/ros2_laser_scan_merger/share/colcon-core/packages/ros2_laser_scan_merger)
[11.198s] DEBUG:colcon.colcon_core.event_handler.log_command:Invoked command in '/home/jrlintern/Desktop/CNRS_AIST_Work/CNRS_AIST_Mobile_Shopping_Robot/robot_ws_ros2/build/laser_scan_merger' returned '0': CMAKE_PREFIX_PATH=${CMAKE_PREFIX_PATH}:/opt/ros/foxy /usr/bin/cmake --build /home/jrlintern/Desktop/CNRS_AIST_Work/CNRS_AIST_Mobile_Shopping_Robot/robot_ws_ros2/build/laser_scan_merger -- -j8 -l8
[11.222s] DEBUG:colcon.colcon_core.event_handler.log_command:Invoking command in '/home/jrlintern/Desktop/CNRS_AIST_Work/CNRS_AIST_Mobile_Shopping_Robot/robot_ws_ros2/build/laser_scan_merger': CMAKE_PREFIX_PATH=${CMAKE_PREFIX_PATH}:/opt/ros/foxy /usr/bin/cmake --install /home/jrlintern/Desktop/CNRS_AIST_Work/CNRS_AIST_Mobile_Shopping_Robot/robot_ws_ros2/build/laser_scan_merger
[11.232s] Level 1:colcon.colcon_core.environment:create_environment_scripts_only(laser_scan_merger)
[11.233s] DEBUG:colcon.colcon_core.event_handler.log_command:Invoked command in '/home/jrlintern/Desktop/CNRS_AIST_Work/CNRS_AIST_Mobile_Shopping_Robot/robot_ws_ros2/build/laser_scan_merger' returned '0': CMAKE_PREFIX_PATH=${CMAKE_PREFIX_PATH}:/opt/ros/foxy /usr/bin/cmake --install /home/jrlintern/Desktop/CNRS_AIST_Work/CNRS_AIST_Mobile_Shopping_Robot/robot_ws_ros2/build/laser_scan_merger
[11.281s] Level 1:colcon.colcon_core.environment:checking '/home/jrlintern/Desktop/CNRS_AIST_Work/CNRS_AIST_Mobile_Shopping_Robot/robot_ws_ros2/install/laser_scan_merger' for CMake module files
[11.281s] Level 1:colcon.colcon_core.environment:checking '/home/jrlintern/Desktop/CNRS_AIST_Work/CNRS_AIST_Mobile_Shopping_Robot/robot_ws_ros2/install/laser_scan_merger' for CMake config files
[11.281s] Level 1:colcon.colcon_core.shell:create_environment_hook('laser_scan_merger', 'cmake_prefix_path')
[11.328s] INFO:colcon.colcon_core.shell:Creating environment hook '/home/jrlintern/Desktop/CNRS_AIST_Work/CNRS_AIST_Mobile_Shopping_Robot/robot_ws_ros2/install/laser_scan_merger/share/laser_scan_merger/hook/cmake_prefix_path.ps1'
[11.329s] INFO:colcon.colcon_core.shell:Creating environment descriptor '/home/jrlintern/Desktop/CNRS_AIST_Work/CNRS_AIST_Mobile_Shopping_Robot/robot_ws_ros2/install/laser_scan_merger/share/laser_scan_merger/hook/cmake_prefix_path.dsv'
[11.329s] INFO:colcon.colcon_core.shell:Creating environment hook '/home/jrlintern/Desktop/CNRS_AIST_Work/CNRS_AIST_Mobile_Shopping_Robot/robot_ws_ros2/install/laser_scan_merger/share/laser_scan_merger/hook/cmake_prefix_path.sh'
[11.330s] Level 1:colcon.colcon_core.environment:checking '/home/jrlintern/Desktop/CNRS_AIST_Work/CNRS_AIST_Mobile_Shopping_Robot/robot_ws_ros2/install/laser_scan_merger/lib'
[11.330s] Level 1:colcon.colcon_core.environment:checking '/home/jrlintern/Desktop/CNRS_AIST_Work/CNRS_AIST_Mobile_Shopping_Robot/robot_ws_ros2/install/laser_scan_merger/bin'
[11.330s] Level 1:colcon.colcon_core.environment:checking '/home/jrlintern/Desktop/CNRS_AIST_Work/CNRS_AIST_Mobile_Shopping_Robot/robot_ws_ros2/install/laser_scan_merger/lib/pkgconfig/laser_scan_merger.pc'
[11.331s] Level 1:colcon.colcon_core.environment:checking '/home/jrlintern/Desktop/CNRS_AIST_Work/CNRS_AIST_Mobile_Shopping_Robot/robot_ws_ros2/install/laser_scan_merger/lib/python3.8/site-packages'
[11.331s] Level 1:colcon.colcon_core.environment:checking '/home/jrlintern/Desktop/CNRS_AIST_Work/CNRS_AIST_Mobile_Shopping_Robot/robot_ws_ros2/install/laser_scan_merger/bin'
[11.378s] INFO:colcon.colcon_core.shell:Creating package script '/home/jrlintern/Desktop/CNRS_AIST_Work/CNRS_AIST_Mobile_Shopping_Robot/robot_ws_ros2/install/laser_scan_merger/share/laser_scan_merger/package.ps1'
[11.379s] INFO:colcon.colcon_core.shell:Creating package descriptor '/home/jrlintern/Desktop/CNRS_AIST_Work/CNRS_AIST_Mobile_Shopping_Robot/robot_ws_ros2/install/laser_scan_merger/share/laser_scan_merger/package.dsv'
[11.379s] INFO:colcon.colcon_core.shell:Creating package script '/home/jrlintern/Desktop/CNRS_AIST_Work/CNRS_AIST_Mobile_Shopping_Robot/robot_ws_ros2/install/laser_scan_merger/share/laser_scan_merger/package.sh'
[11.379s] INFO:colcon.colcon_core.shell:Creating package script '/home/jrlintern/Desktop/CNRS_AIST_Work/CNRS_AIST_Mobile_Shopping_Robot/robot_ws_ros2/install/laser_scan_merger/share/laser_scan_merger/package.bash'
[11.380s] INFO:colcon.colcon_core.shell:Creating package script '/home/jrlintern/Desktop/CNRS_AIST_Work/CNRS_AIST_Mobile_Shopping_Robot/robot_ws_ros2/install/laser_scan_merger/share/laser_scan_merger/package.zsh'
[11.380s] Level 1:colcon.colcon_core.environment:create_file_with_runtime_dependencies(/home/jrlintern/Desktop/CNRS_AIST_Work/CNRS_AIST_Mobile_Shopping_Robot/robot_ws_ros2/install/laser_scan_merger/share/colcon-core/packages/laser_scan_merger)
[11.448s] Level 1:colcon.colcon_core.environment:create_environment_scripts_only(laser_scan_merger)
[11.495s] Level 1:colcon.colcon_core.environment:checking '/home/jrlintern/Desktop/CNRS_AIST_Work/CNRS_AIST_Mobile_Shopping_Robot/robot_ws_ros2/install/laser_scan_merger' for CMake module files
[11.496s] Level 1:colcon.colcon_core.environment:checking '/home/jrlintern/Desktop/CNRS_AIST_Work/CNRS_AIST_Mobile_Shopping_Robot/robot_ws_ros2/install/laser_scan_merger' for CMake config files
[11.496s] Level 1:colcon.colcon_core.shell:create_environment_hook('laser_scan_merger', 'cmake_prefix_path')
[11.543s] INFO:colcon.colcon_core.shell:Creating environment hook '/home/jrlintern/Desktop/CNRS_AIST_Work/CNRS_AIST_Mobile_Shopping_Robot/robot_ws_ros2/install/laser_scan_merger/share/laser_scan_merger/hook/cmake_prefix_path.ps1'
[11.543s] INFO:colcon.colcon_core.shell:Creating environment descriptor '/home/jrlintern/Desktop/CNRS_AIST_Work/CNRS_AIST_Mobile_Shopping_Robot/robot_ws_ros2/install/laser_scan_merger/share/laser_scan_merger/hook/cmake_prefix_path.dsv'
[11.543s] INFO:colcon.colcon_core.shell:Creating environment hook '/home/jrlintern/Desktop/CNRS_AIST_Work/CNRS_AIST_Mobile_Shopping_Robot/robot_ws_ros2/install/laser_scan_merger/share/laser_scan_merger/hook/cmake_prefix_path.sh'
[11.544s] Level 1:colcon.colcon_core.environment:checking '/home/jrlintern/Desktop/CNRS_AIST_Work/CNRS_AIST_Mobile_Shopping_Robot/robot_ws_ros2/install/laser_scan_merger/lib'
[11.544s] Level 1:colcon.colcon_core.environment:checking '/home/jrlintern/Desktop/CNRS_AIST_Work/CNRS_AIST_Mobile_Shopping_Robot/robot_ws_ros2/install/laser_scan_merger/bin'
[11.544s] Level 1:colcon.colcon_core.environment:checking '/home/jrlintern/Desktop/CNRS_AIST_Work/CNRS_AIST_Mobile_Shopping_Robot/robot_ws_ros2/install/laser_scan_merger/lib/pkgconfig/laser_scan_merger.pc'
[11.544s] Level 1:colcon.colcon_core.environment:checking '/home/jrlintern/Desktop/CNRS_AIST_Work/CNRS_AIST_Mobile_Shopping_Robot/robot_ws_ros2/install/laser_scan_merger/lib/python3.8/site-packages'
[11.545s] Level 1:colcon.colcon_core.environment:checking '/home/jrlintern/Desktop/CNRS_AIST_Work/CNRS_AIST_Mobile_Shopping_Robot/robot_ws_ros2/install/laser_scan_merger/bin'
[11.591s] INFO:colcon.colcon_core.shell:Creating package script '/home/jrlintern/Desktop/CNRS_AIST_Work/CNRS_AIST_Mobile_Shopping_Robot/robot_ws_ros2/install/laser_scan_merger/share/laser_scan_merger/package.ps1'
[11.591s] INFO:colcon.colcon_core.shell:Creating package descriptor '/home/jrlintern/Desktop/CNRS_AIST_Work/CNRS_AIST_Mobile_Shopping_Robot/robot_ws_ros2/install/laser_scan_merger/share/laser_scan_merger/package.dsv'
[11.592s] INFO:colcon.colcon_core.shell:Creating package script '/home/jrlintern/Desktop/CNRS_AIST_Work/CNRS_AIST_Mobile_Shopping_Robot/robot_ws_ros2/install/laser_scan_merger/share/laser_scan_merger/package.sh'
[11.592s] INFO:colcon.colcon_core.shell:Creating package script '/home/jrlintern/Desktop/CNRS_AIST_Work/CNRS_AIST_Mobile_Shopping_Robot/robot_ws_ros2/install/laser_scan_merger/share/laser_scan_merger/package.bash'
[11.592s] INFO:colcon.colcon_core.shell:Creating package script '/home/jrlintern/Desktop/CNRS_AIST_Work/CNRS_AIST_Mobile_Shopping_Robot/robot_ws_ros2/install/laser_scan_merger/share/laser_scan_merger/package.zsh'
[11.593s] Level 1:colcon.colcon_core.environment:create_file_with_runtime_dependencies(/home/jrlintern/Desktop/CNRS_AIST_Work/CNRS_AIST_Mobile_Shopping_Robot/robot_ws_ros2/install/laser_scan_merger/share/colcon-core/packages/laser_scan_merger)
[11.593s] DEBUG:colcon.colcon_parallel_executor.executor.parallel:closing loop
[11.593s] DEBUG:colcon.colcon_parallel_executor.executor.parallel:loop closed
[11.593s] DEBUG:colcon.colcon_parallel_executor.executor.parallel:run_until_complete finished with '0'
[11.593s] DEBUG:colcon.colcon_core.event_reactor:joining thread
[11.652s] INFO:colcon.colcon_core.plugin_system:Skipping extension 'colcon_notification.desktop_notification.terminal_notifier': Not used on non-Darwin systems
[11.652s] INFO:colcon.colcon_core.plugin_system:Skipping extension 'colcon_notification.desktop_notification.win32': Not used on non-Windows systems
[11.652s] INFO:colcon.colcon_notification.desktop_notification:Sending desktop notification using 'notify2'
[11.669s] DEBUG:colcon.colcon_core.event_reactor:joined thread
[11.751s] INFO:colcon.colcon_core.shell:Creating prefix script '/home/jrlintern/Desktop/CNRS_AIST_Work/CNRS_AIST_Mobile_Shopping_Robot/robot_ws_ros2/install/local_setup.ps1'
[11.752s] INFO:colcon.colcon_core.shell:Creating prefix util module '/home/jrlintern/Desktop/CNRS_AIST_Work/CNRS_AIST_Mobile_Shopping_Robot/robot_ws_ros2/install/_local_setup_util_ps1.py'
[11.754s] INFO:colcon.colcon_core.shell:Creating prefix chain script '/home/jrlintern/Desktop/CNRS_AIST_Work/CNRS_AIST_Mobile_Shopping_Robot/robot_ws_ros2/install/setup.ps1'
[11.805s] INFO:colcon.colcon_core.shell:Creating prefix script '/home/jrlintern/Desktop/CNRS_AIST_Work/CNRS_AIST_Mobile_Shopping_Robot/robot_ws_ros2/install/local_setup.sh'
[11.806s] INFO:colcon.colcon_core.shell:Creating prefix util module '/home/jrlintern/Desktop/CNRS_AIST_Work/CNRS_AIST_Mobile_Shopping_Robot/robot_ws_ros2/install/_local_setup_util_sh.py'
[11.806s] INFO:colcon.colcon_core.shell:Creating prefix chain script '/home/jrlintern/Desktop/CNRS_AIST_Work/CNRS_AIST_Mobile_Shopping_Robot/robot_ws_ros2/install/setup.sh'
[11.856s] INFO:colcon.colcon_core.shell:Creating prefix script '/home/jrlintern/Desktop/CNRS_AIST_Work/CNRS_AIST_Mobile_Shopping_Robot/robot_ws_ros2/install/local_setup.bash'
[11.856s] INFO:colcon.colcon_core.shell:Creating prefix chain script '/home/jrlintern/Desktop/CNRS_AIST_Work/CNRS_AIST_Mobile_Shopping_Robot/robot_ws_ros2/install/setup.bash'
[11.906s] INFO:colcon.colcon_core.shell:Creating prefix script '/home/jrlintern/Desktop/CNRS_AIST_Work/CNRS_AIST_Mobile_Shopping_Robot/robot_ws_ros2/install/local_setup.zsh'
[11.906s] INFO:colcon.colcon_core.shell:Creating prefix chain script '/home/jrlintern/Desktop/CNRS_AIST_Work/CNRS_AIST_Mobile_Shopping_Robot/robot_ws_ros2/install/setup.zsh'
