[4.448s] Invoking command in '/home/jrlintern/Desktop/CNRS_AIST_Work/CNRS_AIST_Mobile_Shopping_Robot/robot_ws_ros2/build/examples_rclpy_executors': PYTHONPATH=/home/jrlintern/Desktop/CNRS_AIST_Work/CNRS_AIST_Mobile_Shopping_Robot/robot_ws_ros2/build/examples_rclpy_executors/prefix_override:/home/jrlintern/Desktop/CNRS_AIST_Work/CNRS_AIST_Mobile_Shopping_Robot/robot_ws_ros2/install/examples_rclpy_executors/lib/python3.8/site-packages:${PYTHONPATH} /usr/bin/python3 setup.py develop --editable --build-directory /home/jrlintern/Desktop/CNRS_AIST_Work/CNRS_AIST_Mobile_Shopping_Robot/robot_ws_ros2/build/examples_rclpy_executors/build --no-deps install_data
[5.709s] running develop
[5.709s] running egg_info
[5.710s] creating examples_rclpy_executors.egg-info
[5.710s] writing examples_rclpy_executors.egg-info/PKG-INFO
[5.711s] writing dependency_links to examples_rclpy_executors.egg-info/dependency_links.txt
[5.711s] writing entry points to examples_rclpy_executors.egg-info/entry_points.txt
[5.711s] writing requirements to examples_rclpy_executors.egg-info/requires.txt
[5.712s] writing top-level names to examples_rclpy_executors.egg-info/top_level.txt
[5.712s] writing manifest file 'examples_rclpy_executors.egg-info/SOURCES.txt'
[5.713s] reading manifest file 'examples_rclpy_executors.egg-info/SOURCES.txt'
[5.713s] writing manifest file 'examples_rclpy_executors.egg-info/SOURCES.txt'
[5.713s] running build_ext
[5.713s] Creating /home/jrlintern/Desktop/CNRS_AIST_Work/CNRS_AIST_Mobile_Shopping_Robot/robot_ws_ros2/install/examples_rclpy_executors/lib/python3.8/site-packages/site.py
[5.713s] Creating /home/jrlintern/Desktop/CNRS_AIST_Work/CNRS_AIST_Mobile_Shopping_Robot/robot_ws_ros2/install/examples_rclpy_executors/lib/python3.8/site-packages/examples-rclpy-executors.egg-link (link to .)
[5.713s] Installing callback_group script to /home/jrlintern/Desktop/CNRS_AIST_Work/CNRS_AIST_Mobile_Shopping_Robot/robot_ws_ros2/install/examples_rclpy_executors/lib/examples_rclpy_executors
[5.714s] Installing composed script to /home/jrlintern/Desktop/CNRS_AIST_Work/CNRS_AIST_Mobile_Shopping_Robot/robot_ws_ros2/install/examples_rclpy_executors/lib/examples_rclpy_executors
[5.714s] Installing custom_callback_group script to /home/jrlintern/Desktop/CNRS_AIST_Work/CNRS_AIST_Mobile_Shopping_Robot/robot_ws_ros2/install/examples_rclpy_executors/lib/examples_rclpy_executors
[5.714s] Installing custom_executor script to /home/jrlintern/Desktop/CNRS_AIST_Work/CNRS_AIST_Mobile_Shopping_Robot/robot_ws_ros2/install/examples_rclpy_executors/lib/examples_rclpy_executors
[5.714s] Installing listener script to /home/jrlintern/Desktop/CNRS_AIST_Work/CNRS_AIST_Mobile_Shopping_Robot/robot_ws_ros2/install/examples_rclpy_executors/lib/examples_rclpy_executors
[5.714s] Installing talker script to /home/jrlintern/Desktop/CNRS_AIST_Work/CNRS_AIST_Mobile_Shopping_Robot/robot_ws_ros2/install/examples_rclpy_executors/lib/examples_rclpy_executors
[5.715s] 
[5.715s] Installed /home/jrlintern/Desktop/CNRS_AIST_Work/CNRS_AIST_Mobile_Shopping_Robot/robot_ws_ros2/build/examples_rclpy_executors
[5.715s] running install_data
[5.715s] creating /home/jrlintern/Desktop/CNRS_AIST_Work/CNRS_AIST_Mobile_Shopping_Robot/robot_ws_ros2/install/examples_rclpy_executors/share/ament_index
[5.715s] creating /home/jrlintern/Desktop/CNRS_AIST_Work/CNRS_AIST_Mobile_Shopping_Robot/robot_ws_ros2/install/examples_rclpy_executors/share/ament_index/resource_index
[5.715s] creating /home/jrlintern/Desktop/CNRS_AIST_Work/CNRS_AIST_Mobile_Shopping_Robot/robot_ws_ros2/install/examples_rclpy_executors/share/ament_index/resource_index/packages
[5.716s] copying resource/examples_rclpy_executors -> /home/jrlintern/Desktop/CNRS_AIST_Work/CNRS_AIST_Mobile_Shopping_Robot/robot_ws_ros2/install/examples_rclpy_executors/share/ament_index/resource_index/packages
[5.716s] copying package.xml -> /home/jrlintern/Desktop/CNRS_AIST_Work/CNRS_AIST_Mobile_Shopping_Robot/robot_ws_ros2/install/examples_rclpy_executors/share/examples_rclpy_executors
[5.873s] Invoked command in '/home/jrlintern/Desktop/CNRS_AIST_Work/CNRS_AIST_Mobile_Shopping_Robot/robot_ws_ros2/build/examples_rclpy_executors' returned '0': PYTHONPATH=/home/jrlintern/Desktop/CNRS_AIST_Work/CNRS_AIST_Mobile_Shopping_Robot/robot_ws_ros2/build/examples_rclpy_executors/prefix_override:/home/jrlintern/Desktop/CNRS_AIST_Work/CNRS_AIST_Mobile_Shopping_Robot/robot_ws_ros2/install/examples_rclpy_executors/lib/python3.8/site-packages:${PYTHONPATH} /usr/bin/python3 setup.py develop --editable --build-directory /home/jrlintern/Desktop/CNRS_AIST_Work/CNRS_AIST_Mobile_Shopping_Robot/robot_ws_ros2/build/examples_rclpy_executors/build --no-deps install_data
