[4.015s] DEBUG:colcon:Command line arguments: ['/usr/bin/colcon', 'build']
[4.016s] DEBUG:colcon:Parsed command line arguments: Namespace(allow_overriding=[], ament_cmake_args=None, base_paths=['.'], build_base='build', catkin_cmake_args=None, catkin_skip_building_tests=False, cmake_args=None, cmake_clean_cache=False, cmake_clean_first=False, cmake_force_configure=False, cmake_target=None, cmake_target_skip_unavailable=False, continue_on_error=False, event_handlers=None, executor='parallel', ignore_user_meta=False, install_base='install', log_base=None, log_level=None, main=<bound method BuildVerb.main of <colcon_core.verb.build.BuildVerb object at 0x7f9aeb221130>>, merge_install=False, metas=['./colcon.meta'], packages_above=None, packages_above_and_dependencies=None, packages_above_depth=None, packages_end=None, packages_ignore=None, packages_ignore_regex=None, packages_select=None, packages_select_build_failed=False, packages_select_by_dep=None, packages_select_regex=None, packages_select_test_failures=False, packages_skip=None, packages_skip_build_finished=False, packages_skip_by_dep=None, packages_skip_regex=None, packages_skip_test_passed=False, packages_skip_up_to=None, packages_start=None, packages_up_to=None, packages_up_to_regex=None, parallel_workers=8, paths=None, symlink_install=False, test_result_base=None, verb_extension=<colcon_core.verb.build.BuildVerb object at 0x7f9aeb221130>, verb_name='build', verb_parser=<colcon_defaults.argument_parser.defaults.DefaultArgumentsDecorator object at 0x7f9aeaefcee0>)
[4.285s] Level 1:colcon.colcon_core.package_discovery:discover_packages(colcon_meta) check parameters
[4.285s] Level 1:colcon.colcon_core.package_discovery:discover_packages(recursive) check parameters
[4.285s] Level 1:colcon.colcon_core.package_discovery:discover_packages(ignore) check parameters
[4.285s] Level 1:colcon.colcon_core.package_discovery:discover_packages(path) check parameters
[4.285s] Level 1:colcon.colcon_core.package_discovery:discover_packages(colcon_meta) discover
[4.286s] Level 1:colcon.colcon_core.package_discovery:discover_packages(recursive) discover
[4.286s] INFO:colcon.colcon_core.package_discovery:Crawling recursively for packages in '/home/jrlintern/Desktop/CNRS_AIST_Work/CNRS_AIST_Mobile_Shopping_Robot/robot_ws_ros2'
[4.286s] Level 1:colcon.colcon_core.package_identification:_identify(.) by extensions ['ignore', 'ignore_ament_install']
[4.286s] Level 1:colcon.colcon_core.package_identification:_identify(.) by extension 'ignore'
[4.286s] Level 1:colcon.colcon_core.package_identification:_identify(.) by extension 'ignore_ament_install'
[4.286s] Level 1:colcon.colcon_core.package_identification:_identify(.) by extensions ['colcon_pkg']
[4.286s] Level 1:colcon.colcon_core.package_identification:_identify(.) by extension 'colcon_pkg'
[4.286s] Level 1:colcon.colcon_core.package_identification:_identify(.) by extensions ['colcon_meta']
[4.286s] Level 1:colcon.colcon_core.package_identification:_identify(.) by extension 'colcon_meta'
[4.286s] Level 1:colcon.colcon_core.package_identification:_identify(.) by extensions ['ros']
[4.286s] Level 1:colcon.colcon_core.package_identification:_identify(.) by extension 'ros'
[4.300s] Level 1:colcon.colcon_core.package_identification:_identify(.) by extensions ['cmake', 'python']
[4.300s] Level 1:colcon.colcon_core.package_identification:_identify(.) by extension 'cmake'
[4.300s] Level 1:colcon.colcon_core.package_identification:_identify(.) by extension 'python'
[4.300s] Level 1:colcon.colcon_core.package_identification:_identify(.) by extensions ['python_setup_py']
[4.300s] Level 1:colcon.colcon_core.package_identification:_identify(.) by extension 'python_setup_py'
[4.301s] Level 1:colcon.colcon_core.package_identification:_identify(build) by extensions ['ignore', 'ignore_ament_install']
[4.301s] Level 1:colcon.colcon_core.package_identification:_identify(build) by extension 'ignore'
[4.301s] Level 1:colcon.colcon_core.package_identification:_identify(build) ignored
[4.301s] Level 1:colcon.colcon_core.package_identification:_identify(install) by extensions ['ignore', 'ignore_ament_install']
[4.301s] Level 1:colcon.colcon_core.package_identification:_identify(install) by extension 'ignore'
[4.301s] Level 1:colcon.colcon_core.package_identification:_identify(install) ignored
[4.301s] Level 1:colcon.colcon_core.package_identification:_identify(log) by extensions ['ignore', 'ignore_ament_install']
[4.302s] Level 1:colcon.colcon_core.package_identification:_identify(log) by extension 'ignore'
[4.302s] Level 1:colcon.colcon_core.package_identification:_identify(log) ignored
[4.302s] Level 1:colcon.colcon_core.package_identification:_identify(src) by extensions ['ignore', 'ignore_ament_install']
[4.302s] Level 1:colcon.colcon_core.package_identification:_identify(src) by extension 'ignore'
[4.302s] Level 1:colcon.colcon_core.package_identification:_identify(src) by extension 'ignore_ament_install'
[4.302s] Level 1:colcon.colcon_core.package_identification:_identify(src) by extensions ['colcon_pkg']
[4.302s] Level 1:colcon.colcon_core.package_identification:_identify(src) by extension 'colcon_pkg'
[4.302s] Level 1:colcon.colcon_core.package_identification:_identify(src) by extensions ['colcon_meta']
[4.302s] Level 1:colcon.colcon_core.package_identification:_identify(src) by extension 'colcon_meta'
[4.302s] Level 1:colcon.colcon_core.package_identification:_identify(src) by extensions ['ros']
[4.302s] Level 1:colcon.colcon_core.package_identification:_identify(src) by extension 'ros'
[4.302s] Level 1:colcon.colcon_core.package_identification:_identify(src) by extensions ['cmake', 'python']
[4.302s] Level 1:colcon.colcon_core.package_identification:_identify(src) by extension 'cmake'
[4.302s] Level 1:colcon.colcon_core.package_identification:_identify(src) by extension 'python'
[4.302s] Level 1:colcon.colcon_core.package_identification:_identify(src) by extensions ['python_setup_py']
[4.302s] Level 1:colcon.colcon_core.package_identification:_identify(src) by extension 'python_setup_py'
[4.302s] Level 1:colcon.colcon_core.package_identification:_identify(src/c_pkg) by extensions ['ignore', 'ignore_ament_install']
[4.302s] Level 1:colcon.colcon_core.package_identification:_identify(src/c_pkg) by extension 'ignore'
[4.302s] Level 1:colcon.colcon_core.package_identification:_identify(src/c_pkg) by extension 'ignore_ament_install'
[4.303s] Level 1:colcon.colcon_core.package_identification:_identify(src/c_pkg) by extensions ['colcon_pkg']
[4.303s] Level 1:colcon.colcon_core.package_identification:_identify(src/c_pkg) by extension 'colcon_pkg'
[4.303s] Level 1:colcon.colcon_core.package_identification:_identify(src/c_pkg) by extensions ['colcon_meta']
[4.303s] Level 1:colcon.colcon_core.package_identification:_identify(src/c_pkg) by extension 'colcon_meta'
[4.303s] Level 1:colcon.colcon_core.package_identification:_identify(src/c_pkg) by extensions ['ros']
[4.303s] Level 1:colcon.colcon_core.package_identification:_identify(src/c_pkg) by extension 'ros'
[4.305s] DEBUG:colcon.colcon_core.package_identification:Package 'src/c_pkg' with type 'ros.ament_cmake' and name 'c_pkg'
[4.305s] Level 1:colcon.colcon_core.package_identification:_identify(src/laser_scan_merger) by extensions ['ignore', 'ignore_ament_install']
[4.305s] Level 1:colcon.colcon_core.package_identification:_identify(src/laser_scan_merger) by extension 'ignore'
[4.305s] Level 1:colcon.colcon_core.package_identification:_identify(src/laser_scan_merger) by extension 'ignore_ament_install'
[4.305s] Level 1:colcon.colcon_core.package_identification:_identify(src/laser_scan_merger) by extensions ['colcon_pkg']
[4.305s] Level 1:colcon.colcon_core.package_identification:_identify(src/laser_scan_merger) by extension 'colcon_pkg'
[4.305s] Level 1:colcon.colcon_core.package_identification:_identify(src/laser_scan_merger) by extensions ['colcon_meta']
[4.305s] Level 1:colcon.colcon_core.package_identification:_identify(src/laser_scan_merger) by extension 'colcon_meta'
[4.305s] Level 1:colcon.colcon_core.package_identification:_identify(src/laser_scan_merger) by extensions ['ros']
[4.306s] Level 1:colcon.colcon_core.package_identification:_identify(src/laser_scan_merger) by extension 'ros'
[4.306s] DEBUG:colcon.colcon_core.package_identification:Package 'src/laser_scan_merger' with type 'ros.ament_cmake' and name 'laser_scan_merger'
[4.306s] Level 1:colcon.colcon_core.package_identification:_identify(src/nav2_simu) by extensions ['ignore', 'ignore_ament_install']
[4.306s] Level 1:colcon.colcon_core.package_identification:_identify(src/nav2_simu) by extension 'ignore'
[4.306s] Level 1:colcon.colcon_core.package_identification:_identify(src/nav2_simu) by extension 'ignore_ament_install'
[4.306s] Level 1:colcon.colcon_core.package_identification:_identify(src/nav2_simu) by extensions ['colcon_pkg']
[4.306s] Level 1:colcon.colcon_core.package_identification:_identify(src/nav2_simu) by extension 'colcon_pkg'
[4.306s] Level 1:colcon.colcon_core.package_identification:_identify(src/nav2_simu) by extensions ['colcon_meta']
[4.306s] Level 1:colcon.colcon_core.package_identification:_identify(src/nav2_simu) by extension 'colcon_meta'
[4.306s] Level 1:colcon.colcon_core.package_identification:_identify(src/nav2_simu) by extensions ['ros']
[4.306s] Level 1:colcon.colcon_core.package_identification:_identify(src/nav2_simu) by extension 'ros'
[4.307s] DEBUG:colcon.colcon_core.package_identification:Package 'src/nav2_simu' with type 'ros.ament_cmake' and name 'nav2_simu'
[4.307s] Level 1:colcon.colcon_core.package_identification:_identify(src/pointcloud_to_laserscan) by extensions ['ignore', 'ignore_ament_install']
[4.307s] Level 1:colcon.colcon_core.package_identification:_identify(src/pointcloud_to_laserscan) by extension 'ignore'
[4.307s] Level 1:colcon.colcon_core.package_identification:_identify(src/pointcloud_to_laserscan) by extension 'ignore_ament_install'
[4.307s] Level 1:colcon.colcon_core.package_identification:_identify(src/pointcloud_to_laserscan) by extensions ['colcon_pkg']
[4.307s] Level 1:colcon.colcon_core.package_identification:_identify(src/pointcloud_to_laserscan) by extension 'colcon_pkg'
[4.307s] Level 1:colcon.colcon_core.package_identification:_identify(src/pointcloud_to_laserscan) by extensions ['colcon_meta']
[4.307s] Level 1:colcon.colcon_core.package_identification:_identify(src/pointcloud_to_laserscan) by extension 'colcon_meta'
[4.307s] Level 1:colcon.colcon_core.package_identification:_identify(src/pointcloud_to_laserscan) by extensions ['ros']
[4.307s] Level 1:colcon.colcon_core.package_identification:_identify(src/pointcloud_to_laserscan) by extension 'ros'
[4.308s] DEBUG:colcon.colcon_core.package_identification:Package 'src/pointcloud_to_laserscan' with type 'ros.ament_cmake' and name 'pointcloud_to_laserscan'
[4.309s] Level 1:colcon.colcon_core.package_identification:_identify(src/ros2_laser_scan_merger) by extensions ['ignore', 'ignore_ament_install']
[4.309s] Level 1:colcon.colcon_core.package_identification:_identify(src/ros2_laser_scan_merger) by extension 'ignore'
[4.309s] Level 1:colcon.colcon_core.package_identification:_identify(src/ros2_laser_scan_merger) by extension 'ignore_ament_install'
[4.309s] Level 1:colcon.colcon_core.package_identification:_identify(src/ros2_laser_scan_merger) by extensions ['colcon_pkg']
[4.309s] Level 1:colcon.colcon_core.package_identification:_identify(src/ros2_laser_scan_merger) by extension 'colcon_pkg'
[4.309s] Level 1:colcon.colcon_core.package_identification:_identify(src/ros2_laser_scan_merger) by extensions ['colcon_meta']
[4.309s] Level 1:colcon.colcon_core.package_identification:_identify(src/ros2_laser_scan_merger) by extension 'colcon_meta'
[4.309s] Level 1:colcon.colcon_core.package_identification:_identify(src/ros2_laser_scan_merger) by extensions ['ros']
[4.309s] Level 1:colcon.colcon_core.package_identification:_identify(src/ros2_laser_scan_merger) by extension 'ros'
[4.310s] DEBUG:colcon.colcon_core.package_identification:Package 'src/ros2_laser_scan_merger' with type 'ros.ament_cmake' and name 'ros2_laser_scan_merger'
[4.310s] Level 1:colcon.colcon_core.package_discovery:discover_packages(recursive) using defaults
[4.310s] Level 1:colcon.colcon_core.package_discovery:discover_packages(ignore) discover
[4.310s] Level 1:colcon.colcon_core.package_discovery:discover_packages(ignore) using defaults
[4.310s] Level 1:colcon.colcon_core.package_discovery:discover_packages(path) discover
[4.310s] Level 1:colcon.colcon_core.package_discovery:discover_packages(path) using defaults
[4.540s] Level 1:colcon.colcon_core.package_discovery:discover_packages(prefix_path) check parameters
[4.540s] Level 1:colcon.colcon_core.package_discovery:discover_packages(prefix_path) discover
[4.636s] DEBUG:colcon.colcon_installed_package_information.package_discovery:Found 1 installed packages in /home/jrlintern/Desktop/CNRS_AIST_Work/CNRS_AIST_Nav2_ROS2_pkg_tutorial/install
[4.679s] DEBUG:colcon.colcon_installed_package_information.package_discovery:Found 5 installed packages in /home/jrlintern/Desktop/CNRS_AIST_Work/CNRS_AIST_Mobile_Shopping_Robot/robot_ws_ros2/install
[4.724s] DEBUG:colcon.colcon_installed_package_information.package_discovery:Found 306 installed packages in /opt/ros/foxy
[4.725s] Level 1:colcon.colcon_core.package_discovery:discover_packages(prefix_path) using defaults
[4.888s] Level 5:colcon.colcon_core.verb:set package 'c_pkg' build argument 'cmake_args' from command line to 'None'
[4.888s] Level 5:colcon.colcon_core.verb:set package 'c_pkg' build argument 'cmake_target' from command line to 'None'
[4.888s] Level 5:colcon.colcon_core.verb:set package 'c_pkg' build argument 'cmake_target_skip_unavailable' from command line to 'False'
[4.888s] Level 5:colcon.colcon_core.verb:set package 'c_pkg' build argument 'cmake_clean_cache' from command line to 'False'
[4.888s] Level 5:colcon.colcon_core.verb:set package 'c_pkg' build argument 'cmake_clean_first' from command line to 'False'
[4.888s] Level 5:colcon.colcon_core.verb:set package 'c_pkg' build argument 'cmake_force_configure' from command line to 'False'
[4.888s] Level 5:colcon.colcon_core.verb:set package 'c_pkg' build argument 'ament_cmake_args' from command line to 'None'
[4.888s] Level 5:colcon.colcon_core.verb:set package 'c_pkg' build argument 'catkin_cmake_args' from command line to 'None'
[4.888s] Level 5:colcon.colcon_core.verb:set package 'c_pkg' build argument 'catkin_skip_building_tests' from command line to 'False'
[4.888s] DEBUG:colcon.colcon_core.verb:Building package 'c_pkg' with the following arguments: {'ament_cmake_args': None, 'build_base': '/home/jrlintern/Desktop/CNRS_AIST_Work/CNRS_AIST_Mobile_Shopping_Robot/robot_ws_ros2/build/c_pkg', 'catkin_cmake_args': None, 'catkin_skip_building_tests': False, 'cmake_args': None, 'cmake_clean_cache': False, 'cmake_clean_first': False, 'cmake_force_configure': False, 'cmake_target': None, 'cmake_target_skip_unavailable': False, 'install_base': '/home/jrlintern/Desktop/CNRS_AIST_Work/CNRS_AIST_Mobile_Shopping_Robot/robot_ws_ros2/install/c_pkg', 'merge_install': False, 'path': '/home/jrlintern/Desktop/CNRS_AIST_Work/CNRS_AIST_Mobile_Shopping_Robot/robot_ws_ros2/src/c_pkg', 'symlink_install': False, 'test_result_base': None}
[4.931s] Level 5:colcon.colcon_core.verb:set package 'laser_scan_merger' build argument 'cmake_args' from command line to 'None'
[4.932s] Level 5:colcon.colcon_core.verb:set package 'laser_scan_merger' build argument 'cmake_target' from command line to 'None'
[4.932s] Level 5:colcon.colcon_core.verb:set package 'laser_scan_merger' build argument 'cmake_target_skip_unavailable' from command line to 'False'
[4.932s] Level 5:colcon.colcon_core.verb:set package 'laser_scan_merger' build argument 'cmake_clean_cache' from command line to 'False'
[4.932s] Level 5:colcon.colcon_core.verb:set package 'laser_scan_merger' build argument 'cmake_clean_first' from command line to 'False'
[4.932s] Level 5:colcon.colcon_core.verb:set package 'laser_scan_merger' build argument 'cmake_force_configure' from command line to 'False'
[4.932s] Level 5:colcon.colcon_core.verb:set package 'laser_scan_merger' build argument 'ament_cmake_args' from command line to 'None'
[4.932s] Level 5:colcon.colcon_core.verb:set package 'laser_scan_merger' build argument 'catkin_cmake_args' from command line to 'None'
[4.932s] Level 5:colcon.colcon_core.verb:set package 'laser_scan_merger' build argument 'catkin_skip_building_tests' from command line to 'False'
[4.932s] DEBUG:colcon.colcon_core.verb:Building package 'laser_scan_merger' with the following arguments: {'ament_cmake_args': None, 'build_base': '/home/jrlintern/Desktop/CNRS_AIST_Work/CNRS_AIST_Mobile_Shopping_Robot/robot_ws_ros2/build/laser_scan_merger', 'catkin_cmake_args': None, 'catkin_skip_building_tests': False, 'cmake_args': None, 'cmake_clean_cache': False, 'cmake_clean_first': False, 'cmake_force_configure': False, 'cmake_target': None, 'cmake_target_skip_unavailable': False, 'install_base': '/home/jrlintern/Desktop/CNRS_AIST_Work/CNRS_AIST_Mobile_Shopping_Robot/robot_ws_ros2/install/laser_scan_merger', 'merge_install': False, 'path': '/home/jrlintern/Desktop/CNRS_AIST_Work/CNRS_AIST_Mobile_Shopping_Robot/robot_ws_ros2/src/laser_scan_merger', 'symlink_install': False, 'test_result_base': None}
[4.974s] Level 5:colcon.colcon_core.verb:set package 'nav2_simu' build argument 'cmake_args' from command line to 'None'
[4.974s] Level 5:colcon.colcon_core.verb:set package 'nav2_simu' build argument 'cmake_target' from command line to 'None'
[4.974s] Level 5:colcon.colcon_core.verb:set package 'nav2_simu' build argument 'cmake_target_skip_unavailable' from command line to 'False'
[4.974s] Level 5:colcon.colcon_core.verb:set package 'nav2_simu' build argument 'cmake_clean_cache' from command line to 'False'
[4.974s] Level 5:colcon.colcon_core.verb:set package 'nav2_simu' build argument 'cmake_clean_first' from command line to 'False'
[4.974s] Level 5:colcon.colcon_core.verb:set package 'nav2_simu' build argument 'cmake_force_configure' from command line to 'False'
[4.974s] Level 5:colcon.colcon_core.verb:set package 'nav2_simu' build argument 'ament_cmake_args' from command line to 'None'
[4.974s] Level 5:colcon.colcon_core.verb:set package 'nav2_simu' build argument 'catkin_cmake_args' from command line to 'None'
[4.974s] Level 5:colcon.colcon_core.verb:set package 'nav2_simu' build argument 'catkin_skip_building_tests' from command line to 'False'
[4.974s] DEBUG:colcon.colcon_core.verb:Building package 'nav2_simu' with the following arguments: {'ament_cmake_args': None, 'build_base': '/home/jrlintern/Desktop/CNRS_AIST_Work/CNRS_AIST_Mobile_Shopping_Robot/robot_ws_ros2/build/nav2_simu', 'catkin_cmake_args': None, 'catkin_skip_building_tests': False, 'cmake_args': None, 'cmake_clean_cache': False, 'cmake_clean_first': False, 'cmake_force_configure': False, 'cmake_target': None, 'cmake_target_skip_unavailable': False, 'install_base': '/home/jrlintern/Desktop/CNRS_AIST_Work/CNRS_AIST_Mobile_Shopping_Robot/robot_ws_ros2/install/nav2_simu', 'merge_install': False, 'path': '/home/jrlintern/Desktop/CNRS_AIST_Work/CNRS_AIST_Mobile_Shopping_Robot/robot_ws_ros2/src/nav2_simu', 'symlink_install': False, 'test_result_base': None}
[5.017s] Level 5:colcon.colcon_core.verb:set package 'pointcloud_to_laserscan' build argument 'cmake_args' from command line to 'None'
[5.017s] Level 5:colcon.colcon_core.verb:set package 'pointcloud_to_laserscan' build argument 'cmake_target' from command line to 'None'
[5.017s] Level 5:colcon.colcon_core.verb:set package 'pointcloud_to_laserscan' build argument 'cmake_target_skip_unavailable' from command line to 'False'
[5.017s] Level 5:colcon.colcon_core.verb:set package 'pointcloud_to_laserscan' build argument 'cmake_clean_cache' from command line to 'False'
[5.017s] Level 5:colcon.colcon_core.verb:set package 'pointcloud_to_laserscan' build argument 'cmake_clean_first' from command line to 'False'
[5.017s] Level 5:colcon.colcon_core.verb:set package 'pointcloud_to_laserscan' build argument 'cmake_force_configure' from command line to 'False'
[5.017s] Level 5:colcon.colcon_core.verb:set package 'pointcloud_to_laserscan' build argument 'ament_cmake_args' from command line to 'None'
[5.017s] Level 5:colcon.colcon_core.verb:set package 'pointcloud_to_laserscan' build argument 'catkin_cmake_args' from command line to 'None'
[5.017s] Level 5:colcon.colcon_core.verb:set package 'pointcloud_to_laserscan' build argument 'catkin_skip_building_tests' from command line to 'False'
[5.017s] DEBUG:colcon.colcon_core.verb:Building package 'pointcloud_to_laserscan' with the following arguments: {'ament_cmake_args': None, 'build_base': '/home/jrlintern/Desktop/CNRS_AIST_Work/CNRS_AIST_Mobile_Shopping_Robot/robot_ws_ros2/build/pointcloud_to_laserscan', 'catkin_cmake_args': None, 'catkin_skip_building_tests': False, 'cmake_args': None, 'cmake_clean_cache': False, 'cmake_clean_first': False, 'cmake_force_configure': False, 'cmake_target': None, 'cmake_target_skip_unavailable': False, 'install_base': '/home/jrlintern/Desktop/CNRS_AIST_Work/CNRS_AIST_Mobile_Shopping_Robot/robot_ws_ros2/install/pointcloud_to_laserscan', 'merge_install': False, 'path': '/home/jrlintern/Desktop/CNRS_AIST_Work/CNRS_AIST_Mobile_Shopping_Robot/robot_ws_ros2/src/pointcloud_to_laserscan', 'symlink_install': False, 'test_result_base': None}
[5.070s] Level 5:colcon.colcon_core.verb:set package 'ros2_laser_scan_merger' build argument 'cmake_args' from command line to 'None'
[5.070s] Level 5:colcon.colcon_core.verb:set package 'ros2_laser_scan_merger' build argument 'cmake_target' from command line to 'None'
[5.070s] Level 5:colcon.colcon_core.verb:set package 'ros2_laser_scan_merger' build argument 'cmake_target_skip_unavailable' from command line to 'False'
[5.070s] Level 5:colcon.colcon_core.verb:set package 'ros2_laser_scan_merger' build argument 'cmake_clean_cache' from command line to 'False'
[5.070s] Level 5:colcon.colcon_core.verb:set package 'ros2_laser_scan_merger' build argument 'cmake_clean_first' from command line to 'False'
[5.070s] Level 5:colcon.colcon_core.verb:set package 'ros2_laser_scan_merger' build argument 'cmake_force_configure' from command line to 'False'
[5.070s] Level 5:colcon.colcon_core.verb:set package 'ros2_laser_scan_merger' build argument 'ament_cmake_args' from command line to 'None'
[5.070s] Level 5:colcon.colcon_core.verb:set package 'ros2_laser_scan_merger' build argument 'catkin_cmake_args' from command line to 'None'
[5.070s] Level 5:colcon.colcon_core.verb:set package 'ros2_laser_scan_merger' build argument 'catkin_skip_building_tests' from command line to 'False'
[5.070s] DEBUG:colcon.colcon_core.verb:Building package 'ros2_laser_scan_merger' with the following arguments: {'ament_cmake_args': None, 'build_base': '/home/jrlintern/Desktop/CNRS_AIST_Work/CNRS_AIST_Mobile_Shopping_Robot/robot_ws_ros2/build/ros2_laser_scan_merger', 'catkin_cmake_args': None, 'catkin_skip_building_tests': False, 'cmake_args': None, 'cmake_clean_cache': False, 'cmake_clean_first': False, 'cmake_force_configure': False, 'cmake_target': None, 'cmake_target_skip_unavailable': False, 'install_base': '/home/jrlintern/Desktop/CNRS_AIST_Work/CNRS_AIST_Mobile_Shopping_Robot/robot_ws_ros2/install/ros2_laser_scan_merger', 'merge_install': False, 'path': '/home/jrlintern/Desktop/CNRS_AIST_Work/CNRS_AIST_Mobile_Shopping_Robot/robot_ws_ros2/src/ros2_laser_scan_merger', 'symlink_install': False, 'test_result_base': None}
[5.113s] INFO:colcon.colcon_core.executor:Executing jobs using 'parallel' executor
[5.156s] DEBUG:colcon.colcon_parallel_executor.executor.parallel:run_until_complete
[5.156s] INFO:colcon.colcon_ros.task.ament_cmake.build:Building ROS package in '/home/jrlintern/Desktop/CNRS_AIST_Work/CNRS_AIST_Mobile_Shopping_Robot/robot_ws_ros2/src/c_pkg' with build type 'ament_cmake'
[5.156s] INFO:colcon.colcon_cmake.task.cmake.build:Building CMake package in '/home/jrlintern/Desktop/CNRS_AIST_Work/CNRS_AIST_Mobile_Shopping_Robot/robot_ws_ros2/src/c_pkg'
[5.203s] INFO:colcon.colcon_core.plugin_system:Skipping extension 'colcon_core.shell.bat': Not used on non-Windows systems
[5.203s] INFO:colcon.colcon_core.shell:Skip shell extension 'powershell' for command environment: Not usable outside of PowerShell
[5.203s] DEBUG:colcon.colcon_core.shell:Skip shell extension 'dsv' for command environment
[5.443s] INFO:colcon.colcon_ros.task.ament_cmake.build:Building ROS package in '/home/jrlintern/Desktop/CNRS_AIST_Work/CNRS_AIST_Mobile_Shopping_Robot/robot_ws_ros2/src/laser_scan_merger' with build type 'ament_cmake'
[5.444s] INFO:colcon.colcon_cmake.task.cmake.build:Building CMake package in '/home/jrlintern/Desktop/CNRS_AIST_Work/CNRS_AIST_Mobile_Shopping_Robot/robot_ws_ros2/src/laser_scan_merger'
[5.511s] INFO:colcon.colcon_core.shell:Skip shell extension 'powershell' for command environment: Not usable outside of PowerShell
[5.511s] DEBUG:colcon.colcon_core.shell:Skip shell extension 'dsv' for command environment
[5.753s] INFO:colcon.colcon_ros.task.ament_cmake.build:Building ROS package in '/home/jrlintern/Desktop/CNRS_AIST_Work/CNRS_AIST_Mobile_Shopping_Robot/robot_ws_ros2/src/nav2_simu' with build type 'ament_cmake'
[5.754s] INFO:colcon.colcon_cmake.task.cmake.build:Building CMake package in '/home/jrlintern/Desktop/CNRS_AIST_Work/CNRS_AIST_Mobile_Shopping_Robot/robot_ws_ros2/src/nav2_simu'
[5.806s] INFO:colcon.colcon_core.shell:Skip shell extension 'powershell' for command environment: Not usable outside of PowerShell
[5.806s] DEBUG:colcon.colcon_core.shell:Skip shell extension 'dsv' for command environment
[5.992s] INFO:colcon.colcon_ros.task.ament_cmake.build:Building ROS package in '/home/jrlintern/Desktop/CNRS_AIST_Work/CNRS_AIST_Mobile_Shopping_Robot/robot_ws_ros2/src/pointcloud_to_laserscan' with build type 'ament_cmake'
[5.993s] INFO:colcon.colcon_cmake.task.cmake.build:Building CMake package in '/home/jrlintern/Desktop/CNRS_AIST_Work/CNRS_AIST_Mobile_Shopping_Robot/robot_ws_ros2/src/pointcloud_to_laserscan'
[6.040s] INFO:colcon.colcon_core.shell:Skip shell extension 'powershell' for command environment: Not usable outside of PowerShell
[6.040s] DEBUG:colcon.colcon_core.shell:Skip shell extension 'dsv' for command environment
[6.234s] INFO:colcon.colcon_ros.task.ament_cmake.build:Building ROS package in '/home/jrlintern/Desktop/CNRS_AIST_Work/CNRS_AIST_Mobile_Shopping_Robot/robot_ws_ros2/src/ros2_laser_scan_merger' with build type 'ament_cmake'
[6.235s] INFO:colcon.colcon_cmake.task.cmake.build:Building CMake package in '/home/jrlintern/Desktop/CNRS_AIST_Work/CNRS_AIST_Mobile_Shopping_Robot/robot_ws_ros2/src/ros2_laser_scan_merger'
[6.282s] INFO:colcon.colcon_core.shell:Skip shell extension 'powershell' for command environment: Not usable outside of PowerShell
[6.283s] DEBUG:colcon.colcon_core.shell:Skip shell extension 'dsv' for command environment
[6.490s] DEBUG:colcon.colcon_core.event_handler.log_command:Invoking command in '/home/jrlintern/Desktop/CNRS_AIST_Work/CNRS_AIST_Mobile_Shopping_Robot/robot_ws_ros2/build/c_pkg': CMAKE_PREFIX_PATH=${CMAKE_PREFIX_PATH}:/opt/ros/foxy /usr/bin/cmake --build /home/jrlintern/Desktop/CNRS_AIST_Work/CNRS_AIST_Mobile_Shopping_Robot/robot_ws_ros2/build/c_pkg -- -j8 -l8
[6.497s] DEBUG:colcon.colcon_core.event_handler.log_command:Invoking command in '/home/jrlintern/Desktop/CNRS_AIST_Work/CNRS_AIST_Mobile_Shopping_Robot/robot_ws_ros2/build/laser_scan_merger': CMAKE_PREFIX_PATH=${CMAKE_PREFIX_PATH}:/opt/ros/foxy /usr/bin/cmake --build /home/jrlintern/Desktop/CNRS_AIST_Work/CNRS_AIST_Mobile_Shopping_Robot/robot_ws_ros2/build/laser_scan_merger -- -j8 -l8
[6.505s] DEBUG:colcon.colcon_core.event_handler.log_command:Invoking command in '/home/jrlintern/Desktop/CNRS_AIST_Work/CNRS_AIST_Mobile_Shopping_Robot/robot_ws_ros2/build/nav2_simu': CMAKE_PREFIX_PATH=${CMAKE_PREFIX_PATH}:/opt/ros/foxy /usr/bin/cmake --build /home/jrlintern/Desktop/CNRS_AIST_Work/CNRS_AIST_Mobile_Shopping_Robot/robot_ws_ros2/build/nav2_simu -- -j8 -l8
[6.515s] DEBUG:colcon.colcon_core.event_handler.log_command:Invoking command in '/home/jrlintern/Desktop/CNRS_AIST_Work/CNRS_AIST_Mobile_Shopping_Robot/robot_ws_ros2/build/pointcloud_to_laserscan': CMAKE_PREFIX_PATH=${CMAKE_PREFIX_PATH}:/opt/ros/foxy /usr/bin/cmake --build /home/jrlintern/Desktop/CNRS_AIST_Work/CNRS_AIST_Mobile_Shopping_Robot/robot_ws_ros2/build/pointcloud_to_laserscan -- -j8 -l8
[6.522s] DEBUG:colcon.colcon_core.event_handler.log_command:Invoking command in '/home/jrlintern/Desktop/CNRS_AIST_Work/CNRS_AIST_Mobile_Shopping_Robot/robot_ws_ros2/build/ros2_laser_scan_merger': CMAKE_PREFIX_PATH=${CMAKE_PREFIX_PATH}:/opt/ros/foxy /usr/bin/cmake --build /home/jrlintern/Desktop/CNRS_AIST_Work/CNRS_AIST_Mobile_Shopping_Robot/robot_ws_ros2/build/ros2_laser_scan_merger -- -j8 -l8
[6.530s] DEBUG:colcon.colcon_core.event_handler.log_command:Invoked command in '/home/jrlintern/Desktop/CNRS_AIST_Work/CNRS_AIST_Mobile_Shopping_Robot/robot_ws_ros2/build/nav2_simu' returned '0': CMAKE_PREFIX_PATH=${CMAKE_PREFIX_PATH}:/opt/ros/foxy /usr/bin/cmake --build /home/jrlintern/Desktop/CNRS_AIST_Work/CNRS_AIST_Mobile_Shopping_Robot/robot_ws_ros2/build/nav2_simu -- -j8 -l8
[6.589s] DEBUG:colcon.colcon_core.event_handler.log_command:Invoking command in '/home/jrlintern/Desktop/CNRS_AIST_Work/CNRS_AIST_Mobile_Shopping_Robot/robot_ws_ros2/build/nav2_simu': CMAKE_PREFIX_PATH=${CMAKE_PREFIX_PATH}:/opt/ros/foxy /usr/bin/cmake --install /home/jrlintern/Desktop/CNRS_AIST_Work/CNRS_AIST_Mobile_Shopping_Robot/robot_ws_ros2/build/nav2_simu
[6.593s] DEBUG:colcon.colcon_core.event_handler.log_command:Invoked command in '/home/jrlintern/Desktop/CNRS_AIST_Work/CNRS_AIST_Mobile_Shopping_Robot/robot_ws_ros2/build/pointcloud_to_laserscan' returned '0': CMAKE_PREFIX_PATH=${CMAKE_PREFIX_PATH}:/opt/ros/foxy /usr/bin/cmake --build /home/jrlintern/Desktop/CNRS_AIST_Work/CNRS_AIST_Mobile_Shopping_Robot/robot_ws_ros2/build/pointcloud_to_laserscan -- -j8 -l8
[6.604s] Level 1:colcon.colcon_core.environment:create_environment_scripts_only(nav2_simu)
[6.607s] DEBUG:colcon.colcon_core.event_handler.log_command:Invoked command in '/home/jrlintern/Desktop/CNRS_AIST_Work/CNRS_AIST_Mobile_Shopping_Robot/robot_ws_ros2/build/nav2_simu' returned '0': CMAKE_PREFIX_PATH=${CMAKE_PREFIX_PATH}:/opt/ros/foxy /usr/bin/cmake --install /home/jrlintern/Desktop/CNRS_AIST_Work/CNRS_AIST_Mobile_Shopping_Robot/robot_ws_ros2/build/nav2_simu
[6.673s] Level 1:colcon.colcon_core.environment:checking '/home/jrlintern/Desktop/CNRS_AIST_Work/CNRS_AIST_Mobile_Shopping_Robot/robot_ws_ros2/install/nav2_simu' for CMake module files
[6.674s] Level 1:colcon.colcon_core.environment:checking '/home/jrlintern/Desktop/CNRS_AIST_Work/CNRS_AIST_Mobile_Shopping_Robot/robot_ws_ros2/install/nav2_simu' for CMake config files
[6.674s] Level 1:colcon.colcon_core.shell:create_environment_hook('nav2_simu', 'cmake_prefix_path')
[6.727s] INFO:colcon.colcon_core.shell:Creating environment hook '/home/jrlintern/Desktop/CNRS_AIST_Work/CNRS_AIST_Mobile_Shopping_Robot/robot_ws_ros2/install/nav2_simu/share/nav2_simu/hook/cmake_prefix_path.ps1'
[6.728s] INFO:colcon.colcon_core.shell:Creating environment descriptor '/home/jrlintern/Desktop/CNRS_AIST_Work/CNRS_AIST_Mobile_Shopping_Robot/robot_ws_ros2/install/nav2_simu/share/nav2_simu/hook/cmake_prefix_path.dsv'
[6.728s] INFO:colcon.colcon_core.shell:Creating environment hook '/home/jrlintern/Desktop/CNRS_AIST_Work/CNRS_AIST_Mobile_Shopping_Robot/robot_ws_ros2/install/nav2_simu/share/nav2_simu/hook/cmake_prefix_path.sh'
[6.730s] Level 1:colcon.colcon_core.environment:checking '/home/jrlintern/Desktop/CNRS_AIST_Work/CNRS_AIST_Mobile_Shopping_Robot/robot_ws_ros2/install/nav2_simu/bin'
[6.730s] Level 1:colcon.colcon_core.environment:checking '/home/jrlintern/Desktop/CNRS_AIST_Work/CNRS_AIST_Mobile_Shopping_Robot/robot_ws_ros2/install/nav2_simu/lib/pkgconfig/nav2_simu.pc'
[6.730s] Level 1:colcon.colcon_core.environment:checking '/home/jrlintern/Desktop/CNRS_AIST_Work/CNRS_AIST_Mobile_Shopping_Robot/robot_ws_ros2/install/nav2_simu/lib/python3.8/site-packages'
[6.731s] Level 1:colcon.colcon_core.environment:checking '/home/jrlintern/Desktop/CNRS_AIST_Work/CNRS_AIST_Mobile_Shopping_Robot/robot_ws_ros2/install/nav2_simu/bin'
[6.779s] INFO:colcon.colcon_core.shell:Creating package script '/home/jrlintern/Desktop/CNRS_AIST_Work/CNRS_AIST_Mobile_Shopping_Robot/robot_ws_ros2/install/nav2_simu/share/nav2_simu/package.ps1'
[6.780s] INFO:colcon.colcon_core.shell:Creating package descriptor '/home/jrlintern/Desktop/CNRS_AIST_Work/CNRS_AIST_Mobile_Shopping_Robot/robot_ws_ros2/install/nav2_simu/share/nav2_simu/package.dsv'
[6.780s] INFO:colcon.colcon_core.shell:Creating package script '/home/jrlintern/Desktop/CNRS_AIST_Work/CNRS_AIST_Mobile_Shopping_Robot/robot_ws_ros2/install/nav2_simu/share/nav2_simu/package.sh'
[6.781s] INFO:colcon.colcon_core.shell:Creating package script '/home/jrlintern/Desktop/CNRS_AIST_Work/CNRS_AIST_Mobile_Shopping_Robot/robot_ws_ros2/install/nav2_simu/share/nav2_simu/package.bash'
[6.782s] INFO:colcon.colcon_core.shell:Creating package script '/home/jrlintern/Desktop/CNRS_AIST_Work/CNRS_AIST_Mobile_Shopping_Robot/robot_ws_ros2/install/nav2_simu/share/nav2_simu/package.zsh'
[6.783s] Level 1:colcon.colcon_core.environment:create_file_with_runtime_dependencies(/home/jrlintern/Desktop/CNRS_AIST_Work/CNRS_AIST_Mobile_Shopping_Robot/robot_ws_ros2/install/nav2_simu/share/colcon-core/packages/nav2_simu)
[6.788s] DEBUG:colcon.colcon_core.event_handler.log_command:Invoked command in '/home/jrlintern/Desktop/CNRS_AIST_Work/CNRS_AIST_Mobile_Shopping_Robot/robot_ws_ros2/build/c_pkg' returned '0': CMAKE_PREFIX_PATH=${CMAKE_PREFIX_PATH}:/opt/ros/foxy /usr/bin/cmake --build /home/jrlintern/Desktop/CNRS_AIST_Work/CNRS_AIST_Mobile_Shopping_Robot/robot_ws_ros2/build/c_pkg -- -j8 -l8
[6.796s] DEBUG:colcon.colcon_core.event_handler.log_command:Invoking command in '/home/jrlintern/Desktop/CNRS_AIST_Work/CNRS_AIST_Mobile_Shopping_Robot/robot_ws_ros2/build/pointcloud_to_laserscan': CMAKE_PREFIX_PATH=${CMAKE_PREFIX_PATH}:/opt/ros/foxy /usr/bin/cmake --install /home/jrlintern/Desktop/CNRS_AIST_Work/CNRS_AIST_Mobile_Shopping_Robot/robot_ws_ros2/build/pointcloud_to_laserscan
[6.798s] DEBUG:colcon.colcon_core.event_handler.log_command:Invoked command in '/home/jrlintern/Desktop/CNRS_AIST_Work/CNRS_AIST_Mobile_Shopping_Robot/robot_ws_ros2/build/laser_scan_merger' returned '2': CMAKE_PREFIX_PATH=${CMAKE_PREFIX_PATH}:/opt/ros/foxy /usr/bin/cmake --build /home/jrlintern/Desktop/CNRS_AIST_Work/CNRS_AIST_Mobile_Shopping_Robot/robot_ws_ros2/build/laser_scan_merger -- -j8 -l8
[6.803s] DEBUG:colcon.colcon_core.event_handler.log_command:Invoked command in '/home/jrlintern/Desktop/CNRS_AIST_Work/CNRS_AIST_Mobile_Shopping_Robot/robot_ws_ros2/build/ros2_laser_scan_merger' returned '0': CMAKE_PREFIX_PATH=${CMAKE_PREFIX_PATH}:/opt/ros/foxy /usr/bin/cmake --build /home/jrlintern/Desktop/CNRS_AIST_Work/CNRS_AIST_Mobile_Shopping_Robot/robot_ws_ros2/build/ros2_laser_scan_merger -- -j8 -l8
[6.871s] Level 1:colcon.colcon_core.environment:create_environment_scripts_only(nav2_simu)
[6.920s] Level 1:colcon.colcon_core.environment:checking '/home/jrlintern/Desktop/CNRS_AIST_Work/CNRS_AIST_Mobile_Shopping_Robot/robot_ws_ros2/install/nav2_simu' for CMake module files
[6.921s] Level 1:colcon.colcon_core.environment:checking '/home/jrlintern/Desktop/CNRS_AIST_Work/CNRS_AIST_Mobile_Shopping_Robot/robot_ws_ros2/install/nav2_simu' for CMake config files
[6.921s] Level 1:colcon.colcon_core.shell:create_environment_hook('nav2_simu', 'cmake_prefix_path')
[6.965s] INFO:colcon.colcon_core.shell:Creating environment hook '/home/jrlintern/Desktop/CNRS_AIST_Work/CNRS_AIST_Mobile_Shopping_Robot/robot_ws_ros2/install/nav2_simu/share/nav2_simu/hook/cmake_prefix_path.ps1'
[6.966s] INFO:colcon.colcon_core.shell:Creating environment descriptor '/home/jrlintern/Desktop/CNRS_AIST_Work/CNRS_AIST_Mobile_Shopping_Robot/robot_ws_ros2/install/nav2_simu/share/nav2_simu/hook/cmake_prefix_path.dsv'
[6.966s] INFO:colcon.colcon_core.shell:Creating environment hook '/home/jrlintern/Desktop/CNRS_AIST_Work/CNRS_AIST_Mobile_Shopping_Robot/robot_ws_ros2/install/nav2_simu/share/nav2_simu/hook/cmake_prefix_path.sh'
[6.966s] Level 1:colcon.colcon_core.environment:checking '/home/jrlintern/Desktop/CNRS_AIST_Work/CNRS_AIST_Mobile_Shopping_Robot/robot_ws_ros2/install/nav2_simu/bin'
[6.967s] Level 1:colcon.colcon_core.environment:checking '/home/jrlintern/Desktop/CNRS_AIST_Work/CNRS_AIST_Mobile_Shopping_Robot/robot_ws_ros2/install/nav2_simu/lib/pkgconfig/nav2_simu.pc'
[6.967s] Level 1:colcon.colcon_core.environment:checking '/home/jrlintern/Desktop/CNRS_AIST_Work/CNRS_AIST_Mobile_Shopping_Robot/robot_ws_ros2/install/nav2_simu/lib/python3.8/site-packages'
[6.967s] Level 1:colcon.colcon_core.environment:checking '/home/jrlintern/Desktop/CNRS_AIST_Work/CNRS_AIST_Mobile_Shopping_Robot/robot_ws_ros2/install/nav2_simu/bin'
[7.012s] INFO:colcon.colcon_core.shell:Creating package script '/home/jrlintern/Desktop/CNRS_AIST_Work/CNRS_AIST_Mobile_Shopping_Robot/robot_ws_ros2/install/nav2_simu/share/nav2_simu/package.ps1'
[7.013s] INFO:colcon.colcon_core.shell:Creating package descriptor '/home/jrlintern/Desktop/CNRS_AIST_Work/CNRS_AIST_Mobile_Shopping_Robot/robot_ws_ros2/install/nav2_simu/share/nav2_simu/package.dsv'
[7.013s] INFO:colcon.colcon_core.shell:Creating package script '/home/jrlintern/Desktop/CNRS_AIST_Work/CNRS_AIST_Mobile_Shopping_Robot/robot_ws_ros2/install/nav2_simu/share/nav2_simu/package.sh'
[7.014s] INFO:colcon.colcon_core.shell:Creating package script '/home/jrlintern/Desktop/CNRS_AIST_Work/CNRS_AIST_Mobile_Shopping_Robot/robot_ws_ros2/install/nav2_simu/share/nav2_simu/package.bash'
[7.014s] INFO:colcon.colcon_core.shell:Creating package script '/home/jrlintern/Desktop/CNRS_AIST_Work/CNRS_AIST_Mobile_Shopping_Robot/robot_ws_ros2/install/nav2_simu/share/nav2_simu/package.zsh'
[7.015s] Level 1:colcon.colcon_core.environment:create_file_with_runtime_dependencies(/home/jrlintern/Desktop/CNRS_AIST_Work/CNRS_AIST_Mobile_Shopping_Robot/robot_ws_ros2/install/nav2_simu/share/colcon-core/packages/nav2_simu)
[7.016s] Level 1:colcon.colcon_core.environment:create_environment_scripts_only(pointcloud_to_laserscan)
[7.017s] DEBUG:colcon.colcon_core.event_handler.log_command:Invoked command in '/home/jrlintern/Desktop/CNRS_AIST_Work/CNRS_AIST_Mobile_Shopping_Robot/robot_ws_ros2/build/pointcloud_to_laserscan' returned '0': CMAKE_PREFIX_PATH=${CMAKE_PREFIX_PATH}:/opt/ros/foxy /usr/bin/cmake --install /home/jrlintern/Desktop/CNRS_AIST_Work/CNRS_AIST_Mobile_Shopping_Robot/robot_ws_ros2/build/pointcloud_to_laserscan
[7.064s] Level 1:colcon.colcon_core.environment:checking '/home/jrlintern/Desktop/CNRS_AIST_Work/CNRS_AIST_Mobile_Shopping_Robot/robot_ws_ros2/install/pointcloud_to_laserscan' for CMake module files
[7.065s] Level 1:colcon.colcon_core.environment:checking '/home/jrlintern/Desktop/CNRS_AIST_Work/CNRS_AIST_Mobile_Shopping_Robot/robot_ws_ros2/install/pointcloud_to_laserscan' for CMake config files
[7.065s] Level 1:colcon.colcon_core.shell:create_environment_hook('pointcloud_to_laserscan', 'cmake_prefix_path')
[7.114s] INFO:colcon.colcon_core.shell:Creating environment hook '/home/jrlintern/Desktop/CNRS_AIST_Work/CNRS_AIST_Mobile_Shopping_Robot/robot_ws_ros2/install/pointcloud_to_laserscan/share/pointcloud_to_laserscan/hook/cmake_prefix_path.ps1'
[7.114s] INFO:colcon.colcon_core.shell:Creating environment descriptor '/home/jrlintern/Desktop/CNRS_AIST_Work/CNRS_AIST_Mobile_Shopping_Robot/robot_ws_ros2/install/pointcloud_to_laserscan/share/pointcloud_to_laserscan/hook/cmake_prefix_path.dsv'
[7.114s] INFO:colcon.colcon_core.shell:Creating environment hook '/home/jrlintern/Desktop/CNRS_AIST_Work/CNRS_AIST_Mobile_Shopping_Robot/robot_ws_ros2/install/pointcloud_to_laserscan/share/pointcloud_to_laserscan/hook/cmake_prefix_path.sh'
[7.115s] Level 1:colcon.colcon_core.environment:checking '/home/jrlintern/Desktop/CNRS_AIST_Work/CNRS_AIST_Mobile_Shopping_Robot/robot_ws_ros2/install/pointcloud_to_laserscan/lib'
[7.115s] Level 1:colcon.colcon_core.shell:create_environment_hook('pointcloud_to_laserscan', 'ld_library_path_lib')
[7.162s] INFO:colcon.colcon_core.shell:Creating environment hook '/home/jrlintern/Desktop/CNRS_AIST_Work/CNRS_AIST_Mobile_Shopping_Robot/robot_ws_ros2/install/pointcloud_to_laserscan/share/pointcloud_to_laserscan/hook/ld_library_path_lib.ps1'
[7.162s] INFO:colcon.colcon_core.shell:Creating environment descriptor '/home/jrlintern/Desktop/CNRS_AIST_Work/CNRS_AIST_Mobile_Shopping_Robot/robot_ws_ros2/install/pointcloud_to_laserscan/share/pointcloud_to_laserscan/hook/ld_library_path_lib.dsv'
[7.163s] INFO:colcon.colcon_core.shell:Creating environment hook '/home/jrlintern/Desktop/CNRS_AIST_Work/CNRS_AIST_Mobile_Shopping_Robot/robot_ws_ros2/install/pointcloud_to_laserscan/share/pointcloud_to_laserscan/hook/ld_library_path_lib.sh'
[7.163s] Level 1:colcon.colcon_core.environment:checking '/home/jrlintern/Desktop/CNRS_AIST_Work/CNRS_AIST_Mobile_Shopping_Robot/robot_ws_ros2/install/pointcloud_to_laserscan/bin'
[7.163s] Level 1:colcon.colcon_core.environment:checking '/home/jrlintern/Desktop/CNRS_AIST_Work/CNRS_AIST_Mobile_Shopping_Robot/robot_ws_ros2/install/pointcloud_to_laserscan/lib/pkgconfig/pointcloud_to_laserscan.pc'
[7.163s] Level 1:colcon.colcon_core.environment:checking '/home/jrlintern/Desktop/CNRS_AIST_Work/CNRS_AIST_Mobile_Shopping_Robot/robot_ws_ros2/install/pointcloud_to_laserscan/lib/python3.8/site-packages'
[7.163s] Level 1:colcon.colcon_core.environment:checking '/home/jrlintern/Desktop/CNRS_AIST_Work/CNRS_AIST_Mobile_Shopping_Robot/robot_ws_ros2/install/pointcloud_to_laserscan/bin'
[7.209s] INFO:colcon.colcon_core.shell:Creating package script '/home/jrlintern/Desktop/CNRS_AIST_Work/CNRS_AIST_Mobile_Shopping_Robot/robot_ws_ros2/install/pointcloud_to_laserscan/share/pointcloud_to_laserscan/package.ps1'
[7.210s] INFO:colcon.colcon_core.shell:Creating package descriptor '/home/jrlintern/Desktop/CNRS_AIST_Work/CNRS_AIST_Mobile_Shopping_Robot/robot_ws_ros2/install/pointcloud_to_laserscan/share/pointcloud_to_laserscan/package.dsv'
[7.211s] INFO:colcon.colcon_core.shell:Creating package script '/home/jrlintern/Desktop/CNRS_AIST_Work/CNRS_AIST_Mobile_Shopping_Robot/robot_ws_ros2/install/pointcloud_to_laserscan/share/pointcloud_to_laserscan/package.sh'
[7.211s] INFO:colcon.colcon_core.shell:Creating package script '/home/jrlintern/Desktop/CNRS_AIST_Work/CNRS_AIST_Mobile_Shopping_Robot/robot_ws_ros2/install/pointcloud_to_laserscan/share/pointcloud_to_laserscan/package.bash'
[7.211s] INFO:colcon.colcon_core.shell:Creating package script '/home/jrlintern/Desktop/CNRS_AIST_Work/CNRS_AIST_Mobile_Shopping_Robot/robot_ws_ros2/install/pointcloud_to_laserscan/share/pointcloud_to_laserscan/package.zsh'
[7.212s] Level 1:colcon.colcon_core.environment:create_file_with_runtime_dependencies(/home/jrlintern/Desktop/CNRS_AIST_Work/CNRS_AIST_Mobile_Shopping_Robot/robot_ws_ros2/install/pointcloud_to_laserscan/share/colcon-core/packages/pointcloud_to_laserscan)
[7.265s] Level 1:colcon.colcon_core.environment:create_environment_scripts_only(laser_scan_merger)
[7.311s] Level 1:colcon.colcon_core.environment:checking '/home/jrlintern/Desktop/CNRS_AIST_Work/CNRS_AIST_Mobile_Shopping_Robot/robot_ws_ros2/install/laser_scan_merger' for CMake module files
[7.311s] Level 1:colcon.colcon_core.environment:checking '/home/jrlintern/Desktop/CNRS_AIST_Work/CNRS_AIST_Mobile_Shopping_Robot/robot_ws_ros2/install/laser_scan_merger' for CMake config files
[7.312s] Level 1:colcon.colcon_core.shell:create_environment_hook('laser_scan_merger', 'cmake_prefix_path')
[7.358s] INFO:colcon.colcon_core.shell:Creating environment hook '/home/jrlintern/Desktop/CNRS_AIST_Work/CNRS_AIST_Mobile_Shopping_Robot/robot_ws_ros2/install/laser_scan_merger/share/laser_scan_merger/hook/cmake_prefix_path.ps1'
[7.358s] INFO:colcon.colcon_core.shell:Creating environment descriptor '/home/jrlintern/Desktop/CNRS_AIST_Work/CNRS_AIST_Mobile_Shopping_Robot/robot_ws_ros2/install/laser_scan_merger/share/laser_scan_merger/hook/cmake_prefix_path.dsv'
[7.358s] INFO:colcon.colcon_core.shell:Creating environment hook '/home/jrlintern/Desktop/CNRS_AIST_Work/CNRS_AIST_Mobile_Shopping_Robot/robot_ws_ros2/install/laser_scan_merger/share/laser_scan_merger/hook/cmake_prefix_path.sh'
[7.359s] Level 1:colcon.colcon_core.environment:checking '/home/jrlintern/Desktop/CNRS_AIST_Work/CNRS_AIST_Mobile_Shopping_Robot/robot_ws_ros2/install/laser_scan_merger/lib'
[7.359s] Level 1:colcon.colcon_core.environment:checking '/home/jrlintern/Desktop/CNRS_AIST_Work/CNRS_AIST_Mobile_Shopping_Robot/robot_ws_ros2/install/laser_scan_merger/bin'
[7.359s] Level 1:colcon.colcon_core.environment:checking '/home/jrlintern/Desktop/CNRS_AIST_Work/CNRS_AIST_Mobile_Shopping_Robot/robot_ws_ros2/install/laser_scan_merger/lib/pkgconfig/laser_scan_merger.pc'
[7.359s] Level 1:colcon.colcon_core.environment:checking '/home/jrlintern/Desktop/CNRS_AIST_Work/CNRS_AIST_Mobile_Shopping_Robot/robot_ws_ros2/install/laser_scan_merger/lib/python3.8/site-packages'
[7.360s] Level 1:colcon.colcon_core.environment:checking '/home/jrlintern/Desktop/CNRS_AIST_Work/CNRS_AIST_Mobile_Shopping_Robot/robot_ws_ros2/install/laser_scan_merger/bin'
[7.404s] INFO:colcon.colcon_core.shell:Creating package script '/home/jrlintern/Desktop/CNRS_AIST_Work/CNRS_AIST_Mobile_Shopping_Robot/robot_ws_ros2/install/laser_scan_merger/share/laser_scan_merger/package.ps1'
[7.405s] INFO:colcon.colcon_core.shell:Creating package descriptor '/home/jrlintern/Desktop/CNRS_AIST_Work/CNRS_AIST_Mobile_Shopping_Robot/robot_ws_ros2/install/laser_scan_merger/share/laser_scan_merger/package.dsv'
[7.406s] INFO:colcon.colcon_core.shell:Creating package script '/home/jrlintern/Desktop/CNRS_AIST_Work/CNRS_AIST_Mobile_Shopping_Robot/robot_ws_ros2/install/laser_scan_merger/share/laser_scan_merger/package.sh'
[7.406s] INFO:colcon.colcon_core.shell:Creating package script '/home/jrlintern/Desktop/CNRS_AIST_Work/CNRS_AIST_Mobile_Shopping_Robot/robot_ws_ros2/install/laser_scan_merger/share/laser_scan_merger/package.bash'
[7.407s] INFO:colcon.colcon_core.shell:Creating package script '/home/jrlintern/Desktop/CNRS_AIST_Work/CNRS_AIST_Mobile_Shopping_Robot/robot_ws_ros2/install/laser_scan_merger/share/laser_scan_merger/package.zsh'
[7.407s] Level 1:colcon.colcon_core.environment:create_file_with_runtime_dependencies(/home/jrlintern/Desktop/CNRS_AIST_Work/CNRS_AIST_Mobile_Shopping_Robot/robot_ws_ros2/install/laser_scan_merger/share/colcon-core/packages/laser_scan_merger)
[7.412s] DEBUG:colcon.colcon_core.event_handler.log_command:Invoking command in '/home/jrlintern/Desktop/CNRS_AIST_Work/CNRS_AIST_Mobile_Shopping_Robot/robot_ws_ros2/build/c_pkg': CMAKE_PREFIX_PATH=${CMAKE_PREFIX_PATH}:/opt/ros/foxy /usr/bin/cmake --install /home/jrlintern/Desktop/CNRS_AIST_Work/CNRS_AIST_Mobile_Shopping_Robot/robot_ws_ros2/build/c_pkg
[7.415s] DEBUG:colcon.colcon_core.event_handler.log_command:Invoking command in '/home/jrlintern/Desktop/CNRS_AIST_Work/CNRS_AIST_Mobile_Shopping_Robot/robot_ws_ros2/build/ros2_laser_scan_merger': CMAKE_PREFIX_PATH=${CMAKE_PREFIX_PATH}:/opt/ros/foxy /usr/bin/cmake --install /home/jrlintern/Desktop/CNRS_AIST_Work/CNRS_AIST_Mobile_Shopping_Robot/robot_ws_ros2/build/ros2_laser_scan_merger
[7.428s] DEBUG:colcon.colcon_parallel_executor.executor.parallel:closing loop
[7.429s] DEBUG:colcon.colcon_parallel_executor.executor.parallel:loop closed
[7.429s] DEBUG:colcon.colcon_parallel_executor.executor.parallel:run_until_complete finished with '2'
[7.429s] DEBUG:colcon.colcon_core.event_reactor:joining thread
[7.509s] INFO:colcon.colcon_core.plugin_system:Skipping extension 'colcon_notification.desktop_notification.terminal_notifier': Not used on non-Darwin systems
[7.509s] INFO:colcon.colcon_core.plugin_system:Skipping extension 'colcon_notification.desktop_notification.win32': Not used on non-Windows systems
[7.509s] INFO:colcon.colcon_notification.desktop_notification:Sending desktop notification using 'notify2'
[7.522s] DEBUG:colcon.colcon_core.event_reactor:joined thread
[7.596s] INFO:colcon.colcon_core.shell:Creating prefix script '/home/jrlintern/Desktop/CNRS_AIST_Work/CNRS_AIST_Mobile_Shopping_Robot/robot_ws_ros2/install/local_setup.ps1'
[7.597s] INFO:colcon.colcon_core.shell:Creating prefix util module '/home/jrlintern/Desktop/CNRS_AIST_Work/CNRS_AIST_Mobile_Shopping_Robot/robot_ws_ros2/install/_local_setup_util_ps1.py'
[7.598s] INFO:colcon.colcon_core.shell:Creating prefix chain script '/home/jrlintern/Desktop/CNRS_AIST_Work/CNRS_AIST_Mobile_Shopping_Robot/robot_ws_ros2/install/setup.ps1'
[7.649s] INFO:colcon.colcon_core.shell:Creating prefix script '/home/jrlintern/Desktop/CNRS_AIST_Work/CNRS_AIST_Mobile_Shopping_Robot/robot_ws_ros2/install/local_setup.sh'
[7.650s] INFO:colcon.colcon_core.shell:Creating prefix util module '/home/jrlintern/Desktop/CNRS_AIST_Work/CNRS_AIST_Mobile_Shopping_Robot/robot_ws_ros2/install/_local_setup_util_sh.py'
[7.650s] INFO:colcon.colcon_core.shell:Creating prefix chain script '/home/jrlintern/Desktop/CNRS_AIST_Work/CNRS_AIST_Mobile_Shopping_Robot/robot_ws_ros2/install/setup.sh'
[7.698s] INFO:colcon.colcon_core.shell:Creating prefix script '/home/jrlintern/Desktop/CNRS_AIST_Work/CNRS_AIST_Mobile_Shopping_Robot/robot_ws_ros2/install/local_setup.bash'
[7.698s] INFO:colcon.colcon_core.shell:Creating prefix chain script '/home/jrlintern/Desktop/CNRS_AIST_Work/CNRS_AIST_Mobile_Shopping_Robot/robot_ws_ros2/install/setup.bash'
[7.747s] INFO:colcon.colcon_core.shell:Creating prefix script '/home/jrlintern/Desktop/CNRS_AIST_Work/CNRS_AIST_Mobile_Shopping_Robot/robot_ws_ros2/install/local_setup.zsh'
[7.747s] INFO:colcon.colcon_core.shell:Creating prefix chain script '/home/jrlintern/Desktop/CNRS_AIST_Work/CNRS_AIST_Mobile_Shopping_Robot/robot_ws_ros2/install/setup.zsh'
